[1.046s] Invoking command in '/home/nvidia/ros2_ws/build/image_geometry': CMAKE_PREFIX_PATH=${CMAKE_PREFIX_PATH}:/home/nvidia/rosbag_ws/install/ros2bag:/home/nvidia/microros_ws/install/sensor_msgs_py:/home/nvidia/ros2_ws/install/obj_det_visualizer:/home/nvidia/ros2_ws/install/opencv_tests:/opt/ros/foxy /usr/bin/cmake --build /home/nvidia/ros2_ws/build/image_geometry -- -j6 -l6
[2.207s] [ 18%] Built target gtest
[2.302s] [ 36%] Built target gtest_main
[2.501s] [ 63%] Built target image_geometry
[3.579s] [ 81%] Built target image_geometry-utest
[3.750s] [100%] Built target image_geometry-utest-equi
[4.093s] Invoked command in '/home/nvidia/ros2_ws/build/image_geometry' returned '0': CMAKE_PREFIX_PATH=${CMAKE_PREFIX_PATH}:/home/nvidia/rosbag_ws/install/ros2bag:/home/nvidia/microros_ws/install/sensor_msgs_py:/home/nvidia/ros2_ws/install/obj_det_visualizer:/home/nvidia/ros2_ws/install/opencv_tests:/opt/ros/foxy /usr/bin/cmake --build /home/nvidia/ros2_ws/build/image_geometry -- -j6 -l6
[4.724s] Invoking command in '/home/nvidia/ros2_ws/build/image_geometry': CMAKE_PREFIX_PATH=${CMAKE_PREFIX_PATH}:/home/nvidia/rosbag_ws/install/ros2bag:/home/nvidia/microros_ws/install/sensor_msgs_py:/home/nvidia/ros2_ws/install/obj_det_visualizer:/home/nvidia/ros2_ws/install/opencv_tests:/opt/ros/foxy /usr/bin/cmake --install /home/nvidia/ros2_ws/build/image_geometry
[4.984s] -- Install configuration: "Release"
[4.995s] -- Execute custom install script
[5.000s] -- Up-to-date symlink: /home/nvidia/ros2_ws/install/image_geometry/share/image_geometry/environment/pythonpath.sh
[5.004s] -- Up-to-date symlink: /home/nvidia/ros2_ws/install/image_geometry/share/image_geometry/environment/pythonpath.dsv
[5.019s] -- Up-to-date symlink: /home/nvidia/ros2_ws/install/image_geometry/lib/python3.8/site-packages/image_geometry/__init__.py
[5.019s] -- Up-to-date symlink: /home/nvidia/ros2_ws/install/image_geometry/lib/python3.8/site-packages/image_geometry/cameramodels.py
[5.023s] -- Up-to-date symlink: /home/nvidia/ros2_ws/install/image_geometry/include/image_geometry/pinhole_camera_model.h
[5.025s] -- Up-to-date symlink: /home/nvidia/ros2_ws/install/image_geometry/include/image_geometry/stereo_camera_model.h
[5.028s] -- Up-to-date symlink: /home/nvidia/ros2_ws/install/image_geometry/include/image_geometry/visibility_control.hpp
[5.033s] -- Up-to-date symlink: /home/nvidia/ros2_ws/install/image_geometry/lib/libimage_geometry.so
[5.036s] -- Up-to-date symlink: /home/nvidia/ros2_ws/install/image_geometry/share/image_geometry/environment/library_path.sh
[5.039s] -- Up-to-date symlink: /home/nvidia/ros2_ws/install/image_geometry/share/image_geometry/environment/library_path.dsv
[5.042s] -- Up-to-date symlink: /home/nvidia/ros2_ws/install/image_geometry/share/ament_index/resource_index/package_run_dependencies/image_geometry
[5.056s] -- Up-to-date symlink: /home/nvidia/ros2_ws/install/image_geometry/share/ament_index/resource_index/parent_prefix_path/image_geometry
[5.059s] -- Up-to-date symlink: /home/nvidia/ros2_ws/install/image_geometry/share/image_geometry/environment/ament_prefix_path.sh
[5.060s] -- Up-to-date symlink: /home/nvidia/ros2_ws/install/image_geometry/share/image_geometry/environment/ament_prefix_path.dsv
[5.074s] -- Up-to-date symlink: /home/nvidia/ros2_ws/install/image_geometry/share/image_geometry/environment/path.sh
[5.076s] -- Up-to-date symlink: /home/nvidia/ros2_ws/install/image_geometry/share/image_geometry/environment/path.dsv
[5.224s] -- Up-to-date symlink: /home/nvidia/ros2_ws/install/image_geometry/share/image_geometry/local_setup.bash
[5.229s] -- Up-to-date symlink: /home/nvidia/ros2_ws/install/image_geometry/share/image_geometry/local_setup.sh
[5.235s] -- Up-to-date symlink: /home/nvidia/ros2_ws/install/image_geometry/share/image_geometry/local_setup.zsh
[5.237s] -- Up-to-date symlink: /home/nvidia/ros2_ws/install/image_geometry/share/image_geometry/local_setup.dsv
[5.239s] -- Symlinking: /home/nvidia/ros2_ws/install/image_geometry/share/image_geometry/package.dsv
[5.358s] -- Up-to-date symlink: /home/nvidia/ros2_ws/install/image_geometry/share/ament_index/resource_index/packages/image_geometry
[5.507s] -- Up-to-date symlink: /home/nvidia/ros2_ws/install/image_geometry/share/image_geometry/cmake/ament_cmake_export_libraries-extras.cmake
[5.511s] -- Up-to-date symlink: /home/nvidia/ros2_ws/install/image_geometry/share/image_geometry/cmake/ament_cmake_export_dependencies-extras.cmake
[5.518s] -- Up-to-date symlink: /home/nvidia/ros2_ws/install/image_geometry/share/image_geometry/cmake/ament_cmake_export_include_directories-extras.cmake
[5.521s] -- Up-to-date symlink: /home/nvidia/ros2_ws/install/image_geometry/share/image_geometry/cmake/image_geometryConfig.cmake
[5.525s] -- Up-to-date symlink: /home/nvidia/ros2_ws/install/image_geometry/share/image_geometry/cmake/image_geometryConfig-version.cmake
[5.530s] -- Up-to-date symlink: /home/nvidia/ros2_ws/install/image_geometry/share/image_geometry/package.xml
[6.127s] Listing '/home/nvidia/ros2_ws/install/image_geometry/lib/python3.8/site-packages/image_geometry'...
[6.305s] Invoked command in '/home/nvidia/ros2_ws/build/image_geometry' returned '0': CMAKE_PREFIX_PATH=${CMAKE_PREFIX_PATH}:/home/nvidia/rosbag_ws/install/ros2bag:/home/nvidia/microros_ws/install/sensor_msgs_py:/home/nvidia/ros2_ws/install/obj_det_visualizer:/home/nvidia/ros2_ws/install/opencv_tests:/opt/ros/foxy /usr/bin/cmake --install /home/nvidia/ros2_ws/build/image_geometry
