[0.000000] (-) TimerEvent: {}
[0.000811] (-) JobUnselected: {'identifier': 'car_control'}
[0.001162] (-) JobUnselected: {'identifier': 'costmap_converter'}
[0.001816] (-) JobUnselected: {'identifier': 'costmap_converter_msgs'}
[0.002534] (-) JobUnselected: {'identifier': 'cv_bridge'}
[0.002791] (-) JobUnselected: {'identifier': 'drive_base_msgs'}
[0.002927] (-) JobUnselected: {'identifier': 'estimation_and_vision_assignment'}
[0.003088] (-) JobUnselected: {'identifier': 'image_geometry'}
[0.003234] (-) JobUnselected: {'identifier': 'micro_ros_agent'}
[0.003376] (-) JobUnselected: {'identifier': 'micro_ros_msgs'}
[0.003509] (-) JobUnselected: {'identifier': 'obj_det_visualizer'}
[0.003875] (-) JobUnselected: {'identifier': 'opencv_tests'}
[0.004080] (-) JobUnselected: {'identifier': 'rviz_plugin_zed_od'}
[0.004291] (-) JobUnselected: {'identifier': 'vision_opencv'}
[0.004654] (-) JobUnselected: {'identifier': 'zed_aruco_localization'}
[0.005031] (-) JobUnselected: {'identifier': 'zed_components'}
[0.005451] (-) JobUnselected: {'identifier': 'zed_depth_to_laserscan'}
[0.005655] (-) JobUnselected: {'identifier': 'zed_display_rviz2'}
[0.005768] (-) JobUnselected: {'identifier': 'zed_interfaces'}
[0.005921] (-) JobUnselected: {'identifier': 'zed_multi_camera'}
[0.006144] (-) JobUnselected: {'identifier': 'zed_rgb_convert'}
[0.006289] (-) JobUnselected: {'identifier': 'zed_robot_integration'}
[0.006406] (-) JobUnselected: {'identifier': 'zed_ros2'}
[0.006539] (-) JobUnselected: {'identifier': 'zed_topic_benchmark'}
[0.006648] (-) JobUnselected: {'identifier': 'zed_topic_benchmark_component'}
[0.006790] (-) JobUnselected: {'identifier': 'zed_topic_benchmark_interfaces'}
[0.006898] (-) JobUnselected: {'identifier': 'zed_tutorial_depth'}
[0.007003] (-) JobUnselected: {'identifier': 'zed_tutorial_pos_tracking'}
[0.007119] (-) JobUnselected: {'identifier': 'zed_tutorial_video'}
[0.007227] (-) JobUnselected: {'identifier': 'zed_wrapper'}
[0.007329] (-) EventReactorShutdown: {}
