running egg_info
writing ../../../build/lane_follower/lane_follower.egg-info/PKG-INFO
writing dependency_links to ../../../build/lane_follower/lane_follower.egg-info/dependency_links.txt
writing entry points to ../../../build/lane_follower/lane_follower.egg-info/entry_points.txt
writing requirements to ../../../build/lane_follower/lane_follower.egg-info/requires.txt
writing top-level names to ../../../build/lane_follower/lane_follower.egg-info/top_level.txt
reading manifest file '../../../build/lane_follower/lane_follower.egg-info/SOURCES.txt'
writing manifest file '../../../build/lane_follower/lane_follower.egg-info/SOURCES.txt'
running build
running build_py
copying lane_follower/lane_detection.py -> /home/nvidia/ros2_ws/build/lane_follower/build/lib/lane_follower
running install
running install_lib
copying /home/nvidia/ros2_ws/build/lane_follower/build/lib/lane_follower/lane_detection.py -> /home/nvidia/ros2_ws/install/lane_follower/lib/python3.8/site-packages/lane_follower
byte-compiling /home/nvidia/ros2_ws/install/lane_follower/lib/python3.8/site-packages/lane_follower/lane_detection.py to lane_detection.cpython-38.pyc
running install_data
running install_egg_info
removing '/home/nvidia/ros2_ws/install/lane_follower/lib/python3.8/site-packages/lane_follower-0.0.0-py3.8.egg-info' (and everything under it)
Copying ../../../build/lane_follower/lane_follower.egg-info to /home/nvidia/ros2_ws/install/lane_follower/lib/python3.8/site-packages/lane_follower-0.0.0-py3.8.egg-info
running install_scripts
writing list of installed files to '/home/nvidia/ros2_ws/build/lane_follower/install.log'
