[8.179s] Invoking command in '/home/nvidia/ros2_ws/src/racetrack_challenge/lane_follower': PYTHONPATH=/home/nvidia/ros2_ws/build/lane_follower/prefix_override:/usr/lib/python3/dist-packages/colcon_core/task/python/colcon_distutils_commands:/home/nvidia/ros2_ws/install/lane_follower/lib/python3.8/site-packages:${PYTHONPATH} /usr/bin/python3 -W ignore:setup.py install is deprecated -W ignore:easy_install command is deprecated setup.py egg_info --egg-base ../../../build/lane_follower build --build-base /home/nvidia/ros2_ws/build/lane_follower/build install --record /home/nvidia/ros2_ws/build/lane_follower/install.log --install-scripts $base/lib/lane_follower --single-version-externally-managed install_data
[9.979s] running egg_info
[9.981s] writing ../../../build/lane_follower/lane_follower.egg-info/PKG-INFO
[9.983s] writing dependency_links to ../../../build/lane_follower/lane_follower.egg-info/dependency_links.txt
[9.984s] writing entry points to ../../../build/lane_follower/lane_follower.egg-info/entry_points.txt
[9.985s] writing requirements to ../../../build/lane_follower/lane_follower.egg-info/requires.txt
[9.985s] writing top-level names to ../../../build/lane_follower/lane_follower.egg-info/top_level.txt
[10.326s] reading manifest file '../../../build/lane_follower/lane_follower.egg-info/SOURCES.txt'
[10.474s] writing manifest file '../../../build/lane_follower/lane_follower.egg-info/SOURCES.txt'
[10.475s] running build
[10.476s] running build_py
[10.477s] copying lane_follower/lane_detection.py -> /home/nvidia/ros2_ws/build/lane_follower/build/lib/lane_follower
[10.478s] running install
[10.484s] running install_lib
[10.490s] copying /home/nvidia/ros2_ws/build/lane_follower/build/lib/lane_follower/lane_detection.py -> /home/nvidia/ros2_ws/install/lane_follower/lib/python3.8/site-packages/lane_follower
[10.495s] byte-compiling /home/nvidia/ros2_ws/install/lane_follower/lib/python3.8/site-packages/lane_follower/lane_detection.py to lane_detection.cpython-38.pyc
[10.508s] running install_data
[10.509s] running install_egg_info
[10.524s] removing '/home/nvidia/ros2_ws/install/lane_follower/lib/python3.8/site-packages/lane_follower-0.0.0-py3.8.egg-info' (and everything under it)
[10.526s] Copying ../../../build/lane_follower/lane_follower.egg-info to /home/nvidia/ros2_ws/install/lane_follower/lib/python3.8/site-packages/lane_follower-0.0.0-py3.8.egg-info
[10.658s] running install_scripts
[10.759s] writing list of installed files to '/home/nvidia/ros2_ws/build/lane_follower/install.log'
[10.874s] Invoked command in '/home/nvidia/ros2_ws/src/racetrack_challenge/lane_follower' returned '0': PYTHONPATH=/home/nvidia/ros2_ws/build/lane_follower/prefix_override:/usr/lib/python3/dist-packages/colcon_core/task/python/colcon_distutils_commands:/home/nvidia/ros2_ws/install/lane_follower/lib/python3.8/site-packages:${PYTHONPATH} /usr/bin/python3 -W ignore:setup.py install is deprecated -W ignore:easy_install command is deprecated setup.py egg_info --egg-base ../../../build/lane_follower build --build-base /home/nvidia/ros2_ws/build/lane_follower/build install --record /home/nvidia/ros2_ws/build/lane_follower/install.log --install-scripts $base/lib/lane_follower --single-version-externally-managed install_data
