[6.381s] Invoking command in '/home/nvidia/ros2_ws/build/cv_bridge': CMAKE_PREFIX_PATH=${CMAKE_PREFIX_PATH}:/home/nvidia/rosbag_ws/install/ros2bag:/home/nvidia/microros_ws/install/sensor_msgs_py:/home/nvidia/ros2_ws/install/obj_det_visualizer:/home/nvidia/ros2_ws/install/ros2bag:/home/nvidia/ros2_ws/install/sim2real:/home/nvidia/ros2_ws/install/opencv_tests:/opt/ros/foxy /usr/bin/cmake /home/nvidia/ros2_ws/src/vision_opencv/cv_bridge -DCMAKE_BUILD_TYPE=Release -DAMENT_CMAKE_SYMLINK_INSTALL=1 -DCMAKE_INSTALL_PREFIX=/home/nvidia/ros2_ws/install/cv_bridge
[7.359s] -- The C compiler identification is GNU 9.4.0
[8.037s] -- The CXX compiler identification is GNU 9.4.0
[8.139s] -- Check for working C compiler: /usr/bin/cc
[9.211s] -- Check for working C compiler: /usr/bin/cc -- works
[9.217s] -- Detecting C compiler ABI info
[10.310s] -- Detecting C compiler ABI info - done
[10.454s] -- Detecting C compile features
[10.455s] -- Detecting C compile features - done
[10.473s] -- Check for working CXX compiler: /usr/bin/c++
[11.473s] -- Check for working CXX compiler: /usr/bin/c++ -- works
[11.486s] -- Detecting CXX compiler ABI info
[12.584s] -- Detecting CXX compiler ABI info - done
[12.677s] -- Detecting CXX compile features
[12.679s] -- Detecting CXX compile features - done
[12.748s] -- Found ament_cmake_ros: 0.9.2 (/opt/ros/foxy/share/ament_cmake_ros/cmake)
[13.461s] -- Found PythonInterp: /usr/bin/python3 (found suitable version "3.8.10", minimum required is "3") 
[13.462s] -- Using PYTHON_EXECUTABLE: /usr/bin/python3
[14.917s] -- Override CMake install command with custom implementation using symlinks instead of copying resources
[16.307s] -- Found PythonLibs: /usr/lib/aarch64-linux-gnu/libpython3.8.so (found version "3.8.10") 
[16.555s] -- Boost_VERSION_STRING: 1.71.0
[16.636s] -- Found Boost: /usr/lib/aarch64-linux-gnu/cmake/Boost-1.71.0/BoostConfig.cmake (found version "1.71.0") found components: python38 
[16.695s] -- Found rcpputils: 1.3.2 (/opt/ros/foxy/share/rcpputils/cmake)
[16.825s] -- Found sensor_msgs: 2.0.5 (/home/nvidia/microros_ws/install/sensor_msgs/share/sensor_msgs/cmake)
[17.303s] -- Using all available rosidl_typesupport_c: rosidl_typesupport_microxrcedds_c;rosidl_typesupport_fastrtps_c;rosidl_typesupport_introspection_c
[17.498s] -- Found rosidl_adapter: 1.3.1 (/opt/ros/foxy/share/rosidl_adapter/cmake)
[19.038s] -- Found OpenSSL: /usr/lib/aarch64-linux-gnu/libcrypto.so (found version "1.1.1f")  
[19.336s] -- Found FastRTPS: /opt/ros/foxy/include  
[20.059s] -- Using all available rosidl_typesupport_cpp: rosidl_typesupport_microxrcedds_cpp;rosidl_typesupport_fastrtps_cpp;rosidl_typesupport_introspection_cpp
[22.195s] -- Performing Test COMPILER_HAS_HIDDEN_VISIBILITY
[23.119s] -- Performing Test COMPILER_HAS_HIDDEN_VISIBILITY - Success
[23.127s] -- Performing Test COMPILER_HAS_HIDDEN_INLINE_VISIBILITY
[23.967s] -- Performing Test COMPILER_HAS_HIDDEN_INLINE_VISIBILITY - Success
[23.970s] -- Performing Test COMPILER_HAS_DEPRECATED_ATTR
[24.788s] -- Performing Test COMPILER_HAS_DEPRECATED_ATTR - Success
[25.081s] -- Found PythonInterp: /usr/bin/python3 (found version "3.8.10") 
[25.082s] -- Found PythonLibs: /usr/lib/aarch64-linux-gnu/libpython3.8.so (found suitable version "3.8.10", minimum required is "3.8") 
[25.849s] -- Found ament_lint_auto: 0.9.8 (/opt/ros/foxy/share/ament_lint_auto/cmake)
[27.080s] -- Found gtest sources under '/opt/ros/foxy/src/gtest_vendor': C++ tests using 'Google Test' will be built
[27.097s] -- Looking for pthread.h
[28.542s] -- Looking for pthread.h - found
[28.543s] -- Performing Test CMAKE_HAVE_LIBC_PTHREAD
[30.514s] -- Performing Test CMAKE_HAVE_LIBC_PTHREAD - Failed
[30.515s] -- Check if compiler accepts -pthread
[32.500s] -- Check if compiler accepts -pthread - yes
[32.507s] -- Found Threads: TRUE  
[58.871s] -- Configuring done
[59.092s] -- Generating done
[59.107s] -- Build files have been written to: /home/nvidia/ros2_ws/build/cv_bridge
[59.200s] Invoked command in '/home/nvidia/ros2_ws/build/cv_bridge' returned '0': CMAKE_PREFIX_PATH=${CMAKE_PREFIX_PATH}:/home/nvidia/rosbag_ws/install/ros2bag:/home/nvidia/microros_ws/install/sensor_msgs_py:/home/nvidia/ros2_ws/install/obj_det_visualizer:/home/nvidia/ros2_ws/install/ros2bag:/home/nvidia/ros2_ws/install/sim2real:/home/nvidia/ros2_ws/install/opencv_tests:/opt/ros/foxy /usr/bin/cmake /home/nvidia/ros2_ws/src/vision_opencv/cv_bridge -DCMAKE_BUILD_TYPE=Release -DAMENT_CMAKE_SYMLINK_INSTALL=1 -DCMAKE_INSTALL_PREFIX=/home/nvidia/ros2_ws/install/cv_bridge
[59.222s] Invoking command in '/home/nvidia/ros2_ws/build/cv_bridge': CMAKE_PREFIX_PATH=${CMAKE_PREFIX_PATH}:/home/nvidia/rosbag_ws/install/ros2bag:/home/nvidia/microros_ws/install/sensor_msgs_py:/home/nvidia/ros2_ws/install/obj_det_visualizer:/home/nvidia/ros2_ws/install/ros2bag:/home/nvidia/ros2_ws/install/sim2real:/home/nvidia/ros2_ws/install/opencv_tests:/opt/ros/foxy /usr/bin/cmake --build /home/nvidia/ros2_ws/build/cv_bridge -- -j6 -l6
[73.856s] [35m[1mScanning dependencies of target cv_bridge[0m
[73.857s] [  6%] [32mBuilding CXX object src/CMakeFiles/cv_bridge.dir/cv_bridge.cpp.o[0m
[104.468s] [ 12%] [32mBuilding CXX object src/CMakeFiles/cv_bridge.dir/rgb_colors.cpp.o[0m
[117.698s] [ 18%] [32m[1mLinking CXX shared library libcv_bridge.so[0m
[118.427s] [ 18%] Built target cv_bridge
[118.706s] [35m[1mScanning dependencies of target gtest[0m
[118.937s] [ 25%] [32mBuilding CXX object gtest/CMakeFiles/gtest.dir/src/gtest-all.cc.o[0m
[171.094s] [ 31%] [32m[1mLinking CXX static library libgtest.a[0m
[171.858s] [ 31%] Built target gtest
[172.043s] [35m[1mScanning dependencies of target cv_bridge_boost[0m
[172.425s] [ 37%] [32mBuilding CXX object src/CMakeFiles/cv_bridge_boost.dir/module.cpp.o[0m
[193.394s] [ 43%] [32mBuilding CXX object src/CMakeFiles/cv_bridge_boost.dir/module_opencv3.cpp.o[0m
[212.136s] [ 50%] [32m[1mLinking CXX shared library boost/cv_bridge_boost.so[0m
[212.940s] [ 50%] Built target cv_bridge_boost
[213.112s] [35m[1mScanning dependencies of target gtest_main[0m
[213.447s] [ 56%] [32mBuilding CXX object gtest/CMakeFiles/gtest_main.dir/src/gtest_main.cc.o[0m
[217.896s] [ 62%] [32m[1mLinking CXX static library libgtest_main.a[0m
[218.433s] [ 62%] Built target gtest_main
[218.660s] [35m[1mScanning dependencies of target cv_bridge-utest[0m
[219.135s] [ 68%] [32mBuilding CXX object test/CMakeFiles/cv_bridge-utest.dir/test_endian.cpp.o[0m
[230.514s] [ 75%] [32mBuilding CXX object test/CMakeFiles/cv_bridge-utest.dir/test_rgb_colors.cpp.o[0m
[246.136s] [ 81%] [32mBuilding CXX object test/CMakeFiles/cv_bridge-utest.dir/utest2.cpp.o[0m
[259.838s] [ 87%] [32mBuilding CXX object test/CMakeFiles/cv_bridge-utest.dir/utest.cpp.o[0m
[274.814s] [ 93%] [32mBuilding CXX object test/CMakeFiles/cv_bridge-utest.dir/test_compression.cpp.o[0m
[285.185s] [100%] [32m[1mLinking CXX executable cv_bridge-utest[0m
[286.035s] [100%] Built target cv_bridge-utest
[286.167s] Invoked command in '/home/nvidia/ros2_ws/build/cv_bridge' returned '0': CMAKE_PREFIX_PATH=${CMAKE_PREFIX_PATH}:/home/nvidia/rosbag_ws/install/ros2bag:/home/nvidia/microros_ws/install/sensor_msgs_py:/home/nvidia/ros2_ws/install/obj_det_visualizer:/home/nvidia/ros2_ws/install/ros2bag:/home/nvidia/ros2_ws/install/sim2real:/home/nvidia/ros2_ws/install/opencv_tests:/opt/ros/foxy /usr/bin/cmake --build /home/nvidia/ros2_ws/build/cv_bridge -- -j6 -l6
[286.761s] Invoking command in '/home/nvidia/ros2_ws/build/cv_bridge': CMAKE_PREFIX_PATH=${CMAKE_PREFIX_PATH}:/home/nvidia/rosbag_ws/install/ros2bag:/home/nvidia/microros_ws/install/sensor_msgs_py:/home/nvidia/ros2_ws/install/obj_det_visualizer:/home/nvidia/ros2_ws/install/ros2bag:/home/nvidia/ros2_ws/install/sim2real:/home/nvidia/ros2_ws/install/opencv_tests:/opt/ros/foxy /usr/bin/cmake --install /home/nvidia/ros2_ws/build/cv_bridge
[288.821s] -- Install configuration: "Release"
[288.821s] -- Execute custom install script
[288.822s] -- Symlinking: /home/nvidia/ros2_ws/install/cv_bridge/share/cv_bridge/environment/pythonpath.sh
[288.822s] -- Symlinking: /home/nvidia/ros2_ws/install/cv_bridge/share/cv_bridge/environment/pythonpath.dsv
[288.823s] -- Symlinking: /home/nvidia/ros2_ws/install/cv_bridge/lib/python3.8/site-packages/cv_bridge/__init__.py
[288.823s] -- Symlinking: /home/nvidia/ros2_ws/install/cv_bridge/lib/python3.8/site-packages/cv_bridge/core.py
[288.824s] -- Symlinking: /home/nvidia/ros2_ws/install/cv_bridge/lib/libcv_bridge.so
[288.824s] -- Symlinking: /home/nvidia/ros2_ws/install/cv_bridge/include/cv_bridge/cv_bridge_export.h
[288.825s] -- Symlinking: /home/nvidia/ros2_ws/install/cv_bridge/lib/python3.8/site-packages/cv_bridge/boost//cv_bridge_boost.so
[288.826s] -- Symlinking: /home/nvidia/ros2_ws/install/cv_bridge/share/cv_bridge/environment/library_path.sh
[288.826s] -- Symlinking: /home/nvidia/ros2_ws/install/cv_bridge/share/cv_bridge/environment/library_path.dsv
[288.829s] -- Symlinking: /home/nvidia/ros2_ws/install/cv_bridge/include/cv_bridge/cv_bridge.h
[288.829s] -- Symlinking: /home/nvidia/ros2_ws/install/cv_bridge/include/cv_bridge/rgb_colors.h
[288.830s] -- Up-to-date symlink: /home/nvidia/ros2_ws/install/cv_bridge/lib/libcv_bridge.so
[288.830s] -- Symlinking: /home/nvidia/ros2_ws/install/cv_bridge/share/ament_index/resource_index/package_run_dependencies/cv_bridge
[288.831s] -- Symlinking: /home/nvidia/ros2_ws/install/cv_bridge/share/ament_index/resource_index/parent_prefix_path/cv_bridge
[288.831s] -- Symlinking: /home/nvidia/ros2_ws/install/cv_bridge/share/cv_bridge/environment/ament_prefix_path.sh
[288.831s] -- Symlinking: /home/nvidia/ros2_ws/install/cv_bridge/share/cv_bridge/environment/ament_prefix_path.dsv
[288.832s] -- Symlinking: /home/nvidia/ros2_ws/install/cv_bridge/share/cv_bridge/environment/path.sh
[288.881s] -- Symlinking: /home/nvidia/ros2_ws/install/cv_bridge/share/cv_bridge/environment/path.dsv
[289.001s] -- Symlinking: /home/nvidia/ros2_ws/install/cv_bridge/share/cv_bridge/local_setup.bash
[289.135s] -- Symlinking: /home/nvidia/ros2_ws/install/cv_bridge/share/cv_bridge/local_setup.sh
[289.256s] -- Symlinking: /home/nvidia/ros2_ws/install/cv_bridge/share/cv_bridge/local_setup.zsh
[289.365s] -- Symlinking: /home/nvidia/ros2_ws/install/cv_bridge/share/cv_bridge/local_setup.dsv
[289.495s] -- Symlinking: /home/nvidia/ros2_ws/install/cv_bridge/share/cv_bridge/package.dsv
[289.620s] -- Symlinking: /home/nvidia/ros2_ws/install/cv_bridge/share/ament_index/resource_index/packages/cv_bridge
[289.746s] -- Symlinking: /home/nvidia/ros2_ws/install/cv_bridge/share/cv_bridge/cmake/cv_bridge-extras.cmake
[289.872s] -- Symlinking: /home/nvidia/ros2_ws/install/cv_bridge/share/cv_bridge/cmake/ament_cmake_export_dependencies-extras.cmake
[290.005s] -- Symlinking: /home/nvidia/ros2_ws/install/cv_bridge/share/cv_bridge/cmake/ament_cmake_export_include_directories-extras.cmake
[290.133s] -- Symlinking: /home/nvidia/ros2_ws/install/cv_bridge/share/cv_bridge/cmake/ament_cmake_export_libraries-extras.cmake
[290.255s] -- Symlinking: /home/nvidia/ros2_ws/install/cv_bridge/share/cv_bridge/cmake/cv_bridgeConfig.cmake
[290.369s] -- Symlinking: /home/nvidia/ros2_ws/install/cv_bridge/share/cv_bridge/cmake/cv_bridgeConfig-version.cmake
[290.492s] -- Symlinking: /home/nvidia/ros2_ws/install/cv_bridge/share/cv_bridge/package.xml
[291.127s] Listing '/home/nvidia/ros2_ws/install/cv_bridge/lib/python3.8/site-packages/cv_bridge'...
[291.128s] Compiling '/home/nvidia/ros2_ws/install/cv_bridge/lib/python3.8/site-packages/cv_bridge/__init__.py'...
[291.130s] Listing '/home/nvidia/ros2_ws/install/cv_bridge/lib/python3.8/site-packages/cv_bridge/boost'...
[291.132s] Compiling '/home/nvidia/ros2_ws/install/cv_bridge/lib/python3.8/site-packages/cv_bridge/core.py'...
[292.662s] Invoked command in '/home/nvidia/ros2_ws/build/cv_bridge' returned '0': CMAKE_PREFIX_PATH=${CMAKE_PREFIX_PATH}:/home/nvidia/rosbag_ws/install/ros2bag:/home/nvidia/microros_ws/install/sensor_msgs_py:/home/nvidia/ros2_ws/install/obj_det_visualizer:/home/nvidia/ros2_ws/install/ros2bag:/home/nvidia/ros2_ws/install/sim2real:/home/nvidia/ros2_ws/install/opencv_tests:/opt/ros/foxy /usr/bin/cmake --install /home/nvidia/ros2_ws/build/cv_bridge
