[0.758s] Invoking command in '/home/nvidia/ros2_ws/build/cv_bridge': CMAKE_PREFIX_PATH=${CMAKE_PREFIX_PATH}:/home/nvidia/rosbag_ws/install/ros2bag:/home/nvidia/microros_ws/install/sensor_msgs_py:/home/nvidia/ros2_ws/install/obj_det_visualizer:/home/nvidia/ros2_ws/install/opencv_tests:/opt/ros/foxy /usr/bin/cmake /home/nvidia/ros2_ws/src/vision_opencv/cv_bridge -DCMAKE_INSTALL_PREFIX=/home/nvidia/ros2_ws/install/cv_bridge
[1.114s] -- Found ament_cmake_ros: 0.9.2 (/opt/ros/foxy/share/ament_cmake_ros/cmake)
[1.667s] -- Found PythonInterp: /usr/bin/python3 (found suitable version "3.8.10", minimum required is "3") 
[1.668s] -- Using PYTHON_EXECUTABLE: /usr/bin/python3
[3.679s] -- Override CMake install command with custom implementation using symlinks instead of copying resources
[3.784s] -- Found PythonLibs: /usr/lib/aarch64-linux-gnu/libpython3.8.so (found version "3.8.10") 
[3.824s] -- Boost_VERSION_STRING: 1.71.0
[4.016s] -- Found rcpputils: 1.3.2 (/opt/ros/foxy/share/rcpputils/cmake)
[4.159s] -- Found sensor_msgs: 2.0.5 (/home/nvidia/microros_ws/install/sensor_msgs/share/sensor_msgs/cmake)
[4.314s] -- Using all available rosidl_typesupport_c: rosidl_typesupport_microxrcedds_c;rosidl_typesupport_fastrtps_c;rosidl_typesupport_introspection_c
[4.342s] -- Found rosidl_adapter: 1.3.1 (/opt/ros/foxy/share/rosidl_adapter/cmake)
[7.413s] -- Using all available rosidl_typesupport_cpp: rosidl_typesupport_microxrcedds_cpp;rosidl_typesupport_fastrtps_cpp;rosidl_typesupport_introspection_cpp
[10.715s] -- Found PythonInterp: /usr/bin/python3 (found version "3.8.10") 
[10.726s] -- Found PythonLibs: /usr/lib/aarch64-linux-gnu/libpython3.8.so (found suitable version "3.8.10", minimum required is "3.8") 
[10.759s] -- Found ament_lint_auto: 0.9.8 (/opt/ros/foxy/share/ament_lint_auto/cmake)
[11.364s] -- Found gtest sources under '/opt/ros/foxy/src/gtest_vendor': C++ tests using 'Google Test' will be built
[29.816s] -- Configuring done
[30.014s] -- Generating done
[30.070s] -- Build files have been written to: /home/nvidia/ros2_ws/build/cv_bridge
[30.123s] Invoked command in '/home/nvidia/ros2_ws/build/cv_bridge' returned '0': CMAKE_PREFIX_PATH=${CMAKE_PREFIX_PATH}:/home/nvidia/rosbag_ws/install/ros2bag:/home/nvidia/microros_ws/install/sensor_msgs_py:/home/nvidia/ros2_ws/install/obj_det_visualizer:/home/nvidia/ros2_ws/install/opencv_tests:/opt/ros/foxy /usr/bin/cmake /home/nvidia/ros2_ws/src/vision_opencv/cv_bridge -DCMAKE_INSTALL_PREFIX=/home/nvidia/ros2_ws/install/cv_bridge
[30.142s] Invoking command in '/home/nvidia/ros2_ws/build/cv_bridge': CMAKE_PREFIX_PATH=${CMAKE_PREFIX_PATH}:/home/nvidia/rosbag_ws/install/ros2bag:/home/nvidia/microros_ws/install/sensor_msgs_py:/home/nvidia/ros2_ws/install/obj_det_visualizer:/home/nvidia/ros2_ws/install/opencv_tests:/opt/ros/foxy /usr/bin/cmake --build /home/nvidia/ros2_ws/build/cv_bridge -- -j6 -l6
[32.251s] [ 12%] Built target gtest_main
[32.251s] [ 31%] Built target cv_bridge
[32.252s] [ 43%] Built target gtest
[32.252s] [ 81%] Built target cv_bridge-utest
[32.253s] [100%] Built target cv_bridge_boost
[32.295s] Invoked command in '/home/nvidia/ros2_ws/build/cv_bridge' returned '0': CMAKE_PREFIX_PATH=${CMAKE_PREFIX_PATH}:/home/nvidia/rosbag_ws/install/ros2bag:/home/nvidia/microros_ws/install/sensor_msgs_py:/home/nvidia/ros2_ws/install/obj_det_visualizer:/home/nvidia/ros2_ws/install/opencv_tests:/opt/ros/foxy /usr/bin/cmake --build /home/nvidia/ros2_ws/build/cv_bridge -- -j6 -l6
[32.305s] Invoking command in '/home/nvidia/ros2_ws/build/cv_bridge': CMAKE_PREFIX_PATH=${CMAKE_PREFIX_PATH}:/home/nvidia/rosbag_ws/install/ros2bag:/home/nvidia/microros_ws/install/sensor_msgs_py:/home/nvidia/ros2_ws/install/obj_det_visualizer:/home/nvidia/ros2_ws/install/opencv_tests:/opt/ros/foxy /usr/bin/cmake --install /home/nvidia/ros2_ws/build/cv_bridge
[33.476s] -- Install configuration: "Release"
[33.476s] -- Execute custom install script
[33.477s] -- Up-to-date symlink: /home/nvidia/ros2_ws/install/cv_bridge/share/cv_bridge/environment/pythonpath.sh
[33.477s] -- Up-to-date symlink: /home/nvidia/ros2_ws/install/cv_bridge/share/cv_bridge/environment/pythonpath.dsv
[33.478s] -- Up-to-date symlink: /home/nvidia/ros2_ws/install/cv_bridge/lib/python3.8/site-packages/cv_bridge/__init__.py
[33.478s] -- Up-to-date symlink: /home/nvidia/ros2_ws/install/cv_bridge/lib/python3.8/site-packages/cv_bridge/core.py
[33.479s] -- Up-to-date symlink: /home/nvidia/ros2_ws/install/cv_bridge/lib/libcv_bridge.so
[33.479s] -- Up-to-date symlink: /home/nvidia/ros2_ws/install/cv_bridge/include/cv_bridge/cv_bridge_export.h
[33.480s] -- Up-to-date symlink: /home/nvidia/ros2_ws/install/cv_bridge/lib/python3.8/site-packages/cv_bridge/boost//cv_bridge_boost.so
[33.481s] -- Up-to-date symlink: /home/nvidia/ros2_ws/install/cv_bridge/share/cv_bridge/environment/library_path.sh
[33.481s] -- Up-to-date symlink: /home/nvidia/ros2_ws/install/cv_bridge/share/cv_bridge/environment/library_path.dsv
[33.482s] -- Up-to-date symlink: /home/nvidia/ros2_ws/install/cv_bridge/include/cv_bridge/cv_bridge.h
[33.482s] -- Up-to-date symlink: /home/nvidia/ros2_ws/install/cv_bridge/include/cv_bridge/rgb_colors.h
[33.482s] -- Up-to-date symlink: /home/nvidia/ros2_ws/install/cv_bridge/lib/libcv_bridge.so
[33.483s] -- Up-to-date symlink: /home/nvidia/ros2_ws/install/cv_bridge/share/ament_index/resource_index/package_run_dependencies/cv_bridge
[33.483s] -- Up-to-date symlink: /home/nvidia/ros2_ws/install/cv_bridge/share/ament_index/resource_index/parent_prefix_path/cv_bridge
[33.484s] -- Up-to-date symlink: /home/nvidia/ros2_ws/install/cv_bridge/share/cv_bridge/environment/ament_prefix_path.sh
[33.484s] -- Up-to-date symlink: /home/nvidia/ros2_ws/install/cv_bridge/share/cv_bridge/environment/ament_prefix_path.dsv
[33.485s] -- Up-to-date symlink: /home/nvidia/ros2_ws/install/cv_bridge/share/cv_bridge/environment/path.sh
[33.485s] -- Up-to-date symlink: /home/nvidia/ros2_ws/install/cv_bridge/share/cv_bridge/environment/path.dsv
[33.485s] -- Up-to-date symlink: /home/nvidia/ros2_ws/install/cv_bridge/share/cv_bridge/local_setup.bash
[33.486s] -- Up-to-date symlink: /home/nvidia/ros2_ws/install/cv_bridge/share/cv_bridge/local_setup.sh
[33.503s] -- Up-to-date symlink: /home/nvidia/ros2_ws/install/cv_bridge/share/cv_bridge/local_setup.zsh
[33.503s] -- Up-to-date symlink: /home/nvidia/ros2_ws/install/cv_bridge/share/cv_bridge/local_setup.dsv
[33.504s] -- Symlinking: /home/nvidia/ros2_ws/install/cv_bridge/share/cv_bridge/package.dsv
[33.505s] -- Up-to-date symlink: /home/nvidia/ros2_ws/install/cv_bridge/share/ament_index/resource_index/packages/cv_bridge
[33.505s] -- Up-to-date symlink: /home/nvidia/ros2_ws/install/cv_bridge/share/cv_bridge/cmake/cv_bridge-extras.cmake
[33.506s] -- Up-to-date symlink: /home/nvidia/ros2_ws/install/cv_bridge/share/cv_bridge/cmake/ament_cmake_export_dependencies-extras.cmake
[33.506s] -- Up-to-date symlink: /home/nvidia/ros2_ws/install/cv_bridge/share/cv_bridge/cmake/ament_cmake_export_include_directories-extras.cmake
[33.506s] -- Up-to-date symlink: /home/nvidia/ros2_ws/install/cv_bridge/share/cv_bridge/cmake/ament_cmake_export_libraries-extras.cmake
[33.507s] -- Up-to-date symlink: /home/nvidia/ros2_ws/install/cv_bridge/share/cv_bridge/cmake/cv_bridgeConfig.cmake
[33.507s] -- Up-to-date symlink: /home/nvidia/ros2_ws/install/cv_bridge/share/cv_bridge/cmake/cv_bridgeConfig-version.cmake
[33.508s] -- Up-to-date symlink: /home/nvidia/ros2_ws/install/cv_bridge/share/cv_bridge/package.xml
[33.508s] Listing '/home/nvidia/ros2_ws/install/cv_bridge/lib/python3.8/site-packages/cv_bridge'...
[33.511s] Listing '/home/nvidia/ros2_ws/install/cv_bridge/lib/python3.8/site-packages/cv_bridge/boost'...
[33.545s] Invoked command in '/home/nvidia/ros2_ws/build/cv_bridge' returned '0': CMAKE_PREFIX_PATH=${CMAKE_PREFIX_PATH}:/home/nvidia/rosbag_ws/install/ros2bag:/home/nvidia/microros_ws/install/sensor_msgs_py:/home/nvidia/ros2_ws/install/obj_det_visualizer:/home/nvidia/ros2_ws/install/opencv_tests:/opt/ros/foxy /usr/bin/cmake --install /home/nvidia/ros2_ws/build/cv_bridge
