[0.638s] Invoking command in '/home/nvidia/ros2_ws/build/micro_ros_msgs': CMAKE_PREFIX_PATH=${CMAKE_PREFIX_PATH}:/home/nvidia/rosbag_ws/install/ros2bag:/home/nvidia/microros_ws/install/sensor_msgs_py:/home/nvidia/ros2_ws/install/obj_det_visualizer:/home/nvidia/ros2_ws/install/opencv_tests:/opt/ros/foxy /usr/bin/cmake /home/nvidia/ros2_ws/src/uros/micro_ros_msgs -DCMAKE_INSTALL_PREFIX=/home/nvidia/ros2_ws/install/micro_ros_msgs
[9.726s] -- Found ament_cmake: 0.9.12 (/opt/ros/foxy/share/ament_cmake/cmake)
[9.726s] -- Found PythonInterp: /usr/bin/python3 (found suitable version "3.8.10", minimum required is "3") 
[9.727s] -- Using PYTHON_EXECUTABLE: /usr/bin/python3
[9.727s] -- Override CMake install command with custom implementation using symlinks instead of copying resources
[9.727s] -- Found rosidl_default_generators: 1.0.1 (/opt/ros/foxy/share/rosidl_default_generators/cmake)
[9.728s] -- Using all available rosidl_typesupport_c: rosidl_typesupport_microxrcedds_c;rosidl_typesupport_fastrtps_c;rosidl_typesupport_introspection_c
[9.728s] -- Found rosidl_adapter: 1.3.1 (/opt/ros/foxy/share/rosidl_adapter/cmake)
[9.729s] -- Using all available rosidl_typesupport_cpp: rosidl_typesupport_microxrcedds_cpp;rosidl_typesupport_fastrtps_cpp;rosidl_typesupport_introspection_cpp
[9.729s] -- Found ament_lint_auto: 0.9.8 (/opt/ros/foxy/share/ament_lint_auto/cmake)
[9.729s] -- Found PythonInterp: /usr/bin/python3 (found version "3.8.10") 
[10.898s] -- Found ament_cmake_ros: 0.9.2 (/opt/ros/foxy/share/ament_cmake_ros/cmake)
[12.626s] -- Using all available rosidl_typesupport_c: rosidl_typesupport_microxrcedds_c;rosidl_typesupport_fastrtps_c;rosidl_typesupport_introspection_c
[12.968s] -- Using all available rosidl_typesupport_cpp: rosidl_typesupport_microxrcedds_cpp;rosidl_typesupport_fastrtps_cpp;rosidl_typesupport_introspection_cpp
[13.502s] -- Found PythonInterp: /usr/bin/python3 (found suitable version "3.8.10", minimum required is "3.5") 
[13.521s] -- Found python_cmake_module: 0.8.1 (/opt/ros/foxy/share/python_cmake_module/cmake)
[13.912s] -- Using PYTHON_EXECUTABLE: /usr/bin/python3
[13.913s] -- Using PYTHON_INCLUDE_DIRS: /usr/include/python3.8
[13.913s] -- Using PYTHON_LIBRARIES: /usr/lib/aarch64-linux-gnu/libpython3.8.so
[14.329s] -- Added test 'copyright' to check source files copyright and LICENSE
[14.510s] -- Added test 'lint_cmake' to check CMake code style
[14.623s] -- Added test 'xmllint' to check XML markup files
[14.872s] -- Configuring done
[15.384s] -- Generating done
[15.487s] -- Build files have been written to: /home/nvidia/ros2_ws/build/micro_ros_msgs
[15.546s] Invoked command in '/home/nvidia/ros2_ws/build/micro_ros_msgs' returned '0': CMAKE_PREFIX_PATH=${CMAKE_PREFIX_PATH}:/home/nvidia/rosbag_ws/install/ros2bag:/home/nvidia/microros_ws/install/sensor_msgs_py:/home/nvidia/ros2_ws/install/obj_det_visualizer:/home/nvidia/ros2_ws/install/opencv_tests:/opt/ros/foxy /usr/bin/cmake /home/nvidia/ros2_ws/src/uros/micro_ros_msgs -DCMAKE_INSTALL_PREFIX=/home/nvidia/ros2_ws/install/micro_ros_msgs
[15.567s] Invoking command in '/home/nvidia/ros2_ws/build/micro_ros_msgs': CMAKE_PREFIX_PATH=${CMAKE_PREFIX_PATH}:/home/nvidia/rosbag_ws/install/ros2bag:/home/nvidia/microros_ws/install/sensor_msgs_py:/home/nvidia/ros2_ws/install/obj_det_visualizer:/home/nvidia/ros2_ws/install/opencv_tests:/opt/ros/foxy /usr/bin/cmake --build /home/nvidia/ros2_ws/build/micro_ros_msgs -- -j6 -l6
[18.738s] [  1%] Built target micro_ros_msgs__cpp
[18.738s] [ 10%] Built target micro_ros_msgs__rosidl_generator_c
[18.739s] [ 18%] Built target micro_ros_msgs__rosidl_typesupport_cpp
[18.740s] [ 27%] Built target micro_ros_msgs__rosidl_typesupport_introspection_cpp
[18.740s] [ 35%] Built target micro_ros_msgs__rosidl_typesupport_fastrtps_cpp
[18.740s] [ 44%] Built target micro_ros_msgs__rosidl_typesupport_microxrcedds_cpp
[18.755s] [ 52%] Built target micro_ros_msgs__rosidl_typesupport_microxrcedds_c
[18.758s] [ 61%] Built target micro_ros_msgs__rosidl_typesupport_c
[18.759s] [ 69%] Built target micro_ros_msgs__rosidl_typesupport_introspection_c
[18.760s] [ 77%] Built target micro_ros_msgs__rosidl_typesupport_fastrtps_c
[18.764s] [ 77%] Built target micro_ros_msgs
[18.768s] [ 79%] Built target micro_ros_msgs__py
[19.019s] [ 86%] Built target micro_ros_msgs__python
[19.497s] [ 93%] Built target micro_ros_msgs__rosidl_typesupport_introspection_c__pyext
[19.498s] [ 93%] Built target micro_ros_msgs__rosidl_typesupport_microxrcedds_c__pyext
[19.499s] [ 96%] Built target micro_ros_msgs__rosidl_typesupport_c__pyext
[19.524s] [100%] Built target micro_ros_msgs__rosidl_typesupport_fastrtps_c__pyext
[19.696s] Invoked command in '/home/nvidia/ros2_ws/build/micro_ros_msgs' returned '0': CMAKE_PREFIX_PATH=${CMAKE_PREFIX_PATH}:/home/nvidia/rosbag_ws/install/ros2bag:/home/nvidia/microros_ws/install/sensor_msgs_py:/home/nvidia/ros2_ws/install/obj_det_visualizer:/home/nvidia/ros2_ws/install/opencv_tests:/opt/ros/foxy /usr/bin/cmake --build /home/nvidia/ros2_ws/build/micro_ros_msgs -- -j6 -l6
[19.718s] Invoking command in '/home/nvidia/ros2_ws/build/micro_ros_msgs': CMAKE_PREFIX_PATH=${CMAKE_PREFIX_PATH}:/home/nvidia/rosbag_ws/install/ros2bag:/home/nvidia/microros_ws/install/sensor_msgs_py:/home/nvidia/ros2_ws/install/obj_det_visualizer:/home/nvidia/ros2_ws/install/opencv_tests:/opt/ros/foxy /usr/bin/cmake --install /home/nvidia/ros2_ws/build/micro_ros_msgs
[21.490s] -- Install configuration: "Release"
[21.512s] -- Execute custom install script
[21.513s] -- Up-to-date symlink: /home/nvidia/ros2_ws/install/micro_ros_msgs/share/ament_index/resource_index/rosidl_interfaces/micro_ros_msgs
[21.514s] -- Up-to-date symlink: /home/nvidia/ros2_ws/install/micro_ros_msgs/include/micro_ros_msgs/msg/detail/entity__functions.h
[21.515s] -- Up-to-date symlink: /home/nvidia/ros2_ws/install/micro_ros_msgs/include/micro_ros_msgs/msg/detail/entity__struct.h
[21.515s] -- Up-to-date symlink: /home/nvidia/ros2_ws/install/micro_ros_msgs/include/micro_ros_msgs/msg/detail/entity__type_support.h
[21.516s] -- Up-to-date symlink: /home/nvidia/ros2_ws/install/micro_ros_msgs/include/micro_ros_msgs/msg/detail/graph__functions.h
[21.516s] -- Up-to-date symlink: /home/nvidia/ros2_ws/install/micro_ros_msgs/include/micro_ros_msgs/msg/detail/graph__struct.h
[21.517s] -- Up-to-date symlink: /home/nvidia/ros2_ws/install/micro_ros_msgs/include/micro_ros_msgs/msg/detail/graph__type_support.h
[21.517s] -- Up-to-date symlink: /home/nvidia/ros2_ws/install/micro_ros_msgs/include/micro_ros_msgs/msg/detail/node__functions.h
[21.518s] -- Up-to-date symlink: /home/nvidia/ros2_ws/install/micro_ros_msgs/include/micro_ros_msgs/msg/detail/node__struct.h
[21.518s] -- Up-to-date symlink: /home/nvidia/ros2_ws/install/micro_ros_msgs/include/micro_ros_msgs/msg/detail/node__type_support.h
[21.519s] -- Up-to-date symlink: /home/nvidia/ros2_ws/install/micro_ros_msgs/include/micro_ros_msgs/msg/entity.h
[21.519s] -- Up-to-date symlink: /home/nvidia/ros2_ws/install/micro_ros_msgs/include/micro_ros_msgs/msg/graph.h
[21.519s] -- Up-to-date symlink: /home/nvidia/ros2_ws/install/micro_ros_msgs/include/micro_ros_msgs/msg/node.h
[21.520s] -- Up-to-date symlink: /home/nvidia/ros2_ws/install/micro_ros_msgs/include/micro_ros_msgs/msg/rosidl_generator_c__visibility_control.h
[21.520s] -- Up-to-date symlink: /home/nvidia/ros2_ws/install/micro_ros_msgs/share/micro_ros_msgs/environment/library_path.sh
[21.521s] -- Up-to-date symlink: /home/nvidia/ros2_ws/install/micro_ros_msgs/share/micro_ros_msgs/environment/library_path.dsv
[21.521s] -- Up-to-date symlink: /home/nvidia/ros2_ws/install/micro_ros_msgs/include/micro_ros_msgs/msg/detail/entity__rosidl_typesupport_microxrcedds_c.h
[21.521s] -- Up-to-date symlink: /home/nvidia/ros2_ws/install/micro_ros_msgs/include/micro_ros_msgs/msg/detail/graph__rosidl_typesupport_microxrcedds_c.h
[21.525s] -- Up-to-date symlink: /home/nvidia/ros2_ws/install/micro_ros_msgs/include/micro_ros_msgs/msg/detail/node__rosidl_typesupport_microxrcedds_c.h
[21.525s] -- Up-to-date symlink: /home/nvidia/ros2_ws/install/micro_ros_msgs/include/micro_ros_msgs/msg/rosidl_typesupport_microxrcedds_c__visibility_control.h
[21.526s] -- Up-to-date symlink: /home/nvidia/ros2_ws/install/micro_ros_msgs/lib/libmicro_ros_msgs__rosidl_typesupport_microxrcedds_c.so
[21.526s] -- Up-to-date symlink: /home/nvidia/ros2_ws/install/micro_ros_msgs/include/micro_ros_msgs/msg/detail/entity__rosidl_typesupport_fastrtps_c.h
[21.527s] -- Up-to-date symlink: /home/nvidia/ros2_ws/install/micro_ros_msgs/include/micro_ros_msgs/msg/detail/graph__rosidl_typesupport_fastrtps_c.h
[21.527s] -- Up-to-date symlink: /home/nvidia/ros2_ws/install/micro_ros_msgs/include/micro_ros_msgs/msg/detail/node__rosidl_typesupport_fastrtps_c.h
[21.528s] -- Up-to-date symlink: /home/nvidia/ros2_ws/install/micro_ros_msgs/include/micro_ros_msgs/msg/rosidl_typesupport_fastrtps_c__visibility_control.h
[21.528s] -- Up-to-date symlink: /home/nvidia/ros2_ws/install/micro_ros_msgs/lib/libmicro_ros_msgs__rosidl_typesupport_fastrtps_c.so
[21.528s] -- Up-to-date symlink: /home/nvidia/ros2_ws/install/micro_ros_msgs/include/micro_ros_msgs/msg/detail/entity__rosidl_typesupport_fastrtps_cpp.hpp
[21.529s] -- Up-to-date symlink: /home/nvidia/ros2_ws/install/micro_ros_msgs/include/micro_ros_msgs/msg/detail/graph__rosidl_typesupport_fastrtps_cpp.hpp
[21.529s] -- Up-to-date symlink: /home/nvidia/ros2_ws/install/micro_ros_msgs/include/micro_ros_msgs/msg/detail/node__rosidl_typesupport_fastrtps_cpp.hpp
[21.530s] -- Up-to-date symlink: /home/nvidia/ros2_ws/install/micro_ros_msgs/include/micro_ros_msgs/msg/rosidl_typesupport_fastrtps_cpp__visibility_control.h
[21.531s] -- Up-to-date symlink: /home/nvidia/ros2_ws/install/micro_ros_msgs/lib/libmicro_ros_msgs__rosidl_typesupport_fastrtps_cpp.so
[21.531s] -- Up-to-date symlink: /home/nvidia/ros2_ws/install/micro_ros_msgs/include/micro_ros_msgs/msg/detail/entity__rosidl_typesupport_introspection_c.h
[21.532s] -- Up-to-date symlink: /home/nvidia/ros2_ws/install/micro_ros_msgs/include/micro_ros_msgs/msg/detail/graph__rosidl_typesupport_introspection_c.h
[21.532s] -- Up-to-date symlink: /home/nvidia/ros2_ws/install/micro_ros_msgs/include/micro_ros_msgs/msg/detail/node__rosidl_typesupport_introspection_c.h
[21.532s] -- Up-to-date symlink: /home/nvidia/ros2_ws/install/micro_ros_msgs/include/micro_ros_msgs/msg/rosidl_typesupport_introspection_c__visibility_control.h
[21.533s] -- Up-to-date symlink: /home/nvidia/ros2_ws/install/micro_ros_msgs/include/micro_ros_msgs/msg/detail/entity__builder.hpp
[21.533s] -- Up-to-date symlink: /home/nvidia/ros2_ws/install/micro_ros_msgs/include/micro_ros_msgs/msg/detail/entity__struct.hpp
[21.533s] -- Up-to-date symlink: /home/nvidia/ros2_ws/install/micro_ros_msgs/include/micro_ros_msgs/msg/detail/entity__traits.hpp
[21.534s] -- Up-to-date symlink: /home/nvidia/ros2_ws/install/micro_ros_msgs/include/micro_ros_msgs/msg/detail/entity__type_support.hpp
[21.534s] -- Up-to-date symlink: /home/nvidia/ros2_ws/install/micro_ros_msgs/include/micro_ros_msgs/msg/detail/graph__builder.hpp
[21.535s] -- Up-to-date symlink: /home/nvidia/ros2_ws/install/micro_ros_msgs/include/micro_ros_msgs/msg/detail/graph__struct.hpp
[21.535s] -- Up-to-date symlink: /home/nvidia/ros2_ws/install/micro_ros_msgs/include/micro_ros_msgs/msg/detail/graph__traits.hpp
[21.536s] -- Up-to-date symlink: /home/nvidia/ros2_ws/install/micro_ros_msgs/include/micro_ros_msgs/msg/detail/graph__type_support.hpp
[21.536s] -- Up-to-date symlink: /home/nvidia/ros2_ws/install/micro_ros_msgs/include/micro_ros_msgs/msg/detail/node__builder.hpp
[21.537s] -- Up-to-date symlink: /home/nvidia/ros2_ws/install/micro_ros_msgs/include/micro_ros_msgs/msg/detail/node__struct.hpp
[21.537s] -- Up-to-date symlink: /home/nvidia/ros2_ws/install/micro_ros_msgs/include/micro_ros_msgs/msg/detail/node__traits.hpp
[21.537s] -- Up-to-date symlink: /home/nvidia/ros2_ws/install/micro_ros_msgs/include/micro_ros_msgs/msg/detail/node__type_support.hpp
[21.538s] -- Up-to-date symlink: /home/nvidia/ros2_ws/install/micro_ros_msgs/include/micro_ros_msgs/msg/entity.hpp
[21.538s] -- Up-to-date symlink: /home/nvidia/ros2_ws/install/micro_ros_msgs/include/micro_ros_msgs/msg/graph.hpp
[21.539s] -- Up-to-date symlink: /home/nvidia/ros2_ws/install/micro_ros_msgs/include/micro_ros_msgs/msg/node.hpp
[21.540s] -- Up-to-date symlink: /home/nvidia/ros2_ws/install/micro_ros_msgs/include/micro_ros_msgs/msg/rosidl_generator_cpp__visibility_control.hpp
[21.540s] -- Up-to-date symlink: /home/nvidia/ros2_ws/install/micro_ros_msgs/include/micro_ros_msgs/msg/detail/entity__rosidl_typesupport_microxrcedds_cpp.hpp
[21.540s] -- Up-to-date symlink: /home/nvidia/ros2_ws/install/micro_ros_msgs/include/micro_ros_msgs/msg/detail/graph__rosidl_typesupport_microxrcedds_cpp.hpp
[21.541s] -- Up-to-date symlink: /home/nvidia/ros2_ws/install/micro_ros_msgs/include/micro_ros_msgs/msg/detail/microxrcedds/entity__type_support_cpp.cpp
[21.541s] -- Up-to-date symlink: /home/nvidia/ros2_ws/install/micro_ros_msgs/include/micro_ros_msgs/msg/detail/microxrcedds/graph__type_support_cpp.cpp
[21.542s] -- Up-to-date symlink: /home/nvidia/ros2_ws/install/micro_ros_msgs/include/micro_ros_msgs/msg/detail/microxrcedds/node__type_support_cpp.cpp
[21.542s] -- Up-to-date symlink: /home/nvidia/ros2_ws/install/micro_ros_msgs/include/micro_ros_msgs/msg/detail/node__rosidl_typesupport_microxrcedds_cpp.hpp
[21.543s] -- Up-to-date symlink: /home/nvidia/ros2_ws/install/micro_ros_msgs/include/micro_ros_msgs/msg/rosidl_typesupport_microxrcedds_cpp__visibility_control.h
[21.544s] -- Up-to-date symlink: /home/nvidia/ros2_ws/install/micro_ros_msgs/lib/libmicro_ros_msgs__rosidl_typesupport_microxrcedds_cpp.so
[21.545s] -- Up-to-date symlink: /home/nvidia/ros2_ws/install/micro_ros_msgs/include/micro_ros_msgs/msg/detail/entity__rosidl_typesupport_introspection_cpp.hpp
[21.545s] -- Up-to-date symlink: /home/nvidia/ros2_ws/install/micro_ros_msgs/include/micro_ros_msgs/msg/detail/graph__rosidl_typesupport_introspection_cpp.hpp
[21.546s] -- Up-to-date symlink: /home/nvidia/ros2_ws/install/micro_ros_msgs/include/micro_ros_msgs/msg/detail/node__rosidl_typesupport_introspection_cpp.hpp
[21.547s] -- Up-to-date symlink: /home/nvidia/ros2_ws/install/micro_ros_msgs/share/micro_ros_msgs/environment/pythonpath.sh
[21.547s] -- Up-to-date symlink: /home/nvidia/ros2_ws/install/micro_ros_msgs/share/micro_ros_msgs/environment/pythonpath.dsv
[21.548s] -- Up-to-date symlink: /home/nvidia/ros2_ws/install/micro_ros_msgs/lib/python3.8/site-packages/micro_ros_msgs/__init__.py
[21.548s] -- Up-to-date symlink: /home/nvidia/ros2_ws/install/micro_ros_msgs/lib/python3.8/site-packages/micro_ros_msgs/msg/__init__.py
[21.549s] -- Up-to-date symlink: /home/nvidia/ros2_ws/install/micro_ros_msgs/lib/python3.8/site-packages/micro_ros_msgs/msg/_entity.py
[21.549s] -- Up-to-date symlink: /home/nvidia/ros2_ws/install/micro_ros_msgs/lib/python3.8/site-packages/micro_ros_msgs/msg/_graph.py
[21.550s] -- Up-to-date symlink: /home/nvidia/ros2_ws/install/micro_ros_msgs/lib/python3.8/site-packages/micro_ros_msgs/msg/_node.py
[21.550s] -- Up-to-date symlink: /home/nvidia/ros2_ws/install/micro_ros_msgs/lib/python3.8/site-packages/micro_ros_msgs/micro_ros_msgs_s__rosidl_typesupport_microxrcedds_c.cpython-38-aarch64-linux-gnu.so
[21.551s] -- Up-to-date symlink: /home/nvidia/ros2_ws/install/micro_ros_msgs/lib/python3.8/site-packages/micro_ros_msgs/micro_ros_msgs_s__rosidl_typesupport_fastrtps_c.cpython-38-aarch64-linux-gnu.so
[21.551s] -- Up-to-date symlink: /home/nvidia/ros2_ws/install/micro_ros_msgs/lib/python3.8/site-packages/micro_ros_msgs/micro_ros_msgs_s__rosidl_typesupport_introspection_c.cpython-38-aarch64-linux-gnu.so
[21.552s] -- Up-to-date symlink: /home/nvidia/ros2_ws/install/micro_ros_msgs/lib/python3.8/site-packages/micro_ros_msgs/micro_ros_msgs_s__rosidl_typesupport_c.cpython-38-aarch64-linux-gnu.so
[21.552s] -- Up-to-date symlink: /home/nvidia/ros2_ws/install/micro_ros_msgs/lib/libmicro_ros_msgs__python.so
[21.552s] -- Up-to-date symlink: /home/nvidia/ros2_ws/install/micro_ros_msgs/share/micro_ros_msgs/msg/Graph.idl
[21.553s] -- Up-to-date symlink: /home/nvidia/ros2_ws/install/micro_ros_msgs/share/micro_ros_msgs/msg/Node.idl
[21.553s] -- Up-to-date symlink: /home/nvidia/ros2_ws/install/micro_ros_msgs/share/micro_ros_msgs/msg/Entity.idl
[21.553s] -- Up-to-date symlink: /home/nvidia/ros2_ws/install/micro_ros_msgs/share/micro_ros_msgs/msg/Graph.msg
[21.554s] -- Up-to-date symlink: /home/nvidia/ros2_ws/install/micro_ros_msgs/share/micro_ros_msgs/msg/Node.msg
[21.554s] -- Up-to-date symlink: /home/nvidia/ros2_ws/install/micro_ros_msgs/share/micro_ros_msgs/msg/Entity.msg
[21.555s] -- Up-to-date symlink: /home/nvidia/ros2_ws/install/micro_ros_msgs/share/ament_index/resource_index/package_run_dependencies/micro_ros_msgs
[21.555s] -- Up-to-date symlink: /home/nvidia/ros2_ws/install/micro_ros_msgs/share/ament_index/resource_index/parent_prefix_path/micro_ros_msgs
[21.556s] -- Up-to-date symlink: /home/nvidia/ros2_ws/install/micro_ros_msgs/share/micro_ros_msgs/environment/ament_prefix_path.sh
[21.556s] -- Up-to-date symlink: /home/nvidia/ros2_ws/install/micro_ros_msgs/share/micro_ros_msgs/environment/ament_prefix_path.dsv
[21.556s] -- Up-to-date symlink: /home/nvidia/ros2_ws/install/micro_ros_msgs/share/micro_ros_msgs/environment/path.sh
[21.557s] -- Up-to-date symlink: /home/nvidia/ros2_ws/install/micro_ros_msgs/share/micro_ros_msgs/environment/path.dsv
[21.569s] -- Up-to-date symlink: /home/nvidia/ros2_ws/install/micro_ros_msgs/share/micro_ros_msgs/local_setup.bash
[21.583s] -- Up-to-date symlink: /home/nvidia/ros2_ws/install/micro_ros_msgs/share/micro_ros_msgs/local_setup.sh
[21.583s] -- Up-to-date symlink: /home/nvidia/ros2_ws/install/micro_ros_msgs/share/micro_ros_msgs/local_setup.zsh
[21.584s] -- Up-to-date symlink: /home/nvidia/ros2_ws/install/micro_ros_msgs/share/micro_ros_msgs/local_setup.dsv
[21.584s] -- Symlinking: /home/nvidia/ros2_ws/install/micro_ros_msgs/share/micro_ros_msgs/package.dsv
[21.585s] -- Up-to-date symlink: /home/nvidia/ros2_ws/install/micro_ros_msgs/share/ament_index/resource_index/packages/micro_ros_msgs
[21.585s] -- Up-to-date symlink: /home/nvidia/ros2_ws/install/micro_ros_msgs/share/micro_ros_msgs/cmake/rosidl_cmake-extras.cmake
[21.585s] -- Up-to-date symlink: /home/nvidia/ros2_ws/install/micro_ros_msgs/share/micro_ros_msgs/cmake/ament_cmake_export_dependencies-extras.cmake
[21.586s] -- Up-to-date symlink: /home/nvidia/ros2_ws/install/micro_ros_msgs/share/micro_ros_msgs/cmake/ament_cmake_export_libraries-extras.cmake
[21.586s] -- Up-to-date symlink: /home/nvidia/ros2_ws/install/micro_ros_msgs/share/micro_ros_msgs/cmake/ament_cmake_export_targets-extras.cmake
[21.587s] -- Up-to-date symlink: /home/nvidia/ros2_ws/install/micro_ros_msgs/share/micro_ros_msgs/cmake/ament_cmake_export_include_directories-extras.cmake
[21.587s] -- Up-to-date symlink: /home/nvidia/ros2_ws/install/micro_ros_msgs/share/micro_ros_msgs/cmake/rosidl_cmake_export_typesupport_libraries-extras.cmake
[21.589s] -- Up-to-date symlink: /home/nvidia/ros2_ws/install/micro_ros_msgs/share/micro_ros_msgs/cmake/rosidl_cmake_export_typesupport_targets-extras.cmake
[21.589s] -- Up-to-date symlink: /home/nvidia/ros2_ws/install/micro_ros_msgs/share/micro_ros_msgs/cmake/micro_ros_msgsConfig.cmake
[21.590s] -- Up-to-date symlink: /home/nvidia/ros2_ws/install/micro_ros_msgs/share/micro_ros_msgs/cmake/micro_ros_msgsConfig-version.cmake
[21.590s] -- Up-to-date symlink: /home/nvidia/ros2_ws/install/micro_ros_msgs/share/micro_ros_msgs/package.xml
[21.590s] -- Up-to-date: /home/nvidia/ros2_ws/install/micro_ros_msgs/lib/libmicro_ros_msgs__rosidl_generator_c.so
[21.591s] -- Up-to-date: /home/nvidia/ros2_ws/install/micro_ros_msgs/lib/libmicro_ros_msgs__rosidl_typesupport_introspection_c.so
[21.591s] -- Up-to-date: /home/nvidia/ros2_ws/install/micro_ros_msgs/lib/libmicro_ros_msgs__rosidl_typesupport_c.so
[21.592s] -- Up-to-date: /home/nvidia/ros2_ws/install/micro_ros_msgs/lib/libmicro_ros_msgs__rosidl_typesupport_introspection_cpp.so
[21.592s] -- Up-to-date: /home/nvidia/ros2_ws/install/micro_ros_msgs/lib/libmicro_ros_msgs__rosidl_typesupport_cpp.so
[21.592s] Compiling '/home/nvidia/ros2_ws/install/micro_ros_msgs/lib/python3.8/site-packages/micro_ros_msgs/__init__.py'...
[21.593s] -- Up-to-date: /home/nvidia/ros2_ws/install/micro_ros_msgs/share/micro_ros_msgs/cmake/micro_ros_msgs__rosidl_generator_cExport.cmake
[21.593s] -- Installing: /home/nvidia/ros2_ws/install/micro_ros_msgs/share/micro_ros_msgs/cmake/micro_ros_msgs__rosidl_generator_cExport-release.cmake
[21.594s] -- Up-to-date: /home/nvidia/ros2_ws/install/micro_ros_msgs/share/micro_ros_msgs/cmake/micro_ros_msgs__rosidl_typesupport_introspection_cExport.cmake
[21.594s] -- Installing: /home/nvidia/ros2_ws/install/micro_ros_msgs/share/micro_ros_msgs/cmake/micro_ros_msgs__rosidl_typesupport_introspection_cExport-release.cmake
[21.595s] -- Up-to-date: /home/nvidia/ros2_ws/install/micro_ros_msgs/share/micro_ros_msgs/cmake/micro_ros_msgs__rosidl_typesupport_cExport.cmake
[21.595s] -- Installing: /home/nvidia/ros2_ws/install/micro_ros_msgs/share/micro_ros_msgs/cmake/micro_ros_msgs__rosidl_typesupport_cExport-release.cmake
[21.595s] -- Up-to-date: /home/nvidia/ros2_ws/install/micro_ros_msgs/share/micro_ros_msgs/cmake/micro_ros_msgs__rosidl_generator_cppExport.cmake
[21.596s] -- Up-to-date: /home/nvidia/ros2_ws/install/micro_ros_msgs/share/micro_ros_msgs/cmake/micro_ros_msgs__rosidl_typesupport_introspection_cppExport.cmake
[21.596s] -- Installing: /home/nvidia/ros2_ws/install/micro_ros_msgs/share/micro_ros_msgs/cmake/micro_ros_msgs__rosidl_typesupport_introspection_cppExport-release.cmake
[21.597s] -- Up-to-date: /home/nvidia/ros2_ws/install/micro_ros_msgs/share/micro_ros_msgs/cmake/micro_ros_msgs__rosidl_typesupport_cppExport.cmake
[21.597s] -- Installing: /home/nvidia/ros2_ws/install/micro_ros_msgs/share/micro_ros_msgs/cmake/micro_ros_msgs__rosidl_typesupport_cppExport-release.cmake
[21.626s] Invoked command in '/home/nvidia/ros2_ws/build/micro_ros_msgs' returned '0': CMAKE_PREFIX_PATH=${CMAKE_PREFIX_PATH}:/home/nvidia/rosbag_ws/install/ros2bag:/home/nvidia/microros_ws/install/sensor_msgs_py:/home/nvidia/ros2_ws/install/obj_det_visualizer:/home/nvidia/ros2_ws/install/opencv_tests:/opt/ros/foxy /usr/bin/cmake --install /home/nvidia/ros2_ws/build/micro_ros_msgs
