[7.555s] Invoking command in '/home/nvidia/ros2_ws/build/zed_interfaces': CMAKE_PREFIX_PATH=${CMAKE_PREFIX_PATH}:/home/nvidia/rosbag_ws/install/ros2bag:/home/nvidia/microros_ws/install/sensor_msgs_py:/home/nvidia/ros2_ws/install/obj_det_visualizer:/home/nvidia/ros2_ws/install/ros2bag:/home/nvidia/ros2_ws/install/sim2real:/home/nvidia/ros2_ws/install/opencv_tests:/opt/ros/foxy /usr/bin/cmake /home/nvidia/ros2_ws/src/zed-ros2-wrapper/zed-ros2-interfaces -DCMAKE_BUILD_TYPE=Release -DAMENT_CMAKE_SYMLINK_INSTALL=1 -DCMAKE_INSTALL_PREFIX=/home/nvidia/ros2_ws/install/zed_interfaces
[8.503s] -- The C compiler identification is GNU 9.4.0
[9.282s] -- The CXX compiler identification is GNU 9.4.0
[9.459s] -- Check for working C compiler: /usr/bin/cc
[10.405s] -- Check for working C compiler: /usr/bin/cc -- works
[10.414s] -- Detecting C compiler ABI info
[11.536s] -- Detecting C compiler ABI info - done
[11.621s] -- Detecting C compile features
[11.626s] -- Detecting C compile features - done
[11.654s] -- Check for working CXX compiler: /usr/bin/c++
[12.651s] -- Check for working CXX compiler: /usr/bin/c++ -- works
[12.659s] -- Detecting CXX compiler ABI info
[13.728s] -- Detecting CXX compiler ABI info - done
[13.812s] -- Detecting CXX compile features
[13.816s] -- Detecting CXX compile features - done
[13.878s] -- Found ament_cmake_auto: 0.9.12 (/opt/ros/foxy/share/ament_cmake_auto/cmake)
[14.381s] -- Found PythonInterp: /usr/bin/python3 (found suitable version "3.8.10", minimum required is "3") 
[14.382s] -- Using PYTHON_EXECUTABLE: /usr/bin/python3
[16.149s] -- Override CMake install command with custom implementation using symlinks instead of copying resources
[18.360s] -- Using all available rosidl_typesupport_c: rosidl_typesupport_microxrcedds_c;rosidl_typesupport_fastrtps_c;rosidl_typesupport_introspection_c
[18.607s] -- Found rosidl_adapter: 1.3.1 (/opt/ros/foxy/share/rosidl_adapter/cmake)
[20.144s] -- Found OpenSSL: /usr/lib/aarch64-linux-gnu/libcrypto.so (found version "1.1.1f")  
[20.436s] -- Found FastRTPS: /opt/ros/foxy/include  
[21.239s] -- Using all available rosidl_typesupport_cpp: rosidl_typesupport_microxrcedds_cpp;rosidl_typesupport_fastrtps_cpp;rosidl_typesupport_introspection_cpp
[23.354s] -- Found ament_lint_auto: 0.9.8 (/opt/ros/foxy/share/ament_lint_auto/cmake)
[23.957s] -- Found PythonInterp: /usr/bin/python3 (found version "3.8.10") 
[25.717s] -- Found ament_cmake_ros: 0.9.2 (/opt/ros/foxy/share/ament_cmake_ros/cmake)
[28.627s] -- Using all available rosidl_typesupport_c: rosidl_typesupport_microxrcedds_c;rosidl_typesupport_fastrtps_c;rosidl_typesupport_introspection_c
[31.323s] -- Using all available rosidl_typesupport_cpp: rosidl_typesupport_microxrcedds_cpp;rosidl_typesupport_fastrtps_cpp;rosidl_typesupport_introspection_cpp
[31.695s] -- Found PythonInterp: /usr/bin/python3 (found suitable version "3.8.10", minimum required is "3.5") 
[31.756s] -- Found python_cmake_module: 0.8.1 (/opt/ros/foxy/share/python_cmake_module/cmake)
[32.224s] -- Found PythonLibs: /usr/lib/aarch64-linux-gnu/libpython3.8.so (found suitable version "3.8.10", minimum required is "3.5") 
[32.225s] -- Using PYTHON_EXECUTABLE: /usr/bin/python3
[32.225s] -- Using PYTHON_INCLUDE_DIRS: /usr/include/python3.8
[32.226s] -- Using PYTHON_LIBRARIES: /usr/lib/aarch64-linux-gnu/libpython3.8.so
[32.761s] -- Found PythonExtra: .so  
[35.930s] -- Added test 'copyright' to check source files copyright and LICENSE
[36.064s] -- Added test 'lint_cmake' to check CMake code style
[36.156s] -- Added test 'xmllint' to check XML markup files
[36.674s] -- Configuring done
[40.118s] -- Generating done
[40.137s] -- Build files have been written to: /home/nvidia/ros2_ws/build/zed_interfaces
[40.232s] Invoked command in '/home/nvidia/ros2_ws/build/zed_interfaces' returned '0': CMAKE_PREFIX_PATH=${CMAKE_PREFIX_PATH}:/home/nvidia/rosbag_ws/install/ros2bag:/home/nvidia/microros_ws/install/sensor_msgs_py:/home/nvidia/ros2_ws/install/obj_det_visualizer:/home/nvidia/ros2_ws/install/ros2bag:/home/nvidia/ros2_ws/install/sim2real:/home/nvidia/ros2_ws/install/opencv_tests:/opt/ros/foxy /usr/bin/cmake /home/nvidia/ros2_ws/src/zed-ros2-wrapper/zed-ros2-interfaces -DCMAKE_BUILD_TYPE=Release -DAMENT_CMAKE_SYMLINK_INSTALL=1 -DCMAKE_INSTALL_PREFIX=/home/nvidia/ros2_ws/install/zed_interfaces
[40.235s] Invoking command in '/home/nvidia/ros2_ws/build/zed_interfaces': CMAKE_PREFIX_PATH=${CMAKE_PREFIX_PATH}:/home/nvidia/rosbag_ws/install/ros2bag:/home/nvidia/microros_ws/install/sensor_msgs_py:/home/nvidia/ros2_ws/install/obj_det_visualizer:/home/nvidia/ros2_ws/install/ros2bag:/home/nvidia/ros2_ws/install/sim2real:/home/nvidia/ros2_ws/install/opencv_tests:/opt/ros/foxy /usr/bin/cmake --build /home/nvidia/ros2_ws/build/zed_interfaces -- -j6 -l6
[60.431s] [35m[1mScanning dependencies of target zed_interfaces__cpp[0m
[60.434s] [  0%] [34m[1mGenerating C code for ROS interfaces[0m
[60.435s] [  0%] [34m[1mGenerating C++ code for ROS interfaces[0m
[72.610s] [35m[1mScanning dependencies of target zed_interfaces__rosidl_generator_c[0m
[72.903s] [  0%] Built target zed_interfaces__cpp
[73.095s] [  1%] [32mBuilding C object CMakeFiles/zed_interfaces__rosidl_generator_c.dir/rosidl_generator_c/zed_interfaces/msg/detail/object__functions.c.o[0m
[74.293s] [  1%] [32mBuilding C object CMakeFiles/zed_interfaces__rosidl_generator_c.dir/rosidl_generator_c/zed_interfaces/msg/detail/objects_stamped__functions.c.o[0m
[75.238s] [  2%] [32mBuilding C object CMakeFiles/zed_interfaces__rosidl_generator_c.dir/rosidl_generator_c/zed_interfaces/msg/detail/keypoint2_di__functions.c.o[0m
[76.066s] [  2%] [32mBuilding C object CMakeFiles/zed_interfaces__rosidl_generator_c.dir/rosidl_generator_c/zed_interfaces/msg/detail/keypoint2_df__functions.c.o[0m
[76.981s] [  3%] [32mBuilding C object CMakeFiles/zed_interfaces__rosidl_generator_c.dir/rosidl_generator_c/zed_interfaces/msg/detail/keypoint3_d__functions.c.o[0m
[77.737s] [  3%] [32mBuilding C object CMakeFiles/zed_interfaces__rosidl_generator_c.dir/rosidl_generator_c/zed_interfaces/msg/detail/bounding_box2_di__functions.c.o[0m
[78.670s] [  4%] [32mBuilding C object CMakeFiles/zed_interfaces__rosidl_generator_c.dir/rosidl_generator_c/zed_interfaces/msg/detail/bounding_box2_df__functions.c.o[0m
[79.554s] [  4%] [32mBuilding C object CMakeFiles/zed_interfaces__rosidl_generator_c.dir/rosidl_generator_c/zed_interfaces/msg/detail/bounding_box3_d__functions.c.o[0m
[80.429s] [  5%] [32mBuilding C object CMakeFiles/zed_interfaces__rosidl_generator_c.dir/rosidl_generator_c/zed_interfaces/msg/detail/skeleton2_d__functions.c.o[0m
[81.314s] [  5%] [32mBuilding C object CMakeFiles/zed_interfaces__rosidl_generator_c.dir/rosidl_generator_c/zed_interfaces/msg/detail/skeleton3_d__functions.c.o[0m
[82.256s] [  6%] [32mBuilding C object CMakeFiles/zed_interfaces__rosidl_generator_c.dir/rosidl_generator_c/zed_interfaces/msg/detail/depth_info_stamped__functions.c.o[0m
[83.080s] [  6%] [32mBuilding C object CMakeFiles/zed_interfaces__rosidl_generator_c.dir/rosidl_generator_c/zed_interfaces/msg/detail/plane_stamped__functions.c.o[0m
[84.010s] [  7%] [32mBuilding C object CMakeFiles/zed_interfaces__rosidl_generator_c.dir/rosidl_generator_c/zed_interfaces/msg/detail/pos_track_status__functions.c.o[0m
[84.771s] [  7%] [32mBuilding C object CMakeFiles/zed_interfaces__rosidl_generator_c.dir/rosidl_generator_c/zed_interfaces/msg/detail/heartbeat__functions.c.o[0m
[85.583s] [  8%] [32mBuilding C object CMakeFiles/zed_interfaces__rosidl_generator_c.dir/rosidl_generator_c/zed_interfaces/srv/detail/set_pose__functions.c.o[0m
[86.922s] [  8%] [32mBuilding C object CMakeFiles/zed_interfaces__rosidl_generator_c.dir/rosidl_generator_c/zed_interfaces/srv/detail/start_svo_rec__functions.c.o[0m
[88.127s] [  9%] [32mBuilding C object CMakeFiles/zed_interfaces__rosidl_generator_c.dir/rosidl_generator_c/zed_interfaces/srv/detail/set_roi__functions.c.o[0m
[89.286s] [  9%] [32m[1mLinking C shared library libzed_interfaces__rosidl_generator_c.so[0m
[90.140s] [  9%] Built target zed_interfaces__rosidl_generator_c
[90.291s] [  9%] [34m[1mGenerating C++ type support for eProsima Fast-RTPS[0m
[101.753s] [35m[1mScanning dependencies of target zed_interfaces__rosidl_typesupport_fastrtps_cpp[0m
[102.120s] [ 10%] [32mBuilding CXX object CMakeFiles/zed_interfaces__rosidl_typesupport_fastrtps_cpp.dir/rosidl_typesupport_fastrtps_cpp/zed_interfaces/msg/detail/dds_fastrtps/object__type_support.cpp.o[0m
[105.784s] [ 10%] [32mBuilding CXX object CMakeFiles/zed_interfaces__rosidl_typesupport_fastrtps_cpp.dir/rosidl_typesupport_fastrtps_cpp/zed_interfaces/msg/detail/dds_fastrtps/objects_stamped__type_support.cpp.o[0m
[110.052s] [ 11%] [32mBuilding CXX object CMakeFiles/zed_interfaces__rosidl_typesupport_fastrtps_cpp.dir/rosidl_typesupport_fastrtps_cpp/zed_interfaces/msg/detail/dds_fastrtps/keypoint2_di__type_support.cpp.o[0m
[113.051s] [ 11%] [32mBuilding CXX object CMakeFiles/zed_interfaces__rosidl_typesupport_fastrtps_cpp.dir/rosidl_typesupport_fastrtps_cpp/zed_interfaces/msg/detail/dds_fastrtps/keypoint2_df__type_support.cpp.o[0m
[116.194s] [ 12%] [32mBuilding CXX object CMakeFiles/zed_interfaces__rosidl_typesupport_fastrtps_cpp.dir/rosidl_typesupport_fastrtps_cpp/zed_interfaces/msg/detail/dds_fastrtps/keypoint3_d__type_support.cpp.o[0m
[119.181s] [ 12%] [32mBuilding CXX object CMakeFiles/zed_interfaces__rosidl_typesupport_fastrtps_cpp.dir/rosidl_typesupport_fastrtps_cpp/zed_interfaces/msg/detail/dds_fastrtps/bounding_box2_di__type_support.cpp.o[0m
[122.228s] [ 13%] [32mBuilding CXX object CMakeFiles/zed_interfaces__rosidl_typesupport_fastrtps_cpp.dir/rosidl_typesupport_fastrtps_cpp/zed_interfaces/msg/detail/dds_fastrtps/bounding_box2_df__type_support.cpp.o[0m
[125.500s] [ 13%] [32mBuilding CXX object CMakeFiles/zed_interfaces__rosidl_typesupport_fastrtps_cpp.dir/rosidl_typesupport_fastrtps_cpp/zed_interfaces/msg/detail/dds_fastrtps/bounding_box3_d__type_support.cpp.o[0m
[128.788s] [ 14%] [32mBuilding CXX object CMakeFiles/zed_interfaces__rosidl_typesupport_fastrtps_cpp.dir/rosidl_typesupport_fastrtps_cpp/zed_interfaces/msg/detail/dds_fastrtps/skeleton2_d__type_support.cpp.o[0m
[131.894s] [ 14%] [32mBuilding CXX object CMakeFiles/zed_interfaces__rosidl_typesupport_fastrtps_cpp.dir/rosidl_typesupport_fastrtps_cpp/zed_interfaces/msg/detail/dds_fastrtps/skeleton3_d__type_support.cpp.o[0m
[135.119s] [ 15%] [32mBuilding CXX object CMakeFiles/zed_interfaces__rosidl_typesupport_fastrtps_cpp.dir/rosidl_typesupport_fastrtps_cpp/zed_interfaces/msg/detail/dds_fastrtps/depth_info_stamped__type_support.cpp.o[0m
[138.103s] [ 15%] [32mBuilding CXX object CMakeFiles/zed_interfaces__rosidl_typesupport_fastrtps_cpp.dir/rosidl_typesupport_fastrtps_cpp/zed_interfaces/msg/detail/dds_fastrtps/plane_stamped__type_support.cpp.o[0m
[141.242s] [ 16%] [32mBuilding CXX object CMakeFiles/zed_interfaces__rosidl_typesupport_fastrtps_cpp.dir/rosidl_typesupport_fastrtps_cpp/zed_interfaces/msg/detail/dds_fastrtps/pos_track_status__type_support.cpp.o[0m
[144.239s] [ 16%] [32mBuilding CXX object CMakeFiles/zed_interfaces__rosidl_typesupport_fastrtps_cpp.dir/rosidl_typesupport_fastrtps_cpp/zed_interfaces/msg/detail/dds_fastrtps/heartbeat__type_support.cpp.o[0m
[147.456s] [ 17%] [32mBuilding CXX object CMakeFiles/zed_interfaces__rosidl_typesupport_fastrtps_cpp.dir/rosidl_typesupport_fastrtps_cpp/zed_interfaces/srv/detail/dds_fastrtps/set_pose__type_support.cpp.o[0m
[150.608s] [ 17%] [32mBuilding CXX object CMakeFiles/zed_interfaces__rosidl_typesupport_fastrtps_cpp.dir/rosidl_typesupport_fastrtps_cpp/zed_interfaces/srv/detail/dds_fastrtps/start_svo_rec__type_support.cpp.o[0m
[153.893s] [ 18%] [32mBuilding CXX object CMakeFiles/zed_interfaces__rosidl_typesupport_fastrtps_cpp.dir/rosidl_typesupport_fastrtps_cpp/zed_interfaces/srv/detail/dds_fastrtps/set_roi__type_support.cpp.o[0m
[157.705s] [ 18%] [32m[1mLinking CXX shared library libzed_interfaces__rosidl_typesupport_fastrtps_cpp.so[0m
[158.476s] [ 18%] Built target zed_interfaces__rosidl_typesupport_fastrtps_cpp
[158.760s] [ 19%] [34m[1mGenerating C type support for eProsima Micro XRCE-DDS[0m
[169.953s] [35m[1mScanning dependencies of target zed_interfaces__rosidl_typesupport_microxrcedds_c[0m
[170.353s] [ 19%] [32mBuilding C object CMakeFiles/zed_interfaces__rosidl_typesupport_microxrcedds_c.dir/rosidl_typesupport_microxrcedds_c/zed_interfaces/msg/detail/microxrcedds/object__type_support_c.c.o[0m
[171.207s] [ 20%] [32mBuilding C object CMakeFiles/zed_interfaces__rosidl_typesupport_microxrcedds_c.dir/rosidl_typesupport_microxrcedds_c/zed_interfaces/msg/detail/microxrcedds/objects_stamped__type_support_c.c.o[0m
[171.965s] [ 20%] [32mBuilding C object CMakeFiles/zed_interfaces__rosidl_typesupport_microxrcedds_c.dir/rosidl_typesupport_microxrcedds_c/zed_interfaces/msg/detail/microxrcedds/keypoint2_di__type_support_c.c.o[0m
[172.518s] [ 21%] [32mBuilding C object CMakeFiles/zed_interfaces__rosidl_typesupport_microxrcedds_c.dir/rosidl_typesupport_microxrcedds_c/zed_interfaces/msg/detail/microxrcedds/keypoint2_df__type_support_c.c.o[0m
[173.101s] [ 21%] [32mBuilding C object CMakeFiles/zed_interfaces__rosidl_typesupport_microxrcedds_c.dir/rosidl_typesupport_microxrcedds_c/zed_interfaces/msg/detail/microxrcedds/keypoint3_d__type_support_c.c.o[0m
[173.698s] [ 22%] [32mBuilding C object CMakeFiles/zed_interfaces__rosidl_typesupport_microxrcedds_c.dir/rosidl_typesupport_microxrcedds_c/zed_interfaces/msg/detail/microxrcedds/bounding_box2_di__type_support_c.c.o[0m
[174.422s] [ 22%] [32mBuilding C object CMakeFiles/zed_interfaces__rosidl_typesupport_microxrcedds_c.dir/rosidl_typesupport_microxrcedds_c/zed_interfaces/msg/detail/microxrcedds/bounding_box2_df__type_support_c.c.o[0m
[175.166s] [ 23%] [32mBuilding C object CMakeFiles/zed_interfaces__rosidl_typesupport_microxrcedds_c.dir/rosidl_typesupport_microxrcedds_c/zed_interfaces/msg/detail/microxrcedds/bounding_box3_d__type_support_c.c.o[0m
[175.893s] [ 23%] [32mBuilding C object CMakeFiles/zed_interfaces__rosidl_typesupport_microxrcedds_c.dir/rosidl_typesupport_microxrcedds_c/zed_interfaces/msg/detail/microxrcedds/skeleton2_d__type_support_c.c.o[0m
[176.504s] [ 24%] [32mBuilding C object CMakeFiles/zed_interfaces__rosidl_typesupport_microxrcedds_c.dir/rosidl_typesupport_microxrcedds_c/zed_interfaces/msg/detail/microxrcedds/skeleton3_d__type_support_c.c.o[0m
[177.296s] [ 24%] [32mBuilding C object CMakeFiles/zed_interfaces__rosidl_typesupport_microxrcedds_c.dir/rosidl_typesupport_microxrcedds_c/zed_interfaces/msg/detail/microxrcedds/depth_info_stamped__type_support_c.c.o[0m
[177.882s] [ 25%] [32mBuilding C object CMakeFiles/zed_interfaces__rosidl_typesupport_microxrcedds_c.dir/rosidl_typesupport_microxrcedds_c/zed_interfaces/msg/detail/microxrcedds/plane_stamped__type_support_c.c.o[0m
[178.678s] [ 25%] [32mBuilding C object CMakeFiles/zed_interfaces__rosidl_typesupport_microxrcedds_c.dir/rosidl_typesupport_microxrcedds_c/zed_interfaces/msg/detail/microxrcedds/pos_track_status__type_support_c.c.o[0m
[179.231s] [ 26%] [32mBuilding C object CMakeFiles/zed_interfaces__rosidl_typesupport_microxrcedds_c.dir/rosidl_typesupport_microxrcedds_c/zed_interfaces/msg/detail/microxrcedds/heartbeat__type_support_c.c.o[0m
[179.955s] [ 26%] [32mBuilding C object CMakeFiles/zed_interfaces__rosidl_typesupport_microxrcedds_c.dir/rosidl_typesupport_microxrcedds_c/zed_interfaces/srv/detail/microxrcedds/set_pose__type_support_c.c.o[0m
[180.667s] [ 27%] [32mBuilding C object CMakeFiles/zed_interfaces__rosidl_typesupport_microxrcedds_c.dir/rosidl_typesupport_microxrcedds_c/zed_interfaces/srv/detail/microxrcedds/start_svo_rec__type_support_c.c.o[0m
[181.432s] [ 27%] [32mBuilding C object CMakeFiles/zed_interfaces__rosidl_typesupport_microxrcedds_c.dir/rosidl_typesupport_microxrcedds_c/zed_interfaces/srv/detail/microxrcedds/set_roi__type_support_c.c.o[0m
[182.288s] [ 28%] [32m[1mLinking C shared library libzed_interfaces__rosidl_typesupport_microxrcedds_c.so[0m
[182.762s] [ 28%] Built target zed_interfaces__rosidl_typesupport_microxrcedds_c
[183.059s] [ 29%] [34m[1mGenerating C introspection for ROS interfaces[0m
[194.542s] [35m[1mScanning dependencies of target zed_interfaces__rosidl_typesupport_introspection_c[0m
[194.970s] [ 29%] [32mBuilding C object CMakeFiles/zed_interfaces__rosidl_typesupport_introspection_c.dir/rosidl_typesupport_introspection_c/zed_interfaces/msg/detail/object__type_support.c.o[0m
[195.542s] [ 30%] [32mBuilding C object CMakeFiles/zed_interfaces__rosidl_typesupport_introspection_c.dir/rosidl_typesupport_introspection_c/zed_interfaces/msg/detail/objects_stamped__type_support.c.o[0m
[196.038s] [ 30%] [32mBuilding C object CMakeFiles/zed_interfaces__rosidl_typesupport_introspection_c.dir/rosidl_typesupport_introspection_c/zed_interfaces/msg/detail/keypoint2_di__type_support.c.o[0m
[196.566s] [ 31%] [32mBuilding C object CMakeFiles/zed_interfaces__rosidl_typesupport_introspection_c.dir/rosidl_typesupport_introspection_c/zed_interfaces/msg/detail/keypoint2_df__type_support.c.o[0m
[197.262s] [ 31%] [32mBuilding C object CMakeFiles/zed_interfaces__rosidl_typesupport_introspection_c.dir/rosidl_typesupport_introspection_c/zed_interfaces/msg/detail/keypoint3_d__type_support.c.o[0m
[197.793s] [ 32%] [32mBuilding C object CMakeFiles/zed_interfaces__rosidl_typesupport_introspection_c.dir/rosidl_typesupport_introspection_c/zed_interfaces/msg/detail/bounding_box2_di__type_support.c.o[0m
[198.334s] [ 32%] [32mBuilding C object CMakeFiles/zed_interfaces__rosidl_typesupport_introspection_c.dir/rosidl_typesupport_introspection_c/zed_interfaces/msg/detail/bounding_box2_df__type_support.c.o[0m
[198.808s] [ 33%] [32mBuilding C object CMakeFiles/zed_interfaces__rosidl_typesupport_introspection_c.dir/rosidl_typesupport_introspection_c/zed_interfaces/msg/detail/bounding_box3_d__type_support.c.o[0m
[199.336s] [ 33%] [32mBuilding C object CMakeFiles/zed_interfaces__rosidl_typesupport_introspection_c.dir/rosidl_typesupport_introspection_c/zed_interfaces/msg/detail/skeleton2_d__type_support.c.o[0m
[199.779s] [ 34%] [32mBuilding C object CMakeFiles/zed_interfaces__rosidl_typesupport_introspection_c.dir/rosidl_typesupport_introspection_c/zed_interfaces/msg/detail/skeleton3_d__type_support.c.o[0m
[200.256s] [ 34%] [32mBuilding C object CMakeFiles/zed_interfaces__rosidl_typesupport_introspection_c.dir/rosidl_typesupport_introspection_c/zed_interfaces/msg/detail/depth_info_stamped__type_support.c.o[0m
[200.829s] [ 35%] [32mBuilding C object CMakeFiles/zed_interfaces__rosidl_typesupport_introspection_c.dir/rosidl_typesupport_introspection_c/zed_interfaces/msg/detail/plane_stamped__type_support.c.o[0m
[201.382s] [ 35%] [32mBuilding C object CMakeFiles/zed_interfaces__rosidl_typesupport_introspection_c.dir/rosidl_typesupport_introspection_c/zed_interfaces/msg/detail/pos_track_status__type_support.c.o[0m
[201.936s] [ 36%] [32mBuilding C object CMakeFiles/zed_interfaces__rosidl_typesupport_introspection_c.dir/rosidl_typesupport_introspection_c/zed_interfaces/msg/detail/heartbeat__type_support.c.o[0m
[202.496s] [ 36%] [32mBuilding C object CMakeFiles/zed_interfaces__rosidl_typesupport_introspection_c.dir/rosidl_typesupport_introspection_c/zed_interfaces/srv/detail/set_pose__type_support.c.o[0m
[203.107s] [ 37%] [32mBuilding C object CMakeFiles/zed_interfaces__rosidl_typesupport_introspection_c.dir/rosidl_typesupport_introspection_c/zed_interfaces/srv/detail/start_svo_rec__type_support.c.o[0m
[203.705s] [ 37%] [32mBuilding C object CMakeFiles/zed_interfaces__rosidl_typesupport_introspection_c.dir/rosidl_typesupport_introspection_c/zed_interfaces/srv/detail/set_roi__type_support.c.o[0m
[204.327s] [ 38%] [32m[1mLinking C shared library libzed_interfaces__rosidl_typesupport_introspection_c.so[0m
[204.814s] [ 38%] Built target zed_interfaces__rosidl_typesupport_introspection_c
[205.102s] [ 39%] [34m[1mGenerating C type support for eProsima Fast-RTPS[0m
[217.148s] [35m[1mScanning dependencies of target zed_interfaces__rosidl_typesupport_fastrtps_c[0m
[217.668s] [ 39%] [32mBuilding CXX object CMakeFiles/zed_interfaces__rosidl_typesupport_fastrtps_c.dir/rosidl_typesupport_fastrtps_c/zed_interfaces/msg/detail/object__type_support_c.cpp.o[0m
[220.640s] [ 40%] [32mBuilding CXX object CMakeFiles/zed_interfaces__rosidl_typesupport_fastrtps_c.dir/rosidl_typesupport_fastrtps_c/zed_interfaces/msg/detail/objects_stamped__type_support_c.cpp.o[0m
[223.278s] [ 40%] [32mBuilding CXX object CMakeFiles/zed_interfaces__rosidl_typesupport_fastrtps_c.dir/rosidl_typesupport_fastrtps_c/zed_interfaces/msg/detail/keypoint2_di__type_support_c.cpp.o[0m
[225.940s] [ 41%] [32mBuilding CXX object CMakeFiles/zed_interfaces__rosidl_typesupport_fastrtps_c.dir/rosidl_typesupport_fastrtps_c/zed_interfaces/msg/detail/keypoint2_df__type_support_c.cpp.o[0m
[228.407s] [ 41%] [32mBuilding CXX object CMakeFiles/zed_interfaces__rosidl_typesupport_fastrtps_c.dir/rosidl_typesupport_fastrtps_c/zed_interfaces/msg/detail/keypoint3_d__type_support_c.cpp.o[0m
[230.936s] [ 42%] [32mBuilding CXX object CMakeFiles/zed_interfaces__rosidl_typesupport_fastrtps_c.dir/rosidl_typesupport_fastrtps_c/zed_interfaces/msg/detail/bounding_box2_di__type_support_c.cpp.o[0m
[233.422s] [ 42%] [32mBuilding CXX object CMakeFiles/zed_interfaces__rosidl_typesupport_fastrtps_c.dir/rosidl_typesupport_fastrtps_c/zed_interfaces/msg/detail/bounding_box2_df__type_support_c.cpp.o[0m
[236.203s] [ 43%] [32mBuilding CXX object CMakeFiles/zed_interfaces__rosidl_typesupport_fastrtps_c.dir/rosidl_typesupport_fastrtps_c/zed_interfaces/msg/detail/bounding_box3_d__type_support_c.cpp.o[0m
[238.934s] [ 43%] [32mBuilding CXX object CMakeFiles/zed_interfaces__rosidl_typesupport_fastrtps_c.dir/rosidl_typesupport_fastrtps_c/zed_interfaces/msg/detail/skeleton2_d__type_support_c.cpp.o[0m
[242.022s] [ 44%] [32mBuilding CXX object CMakeFiles/zed_interfaces__rosidl_typesupport_fastrtps_c.dir/rosidl_typesupport_fastrtps_c/zed_interfaces/msg/detail/skeleton3_d__type_support_c.cpp.o[0m
[244.797s] [ 44%] [32mBuilding CXX object CMakeFiles/zed_interfaces__rosidl_typesupport_fastrtps_c.dir/rosidl_typesupport_fastrtps_c/zed_interfaces/msg/detail/depth_info_stamped__type_support_c.cpp.o[0m
[247.410s] [ 45%] [32mBuilding CXX object CMakeFiles/zed_interfaces__rosidl_typesupport_fastrtps_c.dir/rosidl_typesupport_fastrtps_c/zed_interfaces/msg/detail/plane_stamped__type_support_c.cpp.o[0m
[250.152s] [ 45%] [32mBuilding CXX object CMakeFiles/zed_interfaces__rosidl_typesupport_fastrtps_c.dir/rosidl_typesupport_fastrtps_c/zed_interfaces/msg/detail/pos_track_status__type_support_c.cpp.o[0m
[252.854s] [ 46%] [32mBuilding CXX object CMakeFiles/zed_interfaces__rosidl_typesupport_fastrtps_c.dir/rosidl_typesupport_fastrtps_c/zed_interfaces/msg/detail/heartbeat__type_support_c.cpp.o[0m
[255.883s] [ 46%] [32mBuilding CXX object CMakeFiles/zed_interfaces__rosidl_typesupport_fastrtps_c.dir/rosidl_typesupport_fastrtps_c/zed_interfaces/srv/detail/set_pose__type_support_c.cpp.o[0m
[258.735s] [ 47%] [32mBuilding CXX object CMakeFiles/zed_interfaces__rosidl_typesupport_fastrtps_c.dir/rosidl_typesupport_fastrtps_c/zed_interfaces/srv/detail/start_svo_rec__type_support_c.cpp.o[0m
[261.796s] [ 47%] [32mBuilding CXX object CMakeFiles/zed_interfaces__rosidl_typesupport_fastrtps_c.dir/rosidl_typesupport_fastrtps_c/zed_interfaces/srv/detail/set_roi__type_support_c.cpp.o[0m
[264.949s] [ 48%] [32m[1mLinking CXX shared library libzed_interfaces__rosidl_typesupport_fastrtps_c.so[0m
[265.612s] [ 48%] Built target zed_interfaces__rosidl_typesupport_fastrtps_c
[265.838s] [ 49%] [34m[1mGenerating C type support dispatch for ROS interfaces[0m
[274.440s] [35m[1mScanning dependencies of target zed_interfaces__rosidl_typesupport_c[0m
[274.825s] [ 49%] [32mBuilding CXX object CMakeFiles/zed_interfaces__rosidl_typesupport_c.dir/rosidl_typesupport_c/zed_interfaces/msg/object__type_support.cpp.o[0m
[275.509s] [ 49%] [32mBuilding CXX object CMakeFiles/zed_interfaces__rosidl_typesupport_c.dir/rosidl_typesupport_c/zed_interfaces/msg/keypoint2_di__type_support.cpp.o[0m
[275.966s] [ 50%] [32mBuilding CXX object CMakeFiles/zed_interfaces__rosidl_typesupport_c.dir/rosidl_typesupport_c/zed_interfaces/msg/keypoint2_df__type_support.cpp.o[0m
[276.543s] [ 50%] [32mBuilding CXX object CMakeFiles/zed_interfaces__rosidl_typesupport_c.dir/rosidl_typesupport_c/zed_interfaces/msg/keypoint3_d__type_support.cpp.o[0m
[276.928s] [ 51%] [32mBuilding CXX object CMakeFiles/zed_interfaces__rosidl_typesupport_c.dir/rosidl_typesupport_c/zed_interfaces/msg/bounding_box2_di__type_support.cpp.o[0m
[278.343s] [ 51%] [32mBuilding CXX object CMakeFiles/zed_interfaces__rosidl_typesupport_c.dir/rosidl_typesupport_c/zed_interfaces/msg/bounding_box2_df__type_support.cpp.o[0m
[278.787s] [ 52%] [32mBuilding CXX object CMakeFiles/zed_interfaces__rosidl_typesupport_c.dir/rosidl_typesupport_c/zed_interfaces/msg/bounding_box3_d__type_support.cpp.o[0m
[279.216s] [ 52%] [32mBuilding CXX object CMakeFiles/zed_interfaces__rosidl_typesupport_c.dir/rosidl_typesupport_c/zed_interfaces/msg/skeleton2_d__type_support.cpp.o[0m
[279.664s] [ 53%] [32mBuilding CXX object CMakeFiles/zed_interfaces__rosidl_typesupport_c.dir/rosidl_typesupport_c/zed_interfaces/msg/skeleton3_d__type_support.cpp.o[0m
[280.105s] [ 53%] [32mBuilding CXX object CMakeFiles/zed_interfaces__rosidl_typesupport_c.dir/rosidl_typesupport_c/zed_interfaces/msg/depth_info_stamped__type_support.cpp.o[0m
[280.527s] [ 54%] [32mBuilding CXX object CMakeFiles/zed_interfaces__rosidl_typesupport_c.dir/rosidl_typesupport_c/zed_interfaces/msg/plane_stamped__type_support.cpp.o[0m
[281.074s] [ 54%] [32mBuilding CXX object CMakeFiles/zed_interfaces__rosidl_typesupport_c.dir/rosidl_typesupport_c/zed_interfaces/msg/pos_track_status__type_support.cpp.o[0m
[281.520s] [ 55%] [32mBuilding CXX object CMakeFiles/zed_interfaces__rosidl_typesupport_c.dir/rosidl_typesupport_c/zed_interfaces/msg/heartbeat__type_support.cpp.o[0m
[281.955s] [ 55%] [32mBuilding CXX object CMakeFiles/zed_interfaces__rosidl_typesupport_c.dir/rosidl_typesupport_c/zed_interfaces/srv/set_pose__type_support.cpp.o[0m
[282.440s] [ 56%] [32mBuilding CXX object CMakeFiles/zed_interfaces__rosidl_typesupport_c.dir/rosidl_typesupport_c/zed_interfaces/srv/start_svo_rec__type_support.cpp.o[0m
[282.888s] [ 56%] [32mBuilding CXX object CMakeFiles/zed_interfaces__rosidl_typesupport_c.dir/rosidl_typesupport_c/zed_interfaces/srv/set_roi__type_support.cpp.o[0m
[283.361s] [ 57%] [32mBuilding CXX object CMakeFiles/zed_interfaces__rosidl_typesupport_c.dir/rosidl_typesupport_c/zed_interfaces/msg/objects_stamped__type_support.cpp.o[0m
[283.743s] [ 58%] [32m[1mLinking CXX shared library libzed_interfaces__rosidl_typesupport_c.so[0m
[284.235s] [ 58%] Built target zed_interfaces__rosidl_typesupport_c
[284.411s] [ 58%] [34m[1mGenerating C++ introspection for ROS interfaces[0m
[295.076s] [35m[1mScanning dependencies of target zed_interfaces__rosidl_typesupport_introspection_cpp[0m
[295.342s] [ 59%] [32mBuilding CXX object CMakeFiles/zed_interfaces__rosidl_typesupport_introspection_cpp.dir/rosidl_typesupport_introspection_cpp/zed_interfaces/msg/detail/object__type_support.cpp.o[0m
[297.958s] [ 59%] [32mBuilding CXX object CMakeFiles/zed_interfaces__rosidl_typesupport_introspection_cpp.dir/rosidl_typesupport_introspection_cpp/zed_interfaces/msg/detail/keypoint2_df__type_support.cpp.o[0m
[300.016s] [ 60%] [32mBuilding CXX object CMakeFiles/zed_interfaces__rosidl_typesupport_introspection_cpp.dir/rosidl_typesupport_introspection_cpp/zed_interfaces/msg/detail/keypoint3_d__type_support.cpp.o[0m
[301.948s] [ 60%] [32mBuilding CXX object CMakeFiles/zed_interfaces__rosidl_typesupport_introspection_cpp.dir/rosidl_typesupport_introspection_cpp/zed_interfaces/msg/detail/bounding_box2_di__type_support.cpp.o[0m
[304.056s] [ 61%] [32mBuilding CXX object CMakeFiles/zed_interfaces__rosidl_typesupport_introspection_cpp.dir/rosidl_typesupport_introspection_cpp/zed_interfaces/msg/detail/bounding_box2_df__type_support.cpp.o[0m
[306.129s] [ 61%] [32mBuilding CXX object CMakeFiles/zed_interfaces__rosidl_typesupport_introspection_cpp.dir/rosidl_typesupport_introspection_cpp/zed_interfaces/msg/detail/bounding_box3_d__type_support.cpp.o[0m
[308.464s] [ 62%] [32mBuilding CXX object CMakeFiles/zed_interfaces__rosidl_typesupport_introspection_cpp.dir/rosidl_typesupport_introspection_cpp/zed_interfaces/msg/detail/skeleton2_d__type_support.cpp.o[0m
[310.705s] [ 62%] [32mBuilding CXX object CMakeFiles/zed_interfaces__rosidl_typesupport_introspection_cpp.dir/rosidl_typesupport_introspection_cpp/zed_interfaces/msg/detail/skeleton3_d__type_support.cpp.o[0m
[312.911s] [ 63%] [32mBuilding CXX object CMakeFiles/zed_interfaces__rosidl_typesupport_introspection_cpp.dir/rosidl_typesupport_introspection_cpp/zed_interfaces/msg/detail/depth_info_stamped__type_support.cpp.o[0m
[315.068s] [ 63%] [32mBuilding CXX object CMakeFiles/zed_interfaces__rosidl_typesupport_introspection_cpp.dir/rosidl_typesupport_introspection_cpp/zed_interfaces/msg/detail/plane_stamped__type_support.cpp.o[0m
[317.536s] [ 64%] [32mBuilding CXX object CMakeFiles/zed_interfaces__rosidl_typesupport_introspection_cpp.dir/rosidl_typesupport_introspection_cpp/zed_interfaces/msg/detail/pos_track_status__type_support.cpp.o[0m
[319.434s] [ 64%] [32mBuilding CXX object CMakeFiles/zed_interfaces__rosidl_typesupport_introspection_cpp.dir/rosidl_typesupport_introspection_cpp/zed_interfaces/msg/detail/heartbeat__type_support.cpp.o[0m
[321.489s] [ 65%] [32mBuilding CXX object CMakeFiles/zed_interfaces__rosidl_typesupport_introspection_cpp.dir/rosidl_typesupport_introspection_cpp/zed_interfaces/srv/detail/set_pose__type_support.cpp.o[0m
[323.576s] [ 65%] [32mBuilding CXX object CMakeFiles/zed_interfaces__rosidl_typesupport_introspection_cpp.dir/rosidl_typesupport_introspection_cpp/zed_interfaces/srv/detail/start_svo_rec__type_support.cpp.o[0m
[325.622s] [ 66%] [32mBuilding CXX object CMakeFiles/zed_interfaces__rosidl_typesupport_introspection_cpp.dir/rosidl_typesupport_introspection_cpp/zed_interfaces/srv/detail/set_roi__type_support.cpp.o[0m
[325.625s] [ 67%] [32mBuilding CXX object CMakeFiles/zed_interfaces__rosidl_typesupport_introspection_cpp.dir/rosidl_typesupport_introspection_cpp/zed_interfaces/msg/detail/keypoint2_di__type_support.cpp.o[0m
[327.748s] [ 67%] [32mBuilding CXX object CMakeFiles/zed_interfaces__rosidl_typesupport_introspection_cpp.dir/rosidl_typesupport_introspection_cpp/zed_interfaces/msg/detail/objects_stamped__type_support.cpp.o[0m
[331.321s] [ 67%] [32m[1mLinking CXX shared library libzed_interfaces__rosidl_typesupport_introspection_cpp.so[0m
[331.956s] [ 67%] Built target zed_interfaces__rosidl_typesupport_introspection_cpp
[332.194s] [ 67%] [34m[1mGenerating C++ type support dispatch for ROS interfaces[0m
[339.376s] [35m[1mScanning dependencies of target zed_interfaces__rosidl_typesupport_cpp[0m
[339.698s] [ 68%] [32mBuilding CXX object CMakeFiles/zed_interfaces__rosidl_typesupport_cpp.dir/rosidl_typesupport_cpp/zed_interfaces/msg/object__type_support.cpp.o[0m
[339.819s] [ 68%] [32mBuilding CXX object CMakeFiles/zed_interfaces__rosidl_typesupport_cpp.dir/rosidl_typesupport_cpp/zed_interfaces/msg/objects_stamped__type_support.cpp.o[0m
[341.987s] [ 69%] [32mBuilding CXX object CMakeFiles/zed_interfaces__rosidl_typesupport_cpp.dir/rosidl_typesupport_cpp/zed_interfaces/msg/keypoint3_d__type_support.cpp.o[0m
[342.025s] [ 69%] [32mBuilding CXX object CMakeFiles/zed_interfaces__rosidl_typesupport_cpp.dir/rosidl_typesupport_cpp/zed_interfaces/msg/keypoint2_df__type_support.cpp.o[0m
[342.044s] [ 69%] [32mBuilding CXX object CMakeFiles/zed_interfaces__rosidl_typesupport_cpp.dir/rosidl_typesupport_cpp/zed_interfaces/msg/bounding_box2_di__type_support.cpp.o[0m
[344.280s] [ 70%] [32mBuilding CXX object CMakeFiles/zed_interfaces__rosidl_typesupport_cpp.dir/rosidl_typesupport_cpp/zed_interfaces/msg/skeleton2_d__type_support.cpp.o[0m
[346.203s] [ 70%] [32mBuilding CXX object CMakeFiles/zed_interfaces__rosidl_typesupport_cpp.dir/rosidl_typesupport_cpp/zed_interfaces/msg/skeleton3_d__type_support.cpp.o[0m
[348.246s] [ 71%] [32mBuilding CXX object CMakeFiles/zed_interfaces__rosidl_typesupport_cpp.dir/rosidl_typesupport_cpp/zed_interfaces/msg/depth_info_stamped__type_support.cpp.o[0m
[350.344s] [ 71%] [32mBuilding CXX object CMakeFiles/zed_interfaces__rosidl_typesupport_cpp.dir/rosidl_typesupport_cpp/zed_interfaces/msg/plane_stamped__type_support.cpp.o[0m
[352.347s] [ 72%] [32mBuilding CXX object CMakeFiles/zed_interfaces__rosidl_typesupport_cpp.dir/rosidl_typesupport_cpp/zed_interfaces/msg/pos_track_status__type_support.cpp.o[0m
[354.372s] [ 72%] [32mBuilding CXX object CMakeFiles/zed_interfaces__rosidl_typesupport_cpp.dir/rosidl_typesupport_cpp/zed_interfaces/msg/heartbeat__type_support.cpp.o[0m
[356.367s] [ 73%] [32mBuilding CXX object CMakeFiles/zed_interfaces__rosidl_typesupport_cpp.dir/rosidl_typesupport_cpp/zed_interfaces/srv/set_pose__type_support.cpp.o[0m
[358.402s] [ 73%] [32mBuilding CXX object CMakeFiles/zed_interfaces__rosidl_typesupport_cpp.dir/rosidl_typesupport_cpp/zed_interfaces/srv/start_svo_rec__type_support.cpp.o[0m
[360.596s] [ 73%] [32mBuilding CXX object CMakeFiles/zed_interfaces__rosidl_typesupport_cpp.dir/rosidl_typesupport_cpp/zed_interfaces/msg/bounding_box3_d__type_support.cpp.o[0m
[360.673s] [ 74%] [32mBuilding CXX object CMakeFiles/zed_interfaces__rosidl_typesupport_cpp.dir/rosidl_typesupport_cpp/zed_interfaces/srv/set_roi__type_support.cpp.o[0m
[364.000s] [ 75%] [32mBuilding CXX object CMakeFiles/zed_interfaces__rosidl_typesupport_cpp.dir/rosidl_typesupport_cpp/zed_interfaces/msg/bounding_box2_df__type_support.cpp.o[0m
[367.490s] [ 76%] [32mBuilding CXX object CMakeFiles/zed_interfaces__rosidl_typesupport_cpp.dir/rosidl_typesupport_cpp/zed_interfaces/msg/keypoint2_di__type_support.cpp.o[0m
[370.920s] [ 76%] [32m[1mLinking CXX shared library libzed_interfaces__rosidl_typesupport_cpp.so[0m
[371.759s] [ 76%] Built target zed_interfaces__rosidl_typesupport_cpp
[372.133s] [ 76%] [34m[1mGenerating C++ type support for eProsima Micro XRCE-DDS[0m
[389.021s] [35m[1mScanning dependencies of target zed_interfaces__rosidl_typesupport_microxrcedds_cpp[0m
[389.618s] [ 77%] [32mBuilding CXX object CMakeFiles/zed_interfaces__rosidl_typesupport_microxrcedds_cpp.dir/rosidl_typesupport_microxrcedds_cpp/zed_interfaces/msg/detail/microxrcedds/object__type_support_cpp.cpp.o[0m
[392.499s] [ 77%] [32mBuilding CXX object CMakeFiles/zed_interfaces__rosidl_typesupport_microxrcedds_cpp.dir/rosidl_typesupport_microxrcedds_cpp/zed_interfaces/msg/detail/microxrcedds/bounding_box2_di__type_support_cpp.cpp.o[0m
[395.037s] [ 78%] [32mBuilding CXX object CMakeFiles/zed_interfaces__rosidl_typesupport_microxrcedds_cpp.dir/rosidl_typesupport_microxrcedds_cpp/zed_interfaces/msg/detail/microxrcedds/bounding_box2_df__type_support_cpp.cpp.o[0m
[397.451s] [ 78%] [32mBuilding CXX object CMakeFiles/zed_interfaces__rosidl_typesupport_microxrcedds_cpp.dir/rosidl_typesupport_microxrcedds_cpp/zed_interfaces/msg/detail/microxrcedds/bounding_box3_d__type_support_cpp.cpp.o[0m
[399.756s] [ 79%] [32mBuilding CXX object CMakeFiles/zed_interfaces__rosidl_typesupport_microxrcedds_cpp.dir/rosidl_typesupport_microxrcedds_cpp/zed_interfaces/msg/detail/microxrcedds/skeleton2_d__type_support_cpp.cpp.o[0m
[401.931s] [ 79%] [32mBuilding CXX object CMakeFiles/zed_interfaces__rosidl_typesupport_microxrcedds_cpp.dir/rosidl_typesupport_microxrcedds_cpp/zed_interfaces/msg/detail/microxrcedds/skeleton3_d__type_support_cpp.cpp.o[0m
[404.075s] [ 80%] [32mBuilding CXX object CMakeFiles/zed_interfaces__rosidl_typesupport_microxrcedds_cpp.dir/rosidl_typesupport_microxrcedds_cpp/zed_interfaces/msg/detail/microxrcedds/depth_info_stamped__type_support_cpp.cpp.o[0m
[406.081s] [ 80%] [32mBuilding CXX object CMakeFiles/zed_interfaces__rosidl_typesupport_microxrcedds_cpp.dir/rosidl_typesupport_microxrcedds_cpp/zed_interfaces/msg/detail/microxrcedds/plane_stamped__type_support_cpp.cpp.o[0m
[408.532s] [ 81%] [32mBuilding CXX object CMakeFiles/zed_interfaces__rosidl_typesupport_microxrcedds_cpp.dir/rosidl_typesupport_microxrcedds_cpp/zed_interfaces/msg/detail/microxrcedds/pos_track_status__type_support_cpp.cpp.o[0m
[410.824s] [ 81%] [32mBuilding CXX object CMakeFiles/zed_interfaces__rosidl_typesupport_microxrcedds_cpp.dir/rosidl_typesupport_microxrcedds_cpp/zed_interfaces/msg/detail/microxrcedds/heartbeat__type_support_cpp.cpp.o[0m
[413.027s] [ 82%] [32mBuilding CXX object CMakeFiles/zed_interfaces__rosidl_typesupport_microxrcedds_cpp.dir/rosidl_typesupport_microxrcedds_cpp/zed_interfaces/srv/detail/microxrcedds/set_pose__type_support_cpp.cpp.o[0m
[415.463s] [ 82%] [32mBuilding CXX object CMakeFiles/zed_interfaces__rosidl_typesupport_microxrcedds_cpp.dir/rosidl_typesupport_microxrcedds_cpp/zed_interfaces/srv/detail/microxrcedds/start_svo_rec__type_support_cpp.cpp.o[0m
[417.675s] [ 83%] [32mBuilding CXX object CMakeFiles/zed_interfaces__rosidl_typesupport_microxrcedds_cpp.dir/rosidl_typesupport_microxrcedds_cpp/zed_interfaces/srv/detail/microxrcedds/set_roi__type_support_cpp.cpp.o[0m
[419.889s] [ 84%] [32mBuilding CXX object CMakeFiles/zed_interfaces__rosidl_typesupport_microxrcedds_cpp.dir/rosidl_typesupport_microxrcedds_cpp/zed_interfaces/msg/detail/microxrcedds/keypoint3_d__type_support_cpp.cpp.o[0m
[421.857s] [ 84%] [32mBuilding CXX object CMakeFiles/zed_interfaces__rosidl_typesupport_microxrcedds_cpp.dir/rosidl_typesupport_microxrcedds_cpp/zed_interfaces/msg/detail/microxrcedds/keypoint2_df__type_support_cpp.cpp.o[0m
[423.843s] [ 85%] [32mBuilding CXX object CMakeFiles/zed_interfaces__rosidl_typesupport_microxrcedds_cpp.dir/rosidl_typesupport_microxrcedds_cpp/zed_interfaces/msg/detail/microxrcedds/keypoint2_di__type_support_cpp.cpp.o[0m
[425.821s] [ 85%] [32mBuilding CXX object CMakeFiles/zed_interfaces__rosidl_typesupport_microxrcedds_cpp.dir/rosidl_typesupport_microxrcedds_cpp/zed_interfaces/msg/detail/microxrcedds/objects_stamped__type_support_cpp.cpp.o[0m
[428.916s] [ 86%] [32m[1mLinking CXX shared library libzed_interfaces__rosidl_typesupport_microxrcedds_cpp.so[0m
[429.490s] [ 86%] Built target zed_interfaces__rosidl_typesupport_microxrcedds_cpp
[429.646s] [35m[1mScanning dependencies of target zed_interfaces[0m
[429.801s] [ 86%] Built target zed_interfaces
[429.952s] [35m[1mScanning dependencies of target zed_interfaces__py[0m
[430.099s] [ 87%] [34m[1mGenerating Python code for ROS interfaces[0m
[457.351s] [ 87%] Built target zed_interfaces__py
[457.553s] [35m[1mScanning dependencies of target zed_interfaces__python[0m
[458.441s] [ 87%] [32mBuilding C object CMakeFiles/zed_interfaces__python.dir/rosidl_generator_py/zed_interfaces/msg/_object_s.c.o[0m
[460.058s] [ 88%] [32mBuilding C object CMakeFiles/zed_interfaces__python.dir/rosidl_generator_py/zed_interfaces/msg/_bounding_box2_di_s.c.o[0m
[461.629s] [ 88%] [32mBuilding C object CMakeFiles/zed_interfaces__python.dir/rosidl_generator_py/zed_interfaces/msg/_bounding_box2_df_s.c.o[0m
[462.903s] [ 89%] [32mBuilding C object CMakeFiles/zed_interfaces__python.dir/rosidl_generator_py/zed_interfaces/msg/_bounding_box3_d_s.c.o[0m
[464.227s] [ 89%] [32mBuilding C object CMakeFiles/zed_interfaces__python.dir/rosidl_generator_py/zed_interfaces/msg/_skeleton2_d_s.c.o[0m
[465.622s] [ 90%] [32mBuilding C object CMakeFiles/zed_interfaces__python.dir/rosidl_generator_py/zed_interfaces/msg/_skeleton3_d_s.c.o[0m
[466.824s] [ 90%] [32mBuilding C object CMakeFiles/zed_interfaces__python.dir/rosidl_generator_py/zed_interfaces/msg/_depth_info_stamped_s.c.o[0m
[468.208s] [ 91%] [32mBuilding C object CMakeFiles/zed_interfaces__python.dir/rosidl_generator_py/zed_interfaces/msg/_plane_stamped_s.c.o[0m
[469.540s] [ 91%] [32mBuilding C object CMakeFiles/zed_interfaces__python.dir/rosidl_generator_py/zed_interfaces/msg/_pos_track_status_s.c.o[0m
[470.443s] [ 92%] [32mBuilding C object CMakeFiles/zed_interfaces__python.dir/rosidl_generator_py/zed_interfaces/msg/_heartbeat_s.c.o[0m
[471.526s] [ 92%] [32mBuilding C object CMakeFiles/zed_interfaces__python.dir/rosidl_generator_py/zed_interfaces/srv/_set_pose_s.c.o[0m
[473.141s] [ 93%] [32mBuilding C object CMakeFiles/zed_interfaces__python.dir/rosidl_generator_py/zed_interfaces/srv/_start_svo_rec_s.c.o[0m
[474.595s] [ 93%] [32mBuilding C object CMakeFiles/zed_interfaces__python.dir/rosidl_generator_py/zed_interfaces/srv/_set_roi_s.c.o[0m
[475.880s] [ 93%] [32mBuilding C object CMakeFiles/zed_interfaces__python.dir/rosidl_generator_py/zed_interfaces/msg/_keypoint3_d_s.c.o[0m
[476.918s] [ 94%] [32mBuilding C object CMakeFiles/zed_interfaces__python.dir/rosidl_generator_py/zed_interfaces/msg/_keypoint2_df_s.c.o[0m
[478.011s] [ 94%] [32mBuilding C object CMakeFiles/zed_interfaces__python.dir/rosidl_generator_py/zed_interfaces/msg/_keypoint2_di_s.c.o[0m
[479.034s] [ 95%] [32mBuilding C object CMakeFiles/zed_interfaces__python.dir/rosidl_generator_py/zed_interfaces/msg/_objects_stamped_s.c.o[0m
[480.097s] [ 96%] [32m[1mLinking C shared library rosidl_generator_py/zed_interfaces/libzed_interfaces__python.so[0m
[480.742s] [ 96%] Built target zed_interfaces__python
[480.903s] [35m[1mScanning dependencies of target zed_interfaces__rosidl_typesupport_introspection_c__pyext[0m
[481.192s] [ 96%] [32mBuilding C object CMakeFiles/zed_interfaces__rosidl_typesupport_introspection_c__pyext.dir/rosidl_generator_py/zed_interfaces/_zed_interfaces_s.ep.rosidl_typesupport_introspection_c.c.o[0m
[483.948s] [ 97%] [32m[1mLinking C shared library rosidl_generator_py/zed_interfaces/zed_interfaces_s__rosidl_typesupport_introspection_c.cpython-38-aarch64-linux-gnu.so[0m
[484.473s] [ 97%] Built target zed_interfaces__rosidl_typesupport_introspection_c__pyext
[484.735s] [35m[1mScanning dependencies of target zed_interfaces__rosidl_typesupport_c__pyext[0m
[485.144s] [ 97%] [32mBuilding C object CMakeFiles/zed_interfaces__rosidl_typesupport_c__pyext.dir/rosidl_generator_py/zed_interfaces/_zed_interfaces_s.ep.rosidl_typesupport_c.c.o[0m
[487.898s] [ 98%] [32m[1mLinking C shared library rosidl_generator_py/zed_interfaces/zed_interfaces_s__rosidl_typesupport_c.cpython-38-aarch64-linux-gnu.so[0m
[488.423s] [ 98%] Built target zed_interfaces__rosidl_typesupport_c__pyext
[488.666s] [35m[1mScanning dependencies of target zed_interfaces__rosidl_typesupport_microxrcedds_c__pyext[0m
[488.988s] [ 98%] [32mBuilding C object CMakeFiles/zed_interfaces__rosidl_typesupport_microxrcedds_c__pyext.dir/rosidl_generator_py/zed_interfaces/_zed_interfaces_s.ep.rosidl_typesupport_microxrcedds_c.c.o[0m
[491.671s] [ 99%] [32m[1mLinking C shared library rosidl_generator_py/zed_interfaces/zed_interfaces_s__rosidl_typesupport_microxrcedds_c.cpython-38-aarch64-linux-gnu.so[0m
[492.088s] [ 99%] Built target zed_interfaces__rosidl_typesupport_microxrcedds_c__pyext
[492.224s] [35m[1mScanning dependencies of target zed_interfaces__rosidl_typesupport_fastrtps_c__pyext[0m
[492.510s] [ 99%] [32mBuilding C object CMakeFiles/zed_interfaces__rosidl_typesupport_fastrtps_c__pyext.dir/rosidl_generator_py/zed_interfaces/_zed_interfaces_s.ep.rosidl_typesupport_fastrtps_c.c.o[0m
[495.062s] [100%] [32m[1mLinking CXX shared library rosidl_generator_py/zed_interfaces/zed_interfaces_s__rosidl_typesupport_fastrtps_c.cpython-38-aarch64-linux-gnu.so[0m
[495.691s] [100%] Built target zed_interfaces__rosidl_typesupport_fastrtps_c__pyext
[495.888s] Invoked command in '/home/nvidia/ros2_ws/build/zed_interfaces' returned '0': CMAKE_PREFIX_PATH=${CMAKE_PREFIX_PATH}:/home/nvidia/rosbag_ws/install/ros2bag:/home/nvidia/microros_ws/install/sensor_msgs_py:/home/nvidia/ros2_ws/install/obj_det_visualizer:/home/nvidia/ros2_ws/install/ros2bag:/home/nvidia/ros2_ws/install/sim2real:/home/nvidia/ros2_ws/install/opencv_tests:/opt/ros/foxy /usr/bin/cmake --build /home/nvidia/ros2_ws/build/zed_interfaces -- -j6 -l6
[506.204s] Invoking command in '/home/nvidia/ros2_ws/build/zed_interfaces': CMAKE_PREFIX_PATH=${CMAKE_PREFIX_PATH}:/home/nvidia/rosbag_ws/install/ros2bag:/home/nvidia/microros_ws/install/sensor_msgs_py:/home/nvidia/ros2_ws/install/obj_det_visualizer:/home/nvidia/ros2_ws/install/ros2bag:/home/nvidia/ros2_ws/install/sim2real:/home/nvidia/ros2_ws/install/opencv_tests:/opt/ros/foxy /usr/bin/cmake --install /home/nvidia/ros2_ws/build/zed_interfaces
[506.301s] -- Install configuration: "Release"
[506.307s] -- Execute custom install script
[506.310s] -- Symlinking: /home/nvidia/ros2_ws/install/zed_interfaces/share/ament_index/resource_index/rosidl_interfaces/zed_interfaces
[506.430s] -- Symlinking: /home/nvidia/ros2_ws/install/zed_interfaces/include/zed_interfaces/msg/bounding_box2_df.h
[506.546s] -- Symlinking: /home/nvidia/ros2_ws/install/zed_interfaces/include/zed_interfaces/msg/bounding_box2_di.h
[506.655s] -- Symlinking: /home/nvidia/ros2_ws/install/zed_interfaces/include/zed_interfaces/msg/bounding_box3_d.h
[506.758s] -- Symlinking: /home/nvidia/ros2_ws/install/zed_interfaces/include/zed_interfaces/msg/depth_info_stamped.h
[506.860s] -- Symlinking: /home/nvidia/ros2_ws/install/zed_interfaces/include/zed_interfaces/msg/detail/bounding_box2_df__functions.h
[506.961s] -- Symlinking: /home/nvidia/ros2_ws/install/zed_interfaces/include/zed_interfaces/msg/detail/bounding_box2_df__struct.h
[507.063s] -- Symlinking: /home/nvidia/ros2_ws/install/zed_interfaces/include/zed_interfaces/msg/detail/bounding_box2_df__type_support.h
[507.164s] -- Symlinking: /home/nvidia/ros2_ws/install/zed_interfaces/include/zed_interfaces/msg/detail/bounding_box2_di__functions.h
[507.266s] -- Symlinking: /home/nvidia/ros2_ws/install/zed_interfaces/include/zed_interfaces/msg/detail/bounding_box2_di__struct.h
[507.369s] -- Symlinking: /home/nvidia/ros2_ws/install/zed_interfaces/include/zed_interfaces/msg/detail/bounding_box2_di__type_support.h
[507.479s] -- Symlinking: /home/nvidia/ros2_ws/install/zed_interfaces/include/zed_interfaces/msg/detail/bounding_box3_d__functions.h
[507.584s] -- Symlinking: /home/nvidia/ros2_ws/install/zed_interfaces/include/zed_interfaces/msg/detail/bounding_box3_d__struct.h
[507.685s] -- Symlinking: /home/nvidia/ros2_ws/install/zed_interfaces/include/zed_interfaces/msg/detail/bounding_box3_d__type_support.h
[507.791s] -- Symlinking: /home/nvidia/ros2_ws/install/zed_interfaces/include/zed_interfaces/msg/detail/depth_info_stamped__functions.h
[507.902s] -- Symlinking: /home/nvidia/ros2_ws/install/zed_interfaces/include/zed_interfaces/msg/detail/depth_info_stamped__struct.h
[508.017s] -- Symlinking: /home/nvidia/ros2_ws/install/zed_interfaces/include/zed_interfaces/msg/detail/depth_info_stamped__type_support.h
[508.120s] -- Symlinking: /home/nvidia/ros2_ws/install/zed_interfaces/include/zed_interfaces/msg/detail/heartbeat__functions.h
[508.226s] -- Symlinking: /home/nvidia/ros2_ws/install/zed_interfaces/include/zed_interfaces/msg/detail/heartbeat__struct.h
[508.325s] -- Symlinking: /home/nvidia/ros2_ws/install/zed_interfaces/include/zed_interfaces/msg/detail/heartbeat__type_support.h
[508.433s] -- Symlinking: /home/nvidia/ros2_ws/install/zed_interfaces/include/zed_interfaces/msg/detail/keypoint2_df__functions.h
[508.539s] -- Symlinking: /home/nvidia/ros2_ws/install/zed_interfaces/include/zed_interfaces/msg/detail/keypoint2_df__struct.h
[508.644s] -- Symlinking: /home/nvidia/ros2_ws/install/zed_interfaces/include/zed_interfaces/msg/detail/keypoint2_df__type_support.h
[508.748s] -- Symlinking: /home/nvidia/ros2_ws/install/zed_interfaces/include/zed_interfaces/msg/detail/keypoint2_di__functions.h
[508.847s] -- Symlinking: /home/nvidia/ros2_ws/install/zed_interfaces/include/zed_interfaces/msg/detail/keypoint2_di__struct.h
[508.949s] -- Symlinking: /home/nvidia/ros2_ws/install/zed_interfaces/include/zed_interfaces/msg/detail/keypoint2_di__type_support.h
[509.049s] -- Symlinking: /home/nvidia/ros2_ws/install/zed_interfaces/include/zed_interfaces/msg/detail/keypoint3_d__functions.h
[509.146s] -- Symlinking: /home/nvidia/ros2_ws/install/zed_interfaces/include/zed_interfaces/msg/detail/keypoint3_d__struct.h
[509.244s] -- Symlinking: /home/nvidia/ros2_ws/install/zed_interfaces/include/zed_interfaces/msg/detail/keypoint3_d__type_support.h
[509.343s] -- Symlinking: /home/nvidia/ros2_ws/install/zed_interfaces/include/zed_interfaces/msg/detail/object__functions.h
[509.451s] -- Symlinking: /home/nvidia/ros2_ws/install/zed_interfaces/include/zed_interfaces/msg/detail/object__struct.h
[509.552s] -- Symlinking: /home/nvidia/ros2_ws/install/zed_interfaces/include/zed_interfaces/msg/detail/object__type_support.h
[509.653s] -- Symlinking: /home/nvidia/ros2_ws/install/zed_interfaces/include/zed_interfaces/msg/detail/objects_stamped__functions.h
[509.772s] -- Symlinking: /home/nvidia/ros2_ws/install/zed_interfaces/include/zed_interfaces/msg/detail/objects_stamped__struct.h
[509.885s] -- Symlinking: /home/nvidia/ros2_ws/install/zed_interfaces/include/zed_interfaces/msg/detail/objects_stamped__type_support.h
[509.991s] -- Symlinking: /home/nvidia/ros2_ws/install/zed_interfaces/include/zed_interfaces/msg/detail/plane_stamped__functions.h
[510.097s] -- Symlinking: /home/nvidia/ros2_ws/install/zed_interfaces/include/zed_interfaces/msg/detail/plane_stamped__struct.h
[510.199s] -- Symlinking: /home/nvidia/ros2_ws/install/zed_interfaces/include/zed_interfaces/msg/detail/plane_stamped__type_support.h
[510.297s] -- Symlinking: /home/nvidia/ros2_ws/install/zed_interfaces/include/zed_interfaces/msg/detail/pos_track_status__functions.h
[510.399s] -- Symlinking: /home/nvidia/ros2_ws/install/zed_interfaces/include/zed_interfaces/msg/detail/pos_track_status__struct.h
[510.509s] -- Symlinking: /home/nvidia/ros2_ws/install/zed_interfaces/include/zed_interfaces/msg/detail/pos_track_status__type_support.h
[510.609s] -- Symlinking: /home/nvidia/ros2_ws/install/zed_interfaces/include/zed_interfaces/msg/detail/skeleton2_d__functions.h
[510.824s] -- Symlinking: /home/nvidia/ros2_ws/install/zed_interfaces/include/zed_interfaces/msg/detail/skeleton2_d__struct.h
[510.922s] -- Symlinking: /home/nvidia/ros2_ws/install/zed_interfaces/include/zed_interfaces/msg/detail/skeleton2_d__type_support.h
[511.023s] -- Symlinking: /home/nvidia/ros2_ws/install/zed_interfaces/include/zed_interfaces/msg/detail/skeleton3_d__functions.h
[511.120s] -- Symlinking: /home/nvidia/ros2_ws/install/zed_interfaces/include/zed_interfaces/msg/detail/skeleton3_d__struct.h
[511.221s] -- Symlinking: /home/nvidia/ros2_ws/install/zed_interfaces/include/zed_interfaces/msg/detail/skeleton3_d__type_support.h
[511.323s] -- Symlinking: /home/nvidia/ros2_ws/install/zed_interfaces/include/zed_interfaces/msg/heartbeat.h
[511.429s] -- Symlinking: /home/nvidia/ros2_ws/install/zed_interfaces/include/zed_interfaces/msg/keypoint2_df.h
[511.531s] -- Symlinking: /home/nvidia/ros2_ws/install/zed_interfaces/include/zed_interfaces/msg/keypoint2_di.h
[511.635s] -- Symlinking: /home/nvidia/ros2_ws/install/zed_interfaces/include/zed_interfaces/msg/keypoint3_d.h
[511.736s] -- Symlinking: /home/nvidia/ros2_ws/install/zed_interfaces/include/zed_interfaces/msg/object.h
[511.836s] -- Symlinking: /home/nvidia/ros2_ws/install/zed_interfaces/include/zed_interfaces/msg/objects_stamped.h
[511.939s] -- Symlinking: /home/nvidia/ros2_ws/install/zed_interfaces/include/zed_interfaces/msg/plane_stamped.h
[512.038s] -- Symlinking: /home/nvidia/ros2_ws/install/zed_interfaces/include/zed_interfaces/msg/pos_track_status.h
[512.150s] -- Symlinking: /home/nvidia/ros2_ws/install/zed_interfaces/include/zed_interfaces/msg/rosidl_generator_c__visibility_control.h
[512.252s] -- Symlinking: /home/nvidia/ros2_ws/install/zed_interfaces/include/zed_interfaces/msg/skeleton2_d.h
[512.352s] -- Symlinking: /home/nvidia/ros2_ws/install/zed_interfaces/include/zed_interfaces/msg/skeleton3_d.h
[512.454s] -- Symlinking: /home/nvidia/ros2_ws/install/zed_interfaces/include/zed_interfaces/srv/detail/set_pose__functions.h
[512.555s] -- Symlinking: /home/nvidia/ros2_ws/install/zed_interfaces/include/zed_interfaces/srv/detail/set_pose__struct.h
[512.656s] -- Symlinking: /home/nvidia/ros2_ws/install/zed_interfaces/include/zed_interfaces/srv/detail/set_pose__type_support.h
[512.759s] -- Symlinking: /home/nvidia/ros2_ws/install/zed_interfaces/include/zed_interfaces/srv/detail/set_roi__functions.h
[512.862s] -- Symlinking: /home/nvidia/ros2_ws/install/zed_interfaces/include/zed_interfaces/srv/detail/set_roi__struct.h
[512.962s] -- Symlinking: /home/nvidia/ros2_ws/install/zed_interfaces/include/zed_interfaces/srv/detail/set_roi__type_support.h
[513.063s] -- Symlinking: /home/nvidia/ros2_ws/install/zed_interfaces/include/zed_interfaces/srv/detail/start_svo_rec__functions.h
[513.167s] -- Symlinking: /home/nvidia/ros2_ws/install/zed_interfaces/include/zed_interfaces/srv/detail/start_svo_rec__struct.h
[513.278s] -- Symlinking: /home/nvidia/ros2_ws/install/zed_interfaces/include/zed_interfaces/srv/detail/start_svo_rec__type_support.h
[513.379s] -- Symlinking: /home/nvidia/ros2_ws/install/zed_interfaces/include/zed_interfaces/srv/set_pose.h
[513.482s] -- Symlinking: /home/nvidia/ros2_ws/install/zed_interfaces/include/zed_interfaces/srv/set_roi.h
[513.582s] -- Symlinking: /home/nvidia/ros2_ws/install/zed_interfaces/include/zed_interfaces/srv/start_svo_rec.h
[513.685s] -- Symlinking: /home/nvidia/ros2_ws/install/zed_interfaces/share/zed_interfaces/environment/library_path.sh
[513.788s] -- Symlinking: /home/nvidia/ros2_ws/install/zed_interfaces/share/zed_interfaces/environment/library_path.dsv
[513.895s] -- Symlinking: /home/nvidia/ros2_ws/install/zed_interfaces/include/zed_interfaces/msg/detail/bounding_box2_df__rosidl_typesupport_microxrcedds_c.h
[513.996s] -- Symlinking: /home/nvidia/ros2_ws/install/zed_interfaces/include/zed_interfaces/msg/detail/bounding_box2_di__rosidl_typesupport_microxrcedds_c.h
[514.094s] -- Symlinking: /home/nvidia/ros2_ws/install/zed_interfaces/include/zed_interfaces/msg/detail/bounding_box3_d__rosidl_typesupport_microxrcedds_c.h
[514.195s] -- Symlinking: /home/nvidia/ros2_ws/install/zed_interfaces/include/zed_interfaces/msg/detail/depth_info_stamped__rosidl_typesupport_microxrcedds_c.h
[514.294s] -- Symlinking: /home/nvidia/ros2_ws/install/zed_interfaces/include/zed_interfaces/msg/detail/heartbeat__rosidl_typesupport_microxrcedds_c.h
[514.394s] -- Symlinking: /home/nvidia/ros2_ws/install/zed_interfaces/include/zed_interfaces/msg/detail/keypoint2_df__rosidl_typesupport_microxrcedds_c.h
[514.495s] -- Symlinking: /home/nvidia/ros2_ws/install/zed_interfaces/include/zed_interfaces/msg/detail/keypoint2_di__rosidl_typesupport_microxrcedds_c.h
[514.607s] -- Symlinking: /home/nvidia/ros2_ws/install/zed_interfaces/include/zed_interfaces/msg/detail/keypoint3_d__rosidl_typesupport_microxrcedds_c.h
[514.706s] -- Symlinking: /home/nvidia/ros2_ws/install/zed_interfaces/include/zed_interfaces/msg/detail/object__rosidl_typesupport_microxrcedds_c.h
[514.822s] -- Symlinking: /home/nvidia/ros2_ws/install/zed_interfaces/include/zed_interfaces/msg/detail/objects_stamped__rosidl_typesupport_microxrcedds_c.h
[514.934s] -- Symlinking: /home/nvidia/ros2_ws/install/zed_interfaces/include/zed_interfaces/msg/detail/plane_stamped__rosidl_typesupport_microxrcedds_c.h
[515.058s] -- Symlinking: /home/nvidia/ros2_ws/install/zed_interfaces/include/zed_interfaces/msg/detail/pos_track_status__rosidl_typesupport_microxrcedds_c.h
[515.173s] -- Symlinking: /home/nvidia/ros2_ws/install/zed_interfaces/include/zed_interfaces/msg/detail/skeleton2_d__rosidl_typesupport_microxrcedds_c.h
[515.288s] -- Symlinking: /home/nvidia/ros2_ws/install/zed_interfaces/include/zed_interfaces/msg/detail/skeleton3_d__rosidl_typesupport_microxrcedds_c.h
[515.393s] -- Symlinking: /home/nvidia/ros2_ws/install/zed_interfaces/include/zed_interfaces/msg/rosidl_typesupport_microxrcedds_c__visibility_control.h
[515.517s] -- Symlinking: /home/nvidia/ros2_ws/install/zed_interfaces/include/zed_interfaces/srv/detail/set_pose__rosidl_typesupport_microxrcedds_c.h
[515.634s] -- Symlinking: /home/nvidia/ros2_ws/install/zed_interfaces/include/zed_interfaces/srv/detail/set_roi__rosidl_typesupport_microxrcedds_c.h
[515.897s] -- Symlinking: /home/nvidia/ros2_ws/install/zed_interfaces/include/zed_interfaces/srv/detail/start_svo_rec__rosidl_typesupport_microxrcedds_c.h
[516.012s] -- Symlinking: /home/nvidia/ros2_ws/install/zed_interfaces/lib/libzed_interfaces__rosidl_typesupport_microxrcedds_c.so
[516.140s] -- Symlinking: /home/nvidia/ros2_ws/install/zed_interfaces/include/zed_interfaces/msg/detail/bounding_box2_df__rosidl_typesupport_fastrtps_c.h
[516.257s] -- Symlinking: /home/nvidia/ros2_ws/install/zed_interfaces/include/zed_interfaces/msg/detail/bounding_box2_di__rosidl_typesupport_fastrtps_c.h
[516.376s] -- Symlinking: /home/nvidia/ros2_ws/install/zed_interfaces/include/zed_interfaces/msg/detail/bounding_box3_d__rosidl_typesupport_fastrtps_c.h
[516.498s] -- Symlinking: /home/nvidia/ros2_ws/install/zed_interfaces/include/zed_interfaces/msg/detail/depth_info_stamped__rosidl_typesupport_fastrtps_c.h
[516.646s] -- Symlinking: /home/nvidia/ros2_ws/install/zed_interfaces/include/zed_interfaces/msg/detail/heartbeat__rosidl_typesupport_fastrtps_c.h
[516.759s] -- Symlinking: /home/nvidia/ros2_ws/install/zed_interfaces/include/zed_interfaces/msg/detail/keypoint2_df__rosidl_typesupport_fastrtps_c.h
[516.898s] -- Symlinking: /home/nvidia/ros2_ws/install/zed_interfaces/include/zed_interfaces/msg/detail/keypoint2_di__rosidl_typesupport_fastrtps_c.h
[517.023s] -- Symlinking: /home/nvidia/ros2_ws/install/zed_interfaces/include/zed_interfaces/msg/detail/keypoint3_d__rosidl_typesupport_fastrtps_c.h
[517.217s] -- Symlinking: /home/nvidia/ros2_ws/install/zed_interfaces/include/zed_interfaces/msg/detail/object__rosidl_typesupport_fastrtps_c.h
[517.343s] -- Symlinking: /home/nvidia/ros2_ws/install/zed_interfaces/include/zed_interfaces/msg/detail/objects_stamped__rosidl_typesupport_fastrtps_c.h
[517.517s] -- Symlinking: /home/nvidia/ros2_ws/install/zed_interfaces/include/zed_interfaces/msg/detail/plane_stamped__rosidl_typesupport_fastrtps_c.h
[517.657s] -- Symlinking: /home/nvidia/ros2_ws/install/zed_interfaces/include/zed_interfaces/msg/detail/pos_track_status__rosidl_typesupport_fastrtps_c.h
[517.770s] -- Symlinking: /home/nvidia/ros2_ws/install/zed_interfaces/include/zed_interfaces/msg/detail/skeleton2_d__rosidl_typesupport_fastrtps_c.h
[517.881s] -- Symlinking: /home/nvidia/ros2_ws/install/zed_interfaces/include/zed_interfaces/msg/detail/skeleton3_d__rosidl_typesupport_fastrtps_c.h
[517.988s] -- Symlinking: /home/nvidia/ros2_ws/install/zed_interfaces/include/zed_interfaces/msg/rosidl_typesupport_fastrtps_c__visibility_control.h
[518.157s] -- Symlinking: /home/nvidia/ros2_ws/install/zed_interfaces/include/zed_interfaces/srv/detail/set_pose__rosidl_typesupport_fastrtps_c.h
[518.295s] -- Symlinking: /home/nvidia/ros2_ws/install/zed_interfaces/include/zed_interfaces/srv/detail/set_roi__rosidl_typesupport_fastrtps_c.h
[518.431s] -- Symlinking: /home/nvidia/ros2_ws/install/zed_interfaces/include/zed_interfaces/srv/detail/start_svo_rec__rosidl_typesupport_fastrtps_c.h
[518.561s] -- Symlinking: /home/nvidia/ros2_ws/install/zed_interfaces/lib/libzed_interfaces__rosidl_typesupport_fastrtps_c.so
[518.752s] -- Symlinking: /home/nvidia/ros2_ws/install/zed_interfaces/include/zed_interfaces/msg/detail/bounding_box2_df__rosidl_typesupport_fastrtps_cpp.hpp
[518.864s] -- Symlinking: /home/nvidia/ros2_ws/install/zed_interfaces/include/zed_interfaces/msg/detail/bounding_box2_di__rosidl_typesupport_fastrtps_cpp.hpp
[518.978s] -- Symlinking: /home/nvidia/ros2_ws/install/zed_interfaces/include/zed_interfaces/msg/detail/bounding_box3_d__rosidl_typesupport_fastrtps_cpp.hpp
[519.212s] -- Symlinking: /home/nvidia/ros2_ws/install/zed_interfaces/include/zed_interfaces/msg/detail/depth_info_stamped__rosidl_typesupport_fastrtps_cpp.hpp
[519.464s] -- Symlinking: /home/nvidia/ros2_ws/install/zed_interfaces/include/zed_interfaces/msg/detail/heartbeat__rosidl_typesupport_fastrtps_cpp.hpp
[519.674s] -- Symlinking: /home/nvidia/ros2_ws/install/zed_interfaces/include/zed_interfaces/msg/detail/keypoint2_df__rosidl_typesupport_fastrtps_cpp.hpp
[519.823s] -- Symlinking: /home/nvidia/ros2_ws/install/zed_interfaces/include/zed_interfaces/msg/detail/keypoint2_di__rosidl_typesupport_fastrtps_cpp.hpp
[520.012s] -- Symlinking: /home/nvidia/ros2_ws/install/zed_interfaces/include/zed_interfaces/msg/detail/keypoint3_d__rosidl_typesupport_fastrtps_cpp.hpp
[520.135s] -- Symlinking: /home/nvidia/ros2_ws/install/zed_interfaces/include/zed_interfaces/msg/detail/object__rosidl_typesupport_fastrtps_cpp.hpp
[520.278s] -- Symlinking: /home/nvidia/ros2_ws/install/zed_interfaces/include/zed_interfaces/msg/detail/objects_stamped__rosidl_typesupport_fastrtps_cpp.hpp
[520.534s] -- Symlinking: /home/nvidia/ros2_ws/install/zed_interfaces/include/zed_interfaces/msg/detail/plane_stamped__rosidl_typesupport_fastrtps_cpp.hpp
[520.692s] -- Symlinking: /home/nvidia/ros2_ws/install/zed_interfaces/include/zed_interfaces/msg/detail/pos_track_status__rosidl_typesupport_fastrtps_cpp.hpp
[520.945s] -- Symlinking: /home/nvidia/ros2_ws/install/zed_interfaces/include/zed_interfaces/msg/detail/skeleton2_d__rosidl_typesupport_fastrtps_cpp.hpp
[521.066s] -- Symlinking: /home/nvidia/ros2_ws/install/zed_interfaces/include/zed_interfaces/msg/detail/skeleton3_d__rosidl_typesupport_fastrtps_cpp.hpp
[521.196s] -- Symlinking: /home/nvidia/ros2_ws/install/zed_interfaces/include/zed_interfaces/msg/rosidl_typesupport_fastrtps_cpp__visibility_control.h
[521.443s] -- Symlinking: /home/nvidia/ros2_ws/install/zed_interfaces/include/zed_interfaces/srv/detail/set_pose__rosidl_typesupport_fastrtps_cpp.hpp
[521.603s] -- Symlinking: /home/nvidia/ros2_ws/install/zed_interfaces/include/zed_interfaces/srv/detail/set_roi__rosidl_typesupport_fastrtps_cpp.hpp
[521.760s] -- Symlinking: /home/nvidia/ros2_ws/install/zed_interfaces/include/zed_interfaces/srv/detail/start_svo_rec__rosidl_typesupport_fastrtps_cpp.hpp
[521.921s] -- Symlinking: /home/nvidia/ros2_ws/install/zed_interfaces/lib/libzed_interfaces__rosidl_typesupport_fastrtps_cpp.so
[522.124s] -- Symlinking: /home/nvidia/ros2_ws/install/zed_interfaces/include/zed_interfaces/msg/detail/bounding_box2_df__rosidl_typesupport_introspection_c.h
[522.310s] -- Symlinking: /home/nvidia/ros2_ws/install/zed_interfaces/include/zed_interfaces/msg/detail/bounding_box2_di__rosidl_typesupport_introspection_c.h
[522.471s] -- Symlinking: /home/nvidia/ros2_ws/install/zed_interfaces/include/zed_interfaces/msg/detail/bounding_box3_d__rosidl_typesupport_introspection_c.h
[522.656s] -- Symlinking: /home/nvidia/ros2_ws/install/zed_interfaces/include/zed_interfaces/msg/detail/depth_info_stamped__rosidl_typesupport_introspection_c.h
[522.908s] -- Symlinking: /home/nvidia/ros2_ws/install/zed_interfaces/include/zed_interfaces/msg/detail/heartbeat__rosidl_typesupport_introspection_c.h
[523.147s] -- Symlinking: /home/nvidia/ros2_ws/install/zed_interfaces/include/zed_interfaces/msg/detail/keypoint2_df__rosidl_typesupport_introspection_c.h
[523.344s] -- Symlinking: /home/nvidia/ros2_ws/install/zed_interfaces/include/zed_interfaces/msg/detail/keypoint2_di__rosidl_typesupport_introspection_c.h
[523.599s] -- Symlinking: /home/nvidia/ros2_ws/install/zed_interfaces/include/zed_interfaces/msg/detail/keypoint3_d__rosidl_typesupport_introspection_c.h
[523.713s] -- Symlinking: /home/nvidia/ros2_ws/install/zed_interfaces/include/zed_interfaces/msg/detail/object__rosidl_typesupport_introspection_c.h
[523.865s] -- Symlinking: /home/nvidia/ros2_ws/install/zed_interfaces/include/zed_interfaces/msg/detail/objects_stamped__rosidl_typesupport_introspection_c.h
[523.980s] -- Symlinking: /home/nvidia/ros2_ws/install/zed_interfaces/include/zed_interfaces/msg/detail/plane_stamped__rosidl_typesupport_introspection_c.h
[524.226s] -- Symlinking: /home/nvidia/ros2_ws/install/zed_interfaces/include/zed_interfaces/msg/detail/pos_track_status__rosidl_typesupport_introspection_c.h
[524.432s] -- Symlinking: /home/nvidia/ros2_ws/install/zed_interfaces/include/zed_interfaces/msg/detail/skeleton2_d__rosidl_typesupport_introspection_c.h
[524.686s] -- Symlinking: /home/nvidia/ros2_ws/install/zed_interfaces/include/zed_interfaces/msg/detail/skeleton3_d__rosidl_typesupport_introspection_c.h
[524.806s] -- Symlinking: /home/nvidia/ros2_ws/install/zed_interfaces/include/zed_interfaces/msg/rosidl_typesupport_introspection_c__visibility_control.h
[524.944s] -- Symlinking: /home/nvidia/ros2_ws/install/zed_interfaces/include/zed_interfaces/srv/detail/set_pose__rosidl_typesupport_introspection_c.h
[525.072s] -- Symlinking: /home/nvidia/ros2_ws/install/zed_interfaces/include/zed_interfaces/srv/detail/set_roi__rosidl_typesupport_introspection_c.h
[525.386s] -- Symlinking: /home/nvidia/ros2_ws/install/zed_interfaces/include/zed_interfaces/srv/detail/start_svo_rec__rosidl_typesupport_introspection_c.h
[525.538s] -- Symlinking: /home/nvidia/ros2_ws/install/zed_interfaces/include/zed_interfaces/msg/bounding_box2_df.hpp
[525.658s] -- Symlinking: /home/nvidia/ros2_ws/install/zed_interfaces/include/zed_interfaces/msg/bounding_box2_di.hpp
[525.870s] -- Symlinking: /home/nvidia/ros2_ws/install/zed_interfaces/include/zed_interfaces/msg/bounding_box3_d.hpp
[526.077s] -- Symlinking: /home/nvidia/ros2_ws/install/zed_interfaces/include/zed_interfaces/msg/depth_info_stamped.hpp
[526.255s] -- Symlinking: /home/nvidia/ros2_ws/install/zed_interfaces/include/zed_interfaces/msg/detail/bounding_box2_df__builder.hpp
[526.398s] -- Symlinking: /home/nvidia/ros2_ws/install/zed_interfaces/include/zed_interfaces/msg/detail/bounding_box2_df__struct.hpp
[526.532s] -- Symlinking: /home/nvidia/ros2_ws/install/zed_interfaces/include/zed_interfaces/msg/detail/bounding_box2_df__traits.hpp
[526.691s] -- Symlinking: /home/nvidia/ros2_ws/install/zed_interfaces/include/zed_interfaces/msg/detail/bounding_box2_df__type_support.hpp
[526.838s] -- Symlinking: /home/nvidia/ros2_ws/install/zed_interfaces/include/zed_interfaces/msg/detail/bounding_box2_di__builder.hpp
[526.985s] -- Symlinking: /home/nvidia/ros2_ws/install/zed_interfaces/include/zed_interfaces/msg/detail/bounding_box2_di__struct.hpp
[527.112s] -- Symlinking: /home/nvidia/ros2_ws/install/zed_interfaces/include/zed_interfaces/msg/detail/bounding_box2_di__traits.hpp
[527.234s] -- Symlinking: /home/nvidia/ros2_ws/install/zed_interfaces/include/zed_interfaces/msg/detail/bounding_box2_di__type_support.hpp
[527.356s] -- Symlinking: /home/nvidia/ros2_ws/install/zed_interfaces/include/zed_interfaces/msg/detail/bounding_box3_d__builder.hpp
[527.476s] -- Symlinking: /home/nvidia/ros2_ws/install/zed_interfaces/include/zed_interfaces/msg/detail/bounding_box3_d__struct.hpp
[527.629s] -- Symlinking: /home/nvidia/ros2_ws/install/zed_interfaces/include/zed_interfaces/msg/detail/bounding_box3_d__traits.hpp
[527.802s] -- Symlinking: /home/nvidia/ros2_ws/install/zed_interfaces/include/zed_interfaces/msg/detail/bounding_box3_d__type_support.hpp
[527.926s] -- Symlinking: /home/nvidia/ros2_ws/install/zed_interfaces/include/zed_interfaces/msg/detail/depth_info_stamped__builder.hpp
[528.056s] -- Symlinking: /home/nvidia/ros2_ws/install/zed_interfaces/include/zed_interfaces/msg/detail/depth_info_stamped__struct.hpp
[528.192s] -- Symlinking: /home/nvidia/ros2_ws/install/zed_interfaces/include/zed_interfaces/msg/detail/depth_info_stamped__traits.hpp
[528.310s] -- Symlinking: /home/nvidia/ros2_ws/install/zed_interfaces/include/zed_interfaces/msg/detail/depth_info_stamped__type_support.hpp
[528.445s] -- Symlinking: /home/nvidia/ros2_ws/install/zed_interfaces/include/zed_interfaces/msg/detail/heartbeat__builder.hpp
[528.559s] -- Symlinking: /home/nvidia/ros2_ws/install/zed_interfaces/include/zed_interfaces/msg/detail/heartbeat__struct.hpp
[528.677s] -- Symlinking: /home/nvidia/ros2_ws/install/zed_interfaces/include/zed_interfaces/msg/detail/heartbeat__traits.hpp
[528.798s] -- Symlinking: /home/nvidia/ros2_ws/install/zed_interfaces/include/zed_interfaces/msg/detail/heartbeat__type_support.hpp
[528.926s] -- Symlinking: /home/nvidia/ros2_ws/install/zed_interfaces/include/zed_interfaces/msg/detail/keypoint2_df__builder.hpp
[529.046s] -- Symlinking: /home/nvidia/ros2_ws/install/zed_interfaces/include/zed_interfaces/msg/detail/keypoint2_df__struct.hpp
[529.207s] -- Symlinking: /home/nvidia/ros2_ws/install/zed_interfaces/include/zed_interfaces/msg/detail/keypoint2_df__traits.hpp
[529.314s] -- Symlinking: /home/nvidia/ros2_ws/install/zed_interfaces/include/zed_interfaces/msg/detail/keypoint2_df__type_support.hpp
[529.422s] -- Symlinking: /home/nvidia/ros2_ws/install/zed_interfaces/include/zed_interfaces/msg/detail/keypoint2_di__builder.hpp
[529.530s] -- Symlinking: /home/nvidia/ros2_ws/install/zed_interfaces/include/zed_interfaces/msg/detail/keypoint2_di__struct.hpp
[529.639s] -- Symlinking: /home/nvidia/ros2_ws/install/zed_interfaces/include/zed_interfaces/msg/detail/keypoint2_di__traits.hpp
[529.740s] -- Symlinking: /home/nvidia/ros2_ws/install/zed_interfaces/include/zed_interfaces/msg/detail/keypoint2_di__type_support.hpp
[529.843s] -- Symlinking: /home/nvidia/ros2_ws/install/zed_interfaces/include/zed_interfaces/msg/detail/keypoint3_d__builder.hpp
[529.944s] -- Symlinking: /home/nvidia/ros2_ws/install/zed_interfaces/include/zed_interfaces/msg/detail/keypoint3_d__struct.hpp
[530.060s] -- Symlinking: /home/nvidia/ros2_ws/install/zed_interfaces/include/zed_interfaces/msg/detail/keypoint3_d__traits.hpp
[530.165s] -- Symlinking: /home/nvidia/ros2_ws/install/zed_interfaces/include/zed_interfaces/msg/detail/keypoint3_d__type_support.hpp
[530.421s] -- Symlinking: /home/nvidia/ros2_ws/install/zed_interfaces/include/zed_interfaces/msg/detail/object__builder.hpp
[530.526s] -- Symlinking: /home/nvidia/ros2_ws/install/zed_interfaces/include/zed_interfaces/msg/detail/object__struct.hpp
[530.634s] -- Symlinking: /home/nvidia/ros2_ws/install/zed_interfaces/include/zed_interfaces/msg/detail/object__traits.hpp
[530.739s] -- Symlinking: /home/nvidia/ros2_ws/install/zed_interfaces/include/zed_interfaces/msg/detail/object__type_support.hpp
[530.842s] -- Symlinking: /home/nvidia/ros2_ws/install/zed_interfaces/include/zed_interfaces/msg/detail/objects_stamped__builder.hpp
[530.944s] -- Symlinking: /home/nvidia/ros2_ws/install/zed_interfaces/include/zed_interfaces/msg/detail/objects_stamped__struct.hpp
[531.049s] -- Symlinking: /home/nvidia/ros2_ws/install/zed_interfaces/include/zed_interfaces/msg/detail/objects_stamped__traits.hpp
[531.151s] -- Symlinking: /home/nvidia/ros2_ws/install/zed_interfaces/include/zed_interfaces/msg/detail/objects_stamped__type_support.hpp
[531.254s] -- Symlinking: /home/nvidia/ros2_ws/install/zed_interfaces/include/zed_interfaces/msg/detail/plane_stamped__builder.hpp
[531.359s] -- Symlinking: /home/nvidia/ros2_ws/install/zed_interfaces/include/zed_interfaces/msg/detail/plane_stamped__struct.hpp
[531.461s] -- Symlinking: /home/nvidia/ros2_ws/install/zed_interfaces/include/zed_interfaces/msg/detail/plane_stamped__traits.hpp
[531.574s] -- Symlinking: /home/nvidia/ros2_ws/install/zed_interfaces/include/zed_interfaces/msg/detail/plane_stamped__type_support.hpp
[531.689s] -- Symlinking: /home/nvidia/ros2_ws/install/zed_interfaces/include/zed_interfaces/msg/detail/pos_track_status__builder.hpp
[531.794s] -- Symlinking: /home/nvidia/ros2_ws/install/zed_interfaces/include/zed_interfaces/msg/detail/pos_track_status__struct.hpp
[531.906s] -- Symlinking: /home/nvidia/ros2_ws/install/zed_interfaces/include/zed_interfaces/msg/detail/pos_track_status__traits.hpp
[532.008s] -- Symlinking: /home/nvidia/ros2_ws/install/zed_interfaces/include/zed_interfaces/msg/detail/pos_track_status__type_support.hpp
[532.125s] -- Symlinking: /home/nvidia/ros2_ws/install/zed_interfaces/include/zed_interfaces/msg/detail/skeleton2_d__builder.hpp
[532.228s] -- Symlinking: /home/nvidia/ros2_ws/install/zed_interfaces/include/zed_interfaces/msg/detail/skeleton2_d__struct.hpp
[532.328s] -- Symlinking: /home/nvidia/ros2_ws/install/zed_interfaces/include/zed_interfaces/msg/detail/skeleton2_d__traits.hpp
[532.429s] -- Symlinking: /home/nvidia/ros2_ws/install/zed_interfaces/include/zed_interfaces/msg/detail/skeleton2_d__type_support.hpp
[532.530s] -- Symlinking: /home/nvidia/ros2_ws/install/zed_interfaces/include/zed_interfaces/msg/detail/skeleton3_d__builder.hpp
[532.631s] -- Symlinking: /home/nvidia/ros2_ws/install/zed_interfaces/include/zed_interfaces/msg/detail/skeleton3_d__struct.hpp
[532.733s] -- Symlinking: /home/nvidia/ros2_ws/install/zed_interfaces/include/zed_interfaces/msg/detail/skeleton3_d__traits.hpp
[532.836s] -- Symlinking: /home/nvidia/ros2_ws/install/zed_interfaces/include/zed_interfaces/msg/detail/skeleton3_d__type_support.hpp
[532.940s] -- Symlinking: /home/nvidia/ros2_ws/install/zed_interfaces/include/zed_interfaces/msg/heartbeat.hpp
[533.040s] -- Symlinking: /home/nvidia/ros2_ws/install/zed_interfaces/include/zed_interfaces/msg/keypoint2_df.hpp
[533.143s] -- Symlinking: /home/nvidia/ros2_ws/install/zed_interfaces/include/zed_interfaces/msg/keypoint2_di.hpp
[533.244s] -- Symlinking: /home/nvidia/ros2_ws/install/zed_interfaces/include/zed_interfaces/msg/keypoint3_d.hpp
[533.344s] -- Symlinking: /home/nvidia/ros2_ws/install/zed_interfaces/include/zed_interfaces/msg/object.hpp
[533.449s] -- Symlinking: /home/nvidia/ros2_ws/install/zed_interfaces/include/zed_interfaces/msg/objects_stamped.hpp
[533.555s] -- Symlinking: /home/nvidia/ros2_ws/install/zed_interfaces/include/zed_interfaces/msg/plane_stamped.hpp
[533.663s] -- Symlinking: /home/nvidia/ros2_ws/install/zed_interfaces/include/zed_interfaces/msg/pos_track_status.hpp
[533.770s] -- Symlinking: /home/nvidia/ros2_ws/install/zed_interfaces/include/zed_interfaces/msg/rosidl_generator_cpp__visibility_control.hpp
[533.877s] -- Symlinking: /home/nvidia/ros2_ws/install/zed_interfaces/include/zed_interfaces/msg/skeleton2_d.hpp
[533.985s] -- Symlinking: /home/nvidia/ros2_ws/install/zed_interfaces/include/zed_interfaces/msg/skeleton3_d.hpp
[534.096s] -- Symlinking: /home/nvidia/ros2_ws/install/zed_interfaces/include/zed_interfaces/srv/detail/set_pose__builder.hpp
[534.216s] -- Symlinking: /home/nvidia/ros2_ws/install/zed_interfaces/include/zed_interfaces/srv/detail/set_pose__struct.hpp
[534.325s] -- Symlinking: /home/nvidia/ros2_ws/install/zed_interfaces/include/zed_interfaces/srv/detail/set_pose__traits.hpp
[534.436s] -- Symlinking: /home/nvidia/ros2_ws/install/zed_interfaces/include/zed_interfaces/srv/detail/set_pose__type_support.hpp
[534.547s] -- Symlinking: /home/nvidia/ros2_ws/install/zed_interfaces/include/zed_interfaces/srv/detail/set_roi__builder.hpp
[534.657s] -- Symlinking: /home/nvidia/ros2_ws/install/zed_interfaces/include/zed_interfaces/srv/detail/set_roi__struct.hpp
[534.771s] -- Symlinking: /home/nvidia/ros2_ws/install/zed_interfaces/include/zed_interfaces/srv/detail/set_roi__traits.hpp
[534.881s] -- Symlinking: /home/nvidia/ros2_ws/install/zed_interfaces/include/zed_interfaces/srv/detail/set_roi__type_support.hpp
[534.985s] -- Symlinking: /home/nvidia/ros2_ws/install/zed_interfaces/include/zed_interfaces/srv/detail/start_svo_rec__builder.hpp
[535.091s] -- Symlinking: /home/nvidia/ros2_ws/install/zed_interfaces/include/zed_interfaces/srv/detail/start_svo_rec__struct.hpp
[535.199s] -- Symlinking: /home/nvidia/ros2_ws/install/zed_interfaces/include/zed_interfaces/srv/detail/start_svo_rec__traits.hpp
[535.429s] -- Symlinking: /home/nvidia/ros2_ws/install/zed_interfaces/include/zed_interfaces/srv/detail/start_svo_rec__type_support.hpp
[535.541s] -- Symlinking: /home/nvidia/ros2_ws/install/zed_interfaces/include/zed_interfaces/srv/set_pose.hpp
[535.665s] -- Symlinking: /home/nvidia/ros2_ws/install/zed_interfaces/include/zed_interfaces/srv/set_roi.hpp
[535.770s] -- Symlinking: /home/nvidia/ros2_ws/install/zed_interfaces/include/zed_interfaces/srv/start_svo_rec.hpp
[535.885s] -- Symlinking: /home/nvidia/ros2_ws/install/zed_interfaces/include/zed_interfaces/msg/detail/bounding_box2_df__rosidl_typesupport_microxrcedds_cpp.hpp
[535.998s] -- Symlinking: /home/nvidia/ros2_ws/install/zed_interfaces/include/zed_interfaces/msg/detail/bounding_box2_di__rosidl_typesupport_microxrcedds_cpp.hpp
[536.162s] -- Symlinking: /home/nvidia/ros2_ws/install/zed_interfaces/include/zed_interfaces/msg/detail/bounding_box3_d__rosidl_typesupport_microxrcedds_cpp.hpp
[536.331s] -- Symlinking: /home/nvidia/ros2_ws/install/zed_interfaces/include/zed_interfaces/msg/detail/depth_info_stamped__rosidl_typesupport_microxrcedds_cpp.hpp
[536.450s] -- Symlinking: /home/nvidia/ros2_ws/install/zed_interfaces/include/zed_interfaces/msg/detail/heartbeat__rosidl_typesupport_microxrcedds_cpp.hpp
[536.566s] -- Symlinking: /home/nvidia/ros2_ws/install/zed_interfaces/include/zed_interfaces/msg/detail/keypoint2_df__rosidl_typesupport_microxrcedds_cpp.hpp
[536.681s] -- Symlinking: /home/nvidia/ros2_ws/install/zed_interfaces/include/zed_interfaces/msg/detail/keypoint2_di__rosidl_typesupport_microxrcedds_cpp.hpp
[536.797s] -- Symlinking: /home/nvidia/ros2_ws/install/zed_interfaces/include/zed_interfaces/msg/detail/keypoint3_d__rosidl_typesupport_microxrcedds_cpp.hpp
[536.917s] -- Symlinking: /home/nvidia/ros2_ws/install/zed_interfaces/include/zed_interfaces/msg/detail/microxrcedds/bounding_box2_df__type_support_cpp.cpp
[537.036s] -- Symlinking: /home/nvidia/ros2_ws/install/zed_interfaces/include/zed_interfaces/msg/detail/microxrcedds/bounding_box2_di__type_support_cpp.cpp
[537.163s] -- Symlinking: /home/nvidia/ros2_ws/install/zed_interfaces/include/zed_interfaces/msg/detail/microxrcedds/bounding_box3_d__type_support_cpp.cpp
[537.296s] -- Symlinking: /home/nvidia/ros2_ws/install/zed_interfaces/include/zed_interfaces/msg/detail/microxrcedds/depth_info_stamped__type_support_cpp.cpp
[537.420s] -- Symlinking: /home/nvidia/ros2_ws/install/zed_interfaces/include/zed_interfaces/msg/detail/microxrcedds/heartbeat__type_support_cpp.cpp
[537.534s] -- Symlinking: /home/nvidia/ros2_ws/install/zed_interfaces/include/zed_interfaces/msg/detail/microxrcedds/keypoint2_df__type_support_cpp.cpp
[537.635s] -- Symlinking: /home/nvidia/ros2_ws/install/zed_interfaces/include/zed_interfaces/msg/detail/microxrcedds/keypoint2_di__type_support_cpp.cpp
[537.734s] -- Symlinking: /home/nvidia/ros2_ws/install/zed_interfaces/include/zed_interfaces/msg/detail/microxrcedds/keypoint3_d__type_support_cpp.cpp
[537.834s] -- Symlinking: /home/nvidia/ros2_ws/install/zed_interfaces/include/zed_interfaces/msg/detail/microxrcedds/object__type_support_cpp.cpp
[537.937s] -- Symlinking: /home/nvidia/ros2_ws/install/zed_interfaces/include/zed_interfaces/msg/detail/microxrcedds/objects_stamped__type_support_cpp.cpp
[538.041s] -- Symlinking: /home/nvidia/ros2_ws/install/zed_interfaces/include/zed_interfaces/msg/detail/microxrcedds/plane_stamped__type_support_cpp.cpp
[538.148s] -- Symlinking: /home/nvidia/ros2_ws/install/zed_interfaces/include/zed_interfaces/msg/detail/microxrcedds/pos_track_status__type_support_cpp.cpp
[538.256s] -- Symlinking: /home/nvidia/ros2_ws/install/zed_interfaces/include/zed_interfaces/msg/detail/microxrcedds/skeleton2_d__type_support_cpp.cpp
[538.364s] -- Symlinking: /home/nvidia/ros2_ws/install/zed_interfaces/include/zed_interfaces/msg/detail/microxrcedds/skeleton3_d__type_support_cpp.cpp
[538.475s] -- Symlinking: /home/nvidia/ros2_ws/install/zed_interfaces/include/zed_interfaces/msg/detail/object__rosidl_typesupport_microxrcedds_cpp.hpp
[538.584s] -- Symlinking: /home/nvidia/ros2_ws/install/zed_interfaces/include/zed_interfaces/msg/detail/objects_stamped__rosidl_typesupport_microxrcedds_cpp.hpp
[538.686s] -- Symlinking: /home/nvidia/ros2_ws/install/zed_interfaces/include/zed_interfaces/msg/detail/plane_stamped__rosidl_typesupport_microxrcedds_cpp.hpp
[538.791s] -- Symlinking: /home/nvidia/ros2_ws/install/zed_interfaces/include/zed_interfaces/msg/detail/pos_track_status__rosidl_typesupport_microxrcedds_cpp.hpp
[538.896s] -- Symlinking: /home/nvidia/ros2_ws/install/zed_interfaces/include/zed_interfaces/msg/detail/skeleton2_d__rosidl_typesupport_microxrcedds_cpp.hpp
[538.997s] -- Symlinking: /home/nvidia/ros2_ws/install/zed_interfaces/include/zed_interfaces/msg/detail/skeleton3_d__rosidl_typesupport_microxrcedds_cpp.hpp
[539.096s] -- Symlinking: /home/nvidia/ros2_ws/install/zed_interfaces/include/zed_interfaces/msg/rosidl_typesupport_microxrcedds_cpp__visibility_control.h
[539.197s] -- Symlinking: /home/nvidia/ros2_ws/install/zed_interfaces/include/zed_interfaces/srv/detail/microxrcedds/set_pose__type_support_cpp.cpp
[539.301s] -- Symlinking: /home/nvidia/ros2_ws/install/zed_interfaces/include/zed_interfaces/srv/detail/microxrcedds/set_roi__type_support_cpp.cpp
[539.400s] -- Symlinking: /home/nvidia/ros2_ws/install/zed_interfaces/include/zed_interfaces/srv/detail/microxrcedds/start_svo_rec__type_support_cpp.cpp
[539.501s] -- Symlinking: /home/nvidia/ros2_ws/install/zed_interfaces/include/zed_interfaces/srv/detail/set_pose__rosidl_typesupport_microxrcedds_cpp.hpp
[539.601s] -- Symlinking: /home/nvidia/ros2_ws/install/zed_interfaces/include/zed_interfaces/srv/detail/set_roi__rosidl_typesupport_microxrcedds_cpp.hpp
[539.712s] -- Symlinking: /home/nvidia/ros2_ws/install/zed_interfaces/include/zed_interfaces/srv/detail/start_svo_rec__rosidl_typesupport_microxrcedds_cpp.hpp
[539.822s] -- Symlinking: /home/nvidia/ros2_ws/install/zed_interfaces/lib/libzed_interfaces__rosidl_typesupport_microxrcedds_cpp.so
[539.944s] -- Symlinking: /home/nvidia/ros2_ws/install/zed_interfaces/include/zed_interfaces/msg/detail/bounding_box2_df__rosidl_typesupport_introspection_cpp.hpp
[540.054s] -- Symlinking: /home/nvidia/ros2_ws/install/zed_interfaces/include/zed_interfaces/msg/detail/bounding_box2_di__rosidl_typesupport_introspection_cpp.hpp
[540.163s] -- Symlinking: /home/nvidia/ros2_ws/install/zed_interfaces/include/zed_interfaces/msg/detail/bounding_box3_d__rosidl_typesupport_introspection_cpp.hpp
[540.275s] -- Symlinking: /home/nvidia/ros2_ws/install/zed_interfaces/include/zed_interfaces/msg/detail/depth_info_stamped__rosidl_typesupport_introspection_cpp.hpp
[540.387s] -- Symlinking: /home/nvidia/ros2_ws/install/zed_interfaces/include/zed_interfaces/msg/detail/heartbeat__rosidl_typesupport_introspection_cpp.hpp
[540.524s] -- Symlinking: /home/nvidia/ros2_ws/install/zed_interfaces/include/zed_interfaces/msg/detail/keypoint2_df__rosidl_typesupport_introspection_cpp.hpp
[540.636s] -- Symlinking: /home/nvidia/ros2_ws/install/zed_interfaces/include/zed_interfaces/msg/detail/keypoint2_di__rosidl_typesupport_introspection_cpp.hpp
[540.743s] -- Symlinking: /home/nvidia/ros2_ws/install/zed_interfaces/include/zed_interfaces/msg/detail/keypoint3_d__rosidl_typesupport_introspection_cpp.hpp
[540.854s] -- Symlinking: /home/nvidia/ros2_ws/install/zed_interfaces/include/zed_interfaces/msg/detail/object__rosidl_typesupport_introspection_cpp.hpp
[540.969s] -- Symlinking: /home/nvidia/ros2_ws/install/zed_interfaces/include/zed_interfaces/msg/detail/objects_stamped__rosidl_typesupport_introspection_cpp.hpp
[541.129s] -- Symlinking: /home/nvidia/ros2_ws/install/zed_interfaces/include/zed_interfaces/msg/detail/plane_stamped__rosidl_typesupport_introspection_cpp.hpp
[541.252s] -- Symlinking: /home/nvidia/ros2_ws/install/zed_interfaces/include/zed_interfaces/msg/detail/pos_track_status__rosidl_typesupport_introspection_cpp.hpp
[541.373s] -- Symlinking: /home/nvidia/ros2_ws/install/zed_interfaces/include/zed_interfaces/msg/detail/skeleton2_d__rosidl_typesupport_introspection_cpp.hpp
[541.501s] -- Symlinking: /home/nvidia/ros2_ws/install/zed_interfaces/include/zed_interfaces/msg/detail/skeleton3_d__rosidl_typesupport_introspection_cpp.hpp
[541.677s] -- Symlinking: /home/nvidia/ros2_ws/install/zed_interfaces/include/zed_interfaces/srv/detail/set_pose__rosidl_typesupport_introspection_cpp.hpp
[541.870s] -- Symlinking: /home/nvidia/ros2_ws/install/zed_interfaces/include/zed_interfaces/srv/detail/set_roi__rosidl_typesupport_introspection_cpp.hpp
[542.074s] -- Symlinking: /home/nvidia/ros2_ws/install/zed_interfaces/include/zed_interfaces/srv/detail/start_svo_rec__rosidl_typesupport_introspection_cpp.hpp
[542.244s] -- Symlinking: /home/nvidia/ros2_ws/install/zed_interfaces/share/zed_interfaces/environment/pythonpath.sh
[542.464s] -- Symlinking: /home/nvidia/ros2_ws/install/zed_interfaces/share/zed_interfaces/environment/pythonpath.dsv
[542.713s] -- Symlinking: /home/nvidia/ros2_ws/install/zed_interfaces/lib/python3.8/site-packages/zed_interfaces/__init__.py
[542.898s] -- Symlinking: /home/nvidia/ros2_ws/install/zed_interfaces/lib/python3.8/site-packages/zed_interfaces/msg/__init__.py
[543.064s] -- Symlinking: /home/nvidia/ros2_ws/install/zed_interfaces/lib/python3.8/site-packages/zed_interfaces/msg/_bounding_box2_df.py
[543.387s] -- Symlinking: /home/nvidia/ros2_ws/install/zed_interfaces/lib/python3.8/site-packages/zed_interfaces/msg/_bounding_box2_di.py
[543.577s] -- Symlinking: /home/nvidia/ros2_ws/install/zed_interfaces/lib/python3.8/site-packages/zed_interfaces/msg/_bounding_box3_d.py
[543.846s] -- Symlinking: /home/nvidia/ros2_ws/install/zed_interfaces/lib/python3.8/site-packages/zed_interfaces/msg/_depth_info_stamped.py
[544.069s] -- Symlinking: /home/nvidia/ros2_ws/install/zed_interfaces/lib/python3.8/site-packages/zed_interfaces/msg/_heartbeat.py
[544.305s] -- Symlinking: /home/nvidia/ros2_ws/install/zed_interfaces/lib/python3.8/site-packages/zed_interfaces/msg/_keypoint2_df.py
[544.642s] -- Symlinking: /home/nvidia/ros2_ws/install/zed_interfaces/lib/python3.8/site-packages/zed_interfaces/msg/_keypoint2_di.py
[544.937s] -- Symlinking: /home/nvidia/ros2_ws/install/zed_interfaces/lib/python3.8/site-packages/zed_interfaces/msg/_keypoint3_d.py
[545.265s] -- Symlinking: /home/nvidia/ros2_ws/install/zed_interfaces/lib/python3.8/site-packages/zed_interfaces/msg/_object.py
[545.501s] -- Symlinking: /home/nvidia/ros2_ws/install/zed_interfaces/lib/python3.8/site-packages/zed_interfaces/msg/_objects_stamped.py
[545.730s] -- Symlinking: /home/nvidia/ros2_ws/install/zed_interfaces/lib/python3.8/site-packages/zed_interfaces/msg/_plane_stamped.py
[545.966s] -- Symlinking: /home/nvidia/ros2_ws/install/zed_interfaces/lib/python3.8/site-packages/zed_interfaces/msg/_pos_track_status.py
[546.164s] -- Symlinking: /home/nvidia/ros2_ws/install/zed_interfaces/lib/python3.8/site-packages/zed_interfaces/msg/_skeleton2_d.py
[546.279s] -- Symlinking: /home/nvidia/ros2_ws/install/zed_interfaces/lib/python3.8/site-packages/zed_interfaces/msg/_skeleton3_d.py
[546.527s] -- Symlinking: /home/nvidia/ros2_ws/install/zed_interfaces/lib/python3.8/site-packages/zed_interfaces/srv/__init__.py
[546.678s] -- Symlinking: /home/nvidia/ros2_ws/install/zed_interfaces/lib/python3.8/site-packages/zed_interfaces/srv/_set_pose.py
[546.850s] -- Symlinking: /home/nvidia/ros2_ws/install/zed_interfaces/lib/python3.8/site-packages/zed_interfaces/srv/_set_roi.py
[546.963s] -- Symlinking: /home/nvidia/ros2_ws/install/zed_interfaces/lib/python3.8/site-packages/zed_interfaces/srv/_start_svo_rec.py
[547.076s] -- Symlinking: /home/nvidia/ros2_ws/install/zed_interfaces/lib/python3.8/site-packages/zed_interfaces/zed_interfaces_s__rosidl_typesupport_microxrcedds_c.cpython-38-aarch64-linux-gnu.so
[547.330s] -- Symlinking: /home/nvidia/ros2_ws/install/zed_interfaces/lib/python3.8/site-packages/zed_interfaces/zed_interfaces_s__rosidl_typesupport_fastrtps_c.cpython-38-aarch64-linux-gnu.so
[547.512s] -- Symlinking: /home/nvidia/ros2_ws/install/zed_interfaces/lib/python3.8/site-packages/zed_interfaces/zed_interfaces_s__rosidl_typesupport_introspection_c.cpython-38-aarch64-linux-gnu.so
[547.721s] -- Symlinking: /home/nvidia/ros2_ws/install/zed_interfaces/lib/python3.8/site-packages/zed_interfaces/zed_interfaces_s__rosidl_typesupport_c.cpython-38-aarch64-linux-gnu.so
[547.907s] -- Symlinking: /home/nvidia/ros2_ws/install/zed_interfaces/lib/libzed_interfaces__python.so
[548.100s] -- Symlinking: /home/nvidia/ros2_ws/install/zed_interfaces/share/zed_interfaces/msg/Object.idl
[548.303s] -- Symlinking: /home/nvidia/ros2_ws/install/zed_interfaces/share/zed_interfaces/msg/ObjectsStamped.idl
[548.435s] -- Symlinking: /home/nvidia/ros2_ws/install/zed_interfaces/share/zed_interfaces/msg/Keypoint2Di.idl
[548.548s] -- Symlinking: /home/nvidia/ros2_ws/install/zed_interfaces/share/zed_interfaces/msg/Keypoint2Df.idl
[548.710s] -- Symlinking: /home/nvidia/ros2_ws/install/zed_interfaces/share/zed_interfaces/msg/Keypoint3D.idl
[548.895s] -- Symlinking: /home/nvidia/ros2_ws/install/zed_interfaces/share/zed_interfaces/msg/BoundingBox2Di.idl
[549.090s] -- Symlinking: /home/nvidia/ros2_ws/install/zed_interfaces/share/zed_interfaces/msg/BoundingBox2Df.idl
[549.258s] -- Symlinking: /home/nvidia/ros2_ws/install/zed_interfaces/share/zed_interfaces/msg/BoundingBox3D.idl
[549.383s] -- Symlinking: /home/nvidia/ros2_ws/install/zed_interfaces/share/zed_interfaces/msg/Skeleton2D.idl
[549.498s] -- Symlinking: /home/nvidia/ros2_ws/install/zed_interfaces/share/zed_interfaces/msg/Skeleton3D.idl
[549.831s] -- Symlinking: /home/nvidia/ros2_ws/install/zed_interfaces/share/zed_interfaces/msg/DepthInfoStamped.idl
[550.008s] -- Symlinking: /home/nvidia/ros2_ws/install/zed_interfaces/share/zed_interfaces/msg/PlaneStamped.idl
[550.173s] -- Symlinking: /home/nvidia/ros2_ws/install/zed_interfaces/share/zed_interfaces/msg/PosTrackStatus.idl
[550.455s] -- Symlinking: /home/nvidia/ros2_ws/install/zed_interfaces/share/zed_interfaces/msg/Heartbeat.idl
[550.623s] -- Symlinking: /home/nvidia/ros2_ws/install/zed_interfaces/share/zed_interfaces/srv/SetPose.idl
[550.762s] -- Symlinking: /home/nvidia/ros2_ws/install/zed_interfaces/share/zed_interfaces/srv/StartSvoRec.idl
[550.894s] -- Symlinking: /home/nvidia/ros2_ws/install/zed_interfaces/share/zed_interfaces/srv/SetROI.idl
[551.143s] -- Symlinking: /home/nvidia/ros2_ws/install/zed_interfaces/share/zed_interfaces/msg/Object.msg
[551.286s] -- Symlinking: /home/nvidia/ros2_ws/install/zed_interfaces/share/zed_interfaces/msg/ObjectsStamped.msg
[551.541s] -- Symlinking: /home/nvidia/ros2_ws/install/zed_interfaces/share/zed_interfaces/msg/Keypoint2Di.msg
[551.691s] -- Symlinking: /home/nvidia/ros2_ws/install/zed_interfaces/share/zed_interfaces/msg/Keypoint2Df.msg
[551.876s] -- Symlinking: /home/nvidia/ros2_ws/install/zed_interfaces/share/zed_interfaces/msg/Keypoint3D.msg
[552.117s] -- Symlinking: /home/nvidia/ros2_ws/install/zed_interfaces/share/zed_interfaces/msg/BoundingBox2Di.msg
[552.356s] -- Symlinking: /home/nvidia/ros2_ws/install/zed_interfaces/share/zed_interfaces/msg/BoundingBox2Df.msg
[552.513s] -- Symlinking: /home/nvidia/ros2_ws/install/zed_interfaces/share/zed_interfaces/msg/BoundingBox3D.msg
[552.640s] -- Symlinking: /home/nvidia/ros2_ws/install/zed_interfaces/share/zed_interfaces/msg/Skeleton2D.msg
[552.794s] -- Symlinking: /home/nvidia/ros2_ws/install/zed_interfaces/share/zed_interfaces/msg/Skeleton3D.msg
[552.947s] -- Symlinking: /home/nvidia/ros2_ws/install/zed_interfaces/share/zed_interfaces/msg/DepthInfoStamped.msg
[553.143s] -- Symlinking: /home/nvidia/ros2_ws/install/zed_interfaces/share/zed_interfaces/msg/PlaneStamped.msg
[553.374s] -- Symlinking: /home/nvidia/ros2_ws/install/zed_interfaces/share/zed_interfaces/msg/PosTrackStatus.msg
[553.527s] -- Symlinking: /home/nvidia/ros2_ws/install/zed_interfaces/share/zed_interfaces/msg/Heartbeat.msg
[553.647s] -- Symlinking: /home/nvidia/ros2_ws/install/zed_interfaces/share/zed_interfaces/srv/SetPose.srv
[553.818s] -- Symlinking: /home/nvidia/ros2_ws/install/zed_interfaces/share/zed_interfaces/srv/SetPose_Request.msg
[553.912s] -- Symlinking: /home/nvidia/ros2_ws/install/zed_interfaces/share/zed_interfaces/srv/SetPose_Response.msg
[554.084s] -- Symlinking: /home/nvidia/ros2_ws/install/zed_interfaces/share/zed_interfaces/srv/StartSvoRec.srv
[554.201s] -- Symlinking: /home/nvidia/ros2_ws/install/zed_interfaces/share/zed_interfaces/srv/StartSvoRec_Request.msg
[554.319s] -- Symlinking: /home/nvidia/ros2_ws/install/zed_interfaces/share/zed_interfaces/srv/StartSvoRec_Response.msg
[554.454s] -- Symlinking: /home/nvidia/ros2_ws/install/zed_interfaces/share/zed_interfaces/srv/SetROI.srv
[554.581s] -- Symlinking: /home/nvidia/ros2_ws/install/zed_interfaces/share/zed_interfaces/srv/SetROI_Request.msg
[554.699s] -- Symlinking: /home/nvidia/ros2_ws/install/zed_interfaces/share/zed_interfaces/srv/SetROI_Response.msg
[554.828s] -- Symlinking: /home/nvidia/ros2_ws/install/zed_interfaces/share/zed_interfaces/meshes/zed.stl
[554.948s] -- Symlinking: /home/nvidia/ros2_ws/install/zed_interfaces/share/zed_interfaces/meshes/zed2.stl
[555.116s] -- Symlinking: /home/nvidia/ros2_ws/install/zed_interfaces/share/zed_interfaces/meshes/zed2i.stl
[555.322s] -- Symlinking: /home/nvidia/ros2_ws/install/zed_interfaces/share/zed_interfaces/meshes/zedm.stl
[555.543s] -- Symlinking: /home/nvidia/ros2_ws/install/zed_interfaces/share/zed_interfaces/meshes/zedx.stl
[555.731s] -- Symlinking: /home/nvidia/ros2_ws/install/zed_interfaces/share/zed_interfaces/meshes/zedxm.stl
[555.945s] -- Symlinking: /home/nvidia/ros2_ws/install/zed_interfaces/share/ament_index/resource_index/package_run_dependencies/zed_interfaces
[556.127s] -- Symlinking: /home/nvidia/ros2_ws/install/zed_interfaces/share/ament_index/resource_index/parent_prefix_path/zed_interfaces
[556.274s] -- Symlinking: /home/nvidia/ros2_ws/install/zed_interfaces/share/zed_interfaces/environment/ament_prefix_path.sh
[556.418s] -- Symlinking: /home/nvidia/ros2_ws/install/zed_interfaces/share/zed_interfaces/environment/ament_prefix_path.dsv
[556.558s] -- Symlinking: /home/nvidia/ros2_ws/install/zed_interfaces/share/zed_interfaces/environment/path.sh
[556.709s] -- Symlinking: /home/nvidia/ros2_ws/install/zed_interfaces/share/zed_interfaces/environment/path.dsv
[556.835s] -- Symlinking: /home/nvidia/ros2_ws/install/zed_interfaces/share/zed_interfaces/local_setup.bash
[556.996s] -- Symlinking: /home/nvidia/ros2_ws/install/zed_interfaces/share/zed_interfaces/local_setup.sh
[557.113s] -- Symlinking: /home/nvidia/ros2_ws/install/zed_interfaces/share/zed_interfaces/local_setup.zsh
[557.230s] -- Symlinking: /home/nvidia/ros2_ws/install/zed_interfaces/share/zed_interfaces/local_setup.dsv
[557.368s] -- Symlinking: /home/nvidia/ros2_ws/install/zed_interfaces/share/zed_interfaces/package.dsv
[557.484s] -- Symlinking: /home/nvidia/ros2_ws/install/zed_interfaces/share/ament_index/resource_index/packages/zed_interfaces
[557.604s] -- Symlinking: /home/nvidia/ros2_ws/install/zed_interfaces/share/zed_interfaces/cmake/rosidl_cmake-extras.cmake
[557.716s] -- Symlinking: /home/nvidia/ros2_ws/install/zed_interfaces/share/zed_interfaces/cmake/ament_cmake_export_dependencies-extras.cmake
[557.830s] -- Symlinking: /home/nvidia/ros2_ws/install/zed_interfaces/share/zed_interfaces/cmake/ament_cmake_export_libraries-extras.cmake
[557.943s] -- Symlinking: /home/nvidia/ros2_ws/install/zed_interfaces/share/zed_interfaces/cmake/ament_cmake_export_targets-extras.cmake
[558.057s] -- Symlinking: /home/nvidia/ros2_ws/install/zed_interfaces/share/zed_interfaces/cmake/ament_cmake_export_include_directories-extras.cmake
[558.172s] -- Symlinking: /home/nvidia/ros2_ws/install/zed_interfaces/share/zed_interfaces/cmake/rosidl_cmake_export_typesupport_libraries-extras.cmake
[558.289s] -- Symlinking: /home/nvidia/ros2_ws/install/zed_interfaces/share/zed_interfaces/cmake/rosidl_cmake_export_typesupport_targets-extras.cmake
[558.410s] -- Symlinking: /home/nvidia/ros2_ws/install/zed_interfaces/share/zed_interfaces/cmake/zed_interfacesConfig.cmake
[558.520s] -- Symlinking: /home/nvidia/ros2_ws/install/zed_interfaces/share/zed_interfaces/cmake/zed_interfacesConfig-version.cmake
[558.636s] -- Symlinking: /home/nvidia/ros2_ws/install/zed_interfaces/share/zed_interfaces/package.xml
[558.748s] -- Installing: /home/nvidia/ros2_ws/install/zed_interfaces/lib/libzed_interfaces__rosidl_generator_c.so
[558.754s] -- Set runtime path of "/home/nvidia/ros2_ws/install/zed_interfaces/lib/libzed_interfaces__rosidl_generator_c.so" to ""
[558.754s] -- Installing: /home/nvidia/ros2_ws/install/zed_interfaces/lib/libzed_interfaces__rosidl_typesupport_introspection_c.so
[558.759s] -- Set runtime path of "/home/nvidia/ros2_ws/install/zed_interfaces/lib/libzed_interfaces__rosidl_typesupport_introspection_c.so" to ""
[558.759s] -- Installing: /home/nvidia/ros2_ws/install/zed_interfaces/lib/libzed_interfaces__rosidl_typesupport_c.so
[558.763s] -- Set runtime path of "/home/nvidia/ros2_ws/install/zed_interfaces/lib/libzed_interfaces__rosidl_typesupport_c.so" to ""
[558.765s] -- Installing: /home/nvidia/ros2_ws/install/zed_interfaces/lib/libzed_interfaces__rosidl_typesupport_introspection_cpp.so
[558.770s] -- Set runtime path of "/home/nvidia/ros2_ws/install/zed_interfaces/lib/libzed_interfaces__rosidl_typesupport_introspection_cpp.so" to ""
[558.771s] -- Installing: /home/nvidia/ros2_ws/install/zed_interfaces/lib/libzed_interfaces__rosidl_typesupport_cpp.so
[558.775s] -- Set runtime path of "/home/nvidia/ros2_ws/install/zed_interfaces/lib/libzed_interfaces__rosidl_typesupport_cpp.so" to ""
[559.312s] Compiling '/home/nvidia/ros2_ws/install/zed_interfaces/lib/python3.8/site-packages/zed_interfaces/__init__.py'...
[559.335s] -- Installing: /home/nvidia/ros2_ws/install/zed_interfaces/share/zed_interfaces/cmake/zed_interfaces__rosidl_generator_cExport.cmake
[559.337s] -- Installing: /home/nvidia/ros2_ws/install/zed_interfaces/share/zed_interfaces/cmake/zed_interfaces__rosidl_generator_cExport-release.cmake
[559.341s] -- Installing: /home/nvidia/ros2_ws/install/zed_interfaces/share/zed_interfaces/cmake/zed_interfaces__rosidl_typesupport_introspection_cExport.cmake
[559.343s] -- Installing: /home/nvidia/ros2_ws/install/zed_interfaces/share/zed_interfaces/cmake/zed_interfaces__rosidl_typesupport_introspection_cExport-release.cmake
[559.352s] -- Installing: /home/nvidia/ros2_ws/install/zed_interfaces/share/zed_interfaces/cmake/zed_interfaces__rosidl_typesupport_cExport.cmake
[559.353s] -- Installing: /home/nvidia/ros2_ws/install/zed_interfaces/share/zed_interfaces/cmake/zed_interfaces__rosidl_typesupport_cExport-release.cmake
[559.360s] -- Installing: /home/nvidia/ros2_ws/install/zed_interfaces/share/zed_interfaces/cmake/zed_interfaces__rosidl_generator_cppExport.cmake
[559.363s] -- Installing: /home/nvidia/ros2_ws/install/zed_interfaces/share/zed_interfaces/cmake/zed_interfaces__rosidl_typesupport_introspection_cppExport.cmake
[559.364s] -- Installing: /home/nvidia/ros2_ws/install/zed_interfaces/share/zed_interfaces/cmake/zed_interfaces__rosidl_typesupport_introspection_cppExport-release.cmake
[559.366s] -- Installing: /home/nvidia/ros2_ws/install/zed_interfaces/share/zed_interfaces/cmake/zed_interfaces__rosidl_typesupport_cppExport.cmake
[559.374s] -- Installing: /home/nvidia/ros2_ws/install/zed_interfaces/share/zed_interfaces/cmake/zed_interfaces__rosidl_typesupport_cppExport-release.cmake
[559.401s] Invoked command in '/home/nvidia/ros2_ws/build/zed_interfaces' returned '0': CMAKE_PREFIX_PATH=${CMAKE_PREFIX_PATH}:/home/nvidia/rosbag_ws/install/ros2bag:/home/nvidia/microros_ws/install/sensor_msgs_py:/home/nvidia/ros2_ws/install/obj_det_visualizer:/home/nvidia/ros2_ws/install/ros2bag:/home/nvidia/ros2_ws/install/sim2real:/home/nvidia/ros2_ws/install/opencv_tests:/opt/ros/foxy /usr/bin/cmake --install /home/nvidia/ros2_ws/build/zed_interfaces
