[1.031s] Invoking command in '/home/nvidia/ros2_ws/build/image_geometry': CMAKE_PREFIX_PATH=${CMAKE_PREFIX_PATH}:/home/nvidia/rosbag_ws/install/ros2bag:/home/nvidia/microros_ws/install/sensor_msgs_py:/home/nvidia/ros2_ws/install/obj_det_visualizer:/home/nvidia/ros2_ws/install/opencv_tests:/opt/ros/foxy /usr/bin/cmake --build /home/nvidia/ros2_ws/build/image_geometry -- -j6 -l6
[2.263s] [ 18%] Built target gtest
[2.409s] [ 36%] Built target gtest_main
[2.469s] [ 63%] Built target image_geometry
[3.221s] [ 81%] Built target image_geometry-utest
[3.629s] [100%] Built target image_geometry-utest-equi
[4.019s] Invoked command in '/home/nvidia/ros2_ws/build/image_geometry' returned '0': CMAKE_PREFIX_PATH=${CMAKE_PREFIX_PATH}:/home/nvidia/rosbag_ws/install/ros2bag:/home/nvidia/microros_ws/install/sensor_msgs_py:/home/nvidia/ros2_ws/install/obj_det_visualizer:/home/nvidia/ros2_ws/install/opencv_tests:/opt/ros/foxy /usr/bin/cmake --build /home/nvidia/ros2_ws/build/image_geometry -- -j6 -l6
[4.973s] Invoking command in '/home/nvidia/ros2_ws/build/image_geometry': CMAKE_PREFIX_PATH=${CMAKE_PREFIX_PATH}:/home/nvidia/rosbag_ws/install/ros2bag:/home/nvidia/microros_ws/install/sensor_msgs_py:/home/nvidia/ros2_ws/install/obj_det_visualizer:/home/nvidia/ros2_ws/install/opencv_tests:/opt/ros/foxy /usr/bin/cmake --install /home/nvidia/ros2_ws/build/image_geometry
[5.211s] -- Install configuration: "Release"
[5.214s] -- Execute custom install script
[5.219s] -- Up-to-date symlink: /home/nvidia/ros2_ws/install/image_geometry/share/image_geometry/environment/pythonpath.sh
[5.221s] -- Up-to-date symlink: /home/nvidia/ros2_ws/install/image_geometry/share/image_geometry/environment/pythonpath.dsv
[5.231s] -- Up-to-date symlink: /home/nvidia/ros2_ws/install/image_geometry/lib/python3.8/site-packages/image_geometry/__init__.py
[5.233s] -- Up-to-date symlink: /home/nvidia/ros2_ws/install/image_geometry/lib/python3.8/site-packages/image_geometry/cameramodels.py
[5.238s] -- Up-to-date symlink: /home/nvidia/ros2_ws/install/image_geometry/include/image_geometry/pinhole_camera_model.h
[5.240s] -- Up-to-date symlink: /home/nvidia/ros2_ws/install/image_geometry/include/image_geometry/stereo_camera_model.h
[5.243s] -- Up-to-date symlink: /home/nvidia/ros2_ws/install/image_geometry/include/image_geometry/visibility_control.hpp
[5.248s] -- Up-to-date symlink: /home/nvidia/ros2_ws/install/image_geometry/lib/libimage_geometry.so
[5.253s] -- Up-to-date symlink: /home/nvidia/ros2_ws/install/image_geometry/share/image_geometry/environment/library_path.sh
[5.255s] -- Up-to-date symlink: /home/nvidia/ros2_ws/install/image_geometry/share/image_geometry/environment/library_path.dsv
[5.258s] -- Up-to-date symlink: /home/nvidia/ros2_ws/install/image_geometry/share/ament_index/resource_index/package_run_dependencies/image_geometry
[5.262s] -- Up-to-date symlink: /home/nvidia/ros2_ws/install/image_geometry/share/ament_index/resource_index/parent_prefix_path/image_geometry
[5.265s] -- Up-to-date symlink: /home/nvidia/ros2_ws/install/image_geometry/share/image_geometry/environment/ament_prefix_path.sh
[5.267s] -- Up-to-date symlink: /home/nvidia/ros2_ws/install/image_geometry/share/image_geometry/environment/ament_prefix_path.dsv
[5.271s] -- Up-to-date symlink: /home/nvidia/ros2_ws/install/image_geometry/share/image_geometry/environment/path.sh
[5.273s] -- Up-to-date symlink: /home/nvidia/ros2_ws/install/image_geometry/share/image_geometry/environment/path.dsv
[5.276s] -- Up-to-date symlink: /home/nvidia/ros2_ws/install/image_geometry/share/image_geometry/local_setup.bash
[5.280s] -- Up-to-date symlink: /home/nvidia/ros2_ws/install/image_geometry/share/image_geometry/local_setup.sh
[5.283s] -- Up-to-date symlink: /home/nvidia/ros2_ws/install/image_geometry/share/image_geometry/local_setup.zsh
[5.286s] -- Up-to-date symlink: /home/nvidia/ros2_ws/install/image_geometry/share/image_geometry/local_setup.dsv
[5.288s] -- Symlinking: /home/nvidia/ros2_ws/install/image_geometry/share/image_geometry/package.dsv
[5.409s] -- Up-to-date symlink: /home/nvidia/ros2_ws/install/image_geometry/share/ament_index/resource_index/packages/image_geometry
[5.488s] -- Up-to-date symlink: /home/nvidia/ros2_ws/install/image_geometry/share/image_geometry/cmake/ament_cmake_export_libraries-extras.cmake
[5.492s] -- Up-to-date symlink: /home/nvidia/ros2_ws/install/image_geometry/share/image_geometry/cmake/ament_cmake_export_dependencies-extras.cmake
[5.496s] -- Up-to-date symlink: /home/nvidia/ros2_ws/install/image_geometry/share/image_geometry/cmake/ament_cmake_export_include_directories-extras.cmake
[5.502s] -- Up-to-date symlink: /home/nvidia/ros2_ws/install/image_geometry/share/image_geometry/cmake/image_geometryConfig.cmake
[5.508s] -- Up-to-date symlink: /home/nvidia/ros2_ws/install/image_geometry/share/image_geometry/cmake/image_geometryConfig-version.cmake
[5.512s] -- Up-to-date symlink: /home/nvidia/ros2_ws/install/image_geometry/share/image_geometry/package.xml
[6.091s] Listing '/home/nvidia/ros2_ws/install/image_geometry/lib/python3.8/site-packages/image_geometry'...
[6.265s] Invoked command in '/home/nvidia/ros2_ws/build/image_geometry' returned '0': CMAKE_PREFIX_PATH=${CMAKE_PREFIX_PATH}:/home/nvidia/rosbag_ws/install/ros2bag:/home/nvidia/microros_ws/install/sensor_msgs_py:/home/nvidia/ros2_ws/install/obj_det_visualizer:/home/nvidia/ros2_ws/install/opencv_tests:/opt/ros/foxy /usr/bin/cmake --install /home/nvidia/ros2_ws/build/image_geometry
