[8.327s] Invoking command in '/home/nvidia/ros2_ws/build/lane_follower': PYTHONPATH=/home/nvidia/ros2_ws/build/lane_follower/prefix_override:/usr/lib/python3/dist-packages/colcon_core/task/python/colcon_distutils_commands:/home/nvidia/ros2_ws/install/lane_follower/lib/python3.8/site-packages:${PYTHONPATH} /usr/bin/python3 -W ignore:setup.py install is deprecated -W ignore:easy_install command is deprecated setup.py develop --uninstall --editable --build-directory /home/nvidia/ros2_ws/build/lane_follower/build
[10.339s] running develop
[11.363s] Removing /home/nvidia/ros2_ws/install/lane_follower/lib/python3.8/site-packages/lane-follower.egg-link (link to .)
[11.481s] Invoked command in '/home/nvidia/ros2_ws/build/lane_follower' returned '0': PYTHONPATH=/home/nvidia/ros2_ws/build/lane_follower/prefix_override:/usr/lib/python3/dist-packages/colcon_core/task/python/colcon_distutils_commands:/home/nvidia/ros2_ws/install/lane_follower/lib/python3.8/site-packages:${PYTHONPATH} /usr/bin/python3 -W ignore:setup.py install is deprecated -W ignore:easy_install command is deprecated setup.py develop --uninstall --editable --build-directory /home/nvidia/ros2_ws/build/lane_follower/build
[11.499s] Invoking command in '/home/nvidia/ros2_ws/src/racetrack_challenge/lane_follower': PYTHONPATH=/home/nvidia/ros2_ws/build/lane_follower/prefix_override:/usr/lib/python3/dist-packages/colcon_core/task/python/colcon_distutils_commands:/home/nvidia/ros2_ws/install/lane_follower/lib/python3.8/site-packages:${PYTHONPATH} /usr/bin/python3 -W ignore:setup.py install is deprecated -W ignore:easy_install command is deprecated setup.py egg_info --egg-base ../../../build/lane_follower build --build-base /home/nvidia/ros2_ws/build/lane_follower/build install --record /home/nvidia/ros2_ws/build/lane_follower/install.log --install-scripts $base/lib/lane_follower --single-version-externally-managed install_data --force
[13.156s] running egg_info
[13.158s] writing ../../../build/lane_follower/lane_follower.egg-info/PKG-INFO
[13.160s] writing dependency_links to ../../../build/lane_follower/lane_follower.egg-info/dependency_links.txt
[13.162s] writing entry points to ../../../build/lane_follower/lane_follower.egg-info/entry_points.txt
[13.163s] writing requirements to ../../../build/lane_follower/lane_follower.egg-info/requires.txt
[13.163s] writing top-level names to ../../../build/lane_follower/lane_follower.egg-info/top_level.txt
[13.653s] reading manifest file '../../../build/lane_follower/lane_follower.egg-info/SOURCES.txt'
[13.658s] writing manifest file '../../../build/lane_follower/lane_follower.egg-info/SOURCES.txt'
[13.659s] running build
[13.660s] running build_py
[13.663s] copying lane_follower/lane_detection.py -> /home/nvidia/ros2_ws/build/lane_follower/build/lib/lane_follower
[13.664s] running install
[13.670s] running install_lib
[13.676s] creating /home/nvidia/ros2_ws/install/lane_follower/lib/python3.8/site-packages/lane_follower
[13.677s] copying /home/nvidia/ros2_ws/build/lane_follower/build/lib/lane_follower/__init__.py -> /home/nvidia/ros2_ws/install/lane_follower/lib/python3.8/site-packages/lane_follower
[13.677s] copying /home/nvidia/ros2_ws/build/lane_follower/build/lib/lane_follower/lane_detection.py -> /home/nvidia/ros2_ws/install/lane_follower/lib/python3.8/site-packages/lane_follower
[13.682s] byte-compiling /home/nvidia/ros2_ws/install/lane_follower/lib/python3.8/site-packages/lane_follower/__init__.py to __init__.cpython-38.pyc
[13.688s] byte-compiling /home/nvidia/ros2_ws/install/lane_follower/lib/python3.8/site-packages/lane_follower/lane_detection.py to lane_detection.cpython-38.pyc
[13.698s] running install_data
[13.699s] copying resource/lane_follower -> /home/nvidia/ros2_ws/install/lane_follower/share/ament_index/resource_index/packages
[13.911s] copying package.xml -> /home/nvidia/ros2_ws/install/lane_follower/share/lane_follower
[13.912s] running install_egg_info
[13.925s] Copying ../../../build/lane_follower/lane_follower.egg-info to /home/nvidia/ros2_ws/install/lane_follower/lib/python3.8/site-packages/lane_follower-0.0.0-py3.8.egg-info
[14.079s] running install_scripts
[14.187s] writing list of installed files to '/home/nvidia/ros2_ws/build/lane_follower/install.log'
[14.304s] Invoked command in '/home/nvidia/ros2_ws/src/racetrack_challenge/lane_follower' returned '0': PYTHONPATH=/home/nvidia/ros2_ws/build/lane_follower/prefix_override:/usr/lib/python3/dist-packages/colcon_core/task/python/colcon_distutils_commands:/home/nvidia/ros2_ws/install/lane_follower/lib/python3.8/site-packages:${PYTHONPATH} /usr/bin/python3 -W ignore:setup.py install is deprecated -W ignore:easy_install command is deprecated setup.py egg_info --egg-base ../../../build/lane_follower build --build-base /home/nvidia/ros2_ws/build/lane_follower/build install --record /home/nvidia/ros2_ws/build/lane_follower/install.log --install-scripts $base/lib/lane_follower --single-version-externally-managed install_data --force
