[0.167s] Invoking command in '/home/nvidia/ros2_ws/build/drive_base_msgs': CMAKE_PREFIX_PATH=${CMAKE_PREFIX_PATH}:/home/nvidia/rosbag_ws/install/ros2bag:/home/nvidia/microros_ws/install/sensor_msgs_py:/home/nvidia/ros2_ws/install/obj_det_visualizer:/home/nvidia/ros2_ws/install/opencv_tests:/opt/ros/foxy /usr/bin/cmake /home/nvidia/ros2_ws/src/uros/drive_base/drive_base_msgs -DCMAKE_INSTALL_PREFIX=/home/nvidia/ros2_ws/install/drive_base_msgs
[0.941s] -- Found ament_cmake: 0.9.12 (/opt/ros/foxy/share/ament_cmake/cmake)
[1.130s] -- Found PythonInterp: /usr/bin/python3 (found suitable version "3.8.10", minimum required is "3") 
[1.131s] -- Using PYTHON_EXECUTABLE: /usr/bin/python3
[2.875s] -- Override CMake install command with custom implementation using symlinks instead of copying resources
[2.938s] -- Found std_msgs: 2.0.5 (/home/nvidia/microros_ws/install/std_msgs/share/std_msgs/cmake)
[3.137s] -- Using all available rosidl_typesupport_c: rosidl_typesupport_microxrcedds_c;rosidl_typesupport_fastrtps_c;rosidl_typesupport_introspection_c
[3.159s] -- Found rosidl_adapter: 1.3.1 (/opt/ros/foxy/share/rosidl_adapter/cmake)
[4.443s] -- Using all available rosidl_typesupport_cpp: rosidl_typesupport_microxrcedds_cpp;rosidl_typesupport_fastrtps_cpp;rosidl_typesupport_introspection_cpp
[4.723s] -- Found rosidl_default_generators: 1.0.1 (/opt/ros/foxy/share/rosidl_default_generators/cmake)
[5.231s] -- Found PythonInterp: /usr/bin/python3 (found version "3.8.10") 
[6.907s] -- Found ament_cmake_cppcheck: 0.9.8 (/opt/ros/foxy/share/ament_cmake_cppcheck/cmake)
[6.913s] -- Found ament_cmake_cpplint: 0.9.8 (/opt/ros/foxy/share/ament_cmake_cpplint/cmake)
[6.916s] -- Found ament_cmake_uncrustify: 0.9.8 (/opt/ros/foxy/share/ament_cmake_uncrustify/cmake)
[6.920s] -- Found ament_cmake_ros: 0.9.2 (/opt/ros/foxy/share/ament_cmake_ros/cmake)
[8.998s] -- Using all available rosidl_typesupport_c: rosidl_typesupport_microxrcedds_c;rosidl_typesupport_fastrtps_c;rosidl_typesupport_introspection_c
[9.811s] -- Using all available rosidl_typesupport_cpp: rosidl_typesupport_microxrcedds_cpp;rosidl_typesupport_fastrtps_cpp;rosidl_typesupport_introspection_cpp
[10.270s] -- Found PythonInterp: /usr/bin/python3 (found suitable version "3.8.10", minimum required is "3.5") 
[10.271s] -- Found python_cmake_module: 0.8.1 (/opt/ros/foxy/share/python_cmake_module/cmake)
[10.669s] -- Using PYTHON_EXECUTABLE: /usr/bin/python3
[10.671s] -- Using PYTHON_INCLUDE_DIRS: /usr/include/python3.8
[10.672s] -- Using PYTHON_LIBRARIES: /usr/lib/aarch64-linux-gnu/libpython3.8.so
[11.295s] -- Found ament_cmake_flake8: 0.9.8 (/opt/ros/foxy/share/ament_cmake_flake8/cmake)
[11.300s] -- Found ament_cmake_pep257: 0.9.8 (/opt/ros/foxy/share/ament_cmake_pep257/cmake)
[11.419s] -- Configuring done
[12.062s] -- Generating done
[12.208s] -- Build files have been written to: /home/nvidia/ros2_ws/build/drive_base_msgs
[12.260s] Invoked command in '/home/nvidia/ros2_ws/build/drive_base_msgs' returned '0': CMAKE_PREFIX_PATH=${CMAKE_PREFIX_PATH}:/home/nvidia/rosbag_ws/install/ros2bag:/home/nvidia/microros_ws/install/sensor_msgs_py:/home/nvidia/ros2_ws/install/obj_det_visualizer:/home/nvidia/ros2_ws/install/opencv_tests:/opt/ros/foxy /usr/bin/cmake /home/nvidia/ros2_ws/src/uros/drive_base/drive_base_msgs -DCMAKE_INSTALL_PREFIX=/home/nvidia/ros2_ws/install/drive_base_msgs
[12.269s] Invoking command in '/home/nvidia/ros2_ws/build/drive_base_msgs': CMAKE_PREFIX_PATH=${CMAKE_PREFIX_PATH}:/home/nvidia/rosbag_ws/install/ros2bag:/home/nvidia/microros_ws/install/sensor_msgs_py:/home/nvidia/ros2_ws/install/obj_det_visualizer:/home/nvidia/ros2_ws/install/opencv_tests:/opt/ros/foxy /usr/bin/cmake --build /home/nvidia/ros2_ws/build/drive_base_msgs -- -j6 -l6
[15.336s] [  1%] Built target drive_base_msgs__cpp
[15.338s] [ 10%] Built target drive_base_msgs__rosidl_generator_c
[15.349s] [ 18%] Built target drive_base_msgs__rosidl_typesupport_introspection_cpp
[15.353s] [ 27%] Built target drive_base_msgs__rosidl_typesupport_microxrcedds_c
[15.357s] [ 36%] Built target drive_base_msgs__rosidl_typesupport_cpp
[15.357s] [ 44%] Built target drive_base_msgs__rosidl_typesupport_microxrcedds_cpp
[15.358s] [ 53%] Built target drive_base_msgs__rosidl_typesupport_introspection_c
[15.358s] [ 62%] Built target drive_base_msgs__rosidl_typesupport_fastrtps_cpp
[15.359s] [ 71%] Built target drive_base_msgs__rosidl_typesupport_c
[15.359s] [ 79%] Built target drive_base_msgs__rosidl_typesupport_fastrtps_c
[15.360s] [ 79%] Built target drive_base_msgs
[15.360s] [ 81%] Built target drive_base_msgs__py
[15.648s] [ 88%] Built target drive_base_msgs__python
[16.140s] [ 91%] Built target drive_base_msgs__rosidl_typesupport_microxrcedds_c__pyext
[16.157s] [ 94%] Built target drive_base_msgs__rosidl_typesupport_fastrtps_c__pyext
[16.174s] [ 97%] Built target drive_base_msgs__rosidl_typesupport_c__pyext
[16.176s] [100%] Built target drive_base_msgs__rosidl_typesupport_introspection_c__pyext
[16.313s] Invoked command in '/home/nvidia/ros2_ws/build/drive_base_msgs' returned '0': CMAKE_PREFIX_PATH=${CMAKE_PREFIX_PATH}:/home/nvidia/rosbag_ws/install/ros2bag:/home/nvidia/microros_ws/install/sensor_msgs_py:/home/nvidia/ros2_ws/install/obj_det_visualizer:/home/nvidia/ros2_ws/install/opencv_tests:/opt/ros/foxy /usr/bin/cmake --build /home/nvidia/ros2_ws/build/drive_base_msgs -- -j6 -l6
[16.317s] Invoking command in '/home/nvidia/ros2_ws/build/drive_base_msgs': CMAKE_PREFIX_PATH=${CMAKE_PREFIX_PATH}:/home/nvidia/rosbag_ws/install/ros2bag:/home/nvidia/microros_ws/install/sensor_msgs_py:/home/nvidia/ros2_ws/install/obj_det_visualizer:/home/nvidia/ros2_ws/install/opencv_tests:/opt/ros/foxy /usr/bin/cmake --install /home/nvidia/ros2_ws/build/drive_base_msgs
[16.684s] -- Install configuration: "Release"
[16.684s] -- Execute custom install script
[16.685s] -- Up-to-date symlink: /home/nvidia/ros2_ws/install/drive_base_msgs/share/ament_index/resource_index/rosidl_interfaces/drive_base_msgs
[16.685s] -- Up-to-date symlink: /home/nvidia/ros2_ws/install/drive_base_msgs/include/drive_base_msgs/msg/base_info.h
[16.685s] -- Up-to-date symlink: /home/nvidia/ros2_ws/install/drive_base_msgs/include/drive_base_msgs/msg/command_header.h
[16.686s] -- Up-to-date symlink: /home/nvidia/ros2_ws/install/drive_base_msgs/include/drive_base_msgs/msg/command_status.h
[16.687s] -- Up-to-date symlink: /home/nvidia/ros2_ws/install/drive_base_msgs/include/drive_base_msgs/msg/detail/base_info__functions.h
[16.687s] -- Up-to-date symlink: /home/nvidia/ros2_ws/install/drive_base_msgs/include/drive_base_msgs/msg/detail/base_info__struct.h
[16.691s] -- Up-to-date symlink: /home/nvidia/ros2_ws/install/drive_base_msgs/include/drive_base_msgs/msg/detail/base_info__type_support.h
[16.693s] -- Up-to-date symlink: /home/nvidia/ros2_ws/install/drive_base_msgs/include/drive_base_msgs/msg/detail/command_header__functions.h
[16.695s] -- Up-to-date symlink: /home/nvidia/ros2_ws/install/drive_base_msgs/include/drive_base_msgs/msg/detail/command_header__struct.h
[16.697s] -- Up-to-date symlink: /home/nvidia/ros2_ws/install/drive_base_msgs/include/drive_base_msgs/msg/detail/command_header__type_support.h
[16.698s] -- Up-to-date symlink: /home/nvidia/ros2_ws/install/drive_base_msgs/include/drive_base_msgs/msg/detail/command_status__functions.h
[16.701s] -- Up-to-date symlink: /home/nvidia/ros2_ws/install/drive_base_msgs/include/drive_base_msgs/msg/detail/command_status__struct.h
[16.712s] -- Up-to-date symlink: /home/nvidia/ros2_ws/install/drive_base_msgs/include/drive_base_msgs/msg/detail/command_status__type_support.h
[16.713s] -- Up-to-date symlink: /home/nvidia/ros2_ws/install/drive_base_msgs/include/drive_base_msgs/msg/detail/trv_command__functions.h
[16.713s] -- Up-to-date symlink: /home/nvidia/ros2_ws/install/drive_base_msgs/include/drive_base_msgs/msg/detail/trv_command__struct.h
[16.714s] -- Up-to-date symlink: /home/nvidia/ros2_ws/install/drive_base_msgs/include/drive_base_msgs/msg/detail/trv_command__type_support.h
[16.714s] -- Up-to-date symlink: /home/nvidia/ros2_ws/install/drive_base_msgs/include/drive_base_msgs/msg/rosidl_generator_c__visibility_control.h
[16.715s] -- Up-to-date symlink: /home/nvidia/ros2_ws/install/drive_base_msgs/include/drive_base_msgs/msg/trv_command.h
[16.715s] -- Up-to-date symlink: /home/nvidia/ros2_ws/install/drive_base_msgs/share/drive_base_msgs/environment/library_path.sh
[16.716s] -- Up-to-date symlink: /home/nvidia/ros2_ws/install/drive_base_msgs/share/drive_base_msgs/environment/library_path.dsv
[16.717s] -- Up-to-date symlink: /home/nvidia/ros2_ws/install/drive_base_msgs/include/drive_base_msgs/msg/detail/base_info__rosidl_typesupport_microxrcedds_c.h
[16.718s] -- Up-to-date symlink: /home/nvidia/ros2_ws/install/drive_base_msgs/include/drive_base_msgs/msg/detail/command_header__rosidl_typesupport_microxrcedds_c.h
[16.718s] -- Up-to-date symlink: /home/nvidia/ros2_ws/install/drive_base_msgs/include/drive_base_msgs/msg/detail/command_status__rosidl_typesupport_microxrcedds_c.h
[16.719s] -- Up-to-date symlink: /home/nvidia/ros2_ws/install/drive_base_msgs/include/drive_base_msgs/msg/detail/trv_command__rosidl_typesupport_microxrcedds_c.h
[16.719s] -- Up-to-date symlink: /home/nvidia/ros2_ws/install/drive_base_msgs/include/drive_base_msgs/msg/rosidl_typesupport_microxrcedds_c__visibility_control.h
[16.720s] -- Up-to-date symlink: /home/nvidia/ros2_ws/install/drive_base_msgs/lib/libdrive_base_msgs__rosidl_typesupport_microxrcedds_c.so
[16.725s] -- Up-to-date symlink: /home/nvidia/ros2_ws/install/drive_base_msgs/include/drive_base_msgs/msg/detail/base_info__rosidl_typesupport_fastrtps_c.h
[16.725s] -- Up-to-date symlink: /home/nvidia/ros2_ws/install/drive_base_msgs/include/drive_base_msgs/msg/detail/command_header__rosidl_typesupport_fastrtps_c.h
[16.726s] -- Up-to-date symlink: /home/nvidia/ros2_ws/install/drive_base_msgs/include/drive_base_msgs/msg/detail/command_status__rosidl_typesupport_fastrtps_c.h
[16.726s] -- Up-to-date symlink: /home/nvidia/ros2_ws/install/drive_base_msgs/include/drive_base_msgs/msg/detail/trv_command__rosidl_typesupport_fastrtps_c.h
[16.726s] -- Up-to-date symlink: /home/nvidia/ros2_ws/install/drive_base_msgs/include/drive_base_msgs/msg/rosidl_typesupport_fastrtps_c__visibility_control.h
[16.727s] -- Up-to-date symlink: /home/nvidia/ros2_ws/install/drive_base_msgs/lib/libdrive_base_msgs__rosidl_typesupport_fastrtps_c.so
[16.727s] -- Up-to-date symlink: /home/nvidia/ros2_ws/install/drive_base_msgs/include/drive_base_msgs/msg/detail/base_info__rosidl_typesupport_fastrtps_cpp.hpp
[16.728s] -- Up-to-date symlink: /home/nvidia/ros2_ws/install/drive_base_msgs/include/drive_base_msgs/msg/detail/command_header__rosidl_typesupport_fastrtps_cpp.hpp
[16.728s] -- Up-to-date symlink: /home/nvidia/ros2_ws/install/drive_base_msgs/include/drive_base_msgs/msg/detail/command_status__rosidl_typesupport_fastrtps_cpp.hpp
[16.729s] -- Up-to-date symlink: /home/nvidia/ros2_ws/install/drive_base_msgs/include/drive_base_msgs/msg/detail/trv_command__rosidl_typesupport_fastrtps_cpp.hpp
[16.729s] -- Up-to-date symlink: /home/nvidia/ros2_ws/install/drive_base_msgs/include/drive_base_msgs/msg/rosidl_typesupport_fastrtps_cpp__visibility_control.h
[16.730s] -- Up-to-date symlink: /home/nvidia/ros2_ws/install/drive_base_msgs/lib/libdrive_base_msgs__rosidl_typesupport_fastrtps_cpp.so
[16.730s] -- Up-to-date symlink: /home/nvidia/ros2_ws/install/drive_base_msgs/include/drive_base_msgs/msg/detail/base_info__rosidl_typesupport_introspection_c.h
[16.730s] -- Up-to-date symlink: /home/nvidia/ros2_ws/install/drive_base_msgs/include/drive_base_msgs/msg/detail/command_header__rosidl_typesupport_introspection_c.h
[16.739s] -- Up-to-date symlink: /home/nvidia/ros2_ws/install/drive_base_msgs/include/drive_base_msgs/msg/detail/command_status__rosidl_typesupport_introspection_c.h
[16.739s] -- Up-to-date symlink: /home/nvidia/ros2_ws/install/drive_base_msgs/include/drive_base_msgs/msg/detail/trv_command__rosidl_typesupport_introspection_c.h
[16.740s] -- Up-to-date symlink: /home/nvidia/ros2_ws/install/drive_base_msgs/include/drive_base_msgs/msg/rosidl_typesupport_introspection_c__visibility_control.h
[16.740s] -- Up-to-date symlink: /home/nvidia/ros2_ws/install/drive_base_msgs/include/drive_base_msgs/msg/base_info.hpp
[16.742s] -- Up-to-date symlink: /home/nvidia/ros2_ws/install/drive_base_msgs/include/drive_base_msgs/msg/command_header.hpp
[16.743s] -- Up-to-date symlink: /home/nvidia/ros2_ws/install/drive_base_msgs/include/drive_base_msgs/msg/command_status.hpp
[16.744s] -- Up-to-date symlink: /home/nvidia/ros2_ws/install/drive_base_msgs/include/drive_base_msgs/msg/detail/base_info__builder.hpp
[16.744s] -- Up-to-date symlink: /home/nvidia/ros2_ws/install/drive_base_msgs/include/drive_base_msgs/msg/detail/base_info__struct.hpp
[16.745s] -- Up-to-date symlink: /home/nvidia/ros2_ws/install/drive_base_msgs/include/drive_base_msgs/msg/detail/base_info__traits.hpp
[16.745s] -- Up-to-date symlink: /home/nvidia/ros2_ws/install/drive_base_msgs/include/drive_base_msgs/msg/detail/base_info__type_support.hpp
[16.746s] -- Up-to-date symlink: /home/nvidia/ros2_ws/install/drive_base_msgs/include/drive_base_msgs/msg/detail/command_header__builder.hpp
[16.746s] -- Up-to-date symlink: /home/nvidia/ros2_ws/install/drive_base_msgs/include/drive_base_msgs/msg/detail/command_header__struct.hpp
[16.746s] -- Up-to-date symlink: /home/nvidia/ros2_ws/install/drive_base_msgs/include/drive_base_msgs/msg/detail/command_header__traits.hpp
[16.747s] -- Up-to-date symlink: /home/nvidia/ros2_ws/install/drive_base_msgs/include/drive_base_msgs/msg/detail/command_header__type_support.hpp
[16.747s] -- Up-to-date symlink: /home/nvidia/ros2_ws/install/drive_base_msgs/include/drive_base_msgs/msg/detail/command_status__builder.hpp
[16.748s] -- Up-to-date symlink: /home/nvidia/ros2_ws/install/drive_base_msgs/include/drive_base_msgs/msg/detail/command_status__struct.hpp
[16.748s] -- Up-to-date symlink: /home/nvidia/ros2_ws/install/drive_base_msgs/include/drive_base_msgs/msg/detail/command_status__traits.hpp
[16.758s] -- Up-to-date symlink: /home/nvidia/ros2_ws/install/drive_base_msgs/include/drive_base_msgs/msg/detail/command_status__type_support.hpp
[16.765s] -- Up-to-date symlink: /home/nvidia/ros2_ws/install/drive_base_msgs/include/drive_base_msgs/msg/detail/trv_command__builder.hpp
[16.765s] -- Up-to-date symlink: /home/nvidia/ros2_ws/install/drive_base_msgs/include/drive_base_msgs/msg/detail/trv_command__struct.hpp
[16.766s] -- Up-to-date symlink: /home/nvidia/ros2_ws/install/drive_base_msgs/include/drive_base_msgs/msg/detail/trv_command__traits.hpp
[16.766s] -- Up-to-date symlink: /home/nvidia/ros2_ws/install/drive_base_msgs/include/drive_base_msgs/msg/detail/trv_command__type_support.hpp
[16.767s] -- Up-to-date symlink: /home/nvidia/ros2_ws/install/drive_base_msgs/include/drive_base_msgs/msg/rosidl_generator_cpp__visibility_control.hpp
[16.767s] -- Up-to-date symlink: /home/nvidia/ros2_ws/install/drive_base_msgs/include/drive_base_msgs/msg/trv_command.hpp
[16.768s] -- Up-to-date symlink: /home/nvidia/ros2_ws/install/drive_base_msgs/include/drive_base_msgs/msg/detail/base_info__rosidl_typesupport_microxrcedds_cpp.hpp
[16.768s] -- Up-to-date symlink: /home/nvidia/ros2_ws/install/drive_base_msgs/include/drive_base_msgs/msg/detail/command_header__rosidl_typesupport_microxrcedds_cpp.hpp
[16.768s] -- Up-to-date symlink: /home/nvidia/ros2_ws/install/drive_base_msgs/include/drive_base_msgs/msg/detail/command_status__rosidl_typesupport_microxrcedds_cpp.hpp
[16.769s] -- Up-to-date symlink: /home/nvidia/ros2_ws/install/drive_base_msgs/include/drive_base_msgs/msg/detail/microxrcedds/base_info__type_support_cpp.cpp
[16.769s] -- Up-to-date symlink: /home/nvidia/ros2_ws/install/drive_base_msgs/include/drive_base_msgs/msg/detail/microxrcedds/command_header__type_support_cpp.cpp
[16.770s] -- Up-to-date symlink: /home/nvidia/ros2_ws/install/drive_base_msgs/include/drive_base_msgs/msg/detail/microxrcedds/command_status__type_support_cpp.cpp
[16.770s] -- Up-to-date symlink: /home/nvidia/ros2_ws/install/drive_base_msgs/include/drive_base_msgs/msg/detail/microxrcedds/trv_command__type_support_cpp.cpp
[16.770s] -- Up-to-date symlink: /home/nvidia/ros2_ws/install/drive_base_msgs/include/drive_base_msgs/msg/detail/trv_command__rosidl_typesupport_microxrcedds_cpp.hpp
[16.771s] -- Up-to-date symlink: /home/nvidia/ros2_ws/install/drive_base_msgs/include/drive_base_msgs/msg/rosidl_typesupport_microxrcedds_cpp__visibility_control.h
[16.771s] -- Up-to-date symlink: /home/nvidia/ros2_ws/install/drive_base_msgs/lib/libdrive_base_msgs__rosidl_typesupport_microxrcedds_cpp.so
[16.773s] -- Up-to-date symlink: /home/nvidia/ros2_ws/install/drive_base_msgs/include/drive_base_msgs/msg/detail/base_info__rosidl_typesupport_introspection_cpp.hpp
[16.773s] -- Up-to-date symlink: /home/nvidia/ros2_ws/install/drive_base_msgs/include/drive_base_msgs/msg/detail/command_header__rosidl_typesupport_introspection_cpp.hpp
[16.773s] -- Up-to-date symlink: /home/nvidia/ros2_ws/install/drive_base_msgs/include/drive_base_msgs/msg/detail/command_status__rosidl_typesupport_introspection_cpp.hpp
[16.774s] -- Up-to-date symlink: /home/nvidia/ros2_ws/install/drive_base_msgs/include/drive_base_msgs/msg/detail/trv_command__rosidl_typesupport_introspection_cpp.hpp
[16.774s] -- Up-to-date symlink: /home/nvidia/ros2_ws/install/drive_base_msgs/share/drive_base_msgs/environment/pythonpath.sh
[16.775s] -- Up-to-date symlink: /home/nvidia/ros2_ws/install/drive_base_msgs/share/drive_base_msgs/environment/pythonpath.dsv
[16.775s] -- Up-to-date symlink: /home/nvidia/ros2_ws/install/drive_base_msgs/lib/python3.8/site-packages/drive_base_msgs/__init__.py
[16.775s] -- Up-to-date symlink: /home/nvidia/ros2_ws/install/drive_base_msgs/lib/python3.8/site-packages/drive_base_msgs/msg/__init__.py
[16.776s] -- Up-to-date symlink: /home/nvidia/ros2_ws/install/drive_base_msgs/lib/python3.8/site-packages/drive_base_msgs/msg/_base_info.py
[16.776s] -- Up-to-date symlink: /home/nvidia/ros2_ws/install/drive_base_msgs/lib/python3.8/site-packages/drive_base_msgs/msg/_command_header.py
[16.777s] -- Up-to-date symlink: /home/nvidia/ros2_ws/install/drive_base_msgs/lib/python3.8/site-packages/drive_base_msgs/msg/_command_status.py
[16.777s] -- Up-to-date symlink: /home/nvidia/ros2_ws/install/drive_base_msgs/lib/python3.8/site-packages/drive_base_msgs/msg/_trv_command.py
[16.777s] -- Up-to-date symlink: /home/nvidia/ros2_ws/install/drive_base_msgs/lib/python3.8/site-packages/drive_base_msgs/drive_base_msgs_s__rosidl_typesupport_microxrcedds_c.cpython-38-aarch64-linux-gnu.so
[16.778s] -- Up-to-date symlink: /home/nvidia/ros2_ws/install/drive_base_msgs/lib/python3.8/site-packages/drive_base_msgs/drive_base_msgs_s__rosidl_typesupport_fastrtps_c.cpython-38-aarch64-linux-gnu.so
[16.778s] -- Up-to-date symlink: /home/nvidia/ros2_ws/install/drive_base_msgs/lib/python3.8/site-packages/drive_base_msgs/drive_base_msgs_s__rosidl_typesupport_introspection_c.cpython-38-aarch64-linux-gnu.so
[16.778s] -- Up-to-date symlink: /home/nvidia/ros2_ws/install/drive_base_msgs/lib/python3.8/site-packages/drive_base_msgs/drive_base_msgs_s__rosidl_typesupport_c.cpython-38-aarch64-linux-gnu.so
[16.779s] -- Up-to-date symlink: /home/nvidia/ros2_ws/install/drive_base_msgs/lib/libdrive_base_msgs__python.so
[16.779s] -- Up-to-date symlink: /home/nvidia/ros2_ws/install/drive_base_msgs/share/drive_base_msgs/msg/CommandHeader.idl
[16.780s] -- Up-to-date symlink: /home/nvidia/ros2_ws/install/drive_base_msgs/share/drive_base_msgs/msg/BaseInfo.idl
[16.780s] -- Up-to-date symlink: /home/nvidia/ros2_ws/install/drive_base_msgs/share/drive_base_msgs/msg/CommandStatus.idl
[16.781s] -- Up-to-date symlink: /home/nvidia/ros2_ws/install/drive_base_msgs/share/drive_base_msgs/msg/TRVCommand.idl
[16.781s] -- Up-to-date symlink: /home/nvidia/ros2_ws/install/drive_base_msgs/share/drive_base_msgs/msg/CommandHeader.msg
[16.781s] -- Up-to-date symlink: /home/nvidia/ros2_ws/install/drive_base_msgs/share/drive_base_msgs/msg/BaseInfo.msg
[16.782s] -- Up-to-date symlink: /home/nvidia/ros2_ws/install/drive_base_msgs/share/drive_base_msgs/msg/CommandStatus.msg
[16.782s] -- Up-to-date symlink: /home/nvidia/ros2_ws/install/drive_base_msgs/share/drive_base_msgs/msg/TRVCommand.msg
[16.783s] -- Up-to-date symlink: /home/nvidia/ros2_ws/install/drive_base_msgs/share/ament_index/resource_index/package_run_dependencies/drive_base_msgs
[16.783s] -- Up-to-date symlink: /home/nvidia/ros2_ws/install/drive_base_msgs/share/ament_index/resource_index/parent_prefix_path/drive_base_msgs
[16.784s] -- Up-to-date symlink: /home/nvidia/ros2_ws/install/drive_base_msgs/share/drive_base_msgs/environment/ament_prefix_path.sh
[16.784s] -- Up-to-date symlink: /home/nvidia/ros2_ws/install/drive_base_msgs/share/drive_base_msgs/environment/ament_prefix_path.dsv
[16.784s] -- Up-to-date symlink: /home/nvidia/ros2_ws/install/drive_base_msgs/share/drive_base_msgs/environment/path.sh
[16.786s] -- Up-to-date symlink: /home/nvidia/ros2_ws/install/drive_base_msgs/share/drive_base_msgs/environment/path.dsv
[16.787s] -- Up-to-date symlink: /home/nvidia/ros2_ws/install/drive_base_msgs/share/drive_base_msgs/local_setup.bash
[16.787s] -- Up-to-date symlink: /home/nvidia/ros2_ws/install/drive_base_msgs/share/drive_base_msgs/local_setup.sh
[16.788s] -- Up-to-date symlink: /home/nvidia/ros2_ws/install/drive_base_msgs/share/drive_base_msgs/local_setup.zsh
[16.792s] -- Up-to-date symlink: /home/nvidia/ros2_ws/install/drive_base_msgs/share/drive_base_msgs/local_setup.dsv
[16.792s] -- Symlinking: /home/nvidia/ros2_ws/install/drive_base_msgs/share/drive_base_msgs/package.dsv
[16.829s] -- Up-to-date symlink: /home/nvidia/ros2_ws/install/drive_base_msgs/share/ament_index/resource_index/packages/drive_base_msgs
[16.832s] -- Up-to-date symlink: /home/nvidia/ros2_ws/install/drive_base_msgs/share/drive_base_msgs/cmake/rosidl_cmake-extras.cmake
[16.837s] -- Up-to-date symlink: /home/nvidia/ros2_ws/install/drive_base_msgs/share/drive_base_msgs/cmake/ament_cmake_export_dependencies-extras.cmake
[16.840s] -- Up-to-date symlink: /home/nvidia/ros2_ws/install/drive_base_msgs/share/drive_base_msgs/cmake/ament_cmake_export_libraries-extras.cmake
[16.844s] -- Up-to-date symlink: /home/nvidia/ros2_ws/install/drive_base_msgs/share/drive_base_msgs/cmake/ament_cmake_export_targets-extras.cmake
[16.847s] -- Up-to-date symlink: /home/nvidia/ros2_ws/install/drive_base_msgs/share/drive_base_msgs/cmake/ament_cmake_export_include_directories-extras.cmake
[16.853s] -- Up-to-date symlink: /home/nvidia/ros2_ws/install/drive_base_msgs/share/drive_base_msgs/cmake/rosidl_cmake_export_typesupport_libraries-extras.cmake
[16.862s] -- Up-to-date symlink: /home/nvidia/ros2_ws/install/drive_base_msgs/share/drive_base_msgs/cmake/rosidl_cmake_export_typesupport_targets-extras.cmake
[16.866s] -- Up-to-date symlink: /home/nvidia/ros2_ws/install/drive_base_msgs/share/drive_base_msgs/cmake/drive_base_msgsConfig.cmake
[16.869s] -- Up-to-date symlink: /home/nvidia/ros2_ws/install/drive_base_msgs/share/drive_base_msgs/cmake/drive_base_msgsConfig-version.cmake
[16.872s] -- Up-to-date symlink: /home/nvidia/ros2_ws/install/drive_base_msgs/share/drive_base_msgs/package.xml
[16.876s] -- Up-to-date: /home/nvidia/ros2_ws/install/drive_base_msgs/lib/libdrive_base_msgs__rosidl_generator_c.so
[16.882s] -- Up-to-date: /home/nvidia/ros2_ws/install/drive_base_msgs/lib/libdrive_base_msgs__rosidl_typesupport_introspection_c.so
[16.886s] -- Up-to-date: /home/nvidia/ros2_ws/install/drive_base_msgs/lib/libdrive_base_msgs__rosidl_typesupport_c.so
[16.890s] -- Up-to-date: /home/nvidia/ros2_ws/install/drive_base_msgs/lib/libdrive_base_msgs__rosidl_typesupport_introspection_cpp.so
[16.894s] -- Up-to-date: /home/nvidia/ros2_ws/install/drive_base_msgs/lib/libdrive_base_msgs__rosidl_typesupport_cpp.so
[17.339s] Compiling '/home/nvidia/ros2_ws/install/drive_base_msgs/lib/python3.8/site-packages/drive_base_msgs/__init__.py'...
[17.381s] -- Up-to-date: /home/nvidia/ros2_ws/install/drive_base_msgs/share/drive_base_msgs/cmake/drive_base_msgs__rosidl_generator_cExport.cmake
[17.382s] -- Installing: /home/nvidia/ros2_ws/install/drive_base_msgs/share/drive_base_msgs/cmake/drive_base_msgs__rosidl_generator_cExport-release.cmake
[17.387s] -- Up-to-date: /home/nvidia/ros2_ws/install/drive_base_msgs/share/drive_base_msgs/cmake/drive_base_msgs__rosidl_typesupport_introspection_cExport.cmake
[17.388s] -- Installing: /home/nvidia/ros2_ws/install/drive_base_msgs/share/drive_base_msgs/cmake/drive_base_msgs__rosidl_typesupport_introspection_cExport-release.cmake
[17.391s] -- Up-to-date: /home/nvidia/ros2_ws/install/drive_base_msgs/share/drive_base_msgs/cmake/drive_base_msgs__rosidl_typesupport_cExport.cmake
[17.393s] -- Installing: /home/nvidia/ros2_ws/install/drive_base_msgs/share/drive_base_msgs/cmake/drive_base_msgs__rosidl_typesupport_cExport-release.cmake
[17.396s] -- Up-to-date: /home/nvidia/ros2_ws/install/drive_base_msgs/share/drive_base_msgs/cmake/drive_base_msgs__rosidl_generator_cppExport.cmake
[17.397s] -- Up-to-date: /home/nvidia/ros2_ws/install/drive_base_msgs/share/drive_base_msgs/cmake/drive_base_msgs__rosidl_typesupport_introspection_cppExport.cmake
[17.399s] -- Installing: /home/nvidia/ros2_ws/install/drive_base_msgs/share/drive_base_msgs/cmake/drive_base_msgs__rosidl_typesupport_introspection_cppExport-release.cmake
[17.402s] -- Up-to-date: /home/nvidia/ros2_ws/install/drive_base_msgs/share/drive_base_msgs/cmake/drive_base_msgs__rosidl_typesupport_cppExport.cmake
[17.403s] -- Installing: /home/nvidia/ros2_ws/install/drive_base_msgs/share/drive_base_msgs/cmake/drive_base_msgs__rosidl_typesupport_cppExport-release.cmake
[17.551s] Invoked command in '/home/nvidia/ros2_ws/build/drive_base_msgs' returned '0': CMAKE_PREFIX_PATH=${CMAKE_PREFIX_PATH}:/home/nvidia/rosbag_ws/install/ros2bag:/home/nvidia/microros_ws/install/sensor_msgs_py:/home/nvidia/ros2_ws/install/obj_det_visualizer:/home/nvidia/ros2_ws/install/opencv_tests:/opt/ros/foxy /usr/bin/cmake --install /home/nvidia/ros2_ws/build/drive_base_msgs
