[1.194s] Invoking command in '/home/nvidia/ros2_ws/build/cv_bridge': CMAKE_PREFIX_PATH=${CMAKE_PREFIX_PATH}:/home/nvidia/rosbag_ws/install/ros2bag:/home/nvidia/microros_ws/install/sensor_msgs_py:/home/nvidia/ros2_ws/install/obj_det_visualizer:/home/nvidia/ros2_ws/install/opencv_tests:/opt/ros/foxy /usr/bin/cmake --build /home/nvidia/ros2_ws/build/cv_bridge -- -j6 -l6
[3.227s] [ 25%] Built target gtest_main
[3.228s] [ 25%] Built target gtest
[4.020s] [ 43%] Built target cv_bridge
[5.127s] [ 62%] Built target cv_bridge_boost
[6.262s] [100%] Built target cv_bridge-utest
[7.101s] Invoked command in '/home/nvidia/ros2_ws/build/cv_bridge' returned '0': CMAKE_PREFIX_PATH=${CMAKE_PREFIX_PATH}:/home/nvidia/rosbag_ws/install/ros2bag:/home/nvidia/microros_ws/install/sensor_msgs_py:/home/nvidia/ros2_ws/install/obj_det_visualizer:/home/nvidia/ros2_ws/install/opencv_tests:/opt/ros/foxy /usr/bin/cmake --build /home/nvidia/ros2_ws/build/cv_bridge -- -j6 -l6
[7.186s] Invoking command in '/home/nvidia/ros2_ws/build/cv_bridge': CMAKE_PREFIX_PATH=${CMAKE_PREFIX_PATH}:/home/nvidia/rosbag_ws/install/ros2bag:/home/nvidia/microros_ws/install/sensor_msgs_py:/home/nvidia/ros2_ws/install/obj_det_visualizer:/home/nvidia/ros2_ws/install/opencv_tests:/opt/ros/foxy /usr/bin/cmake --install /home/nvidia/ros2_ws/build/cv_bridge
[7.556s] -- Install configuration: "Release"
[7.562s] -- Execute custom install script
[7.573s] -- Up-to-date symlink: /home/nvidia/ros2_ws/install/cv_bridge/share/cv_bridge/environment/pythonpath.sh
[7.575s] -- Up-to-date symlink: /home/nvidia/ros2_ws/install/cv_bridge/share/cv_bridge/environment/pythonpath.dsv
[7.584s] -- Up-to-date symlink: /home/nvidia/ros2_ws/install/cv_bridge/lib/python3.8/site-packages/cv_bridge/__init__.py
[7.588s] -- Up-to-date symlink: /home/nvidia/ros2_ws/install/cv_bridge/lib/python3.8/site-packages/cv_bridge/core.py
[7.593s] -- Up-to-date symlink: /home/nvidia/ros2_ws/install/cv_bridge/lib/libcv_bridge.so
[7.598s] -- Up-to-date symlink: /home/nvidia/ros2_ws/install/cv_bridge/include/cv_bridge/cv_bridge_export.h
[7.602s] -- Up-to-date symlink: /home/nvidia/ros2_ws/install/cv_bridge/lib/python3.8/site-packages/cv_bridge/boost//cv_bridge_boost.so
[7.606s] -- Up-to-date symlink: /home/nvidia/ros2_ws/install/cv_bridge/share/cv_bridge/environment/library_path.sh
[7.608s] -- Up-to-date symlink: /home/nvidia/ros2_ws/install/cv_bridge/share/cv_bridge/environment/library_path.dsv
[7.613s] -- Up-to-date symlink: /home/nvidia/ros2_ws/install/cv_bridge/include/cv_bridge/cv_bridge.h
[7.616s] -- Up-to-date symlink: /home/nvidia/ros2_ws/install/cv_bridge/include/cv_bridge/rgb_colors.h
[7.620s] -- Up-to-date symlink: /home/nvidia/ros2_ws/install/cv_bridge/lib/libcv_bridge.so
[7.622s] -- Up-to-date symlink: /home/nvidia/ros2_ws/install/cv_bridge/share/ament_index/resource_index/package_run_dependencies/cv_bridge
[7.626s] -- Up-to-date symlink: /home/nvidia/ros2_ws/install/cv_bridge/share/ament_index/resource_index/parent_prefix_path/cv_bridge
[7.630s] -- Up-to-date symlink: /home/nvidia/ros2_ws/install/cv_bridge/share/cv_bridge/environment/ament_prefix_path.sh
[7.632s] -- Up-to-date symlink: /home/nvidia/ros2_ws/install/cv_bridge/share/cv_bridge/environment/ament_prefix_path.dsv
[7.642s] -- Up-to-date symlink: /home/nvidia/ros2_ws/install/cv_bridge/share/cv_bridge/environment/path.sh
[7.644s] -- Up-to-date symlink: /home/nvidia/ros2_ws/install/cv_bridge/share/cv_bridge/environment/path.dsv
[7.647s] -- Up-to-date symlink: /home/nvidia/ros2_ws/install/cv_bridge/share/cv_bridge/local_setup.bash
[7.650s] -- Up-to-date symlink: /home/nvidia/ros2_ws/install/cv_bridge/share/cv_bridge/local_setup.sh
[7.653s] -- Up-to-date symlink: /home/nvidia/ros2_ws/install/cv_bridge/share/cv_bridge/local_setup.zsh
[7.655s] -- Up-to-date symlink: /home/nvidia/ros2_ws/install/cv_bridge/share/cv_bridge/local_setup.dsv
[7.660s] -- Symlinking: /home/nvidia/ros2_ws/install/cv_bridge/share/cv_bridge/package.dsv
[7.862s] -- Up-to-date symlink: /home/nvidia/ros2_ws/install/cv_bridge/share/ament_index/resource_index/packages/cv_bridge
[7.867s] -- Up-to-date symlink: /home/nvidia/ros2_ws/install/cv_bridge/share/cv_bridge/cmake/cv_bridge-extras.cmake
[7.870s] -- Up-to-date symlink: /home/nvidia/ros2_ws/install/cv_bridge/share/cv_bridge/cmake/ament_cmake_export_dependencies-extras.cmake
[7.877s] -- Up-to-date symlink: /home/nvidia/ros2_ws/install/cv_bridge/share/cv_bridge/cmake/ament_cmake_export_include_directories-extras.cmake
[7.880s] -- Up-to-date symlink: /home/nvidia/ros2_ws/install/cv_bridge/share/cv_bridge/cmake/ament_cmake_export_libraries-extras.cmake
[7.902s] -- Up-to-date symlink: /home/nvidia/ros2_ws/install/cv_bridge/share/cv_bridge/cmake/cv_bridgeConfig.cmake
[7.904s] -- Up-to-date symlink: /home/nvidia/ros2_ws/install/cv_bridge/share/cv_bridge/cmake/cv_bridgeConfig-version.cmake
[7.915s] -- Up-to-date symlink: /home/nvidia/ros2_ws/install/cv_bridge/share/cv_bridge/package.xml
[9.142s] Listing '/home/nvidia/ros2_ws/install/cv_bridge/lib/python3.8/site-packages/cv_bridge'...
[9.143s] Listing '/home/nvidia/ros2_ws/install/cv_bridge/lib/python3.8/site-packages/cv_bridge/boost'...
[9.601s] Invoked command in '/home/nvidia/ros2_ws/build/cv_bridge' returned '0': CMAKE_PREFIX_PATH=${CMAKE_PREFIX_PATH}:/home/nvidia/rosbag_ws/install/ros2bag:/home/nvidia/microros_ws/install/sensor_msgs_py:/home/nvidia/ros2_ws/install/obj_det_visualizer:/home/nvidia/ros2_ws/install/opencv_tests:/opt/ros/foxy /usr/bin/cmake --install /home/nvidia/ros2_ws/build/cv_bridge
