[2.593s] Invoking command in '/home/nvidia/ros2_ws/build/zed_tutorial_video': CMAKE_PREFIX_PATH=${CMAKE_PREFIX_PATH}:/home/nvidia/rosbag_ws/install/ros2bag:/home/nvidia/microros_ws/install/sensor_msgs_py:/home/nvidia/ros2_ws/install/obj_det_visualizer:/home/nvidia/ros2_ws/install/ros2bag:/home/nvidia/ros2_ws/install/sim2real:/home/nvidia/ros2_ws/install/opencv_tests:/opt/ros/foxy /usr/bin/cmake /home/nvidia/ros2_ws/src/zed-ros2-examples/tutorials/zed_video_tutorial -DCMAKE_BUILD_TYPE=Release -DAMENT_CMAKE_SYMLINK_INSTALL=1 -DCMAKE_INSTALL_PREFIX=/home/nvidia/ros2_ws/install/zed_tutorial_video
[3.655s] -- The C compiler identification is GNU 9.4.0
[4.298s] -- The CXX compiler identification is GNU 9.4.0
[4.398s] -- Check for working C compiler: /usr/bin/cc
[5.357s] -- Check for working C compiler: /usr/bin/cc -- works
[5.376s] -- Detecting C compiler ABI info
[6.402s] -- Detecting C compiler ABI info - done
[6.424s] -- Detecting C compile features
[6.428s] -- Detecting C compile features - done
[6.446s] -- Check for working CXX compiler: /usr/bin/c++
[7.477s] -- Check for working CXX compiler: /usr/bin/c++ -- works
[7.485s] -- Detecting CXX compiler ABI info
[8.548s] -- Detecting CXX compiler ABI info - done
[8.616s] -- Detecting CXX compile features
[8.620s] -- Detecting CXX compile features - done
[8.694s] -- Found ament_cmake_auto: 0.9.12 (/opt/ros/foxy/share/ament_cmake_auto/cmake)
[9.187s] -- Found PythonInterp: /usr/bin/python3 (found suitable version "3.8.10", minimum required is "3") 
[9.187s] -- Using PYTHON_EXECUTABLE: /usr/bin/python3
[10.802s] -- Override CMake install command with custom implementation using symlinks instead of copying resources
[13.172s] -- Using all available rosidl_typesupport_c: rosidl_typesupport_microxrcedds_c;rosidl_typesupport_fastrtps_c;rosidl_typesupport_introspection_c
[13.380s] -- Found rosidl_adapter: 1.3.1 (/opt/ros/foxy/share/rosidl_adapter/cmake)
[15.118s] -- Found OpenSSL: /usr/lib/aarch64-linux-gnu/libcrypto.so (found version "1.1.1f")  
[15.498s] -- Found FastRTPS: /opt/ros/foxy/include  
[16.401s] -- Using all available rosidl_typesupport_cpp: rosidl_typesupport_microxrcedds_cpp;rosidl_typesupport_fastrtps_cpp;rosidl_typesupport_introspection_cpp
[17.210s] -- Found rmw_implementation_cmake: 1.0.4 (/opt/ros/foxy/share/rmw_implementation_cmake/cmake)
[17.247s] -- Using RMW implementation 'rmw_fastrtps_cpp' as default
[17.254s] -- Looking for pthread.h
[18.375s] -- Looking for pthread.h - found
[18.380s] -- Performing Test CMAKE_HAVE_LIBC_PTHREAD
[19.441s] -- Performing Test CMAKE_HAVE_LIBC_PTHREAD - Failed
[19.445s] -- Looking for pthread_create in pthreads
[20.507s] -- Looking for pthread_create in pthreads - not found
[20.508s] -- Looking for pthread_create in pthread
[21.524s] -- Looking for pthread_create in pthread - found
[21.534s] -- Found Threads: TRUE  
[23.570s] -- Found ament_lint_auto: 0.9.8 (/opt/ros/foxy/share/ament_lint_auto/cmake)
[24.002s] -- Configuring done
[24.075s] -- Generating done
[24.087s] -- Build files have been written to: /home/nvidia/ros2_ws/build/zed_tutorial_video
[24.219s] Invoked command in '/home/nvidia/ros2_ws/build/zed_tutorial_video' returned '0': CMAKE_PREFIX_PATH=${CMAKE_PREFIX_PATH}:/home/nvidia/rosbag_ws/install/ros2bag:/home/nvidia/microros_ws/install/sensor_msgs_py:/home/nvidia/ros2_ws/install/obj_det_visualizer:/home/nvidia/ros2_ws/install/ros2bag:/home/nvidia/ros2_ws/install/sim2real:/home/nvidia/ros2_ws/install/opencv_tests:/opt/ros/foxy /usr/bin/cmake /home/nvidia/ros2_ws/src/zed-ros2-examples/tutorials/zed_video_tutorial -DCMAKE_BUILD_TYPE=Release -DAMENT_CMAKE_SYMLINK_INSTALL=1 -DCMAKE_INSTALL_PREFIX=/home/nvidia/ros2_ws/install/zed_tutorial_video
[24.242s] Invoking command in '/home/nvidia/ros2_ws/build/zed_tutorial_video': CMAKE_PREFIX_PATH=${CMAKE_PREFIX_PATH}:/home/nvidia/rosbag_ws/install/ros2bag:/home/nvidia/microros_ws/install/sensor_msgs_py:/home/nvidia/ros2_ws/install/obj_det_visualizer:/home/nvidia/ros2_ws/install/ros2bag:/home/nvidia/ros2_ws/install/sim2real:/home/nvidia/ros2_ws/install/opencv_tests:/opt/ros/foxy /usr/bin/cmake --build /home/nvidia/ros2_ws/build/zed_tutorial_video -- -j6 -l6
[36.074s] [35m[1mScanning dependencies of target zed_tutorial_video[0m
[36.076s] [ 50%] [32mBuilding CXX object CMakeFiles/zed_tutorial_video.dir/src/zed_video_sub_tutorial.cpp.o[0m
[63.106s] [100%] [32m[1mLinking CXX executable zed_tutorial_video[0m
[63.903s] [100%] Built target zed_tutorial_video
[66.626s] Invoked command in '/home/nvidia/ros2_ws/build/zed_tutorial_video' returned '0': CMAKE_PREFIX_PATH=${CMAKE_PREFIX_PATH}:/home/nvidia/rosbag_ws/install/ros2bag:/home/nvidia/microros_ws/install/sensor_msgs_py:/home/nvidia/ros2_ws/install/obj_det_visualizer:/home/nvidia/ros2_ws/install/ros2bag:/home/nvidia/ros2_ws/install/sim2real:/home/nvidia/ros2_ws/install/opencv_tests:/opt/ros/foxy /usr/bin/cmake --build /home/nvidia/ros2_ws/build/zed_tutorial_video -- -j6 -l6
[70.058s] Invoking command in '/home/nvidia/ros2_ws/build/zed_tutorial_video': CMAKE_PREFIX_PATH=${CMAKE_PREFIX_PATH}:/home/nvidia/rosbag_ws/install/ros2bag:/home/nvidia/microros_ws/install/sensor_msgs_py:/home/nvidia/ros2_ws/install/obj_det_visualizer:/home/nvidia/ros2_ws/install/ros2bag:/home/nvidia/ros2_ws/install/sim2real:/home/nvidia/ros2_ws/install/opencv_tests:/opt/ros/foxy /usr/bin/cmake --install /home/nvidia/ros2_ws/build/zed_tutorial_video
[70.202s] -- Install configuration: "Release"
[70.203s] -- Execute custom install script
[70.203s] -- Symlinking: /home/nvidia/ros2_ws/install/zed_tutorial_video/lib/zed_tutorial_video/zed_tutorial_video
[70.303s] -- Symlinking: /home/nvidia/ros2_ws/install/zed_tutorial_video/share/ament_index/resource_index/package_run_dependencies/zed_tutorial_video
[70.414s] -- Symlinking: /home/nvidia/ros2_ws/install/zed_tutorial_video/share/ament_index/resource_index/parent_prefix_path/zed_tutorial_video
[70.617s] -- Symlinking: /home/nvidia/ros2_ws/install/zed_tutorial_video/share/zed_tutorial_video/environment/ament_prefix_path.sh
[70.746s] -- Symlinking: /home/nvidia/ros2_ws/install/zed_tutorial_video/share/zed_tutorial_video/environment/ament_prefix_path.dsv
[70.861s] -- Symlinking: /home/nvidia/ros2_ws/install/zed_tutorial_video/share/zed_tutorial_video/environment/path.sh
[70.987s] -- Symlinking: /home/nvidia/ros2_ws/install/zed_tutorial_video/share/zed_tutorial_video/environment/path.dsv
[71.173s] -- Symlinking: /home/nvidia/ros2_ws/install/zed_tutorial_video/share/zed_tutorial_video/local_setup.bash
[71.274s] -- Symlinking: /home/nvidia/ros2_ws/install/zed_tutorial_video/share/zed_tutorial_video/local_setup.sh
[71.393s] -- Symlinking: /home/nvidia/ros2_ws/install/zed_tutorial_video/share/zed_tutorial_video/local_setup.zsh
[71.513s] -- Symlinking: /home/nvidia/ros2_ws/install/zed_tutorial_video/share/zed_tutorial_video/local_setup.dsv
[71.665s] -- Symlinking: /home/nvidia/ros2_ws/install/zed_tutorial_video/share/zed_tutorial_video/package.dsv
[71.799s] -- Symlinking: /home/nvidia/ros2_ws/install/zed_tutorial_video/share/ament_index/resource_index/packages/zed_tutorial_video
[71.945s] -- Symlinking: /home/nvidia/ros2_ws/install/zed_tutorial_video/share/zed_tutorial_video/cmake/zed_tutorial_videoConfig.cmake
[72.138s] -- Symlinking: /home/nvidia/ros2_ws/install/zed_tutorial_video/share/zed_tutorial_video/cmake/zed_tutorial_videoConfig-version.cmake
[72.253s] -- Symlinking: /home/nvidia/ros2_ws/install/zed_tutorial_video/share/zed_tutorial_video/package.xml
[72.376s] Invoked command in '/home/nvidia/ros2_ws/build/zed_tutorial_video' returned '0': CMAKE_PREFIX_PATH=${CMAKE_PREFIX_PATH}:/home/nvidia/rosbag_ws/install/ros2bag:/home/nvidia/microros_ws/install/sensor_msgs_py:/home/nvidia/ros2_ws/install/obj_det_visualizer:/home/nvidia/ros2_ws/install/ros2bag:/home/nvidia/ros2_ws/install/sim2real:/home/nvidia/ros2_ws/install/opencv_tests:/opt/ros/foxy /usr/bin/cmake --install /home/nvidia/ros2_ws/build/zed_tutorial_video
