[0.453s] Invoking command in '/home/nvidia/ros2_ws/build/car_control': CMAKE_PREFIX_PATH=${CMAKE_PREFIX_PATH}:/home/nvidia/rosbag_ws/install/ros2bag:/home/nvidia/microros_ws/install/sensor_msgs_py:/home/nvidia/ros2_ws/install/obj_det_visualizer:/home/nvidia/ros2_ws/install/opencv_tests:/opt/ros/foxy /usr/bin/cmake /home/nvidia/ros2_ws/src/car_control -DAMENT_CMAKE_SYMLINK_INSTALL=1 -DCMAKE_INSTALL_PREFIX=/home/nvidia/ros2_ws/install/car_control
[1.066s] -- Found ament_cmake: 0.9.12 (/opt/ros/foxy/share/ament_cmake/cmake)
[1.558s] -- Using PYTHON_EXECUTABLE: /usr/bin/python3
[3.738s] -- Override CMake install command with custom implementation using symlinks instead of copying resources
[3.833s] -- Found rclcpp: 2.4.3 (/opt/ros/foxy/share/rclcpp/cmake)
[4.624s] -- Using all available rosidl_typesupport_c: rosidl_typesupport_microxrcedds_c;rosidl_typesupport_fastrtps_c;rosidl_typesupport_introspection_c
[4.797s] -- Found rosidl_adapter: 1.3.1 (/opt/ros/foxy/share/rosidl_adapter/cmake)
[7.601s] -- Using all available rosidl_typesupport_cpp: rosidl_typesupport_microxrcedds_cpp;rosidl_typesupport_fastrtps_cpp;rosidl_typesupport_introspection_cpp
[9.112s] -- Found rmw_implementation_cmake: 1.0.4 (/opt/ros/foxy/share/rmw_implementation_cmake/cmake)
[9.290s] -- Using RMW implementation 'rmw_fastrtps_cpp' as default
[11.342s] -- Found sensor_msgs: 2.0.5 (/home/nvidia/microros_ws/install/sensor_msgs/share/sensor_msgs/cmake)
[12.156s] -- Found nav_msgs: 2.0.5 (/home/nvidia/microros_ws/install/nav_msgs/share/nav_msgs/cmake)
[12.822s] -- Found ament_lint_auto: 0.9.8 (/opt/ros/foxy/share/ament_lint_auto/cmake)
[13.551s] -- Added test 'copyright' to check source files copyright and LICENSE
[13.565s] -- Added test 'cppcheck' to perform static code analysis on C / C++ code
[13.566s] -- Configured cppcheck include dirs: 
[13.566s] -- Configured cppcheck exclude dirs and/or files: 
[13.580s] -- Added test 'cpplint' to check C / C++ code against the Google style
[13.580s] -- Configured cpplint exclude dirs and/or files: 
[13.582s] -- Added test 'flake8' to check Python code syntax and style conventions
[13.586s] -- Added test 'lint_cmake' to check CMake code style
[13.589s] -- Added test 'pep257' to check Python code against some of the style conventions in PEP 257
[13.596s] -- Added test 'uncrustify' to check C / C++ code style
[13.597s] -- Configured uncrustify additional arguments: 
[13.599s] -- Added test 'xmllint' to check XML markup files
[13.627s] -- Configuring done
[14.344s] -- Generating done
[14.387s] -- Build files have been written to: /home/nvidia/ros2_ws/build/car_control
[14.427s] Invoked command in '/home/nvidia/ros2_ws/build/car_control' returned '0': CMAKE_PREFIX_PATH=${CMAKE_PREFIX_PATH}:/home/nvidia/rosbag_ws/install/ros2bag:/home/nvidia/microros_ws/install/sensor_msgs_py:/home/nvidia/ros2_ws/install/obj_det_visualizer:/home/nvidia/ros2_ws/install/opencv_tests:/opt/ros/foxy /usr/bin/cmake /home/nvidia/ros2_ws/src/car_control -DAMENT_CMAKE_SYMLINK_INSTALL=1 -DCMAKE_INSTALL_PREFIX=/home/nvidia/ros2_ws/install/car_control
[14.444s] Invoking command in '/home/nvidia/ros2_ws/build/car_control': CMAKE_PREFIX_PATH=${CMAKE_PREFIX_PATH}:/home/nvidia/rosbag_ws/install/ros2bag:/home/nvidia/microros_ws/install/sensor_msgs_py:/home/nvidia/ros2_ws/install/obj_det_visualizer:/home/nvidia/ros2_ws/install/opencv_tests:/opt/ros/foxy /usr/bin/cmake --build /home/nvidia/ros2_ws/build/car_control -- -j6 -l6
[15.412s] [35m[1mScanning dependencies of target car_control_test[0m
[15.763s] [ 50%] Built target car_control
[16.025s] [ 75%] [32mBuilding CXX object CMakeFiles/car_control_test.dir/src/car_control_test.cpp.o[0m
[26.487s] [01m[K/home/nvidia/ros2_ws/src/car_control/src/car_control_test.cpp:[m[K In constructor ‘[01m[KCarControlNode::CarControlNode()[m[K’:
[26.487s] [01m[K/home/nvidia/ros2_ws/src/car_control/src/car_control_test.cpp:245:13:[m[K [01;35m[Kwarning: [m[K‘[01m[KCarControlNode::autonavigation[m[K’ will be initialized after [[01;35m[K-Wreorder[m[K]
[26.488s]   245 |     int32_t [01;35m[Kautonavigation[m[K = 97100; //
[26.488s]       |             [01;35m[K^~~~~~~~~~~~~~[m[K
[26.489s] [01m[K/home/nvidia/ros2_ws/src/car_control/src/car_control_test.cpp:240:10:[m[K [01;35m[Kwarning: [m[K  ‘[01m[Kbool CarControlNode::flag[m[K’ [[01;35m[K-Wreorder[m[K]
[26.489s]   240 |     bool [01;35m[Kflag[m[K = false;
[26.490s]       |          [01;35m[K^~~~[m[K
[26.490s] [01m[K/home/nvidia/ros2_ws/src/car_control/src/car_control_test.cpp:20:5:[m[K [01;35m[Kwarning: [m[K  when initialized here [[01;35m[K-Wreorder[m[K]
[26.490s]    20 |     [01;35m[KCarControlNode[m[K()
[26.491s]       |     [01;35m[K^~~~~~~~~~~~~~[m[K
[79.430s] [100%] [32m[1mLinking CXX executable car_control_test[0m
[81.940s] [100%] Built target car_control_test
[81.958s] Invoked command in '/home/nvidia/ros2_ws/build/car_control' returned '0': CMAKE_PREFIX_PATH=${CMAKE_PREFIX_PATH}:/home/nvidia/rosbag_ws/install/ros2bag:/home/nvidia/microros_ws/install/sensor_msgs_py:/home/nvidia/ros2_ws/install/obj_det_visualizer:/home/nvidia/ros2_ws/install/opencv_tests:/opt/ros/foxy /usr/bin/cmake --build /home/nvidia/ros2_ws/build/car_control -- -j6 -l6
[82.091s] Invoking command in '/home/nvidia/ros2_ws/build/car_control': CMAKE_PREFIX_PATH=${CMAKE_PREFIX_PATH}:/home/nvidia/rosbag_ws/install/ros2bag:/home/nvidia/microros_ws/install/sensor_msgs_py:/home/nvidia/ros2_ws/install/obj_det_visualizer:/home/nvidia/ros2_ws/install/opencv_tests:/opt/ros/foxy /usr/bin/cmake --install /home/nvidia/ros2_ws/build/car_control
[82.183s] -- Install configuration: "Release"
[82.186s] -- Execute custom install script
[82.333s] -- Up-to-date symlink: /home/nvidia/ros2_ws/install/car_control/lib/car_control/car_control
[82.335s] -- Up-to-date symlink: /home/nvidia/ros2_ws/install/car_control/lib/car_control/car_control_test
[82.340s] -- Up-to-date symlink: /home/nvidia/ros2_ws/install/car_control/share/car_control//launch/car_control.launch.py
[82.342s] -- Up-to-date symlink: /home/nvidia/ros2_ws/install/car_control/share/car_control//launch/car_nav_demo.launch.py
[82.344s] -- Up-to-date symlink: /home/nvidia/ros2_ws/install/car_control/share/car_control//launch/rtabmapping.launch.py
[82.346s] -- Up-to-date symlink: /home/nvidia/ros2_ws/install/car_control/share/ament_index/resource_index/package_run_dependencies/car_control
[82.349s] -- Up-to-date symlink: /home/nvidia/ros2_ws/install/car_control/share/ament_index/resource_index/parent_prefix_path/car_control
[82.351s] -- Up-to-date symlink: /home/nvidia/ros2_ws/install/car_control/share/car_control/environment/ament_prefix_path.sh
[82.353s] -- Up-to-date symlink: /home/nvidia/ros2_ws/install/car_control/share/car_control/environment/ament_prefix_path.dsv
[82.356s] -- Up-to-date symlink: /home/nvidia/ros2_ws/install/car_control/share/car_control/environment/path.sh
[82.358s] -- Up-to-date symlink: /home/nvidia/ros2_ws/install/car_control/share/car_control/environment/path.dsv
[82.360s] -- Up-to-date symlink: /home/nvidia/ros2_ws/install/car_control/share/car_control/local_setup.bash
[82.363s] -- Up-to-date symlink: /home/nvidia/ros2_ws/install/car_control/share/car_control/local_setup.sh
[82.366s] -- Up-to-date symlink: /home/nvidia/ros2_ws/install/car_control/share/car_control/local_setup.zsh
[82.368s] -- Up-to-date symlink: /home/nvidia/ros2_ws/install/car_control/share/car_control/local_setup.dsv
[82.369s] -- Symlinking: /home/nvidia/ros2_ws/install/car_control/share/car_control/package.dsv
[82.617s] -- Up-to-date symlink: /home/nvidia/ros2_ws/install/car_control/share/ament_index/resource_index/packages/car_control
[82.621s] -- Up-to-date symlink: /home/nvidia/ros2_ws/install/car_control/share/car_control/cmake/car_controlConfig.cmake
[82.623s] -- Up-to-date symlink: /home/nvidia/ros2_ws/install/car_control/share/car_control/cmake/car_controlConfig-version.cmake
[82.625s] -- Up-to-date symlink: /home/nvidia/ros2_ws/install/car_control/share/car_control/package.xml
[82.639s] Invoked command in '/home/nvidia/ros2_ws/build/car_control' returned '0': CMAKE_PREFIX_PATH=${CMAKE_PREFIX_PATH}:/home/nvidia/rosbag_ws/install/ros2bag:/home/nvidia/microros_ws/install/sensor_msgs_py:/home/nvidia/ros2_ws/install/obj_det_visualizer:/home/nvidia/ros2_ws/install/opencv_tests:/opt/ros/foxy /usr/bin/cmake --install /home/nvidia/ros2_ws/build/car_control
