[2.728s] Invoking command in '/home/nvidia/ros2_ws/build/image_geometry': CMAKE_PREFIX_PATH=${CMAKE_PREFIX_PATH}:/home/nvidia/rosbag_ws/install/ros2bag:/home/nvidia/microros_ws/install/sensor_msgs_py:/home/nvidia/ros2_ws/install/obj_det_visualizer:/home/nvidia/ros2_ws/install/ros2bag:/home/nvidia/ros2_ws/install/sim2real:/home/nvidia/ros2_ws/install/opencv_tests:/opt/ros/foxy /usr/bin/cmake /home/nvidia/ros2_ws/src/vision_opencv/image_geometry -DCMAKE_BUILD_TYPE=Release -DAMENT_CMAKE_SYMLINK_INSTALL=1 -DCMAKE_INSTALL_PREFIX=/home/nvidia/ros2_ws/install/image_geometry
[3.568s] -- The C compiler identification is GNU 9.4.0
[4.388s] -- The CXX compiler identification is GNU 9.4.0
[4.474s] -- Check for working C compiler: /usr/bin/cc
[5.463s] -- Check for working C compiler: /usr/bin/cc -- works
[5.473s] -- Detecting C compiler ABI info
[6.440s] -- Detecting C compiler ABI info - done
[6.537s] -- Detecting C compile features
[6.540s] -- Detecting C compile features - done
[6.559s] -- Check for working CXX compiler: /usr/bin/c++
[7.801s] -- Check for working CXX compiler: /usr/bin/c++ -- works
[7.821s] -- Detecting CXX compiler ABI info
[8.882s] -- Detecting CXX compiler ABI info - done
[8.948s] -- Detecting CXX compile features
[8.952s] -- Detecting CXX compile features - done
[9.015s] -- Found ament_cmake_python: 0.9.12 (/opt/ros/foxy/share/ament_cmake_python/cmake)
[9.071s] -- Found ament_cmake_ros: 0.9.2 (/opt/ros/foxy/share/ament_cmake_ros/cmake)
[9.718s] -- Found PythonInterp: /usr/bin/python3 (found suitable version "3.8.10", minimum required is "3") 
[9.720s] -- Using PYTHON_EXECUTABLE: /usr/bin/python3
[11.190s] -- Override CMake install command with custom implementation using symlinks instead of copying resources
[12.585s] -- Found OpenCV: /usr (found version "4.5.4") found components: calib3d core highgui imgproc 
[12.681s] -- Found sensor_msgs: 2.0.5 (/home/nvidia/microros_ws/install/sensor_msgs/share/sensor_msgs/cmake)
[13.345s] -- Using all available rosidl_typesupport_c: rosidl_typesupport_microxrcedds_c;rosidl_typesupport_fastrtps_c;rosidl_typesupport_introspection_c
[13.541s] -- Found rosidl_adapter: 1.3.1 (/opt/ros/foxy/share/rosidl_adapter/cmake)
[15.226s] -- Found OpenSSL: /usr/lib/aarch64-linux-gnu/libcrypto.so (found version "1.1.1f")  
[15.566s] -- Found FastRTPS: /opt/ros/foxy/include  
[16.460s] -- Using all available rosidl_typesupport_cpp: rosidl_typesupport_microxrcedds_cpp;rosidl_typesupport_fastrtps_cpp;rosidl_typesupport_introspection_cpp
[18.327s] -- Found gtest sources under '/opt/ros/foxy/src/gtest_vendor': C++ tests using 'Google Test' will be built
[18.327s] -- Looking for pthread.h
[19.290s] -- Looking for pthread.h - found
[19.294s] -- Performing Test CMAKE_HAVE_LIBC_PTHREAD
[20.317s] -- Performing Test CMAKE_HAVE_LIBC_PTHREAD - Failed
[20.320s] -- Check if compiler accepts -pthread
[21.474s] -- Check if compiler accepts -pthread - yes
[21.487s] -- Found Threads: TRUE  
[22.092s] -- Configuring done
[22.238s] -- Generating done
[22.250s] -- Build files have been written to: /home/nvidia/ros2_ws/build/image_geometry
[22.318s] Invoked command in '/home/nvidia/ros2_ws/build/image_geometry' returned '0': CMAKE_PREFIX_PATH=${CMAKE_PREFIX_PATH}:/home/nvidia/rosbag_ws/install/ros2bag:/home/nvidia/microros_ws/install/sensor_msgs_py:/home/nvidia/ros2_ws/install/obj_det_visualizer:/home/nvidia/ros2_ws/install/ros2bag:/home/nvidia/ros2_ws/install/sim2real:/home/nvidia/ros2_ws/install/opencv_tests:/opt/ros/foxy /usr/bin/cmake /home/nvidia/ros2_ws/src/vision_opencv/image_geometry -DCMAKE_BUILD_TYPE=Release -DAMENT_CMAKE_SYMLINK_INSTALL=1 -DCMAKE_INSTALL_PREFIX=/home/nvidia/ros2_ws/install/image_geometry
[22.320s] Invoking command in '/home/nvidia/ros2_ws/build/image_geometry': CMAKE_PREFIX_PATH=${CMAKE_PREFIX_PATH}:/home/nvidia/rosbag_ws/install/ros2bag:/home/nvidia/microros_ws/install/sensor_msgs_py:/home/nvidia/ros2_ws/install/obj_det_visualizer:/home/nvidia/ros2_ws/install/ros2bag:/home/nvidia/ros2_ws/install/sim2real:/home/nvidia/ros2_ws/install/opencv_tests:/opt/ros/foxy /usr/bin/cmake --build /home/nvidia/ros2_ws/build/image_geometry -- -j6 -l6
[22.917s] [35m[1mScanning dependencies of target image_geometry[0m
[22.973s] [35m[1mScanning dependencies of target gtest_main[0m
[23.041s] [35m[1mScanning dependencies of target gtest[0m
[23.288s] [  9%] [32mBuilding CXX object gtest/CMakeFiles/gtest.dir/src/gtest-all.cc.o[0m
[23.358s] [ 18%] [32mBuilding CXX object gtest/CMakeFiles/gtest_main.dir/src/gtest_main.cc.o[0m
[24.054s] [ 27%] [32mBuilding CXX object CMakeFiles/image_geometry.dir/src/stereo_camera_model.cpp.o[0m
[24.096s] [ 36%] [32mBuilding CXX object CMakeFiles/image_geometry.dir/src/pinhole_camera_model.cpp.o[0m
[32.093s] [ 45%] [32m[1mLinking CXX static library libgtest_main.a[0m
[33.179s] [ 45%] Built target gtest_main
[46.449s] [ 54%] [32m[1mLinking CXX shared library libimage_geometry.so[0m
[47.973s] [ 54%] Built target image_geometry
[92.095s] [ 63%] [32m[1mLinking CXX static library libgtest.a[0m
[92.732s] [ 63%] Built target gtest
[92.878s] [35m[1mScanning dependencies of target image_geometry-utest-equi[0m
[93.218s] [ 72%] [32mBuilding CXX object test/CMakeFiles/image_geometry-utest-equi.dir/utest_equi.cpp.o[0m
[108.734s] [ 81%] [32m[1mLinking CXX executable image_geometry-utest-equi[0m
[109.683s] [ 81%] Built target image_geometry-utest-equi
[109.949s] [35m[1mScanning dependencies of target image_geometry-utest[0m
[110.286s] [ 90%] [32mBuilding CXX object test/CMakeFiles/image_geometry-utest.dir/utest.cpp.o[0m
[130.084s] [100%] [32m[1mLinking CXX executable image_geometry-utest[0m
[130.981s] [100%] Built target image_geometry-utest
[131.268s] Invoked command in '/home/nvidia/ros2_ws/build/image_geometry' returned '0': CMAKE_PREFIX_PATH=${CMAKE_PREFIX_PATH}:/home/nvidia/rosbag_ws/install/ros2bag:/home/nvidia/microros_ws/install/sensor_msgs_py:/home/nvidia/ros2_ws/install/obj_det_visualizer:/home/nvidia/ros2_ws/install/ros2bag:/home/nvidia/ros2_ws/install/sim2real:/home/nvidia/ros2_ws/install/opencv_tests:/opt/ros/foxy /usr/bin/cmake --build /home/nvidia/ros2_ws/build/image_geometry -- -j6 -l6
[131.938s] Invoking command in '/home/nvidia/ros2_ws/build/image_geometry': CMAKE_PREFIX_PATH=${CMAKE_PREFIX_PATH}:/home/nvidia/rosbag_ws/install/ros2bag:/home/nvidia/microros_ws/install/sensor_msgs_py:/home/nvidia/ros2_ws/install/obj_det_visualizer:/home/nvidia/ros2_ws/install/ros2bag:/home/nvidia/ros2_ws/install/sim2real:/home/nvidia/ros2_ws/install/opencv_tests:/opt/ros/foxy /usr/bin/cmake --install /home/nvidia/ros2_ws/build/image_geometry
[133.528s] -- Install configuration: "Release"
[133.529s] -- Execute custom install script
[133.529s] -- Symlinking: /home/nvidia/ros2_ws/install/image_geometry/share/image_geometry/environment/pythonpath.sh
[133.530s] -- Symlinking: /home/nvidia/ros2_ws/install/image_geometry/share/image_geometry/environment/pythonpath.dsv
[133.530s] -- Symlinking: /home/nvidia/ros2_ws/install/image_geometry/lib/python3.8/site-packages/image_geometry/__init__.py
[133.531s] -- Symlinking: /home/nvidia/ros2_ws/install/image_geometry/lib/python3.8/site-packages/image_geometry/cameramodels.py
[133.531s] -- Symlinking: /home/nvidia/ros2_ws/install/image_geometry/include/image_geometry/pinhole_camera_model.h
[133.532s] -- Symlinking: /home/nvidia/ros2_ws/install/image_geometry/include/image_geometry/stereo_camera_model.h
[133.532s] -- Symlinking: /home/nvidia/ros2_ws/install/image_geometry/include/image_geometry/visibility_control.hpp
[133.533s] -- Symlinking: /home/nvidia/ros2_ws/install/image_geometry/lib/libimage_geometry.so
[133.533s] -- Symlinking: /home/nvidia/ros2_ws/install/image_geometry/share/image_geometry/environment/library_path.sh
[133.534s] -- Symlinking: /home/nvidia/ros2_ws/install/image_geometry/share/image_geometry/environment/library_path.dsv
[133.534s] -- Symlinking: /home/nvidia/ros2_ws/install/image_geometry/share/ament_index/resource_index/package_run_dependencies/image_geometry
[133.534s] -- Symlinking: /home/nvidia/ros2_ws/install/image_geometry/share/ament_index/resource_index/parent_prefix_path/image_geometry
[133.535s] -- Symlinking: /home/nvidia/ros2_ws/install/image_geometry/share/image_geometry/environment/ament_prefix_path.sh
[133.613s] -- Symlinking: /home/nvidia/ros2_ws/install/image_geometry/share/image_geometry/environment/ament_prefix_path.dsv
[133.739s] -- Symlinking: /home/nvidia/ros2_ws/install/image_geometry/share/image_geometry/environment/path.sh
[133.867s] -- Symlinking: /home/nvidia/ros2_ws/install/image_geometry/share/image_geometry/environment/path.dsv
[133.976s] -- Symlinking: /home/nvidia/ros2_ws/install/image_geometry/share/image_geometry/local_setup.bash
[134.090s] -- Symlinking: /home/nvidia/ros2_ws/install/image_geometry/share/image_geometry/local_setup.sh
[134.208s] -- Symlinking: /home/nvidia/ros2_ws/install/image_geometry/share/image_geometry/local_setup.zsh
[134.327s] -- Symlinking: /home/nvidia/ros2_ws/install/image_geometry/share/image_geometry/local_setup.dsv
[134.441s] -- Symlinking: /home/nvidia/ros2_ws/install/image_geometry/share/image_geometry/package.dsv
[134.556s] -- Symlinking: /home/nvidia/ros2_ws/install/image_geometry/share/ament_index/resource_index/packages/image_geometry
[134.669s] -- Symlinking: /home/nvidia/ros2_ws/install/image_geometry/share/image_geometry/cmake/ament_cmake_export_libraries-extras.cmake
[134.783s] -- Symlinking: /home/nvidia/ros2_ws/install/image_geometry/share/image_geometry/cmake/ament_cmake_export_dependencies-extras.cmake
[134.912s] -- Symlinking: /home/nvidia/ros2_ws/install/image_geometry/share/image_geometry/cmake/ament_cmake_export_include_directories-extras.cmake
[135.032s] -- Symlinking: /home/nvidia/ros2_ws/install/image_geometry/share/image_geometry/cmake/image_geometryConfig.cmake
[135.154s] -- Symlinking: /home/nvidia/ros2_ws/install/image_geometry/share/image_geometry/cmake/image_geometryConfig-version.cmake
[135.275s] -- Symlinking: /home/nvidia/ros2_ws/install/image_geometry/share/image_geometry/package.xml
[135.927s] Listing '/home/nvidia/ros2_ws/install/image_geometry/lib/python3.8/site-packages/image_geometry'...
[135.928s] Compiling '/home/nvidia/ros2_ws/install/image_geometry/lib/python3.8/site-packages/image_geometry/__init__.py'...
[135.929s] Compiling '/home/nvidia/ros2_ws/install/image_geometry/lib/python3.8/site-packages/image_geometry/cameramodels.py'...
[135.977s] Invoked command in '/home/nvidia/ros2_ws/build/image_geometry' returned '0': CMAKE_PREFIX_PATH=${CMAKE_PREFIX_PATH}:/home/nvidia/rosbag_ws/install/ros2bag:/home/nvidia/microros_ws/install/sensor_msgs_py:/home/nvidia/ros2_ws/install/obj_det_visualizer:/home/nvidia/ros2_ws/install/ros2bag:/home/nvidia/ros2_ws/install/sim2real:/home/nvidia/ros2_ws/install/opencv_tests:/opt/ros/foxy /usr/bin/cmake --install /home/nvidia/ros2_ws/build/image_geometry
