[18.437s] Invoking command in '/home/nvidia/ros2_ws/src/racetrack_challenge/lane_follower': PYTHONPATH=/home/nvidia/ros2_ws/build/lane_follower/prefix_override:/usr/lib/python3/dist-packages/colcon_core/task/python/colcon_distutils_commands:/home/nvidia/ros2_ws/install/lane_follower/lib/python3.8/site-packages:${PYTHONPATH} /usr/bin/python3 -W ignore:setup.py install is deprecated -W ignore:easy_install command is deprecated setup.py egg_info --egg-base ../../../build/lane_follower build --build-base /home/nvidia/ros2_ws/build/lane_follower/build install --record /home/nvidia/ros2_ws/build/lane_follower/install.log --install-scripts $base/lib/lane_follower --single-version-externally-managed install_data
[21.357s] running egg_info
[21.362s] creating ../../../build/lane_follower/lane_follower.egg-info
[21.364s] writing ../../../build/lane_follower/lane_follower.egg-info/PKG-INFO
[21.366s] writing dependency_links to ../../../build/lane_follower/lane_follower.egg-info/dependency_links.txt
[21.368s] writing entry points to ../../../build/lane_follower/lane_follower.egg-info/entry_points.txt
[21.376s] writing requirements to ../../../build/lane_follower/lane_follower.egg-info/requires.txt
[21.388s] writing top-level names to ../../../build/lane_follower/lane_follower.egg-info/top_level.txt
[21.538s] writing manifest file '../../../build/lane_follower/lane_follower.egg-info/SOURCES.txt'
[21.822s] reading manifest file '../../../build/lane_follower/lane_follower.egg-info/SOURCES.txt'
[21.827s] writing manifest file '../../../build/lane_follower/lane_follower.egg-info/SOURCES.txt'
[21.828s] running build
[21.831s] running build_py
[21.832s] creating /home/nvidia/ros2_ws/build/lane_follower/build
[21.834s] creating /home/nvidia/ros2_ws/build/lane_follower/build/lib
[21.834s] creating /home/nvidia/ros2_ws/build/lane_follower/build/lib/lane_follower
[21.835s] copying lane_follower/__init__.py -> /home/nvidia/ros2_ws/build/lane_follower/build/lib/lane_follower
[21.898s] running install
[21.913s] running install_lib
[21.945s] creating /home/nvidia/ros2_ws/install/lane_follower/lib/python3.8/site-packages/lane_follower
[21.948s] copying /home/nvidia/ros2_ws/build/lane_follower/build/lib/lane_follower/__init__.py -> /home/nvidia/ros2_ws/install/lane_follower/lib/python3.8/site-packages/lane_follower
[21.973s] byte-compiling /home/nvidia/ros2_ws/install/lane_follower/lib/python3.8/site-packages/lane_follower/__init__.py to __init__.cpython-38.pyc
[21.989s] running install_data
[21.994s] creating /home/nvidia/ros2_ws/install/lane_follower/share/ament_index
[21.995s] creating /home/nvidia/ros2_ws/install/lane_follower/share/ament_index/resource_index
[21.996s] creating /home/nvidia/ros2_ws/install/lane_follower/share/ament_index/resource_index/packages
[21.996s] copying resource/lane_follower -> /home/nvidia/ros2_ws/install/lane_follower/share/ament_index/resource_index/packages
[21.996s] copying package.xml -> /home/nvidia/ros2_ws/install/lane_follower/share/lane_follower
[21.997s] running install_egg_info
[22.010s] Copying ../../../build/lane_follower/lane_follower.egg-info to /home/nvidia/ros2_ws/install/lane_follower/lib/python3.8/site-packages/lane_follower-0.0.0-py3.8.egg-info
[22.018s] running install_scripts
[22.151s] writing list of installed files to '/home/nvidia/ros2_ws/build/lane_follower/install.log'
[22.293s] Invoked command in '/home/nvidia/ros2_ws/src/racetrack_challenge/lane_follower' returned '0': PYTHONPATH=/home/nvidia/ros2_ws/build/lane_follower/prefix_override:/usr/lib/python3/dist-packages/colcon_core/task/python/colcon_distutils_commands:/home/nvidia/ros2_ws/install/lane_follower/lib/python3.8/site-packages:${PYTHONPATH} /usr/bin/python3 -W ignore:setup.py install is deprecated -W ignore:easy_install command is deprecated setup.py egg_info --egg-base ../../../build/lane_follower build --build-base /home/nvidia/ros2_ws/build/lane_follower/build install --record /home/nvidia/ros2_ws/build/lane_follower/install.log --install-scripts $base/lib/lane_follower --single-version-externally-managed install_data
