[0.872s] Invoking command in '/home/nvidia/ros2_ws/build/cv_bridge': CMAKE_PREFIX_PATH=${CMAKE_PREFIX_PATH}:/home/nvidia/rosbag_ws/install/ros2bag:/home/nvidia/microros_ws/install/sensor_msgs_py:/home/nvidia/ros2_ws/install/obj_det_visualizer:/home/nvidia/ros2_ws/install/opencv_tests:/opt/ros/foxy /usr/bin/cmake --build /home/nvidia/ros2_ws/build/cv_bridge -- -j6 -l6
[2.571s] [ 12%] Built target gtest_main
[2.573s] [ 25%] Built target gtest
[2.719s] [ 43%] Built target cv_bridge
[3.762s] [ 62%] Built target cv_bridge_boost
[4.096s] [100%] Built target cv_bridge-utest
[4.863s] Invoked command in '/home/nvidia/ros2_ws/build/cv_bridge' returned '0': CMAKE_PREFIX_PATH=${CMAKE_PREFIX_PATH}:/home/nvidia/rosbag_ws/install/ros2bag:/home/nvidia/microros_ws/install/sensor_msgs_py:/home/nvidia/ros2_ws/install/obj_det_visualizer:/home/nvidia/ros2_ws/install/opencv_tests:/opt/ros/foxy /usr/bin/cmake --build /home/nvidia/ros2_ws/build/cv_bridge -- -j6 -l6
[5.414s] Invoking command in '/home/nvidia/ros2_ws/build/cv_bridge': CMAKE_PREFIX_PATH=${CMAKE_PREFIX_PATH}:/home/nvidia/rosbag_ws/install/ros2bag:/home/nvidia/microros_ws/install/sensor_msgs_py:/home/nvidia/ros2_ws/install/obj_det_visualizer:/home/nvidia/ros2_ws/install/opencv_tests:/opt/ros/foxy /usr/bin/cmake --install /home/nvidia/ros2_ws/build/cv_bridge
[5.522s] -- Install configuration: "Release"
[5.526s] -- Execute custom install script
[5.531s] -- Up-to-date symlink: /home/nvidia/ros2_ws/install/cv_bridge/share/cv_bridge/environment/pythonpath.sh
[5.532s] -- Up-to-date symlink: /home/nvidia/ros2_ws/install/cv_bridge/share/cv_bridge/environment/pythonpath.dsv
[5.539s] -- Up-to-date symlink: /home/nvidia/ros2_ws/install/cv_bridge/lib/python3.8/site-packages/cv_bridge/__init__.py
[5.545s] -- Up-to-date symlink: /home/nvidia/ros2_ws/install/cv_bridge/lib/python3.8/site-packages/cv_bridge/core.py
[5.550s] -- Up-to-date symlink: /home/nvidia/ros2_ws/install/cv_bridge/lib/libcv_bridge.so
[5.555s] -- Up-to-date symlink: /home/nvidia/ros2_ws/install/cv_bridge/include/cv_bridge/cv_bridge_export.h
[5.577s] -- Up-to-date symlink: /home/nvidia/ros2_ws/install/cv_bridge/lib/python3.8/site-packages/cv_bridge/boost//cv_bridge_boost.so
[5.579s] -- Up-to-date symlink: /home/nvidia/ros2_ws/install/cv_bridge/share/cv_bridge/environment/library_path.sh
[5.580s] -- Up-to-date symlink: /home/nvidia/ros2_ws/install/cv_bridge/share/cv_bridge/environment/library_path.dsv
[5.580s] -- Up-to-date symlink: /home/nvidia/ros2_ws/install/cv_bridge/include/cv_bridge/cv_bridge.h
[5.582s] -- Up-to-date symlink: /home/nvidia/ros2_ws/install/cv_bridge/include/cv_bridge/rgb_colors.h
[5.588s] -- Up-to-date symlink: /home/nvidia/ros2_ws/install/cv_bridge/lib/libcv_bridge.so
[5.589s] -- Up-to-date symlink: /home/nvidia/ros2_ws/install/cv_bridge/share/ament_index/resource_index/package_run_dependencies/cv_bridge
[5.598s] -- Up-to-date symlink: /home/nvidia/ros2_ws/install/cv_bridge/share/ament_index/resource_index/parent_prefix_path/cv_bridge
[5.603s] -- Up-to-date symlink: /home/nvidia/ros2_ws/install/cv_bridge/share/cv_bridge/environment/ament_prefix_path.sh
[5.604s] -- Up-to-date symlink: /home/nvidia/ros2_ws/install/cv_bridge/share/cv_bridge/environment/ament_prefix_path.dsv
[5.607s] -- Up-to-date symlink: /home/nvidia/ros2_ws/install/cv_bridge/share/cv_bridge/environment/path.sh
[5.609s] -- Up-to-date symlink: /home/nvidia/ros2_ws/install/cv_bridge/share/cv_bridge/environment/path.dsv
[5.611s] -- Up-to-date symlink: /home/nvidia/ros2_ws/install/cv_bridge/share/cv_bridge/local_setup.bash
[5.614s] -- Up-to-date symlink: /home/nvidia/ros2_ws/install/cv_bridge/share/cv_bridge/local_setup.sh
[5.617s] -- Up-to-date symlink: /home/nvidia/ros2_ws/install/cv_bridge/share/cv_bridge/local_setup.zsh
[5.620s] -- Up-to-date symlink: /home/nvidia/ros2_ws/install/cv_bridge/share/cv_bridge/local_setup.dsv
[5.622s] -- Symlinking: /home/nvidia/ros2_ws/install/cv_bridge/share/cv_bridge/package.dsv
[5.739s] -- Up-to-date symlink: /home/nvidia/ros2_ws/install/cv_bridge/share/ament_index/resource_index/packages/cv_bridge
[5.792s] -- Up-to-date symlink: /home/nvidia/ros2_ws/install/cv_bridge/share/cv_bridge/cmake/cv_bridge-extras.cmake
[5.796s] -- Up-to-date symlink: /home/nvidia/ros2_ws/install/cv_bridge/share/cv_bridge/cmake/ament_cmake_export_dependencies-extras.cmake
[5.799s] -- Up-to-date symlink: /home/nvidia/ros2_ws/install/cv_bridge/share/cv_bridge/cmake/ament_cmake_export_include_directories-extras.cmake
[5.802s] -- Up-to-date symlink: /home/nvidia/ros2_ws/install/cv_bridge/share/cv_bridge/cmake/ament_cmake_export_libraries-extras.cmake
[5.806s] -- Up-to-date symlink: /home/nvidia/ros2_ws/install/cv_bridge/share/cv_bridge/cmake/cv_bridgeConfig.cmake
[5.808s] -- Up-to-date symlink: /home/nvidia/ros2_ws/install/cv_bridge/share/cv_bridge/cmake/cv_bridgeConfig-version.cmake
[5.811s] -- Up-to-date symlink: /home/nvidia/ros2_ws/install/cv_bridge/share/cv_bridge/package.xml
[6.394s] Listing '/home/nvidia/ros2_ws/install/cv_bridge/lib/python3.8/site-packages/cv_bridge'...
[6.395s] Listing '/home/nvidia/ros2_ws/install/cv_bridge/lib/python3.8/site-packages/cv_bridge/boost'...
[6.897s] Invoked command in '/home/nvidia/ros2_ws/build/cv_bridge' returned '0': CMAKE_PREFIX_PATH=${CMAKE_PREFIX_PATH}:/home/nvidia/rosbag_ws/install/ros2bag:/home/nvidia/microros_ws/install/sensor_msgs_py:/home/nvidia/ros2_ws/install/obj_det_visualizer:/home/nvidia/ros2_ws/install/opencv_tests:/opt/ros/foxy /usr/bin/cmake --install /home/nvidia/ros2_ws/build/cv_bridge
