[0.579s] Invoking command in '/home/nvidia/ros2_ws/build/estimation_and_vision_assignment': CMAKE_PREFIX_PATH=${CMAKE_PREFIX_PATH}:/home/nvidia/rosbag_ws/install/ros2bag:/home/nvidia/microros_ws/install/sensor_msgs_py:/home/nvidia/ros2_ws/install/obj_det_visualizer:/home/nvidia/ros2_ws/install/opencv_tests:/opt/ros/foxy /usr/bin/cmake /home/nvidia/ros2_ws/src/HW4/estimation_and_vision_assignment -DAMENT_CMAKE_SYMLINK_INSTALL=1 -DCMAKE_INSTALL_PREFIX=/home/nvidia/ros2_ws/install/estimation_and_vision_assignment
[1.445s] -- Found ament_cmake: 0.9.12 (/opt/ros/foxy/share/ament_cmake/cmake)
[1.940s] -- Using PYTHON_EXECUTABLE: /usr/bin/python3
[3.748s] -- Override CMake install command with custom implementation using symlinks instead of copying resources
[3.845s] -- Found geometry_msgs: 2.0.5 (/home/nvidia/microros_ws/install/geometry_msgs/share/geometry_msgs/cmake)
[4.709s] -- Using all available rosidl_typesupport_c: rosidl_typesupport_microxrcedds_c;rosidl_typesupport_fastrtps_c;rosidl_typesupport_introspection_c
[4.893s] -- Found rosidl_adapter: 1.3.1 (/opt/ros/foxy/share/rosidl_adapter/cmake)
[8.177s] -- Using all available rosidl_typesupport_cpp: rosidl_typesupport_microxrcedds_cpp;rosidl_typesupport_fastrtps_cpp;rosidl_typesupport_introspection_cpp
[10.346s] -- Found rclpy: 1.0.13 (/opt/ros/foxy/share/rclpy/cmake)
[10.349s] -- Found sensor_msgs: 2.0.5 (/home/nvidia/microros_ws/install/sensor_msgs/share/sensor_msgs/cmake)
[10.843s] -- Found nav_msgs: 2.0.5 (/home/nvidia/microros_ws/install/nav_msgs/share/nav_msgs/cmake)
[11.325s] -- Found ament_lint_auto: 0.9.8 (/opt/ros/foxy/share/ament_lint_auto/cmake)
[12.143s] -- Added test 'copyright' to check source files copyright and LICENSE
[12.177s] -- Added test 'flake8' to check Python code syntax and style conventions
[12.182s] -- Added test 'lint_cmake' to check CMake code style
[12.186s] -- Added test 'pep257' to check Python code against some of the style conventions in PEP 257
[12.200s] -- Added test 'xmllint' to check XML markup files
[12.224s] -- Configuring done
[12.394s] -- Generating done
[12.410s] -- Build files have been written to: /home/nvidia/ros2_ws/build/estimation_and_vision_assignment
[12.452s] Invoked command in '/home/nvidia/ros2_ws/build/estimation_and_vision_assignment' returned '0': CMAKE_PREFIX_PATH=${CMAKE_PREFIX_PATH}:/home/nvidia/rosbag_ws/install/ros2bag:/home/nvidia/microros_ws/install/sensor_msgs_py:/home/nvidia/ros2_ws/install/obj_det_visualizer:/home/nvidia/ros2_ws/install/opencv_tests:/opt/ros/foxy /usr/bin/cmake /home/nvidia/ros2_ws/src/HW4/estimation_and_vision_assignment -DAMENT_CMAKE_SYMLINK_INSTALL=1 -DCMAKE_INSTALL_PREFIX=/home/nvidia/ros2_ws/install/estimation_and_vision_assignment
[12.469s] Invoking command in '/home/nvidia/ros2_ws/build/estimation_and_vision_assignment': CMAKE_PREFIX_PATH=${CMAKE_PREFIX_PATH}:/home/nvidia/rosbag_ws/install/ros2bag:/home/nvidia/microros_ws/install/sensor_msgs_py:/home/nvidia/ros2_ws/install/obj_det_visualizer:/home/nvidia/ros2_ws/install/opencv_tests:/opt/ros/foxy /usr/bin/cmake --build /home/nvidia/ros2_ws/build/estimation_and_vision_assignment -- -j6 -l6
[13.094s] Invoked command in '/home/nvidia/ros2_ws/build/estimation_and_vision_assignment' returned '0': CMAKE_PREFIX_PATH=${CMAKE_PREFIX_PATH}:/home/nvidia/rosbag_ws/install/ros2bag:/home/nvidia/microros_ws/install/sensor_msgs_py:/home/nvidia/ros2_ws/install/obj_det_visualizer:/home/nvidia/ros2_ws/install/opencv_tests:/opt/ros/foxy /usr/bin/cmake --build /home/nvidia/ros2_ws/build/estimation_and_vision_assignment -- -j6 -l6
[13.395s] Invoking command in '/home/nvidia/ros2_ws/build/estimation_and_vision_assignment': CMAKE_PREFIX_PATH=${CMAKE_PREFIX_PATH}:/home/nvidia/rosbag_ws/install/ros2bag:/home/nvidia/microros_ws/install/sensor_msgs_py:/home/nvidia/ros2_ws/install/obj_det_visualizer:/home/nvidia/ros2_ws/install/opencv_tests:/opt/ros/foxy /usr/bin/cmake --install /home/nvidia/ros2_ws/build/estimation_and_vision_assignment
[13.501s] -- Install configuration: ""
[13.504s] -- Execute custom install script
[13.652s] -- Symlinking: /home/nvidia/ros2_ws/install/estimation_and_vision_assignment/lib/estimation_and_vision_assignment/monte_carlo_localization.py
[13.770s] -- Symlinking: /home/nvidia/ros2_ws/install/estimation_and_vision_assignment/lib/estimation_and_vision_assignment/republish_map.py
[14.030s] -- Symlinking: /home/nvidia/ros2_ws/install/estimation_and_vision_assignment/share/estimation_and_vision_assignment/resources/map.pkl
[14.294s] -- Symlinking: /home/nvidia/ros2_ws/install/estimation_and_vision_assignment/share/estimation_and_vision_assignment/resources/viz.rviz
[14.550s] -- Symlinking: /home/nvidia/ros2_ws/install/estimation_and_vision_assignment/share/estimation_and_vision_assignment/launch/ground_truth_pub.launch.py
[14.654s] -- Symlinking: /home/nvidia/ros2_ws/install/estimation_and_vision_assignment/share/estimation_and_vision_assignment/launch/monte_carlo_localization.launch.py
[14.913s] -- Symlinking: /home/nvidia/ros2_ws/install/estimation_and_vision_assignment/share/ament_index/resource_index/package_run_dependencies/estimation_and_vision_assignment
[15.163s] -- Symlinking: /home/nvidia/ros2_ws/install/estimation_and_vision_assignment/share/ament_index/resource_index/parent_prefix_path/estimation_and_vision_assignment
[15.414s] -- Symlinking: /home/nvidia/ros2_ws/install/estimation_and_vision_assignment/share/estimation_and_vision_assignment/environment/ament_prefix_path.sh
[15.518s] -- Symlinking: /home/nvidia/ros2_ws/install/estimation_and_vision_assignment/share/estimation_and_vision_assignment/environment/ament_prefix_path.dsv
[15.625s] -- Symlinking: /home/nvidia/ros2_ws/install/estimation_and_vision_assignment/share/estimation_and_vision_assignment/environment/path.sh
[15.733s] -- Symlinking: /home/nvidia/ros2_ws/install/estimation_and_vision_assignment/share/estimation_and_vision_assignment/environment/path.dsv
[15.843s] -- Symlinking: /home/nvidia/ros2_ws/install/estimation_and_vision_assignment/share/estimation_and_vision_assignment/local_setup.bash
[16.237s] -- Symlinking: /home/nvidia/ros2_ws/install/estimation_and_vision_assignment/share/estimation_and_vision_assignment/local_setup.sh
[16.342s] -- Symlinking: /home/nvidia/ros2_ws/install/estimation_and_vision_assignment/share/estimation_and_vision_assignment/local_setup.zsh
[16.450s] -- Symlinking: /home/nvidia/ros2_ws/install/estimation_and_vision_assignment/share/estimation_and_vision_assignment/local_setup.dsv
[16.561s] -- Symlinking: /home/nvidia/ros2_ws/install/estimation_and_vision_assignment/share/estimation_and_vision_assignment/package.dsv
[16.676s] -- Symlinking: /home/nvidia/ros2_ws/install/estimation_and_vision_assignment/share/ament_index/resource_index/packages/estimation_and_vision_assignment
[16.928s] -- Symlinking: /home/nvidia/ros2_ws/install/estimation_and_vision_assignment/share/estimation_and_vision_assignment/cmake/estimation_and_vision_assignmentConfig.cmake
[17.033s] -- Symlinking: /home/nvidia/ros2_ws/install/estimation_and_vision_assignment/share/estimation_and_vision_assignment/cmake/estimation_and_vision_assignmentConfig-version.cmake
[17.136s] -- Symlinking: /home/nvidia/ros2_ws/install/estimation_and_vision_assignment/share/estimation_and_vision_assignment/package.xml
[17.259s] Invoked command in '/home/nvidia/ros2_ws/build/estimation_and_vision_assignment' returned '0': CMAKE_PREFIX_PATH=${CMAKE_PREFIX_PATH}:/home/nvidia/rosbag_ws/install/ros2bag:/home/nvidia/microros_ws/install/sensor_msgs_py:/home/nvidia/ros2_ws/install/obj_det_visualizer:/home/nvidia/ros2_ws/install/opencv_tests:/opt/ros/foxy /usr/bin/cmake --install /home/nvidia/ros2_ws/build/estimation_and_vision_assignment
