[0.635s] Invoking command in '/home/nvidia/ros2_ws/build/costmap_converter_msgs': CMAKE_PREFIX_PATH=${CMAKE_PREFIX_PATH}:/home/nvidia/rosbag_ws/install/ros2bag:/home/nvidia/microros_ws/install/sensor_msgs_py:/home/nvidia/ros2_ws/install/obj_det_visualizer:/home/nvidia/ros2_ws/install/opencv_tests:/opt/ros/foxy /usr/bin/cmake /home/nvidia/ros2_ws/src/costmap_converter/costmap_converter_msgs -DCMAKE_INSTALL_PREFIX=/home/nvidia/ros2_ws/install/costmap_converter_msgs
[0.911s] -- Found ament_cmake: 0.9.12 (/opt/ros/foxy/share/ament_cmake/cmake)
[1.470s] -- Found PythonInterp: /usr/bin/python3 (found suitable version "3.8.10", minimum required is "3") 
[1.470s] -- Using PYTHON_EXECUTABLE: /usr/bin/python3
[3.476s] -- Override CMake install command with custom implementation using symlinks instead of copying resources
[3.566s] -- Found builtin_interfaces: 1.0.0 (/home/nvidia/microros_ws/install/builtin_interfaces/share/builtin_interfaces/cmake)
[4.090s] -- Using all available rosidl_typesupport_c: rosidl_typesupport_microxrcedds_c;rosidl_typesupport_fastrtps_c;rosidl_typesupport_introspection_c
[4.119s] -- Found rosidl_adapter: 1.3.1 (/opt/ros/foxy/share/rosidl_adapter/cmake)
[7.245s] -- Using all available rosidl_typesupport_cpp: rosidl_typesupport_microxrcedds_cpp;rosidl_typesupport_fastrtps_cpp;rosidl_typesupport_introspection_cpp
[8.607s] -- Found geometry_msgs: 2.0.5 (/home/nvidia/microros_ws/install/geometry_msgs/share/geometry_msgs/cmake)
[9.286s] -- Found rosidl_default_generators: 1.0.1 (/opt/ros/foxy/share/rosidl_default_generators/cmake)
[9.846s] -- Found PythonInterp: /usr/bin/python3 (found version "3.8.10") 
[12.218s] -- Found ament_cmake_ros: 0.9.2 (/opt/ros/foxy/share/ament_cmake_ros/cmake)
[14.649s] -- Using all available rosidl_typesupport_c: rosidl_typesupport_microxrcedds_c;rosidl_typesupport_fastrtps_c;rosidl_typesupport_introspection_c
[15.715s] -- Using all available rosidl_typesupport_cpp: rosidl_typesupport_microxrcedds_cpp;rosidl_typesupport_fastrtps_cpp;rosidl_typesupport_introspection_cpp
[16.180s] -- Found PythonInterp: /usr/bin/python3 (found suitable version "3.8.10", minimum required is "3.5") 
[16.183s] -- Found python_cmake_module: 0.8.1 (/opt/ros/foxy/share/python_cmake_module/cmake)
[16.681s] -- Using PYTHON_EXECUTABLE: /usr/bin/python3
[16.682s] -- Using PYTHON_INCLUDE_DIRS: /usr/include/python3.8
[16.682s] -- Using PYTHON_LIBRARIES: /usr/lib/aarch64-linux-gnu/libpython3.8.so
[17.916s] -- Configuring done
[18.737s] -- Generating done
[18.899s] -- Build files have been written to: /home/nvidia/ros2_ws/build/costmap_converter_msgs
[18.966s] Invoked command in '/home/nvidia/ros2_ws/build/costmap_converter_msgs' returned '0': CMAKE_PREFIX_PATH=${CMAKE_PREFIX_PATH}:/home/nvidia/rosbag_ws/install/ros2bag:/home/nvidia/microros_ws/install/sensor_msgs_py:/home/nvidia/ros2_ws/install/obj_det_visualizer:/home/nvidia/ros2_ws/install/opencv_tests:/opt/ros/foxy /usr/bin/cmake /home/nvidia/ros2_ws/src/costmap_converter/costmap_converter_msgs -DCMAKE_INSTALL_PREFIX=/home/nvidia/ros2_ws/install/costmap_converter_msgs
[18.972s] Invoking command in '/home/nvidia/ros2_ws/build/costmap_converter_msgs': CMAKE_PREFIX_PATH=${CMAKE_PREFIX_PATH}:/home/nvidia/rosbag_ws/install/ros2bag:/home/nvidia/microros_ws/install/sensor_msgs_py:/home/nvidia/ros2_ws/install/obj_det_visualizer:/home/nvidia/ros2_ws/install/opencv_tests:/opt/ros/foxy /usr/bin/cmake --build /home/nvidia/ros2_ws/build/costmap_converter_msgs -- -j6 -l6
[19.888s] [  2%] Built target costmap_converter_msgs__cpp
[20.077s] [ 10%] Built target costmap_converter_msgs__rosidl_generator_c
[20.549s] [ 26%] Built target costmap_converter_msgs__rosidl_typesupport_fastrtps_cpp
[20.553s] [ 26%] Built target costmap_converter_msgs__rosidl_typesupport_microxrcedds_cpp
[20.562s] [ 42%] Built target costmap_converter_msgs__rosidl_typesupport_c
[20.562s] [ 36%] Built target costmap_converter_msgs__rosidl_typesupport_cpp
[20.618s] [ 51%] Built target costmap_converter_msgs__rosidl_typesupport_introspection_cpp
[20.694s] [ 59%] Built target costmap_converter_msgs__rosidl_typesupport_microxrcedds_c
[20.962s] [ 67%] Built target costmap_converter_msgs__rosidl_typesupport_introspection_c
[21.057s] [ 75%] Built target costmap_converter_msgs__rosidl_typesupport_fastrtps_c
[21.372s] [ 75%] Built target costmap_converter_msgs
[21.820s] [ 77%] Built target costmap_converter_msgs__py
[22.112s] [ 83%] Built target costmap_converter_msgs__python
[22.694s] [ 87%] Built target costmap_converter_msgs__rosidl_typesupport_c__pyext
[22.713s] [ 91%] Built target costmap_converter_msgs__rosidl_typesupport_fastrtps_c__pyext
[22.719s] [ 95%] Built target costmap_converter_msgs__rosidl_typesupport_introspection_c__pyext
[22.777s] [100%] Built target costmap_converter_msgs__rosidl_typesupport_microxrcedds_c__pyext
[23.054s] Invoked command in '/home/nvidia/ros2_ws/build/costmap_converter_msgs' returned '0': CMAKE_PREFIX_PATH=${CMAKE_PREFIX_PATH}:/home/nvidia/rosbag_ws/install/ros2bag:/home/nvidia/microros_ws/install/sensor_msgs_py:/home/nvidia/ros2_ws/install/obj_det_visualizer:/home/nvidia/ros2_ws/install/opencv_tests:/opt/ros/foxy /usr/bin/cmake --build /home/nvidia/ros2_ws/build/costmap_converter_msgs -- -j6 -l6
[23.083s] Invoking command in '/home/nvidia/ros2_ws/build/costmap_converter_msgs': CMAKE_PREFIX_PATH=${CMAKE_PREFIX_PATH}:/home/nvidia/rosbag_ws/install/ros2bag:/home/nvidia/microros_ws/install/sensor_msgs_py:/home/nvidia/ros2_ws/install/obj_det_visualizer:/home/nvidia/ros2_ws/install/opencv_tests:/opt/ros/foxy /usr/bin/cmake --install /home/nvidia/ros2_ws/build/costmap_converter_msgs
[23.593s] -- Install configuration: "Release"
[23.594s] -- Execute custom install script
[23.594s] -- Up-to-date symlink: /home/nvidia/ros2_ws/install/costmap_converter_msgs/share/ament_index/resource_index/rosidl_interfaces/costmap_converter_msgs
[23.595s] -- Up-to-date symlink: /home/nvidia/ros2_ws/install/costmap_converter_msgs/include/costmap_converter_msgs/msg/detail/obstacle_array_msg__functions.h
[23.595s] -- Up-to-date symlink: /home/nvidia/ros2_ws/install/costmap_converter_msgs/include/costmap_converter_msgs/msg/detail/obstacle_array_msg__struct.h
[23.596s] -- Up-to-date symlink: /home/nvidia/ros2_ws/install/costmap_converter_msgs/include/costmap_converter_msgs/msg/detail/obstacle_array_msg__type_support.h
[23.596s] -- Up-to-date symlink: /home/nvidia/ros2_ws/install/costmap_converter_msgs/include/costmap_converter_msgs/msg/detail/obstacle_msg__functions.h
[23.596s] -- Up-to-date symlink: /home/nvidia/ros2_ws/install/costmap_converter_msgs/include/costmap_converter_msgs/msg/detail/obstacle_msg__struct.h
[23.597s] -- Up-to-date symlink: /home/nvidia/ros2_ws/install/costmap_converter_msgs/include/costmap_converter_msgs/msg/detail/obstacle_msg__type_support.h
[23.597s] -- Up-to-date symlink: /home/nvidia/ros2_ws/install/costmap_converter_msgs/include/costmap_converter_msgs/msg/obstacle_array_msg.h
[23.602s] -- Up-to-date symlink: /home/nvidia/ros2_ws/install/costmap_converter_msgs/include/costmap_converter_msgs/msg/obstacle_msg.h
[23.603s] -- Up-to-date symlink: /home/nvidia/ros2_ws/install/costmap_converter_msgs/include/costmap_converter_msgs/msg/rosidl_generator_c__visibility_control.h
[23.604s] -- Up-to-date symlink: /home/nvidia/ros2_ws/install/costmap_converter_msgs/share/costmap_converter_msgs/environment/library_path.sh
[23.606s] -- Up-to-date symlink: /home/nvidia/ros2_ws/install/costmap_converter_msgs/share/costmap_converter_msgs/environment/library_path.dsv
[23.607s] -- Up-to-date symlink: /home/nvidia/ros2_ws/install/costmap_converter_msgs/include/costmap_converter_msgs/msg/detail/obstacle_array_msg__rosidl_typesupport_microxrcedds_c.h
[23.607s] -- Up-to-date symlink: /home/nvidia/ros2_ws/install/costmap_converter_msgs/include/costmap_converter_msgs/msg/detail/obstacle_msg__rosidl_typesupport_microxrcedds_c.h
[23.608s] -- Up-to-date symlink: /home/nvidia/ros2_ws/install/costmap_converter_msgs/include/costmap_converter_msgs/msg/rosidl_typesupport_microxrcedds_c__visibility_control.h
[23.608s] -- Up-to-date symlink: /home/nvidia/ros2_ws/install/costmap_converter_msgs/lib/libcostmap_converter_msgs__rosidl_typesupport_microxrcedds_c.so
[23.609s] -- Up-to-date symlink: /home/nvidia/ros2_ws/install/costmap_converter_msgs/include/costmap_converter_msgs/msg/detail/obstacle_array_msg__rosidl_typesupport_fastrtps_c.h
[23.609s] -- Up-to-date symlink: /home/nvidia/ros2_ws/install/costmap_converter_msgs/include/costmap_converter_msgs/msg/detail/obstacle_msg__rosidl_typesupport_fastrtps_c.h
[23.609s] -- Up-to-date symlink: /home/nvidia/ros2_ws/install/costmap_converter_msgs/include/costmap_converter_msgs/msg/rosidl_typesupport_fastrtps_c__visibility_control.h
[23.634s] -- Up-to-date symlink: /home/nvidia/ros2_ws/install/costmap_converter_msgs/lib/libcostmap_converter_msgs__rosidl_typesupport_fastrtps_c.so
[23.635s] -- Up-to-date symlink: /home/nvidia/ros2_ws/install/costmap_converter_msgs/include/costmap_converter_msgs/msg/detail/obstacle_array_msg__rosidl_typesupport_fastrtps_cpp.hpp
[23.635s] -- Up-to-date symlink: /home/nvidia/ros2_ws/install/costmap_converter_msgs/include/costmap_converter_msgs/msg/detail/obstacle_msg__rosidl_typesupport_fastrtps_cpp.hpp
[23.636s] -- Up-to-date symlink: /home/nvidia/ros2_ws/install/costmap_converter_msgs/include/costmap_converter_msgs/msg/rosidl_typesupport_fastrtps_cpp__visibility_control.h
[23.636s] -- Up-to-date symlink: /home/nvidia/ros2_ws/install/costmap_converter_msgs/lib/libcostmap_converter_msgs__rosidl_typesupport_fastrtps_cpp.so
[23.637s] -- Up-to-date symlink: /home/nvidia/ros2_ws/install/costmap_converter_msgs/include/costmap_converter_msgs/msg/detail/obstacle_array_msg__rosidl_typesupport_introspection_c.h
[23.637s] -- Up-to-date symlink: /home/nvidia/ros2_ws/install/costmap_converter_msgs/include/costmap_converter_msgs/msg/detail/obstacle_msg__rosidl_typesupport_introspection_c.h
[23.637s] -- Up-to-date symlink: /home/nvidia/ros2_ws/install/costmap_converter_msgs/include/costmap_converter_msgs/msg/rosidl_typesupport_introspection_c__visibility_control.h
[23.641s] -- Up-to-date symlink: /home/nvidia/ros2_ws/install/costmap_converter_msgs/include/costmap_converter_msgs/msg/detail/obstacle_array_msg__builder.hpp
[23.685s] -- Up-to-date symlink: /home/nvidia/ros2_ws/install/costmap_converter_msgs/include/costmap_converter_msgs/msg/detail/obstacle_array_msg__struct.hpp
[23.686s] -- Up-to-date symlink: /home/nvidia/ros2_ws/install/costmap_converter_msgs/include/costmap_converter_msgs/msg/detail/obstacle_array_msg__traits.hpp
[23.687s] -- Up-to-date symlink: /home/nvidia/ros2_ws/install/costmap_converter_msgs/include/costmap_converter_msgs/msg/detail/obstacle_array_msg__type_support.hpp
[23.687s] -- Up-to-date symlink: /home/nvidia/ros2_ws/install/costmap_converter_msgs/include/costmap_converter_msgs/msg/detail/obstacle_msg__builder.hpp
[23.687s] -- Up-to-date symlink: /home/nvidia/ros2_ws/install/costmap_converter_msgs/include/costmap_converter_msgs/msg/detail/obstacle_msg__struct.hpp
[23.688s] -- Up-to-date symlink: /home/nvidia/ros2_ws/install/costmap_converter_msgs/include/costmap_converter_msgs/msg/detail/obstacle_msg__traits.hpp
[23.688s] -- Up-to-date symlink: /home/nvidia/ros2_ws/install/costmap_converter_msgs/include/costmap_converter_msgs/msg/detail/obstacle_msg__type_support.hpp
[23.689s] -- Up-to-date symlink: /home/nvidia/ros2_ws/install/costmap_converter_msgs/include/costmap_converter_msgs/msg/obstacle_array_msg.hpp
[23.689s] -- Up-to-date symlink: /home/nvidia/ros2_ws/install/costmap_converter_msgs/include/costmap_converter_msgs/msg/obstacle_msg.hpp
[23.689s] -- Up-to-date symlink: /home/nvidia/ros2_ws/install/costmap_converter_msgs/include/costmap_converter_msgs/msg/rosidl_generator_cpp__visibility_control.hpp
[23.690s] -- Up-to-date symlink: /home/nvidia/ros2_ws/install/costmap_converter_msgs/include/costmap_converter_msgs/msg/detail/microxrcedds/obstacle_array_msg__type_support_cpp.cpp
[23.690s] -- Up-to-date symlink: /home/nvidia/ros2_ws/install/costmap_converter_msgs/include/costmap_converter_msgs/msg/detail/microxrcedds/obstacle_msg__type_support_cpp.cpp
[23.690s] -- Up-to-date symlink: /home/nvidia/ros2_ws/install/costmap_converter_msgs/include/costmap_converter_msgs/msg/detail/obstacle_array_msg__rosidl_typesupport_microxrcedds_cpp.hpp
[23.691s] -- Up-to-date symlink: /home/nvidia/ros2_ws/install/costmap_converter_msgs/include/costmap_converter_msgs/msg/detail/obstacle_msg__rosidl_typesupport_microxrcedds_cpp.hpp
[23.691s] -- Up-to-date symlink: /home/nvidia/ros2_ws/install/costmap_converter_msgs/include/costmap_converter_msgs/msg/rosidl_typesupport_microxrcedds_cpp__visibility_control.h
[23.692s] -- Up-to-date symlink: /home/nvidia/ros2_ws/install/costmap_converter_msgs/lib/libcostmap_converter_msgs__rosidl_typesupport_microxrcedds_cpp.so
[23.692s] -- Up-to-date symlink: /home/nvidia/ros2_ws/install/costmap_converter_msgs/include/costmap_converter_msgs/msg/detail/obstacle_array_msg__rosidl_typesupport_introspection_cpp.hpp
[23.692s] -- Up-to-date symlink: /home/nvidia/ros2_ws/install/costmap_converter_msgs/include/costmap_converter_msgs/msg/detail/obstacle_msg__rosidl_typesupport_introspection_cpp.hpp
[23.693s] -- Up-to-date symlink: /home/nvidia/ros2_ws/install/costmap_converter_msgs/share/costmap_converter_msgs/environment/pythonpath.sh
[23.693s] -- Up-to-date symlink: /home/nvidia/ros2_ws/install/costmap_converter_msgs/share/costmap_converter_msgs/environment/pythonpath.dsv
[23.696s] -- Up-to-date symlink: /home/nvidia/ros2_ws/install/costmap_converter_msgs/lib/python3.8/site-packages/costmap_converter_msgs/__init__.py
[23.696s] -- Up-to-date symlink: /home/nvidia/ros2_ws/install/costmap_converter_msgs/lib/python3.8/site-packages/costmap_converter_msgs/msg/__init__.py
[23.696s] -- Up-to-date symlink: /home/nvidia/ros2_ws/install/costmap_converter_msgs/lib/python3.8/site-packages/costmap_converter_msgs/msg/_obstacle_array_msg.py
[23.697s] -- Up-to-date symlink: /home/nvidia/ros2_ws/install/costmap_converter_msgs/lib/python3.8/site-packages/costmap_converter_msgs/msg/_obstacle_msg.py
[23.697s] -- Up-to-date symlink: /home/nvidia/ros2_ws/install/costmap_converter_msgs/lib/python3.8/site-packages/costmap_converter_msgs/costmap_converter_msgs_s__rosidl_typesupport_microxrcedds_c.cpython-38-aarch64-linux-gnu.so
[23.698s] -- Up-to-date symlink: /home/nvidia/ros2_ws/install/costmap_converter_msgs/lib/python3.8/site-packages/costmap_converter_msgs/costmap_converter_msgs_s__rosidl_typesupport_fastrtps_c.cpython-38-aarch64-linux-gnu.so
[23.710s] -- Up-to-date symlink: /home/nvidia/ros2_ws/install/costmap_converter_msgs/lib/python3.8/site-packages/costmap_converter_msgs/costmap_converter_msgs_s__rosidl_typesupport_introspection_c.cpython-38-aarch64-linux-gnu.so
[23.711s] -- Up-to-date symlink: /home/nvidia/ros2_ws/install/costmap_converter_msgs/lib/python3.8/site-packages/costmap_converter_msgs/costmap_converter_msgs_s__rosidl_typesupport_c.cpython-38-aarch64-linux-gnu.so
[23.712s] -- Up-to-date symlink: /home/nvidia/ros2_ws/install/costmap_converter_msgs/lib/libcostmap_converter_msgs__python.so
[23.712s] -- Up-to-date symlink: /home/nvidia/ros2_ws/install/costmap_converter_msgs/share/costmap_converter_msgs/msg/ObstacleMsg.idl
[23.716s] -- Up-to-date symlink: /home/nvidia/ros2_ws/install/costmap_converter_msgs/share/costmap_converter_msgs/msg/ObstacleArrayMsg.idl
[23.716s] -- Up-to-date symlink: /home/nvidia/ros2_ws/install/costmap_converter_msgs/share/costmap_converter_msgs/msg/ObstacleMsg.msg
[23.717s] -- Up-to-date symlink: /home/nvidia/ros2_ws/install/costmap_converter_msgs/share/costmap_converter_msgs/msg/ObstacleArrayMsg.msg
[23.717s] -- Up-to-date symlink: /home/nvidia/ros2_ws/install/costmap_converter_msgs/share/ament_index/resource_index/package_run_dependencies/costmap_converter_msgs
[23.717s] -- Up-to-date symlink: /home/nvidia/ros2_ws/install/costmap_converter_msgs/share/ament_index/resource_index/parent_prefix_path/costmap_converter_msgs
[23.718s] -- Up-to-date symlink: /home/nvidia/ros2_ws/install/costmap_converter_msgs/share/costmap_converter_msgs/environment/ament_prefix_path.sh
[23.718s] -- Up-to-date symlink: /home/nvidia/ros2_ws/install/costmap_converter_msgs/share/costmap_converter_msgs/environment/ament_prefix_path.dsv
[23.719s] -- Up-to-date symlink: /home/nvidia/ros2_ws/install/costmap_converter_msgs/share/costmap_converter_msgs/environment/path.sh
[23.719s] -- Up-to-date symlink: /home/nvidia/ros2_ws/install/costmap_converter_msgs/share/costmap_converter_msgs/environment/path.dsv
[23.719s] -- Up-to-date symlink: /home/nvidia/ros2_ws/install/costmap_converter_msgs/share/costmap_converter_msgs/local_setup.bash
[23.720s] -- Up-to-date symlink: /home/nvidia/ros2_ws/install/costmap_converter_msgs/share/costmap_converter_msgs/local_setup.sh
[23.720s] -- Up-to-date symlink: /home/nvidia/ros2_ws/install/costmap_converter_msgs/share/costmap_converter_msgs/local_setup.zsh
[23.720s] -- Up-to-date symlink: /home/nvidia/ros2_ws/install/costmap_converter_msgs/share/costmap_converter_msgs/local_setup.dsv
[23.721s] -- Symlinking: /home/nvidia/ros2_ws/install/costmap_converter_msgs/share/costmap_converter_msgs/package.dsv
[23.722s] -- Up-to-date symlink: /home/nvidia/ros2_ws/install/costmap_converter_msgs/share/ament_index/resource_index/packages/costmap_converter_msgs
[23.723s] -- Up-to-date symlink: /home/nvidia/ros2_ws/install/costmap_converter_msgs/share/costmap_converter_msgs/cmake/rosidl_cmake-extras.cmake
[23.724s] -- Up-to-date symlink: /home/nvidia/ros2_ws/install/costmap_converter_msgs/share/costmap_converter_msgs/cmake/ament_cmake_export_dependencies-extras.cmake
[23.725s] -- Up-to-date symlink: /home/nvidia/ros2_ws/install/costmap_converter_msgs/share/costmap_converter_msgs/cmake/ament_cmake_export_libraries-extras.cmake
[23.725s] -- Up-to-date symlink: /home/nvidia/ros2_ws/install/costmap_converter_msgs/share/costmap_converter_msgs/cmake/ament_cmake_export_targets-extras.cmake
[23.725s] -- Up-to-date symlink: /home/nvidia/ros2_ws/install/costmap_converter_msgs/share/costmap_converter_msgs/cmake/ament_cmake_export_include_directories-extras.cmake
[23.726s] -- Up-to-date symlink: /home/nvidia/ros2_ws/install/costmap_converter_msgs/share/costmap_converter_msgs/cmake/rosidl_cmake_export_typesupport_libraries-extras.cmake
[23.755s] -- Up-to-date symlink: /home/nvidia/ros2_ws/install/costmap_converter_msgs/share/costmap_converter_msgs/cmake/rosidl_cmake_export_typesupport_targets-extras.cmake
[23.756s] -- Up-to-date symlink: /home/nvidia/ros2_ws/install/costmap_converter_msgs/share/costmap_converter_msgs/cmake/costmap_converter_msgsConfig.cmake
[23.756s] -- Up-to-date symlink: /home/nvidia/ros2_ws/install/costmap_converter_msgs/share/costmap_converter_msgs/cmake/costmap_converter_msgsConfig-version.cmake
[23.757s] -- Up-to-date symlink: /home/nvidia/ros2_ws/install/costmap_converter_msgs/share/costmap_converter_msgs/package.xml
[23.757s] -- Up-to-date: /home/nvidia/ros2_ws/install/costmap_converter_msgs/lib/libcostmap_converter_msgs__rosidl_generator_c.so
[23.758s] -- Up-to-date: /home/nvidia/ros2_ws/install/costmap_converter_msgs/lib/libcostmap_converter_msgs__rosidl_typesupport_introspection_c.so
[23.758s] -- Up-to-date: /home/nvidia/ros2_ws/install/costmap_converter_msgs/lib/libcostmap_converter_msgs__rosidl_typesupport_c.so
[23.759s] -- Up-to-date: /home/nvidia/ros2_ws/install/costmap_converter_msgs/lib/libcostmap_converter_msgs__rosidl_typesupport_introspection_cpp.so
[23.759s] -- Up-to-date: /home/nvidia/ros2_ws/install/costmap_converter_msgs/lib/libcostmap_converter_msgs__rosidl_typesupport_cpp.so
[24.187s] Compiling '/home/nvidia/ros2_ws/install/costmap_converter_msgs/lib/python3.8/site-packages/costmap_converter_msgs/__init__.py'...
[24.325s] -- Up-to-date: /home/nvidia/ros2_ws/install/costmap_converter_msgs/share/costmap_converter_msgs/cmake/costmap_converter_msgs__rosidl_generator_cExport.cmake
[24.327s] -- Installing: /home/nvidia/ros2_ws/install/costmap_converter_msgs/share/costmap_converter_msgs/cmake/costmap_converter_msgs__rosidl_generator_cExport-release.cmake
[24.332s] -- Up-to-date: /home/nvidia/ros2_ws/install/costmap_converter_msgs/share/costmap_converter_msgs/cmake/costmap_converter_msgs__rosidl_typesupport_introspection_cExport.cmake
[24.333s] -- Installing: /home/nvidia/ros2_ws/install/costmap_converter_msgs/share/costmap_converter_msgs/cmake/costmap_converter_msgs__rosidl_typesupport_introspection_cExport-release.cmake
[24.355s] -- Up-to-date: /home/nvidia/ros2_ws/install/costmap_converter_msgs/share/costmap_converter_msgs/cmake/costmap_converter_msgs__rosidl_typesupport_cExport.cmake
[24.357s] -- Installing: /home/nvidia/ros2_ws/install/costmap_converter_msgs/share/costmap_converter_msgs/cmake/costmap_converter_msgs__rosidl_typesupport_cExport-release.cmake
[24.363s] -- Up-to-date: /home/nvidia/ros2_ws/install/costmap_converter_msgs/share/costmap_converter_msgs/cmake/costmap_converter_msgs__rosidl_generator_cppExport.cmake
[24.365s] -- Up-to-date: /home/nvidia/ros2_ws/install/costmap_converter_msgs/share/costmap_converter_msgs/cmake/costmap_converter_msgs__rosidl_typesupport_introspection_cppExport.cmake
[24.367s] -- Installing: /home/nvidia/ros2_ws/install/costmap_converter_msgs/share/costmap_converter_msgs/cmake/costmap_converter_msgs__rosidl_typesupport_introspection_cppExport-release.cmake
[24.376s] -- Up-to-date: /home/nvidia/ros2_ws/install/costmap_converter_msgs/share/costmap_converter_msgs/cmake/costmap_converter_msgs__rosidl_typesupport_cppExport.cmake
[24.378s] -- Installing: /home/nvidia/ros2_ws/install/costmap_converter_msgs/share/costmap_converter_msgs/cmake/costmap_converter_msgs__rosidl_typesupport_cppExport-release.cmake
[24.449s] Invoked command in '/home/nvidia/ros2_ws/build/costmap_converter_msgs' returned '0': CMAKE_PREFIX_PATH=${CMAKE_PREFIX_PATH}:/home/nvidia/rosbag_ws/install/ros2bag:/home/nvidia/microros_ws/install/sensor_msgs_py:/home/nvidia/ros2_ws/install/obj_det_visualizer:/home/nvidia/ros2_ws/install/opencv_tests:/opt/ros/foxy /usr/bin/cmake --install /home/nvidia/ros2_ws/build/costmap_converter_msgs
