[1.713s] Invoking command in '/home/nvidia/ros2_ws/build/car_control': CMAKE_PREFIX_PATH=${CMAKE_PREFIX_PATH}:/home/nvidia/rosbag_ws/install/ros2bag:/home/nvidia/microros_ws/install/sensor_msgs_py:/home/nvidia/ros2_ws/install/obj_det_visualizer:/home/nvidia/ros2_ws/install/ros2bag:/home/nvidia/ros2_ws/install/sim2real:/home/nvidia/ros2_ws/install/opencv_tests:/opt/ros/foxy /usr/bin/cmake /home/nvidia/ros2_ws/src/car_control -DCMAKE_BUILD_TYPE=Release -DAMENT_CMAKE_SYMLINK_INSTALL=1 -DCMAKE_INSTALL_PREFIX=/home/nvidia/ros2_ws/install/car_control
[11.427s] -- The C compiler identification is GNU 9.4.0
[11.427s] -- The CXX compiler identification is GNU 9.4.0
[11.428s] -- Check for working C compiler: /usr/bin/cc
[11.428s] -- Check for working C compiler: /usr/bin/cc -- works
[11.429s] -- Detecting C compiler ABI info
[11.429s] -- Detecting C compiler ABI info - done
[11.430s] -- Detecting C compile features
[11.430s] -- Detecting C compile features - done
[11.430s] -- Check for working CXX compiler: /usr/bin/c++
[11.431s] -- Check for working CXX compiler: /usr/bin/c++ -- works
[11.431s] -- Detecting CXX compiler ABI info
[11.431s] -- Detecting CXX compiler ABI info - done
[11.432s] -- Detecting CXX compile features
[11.432s] -- Detecting CXX compile features - done
[11.433s] -- Found ament_cmake: 0.9.12 (/opt/ros/foxy/share/ament_cmake/cmake)
[11.434s] -- Found PythonInterp: /usr/bin/python3 (found suitable version "3.8.10", minimum required is "3") 
[11.435s] -- Using PYTHON_EXECUTABLE: /usr/bin/python3
[11.435s] -- Override CMake install command with custom implementation using symlinks instead of copying resources
[11.436s] -- Found rclcpp: 2.4.3 (/opt/ros/foxy/share/rclcpp/cmake)
[11.478s] -- Using all available rosidl_typesupport_c: rosidl_typesupport_microxrcedds_c;rosidl_typesupport_fastrtps_c;rosidl_typesupport_introspection_c
[11.707s] -- Found rosidl_adapter: 1.3.1 (/opt/ros/foxy/share/rosidl_adapter/cmake)
[13.515s] -- Found OpenSSL: /usr/lib/aarch64-linux-gnu/libcrypto.so (found version "1.1.1f")  
[13.745s] -- Found FastRTPS: /opt/ros/foxy/include  
[14.548s] -- Using all available rosidl_typesupport_cpp: rosidl_typesupport_microxrcedds_cpp;rosidl_typesupport_fastrtps_cpp;rosidl_typesupport_introspection_cpp
[15.288s] -- Found rmw_implementation_cmake: 1.0.4 (/opt/ros/foxy/share/rmw_implementation_cmake/cmake)
[15.326s] -- Using RMW implementation 'rmw_fastrtps_cpp' as default
[15.331s] -- Looking for pthread.h
[16.283s] -- Looking for pthread.h - found
[16.283s] -- Performing Test CMAKE_HAVE_LIBC_PTHREAD
[17.477s] -- Performing Test CMAKE_HAVE_LIBC_PTHREAD - Failed
[17.479s] -- Looking for pthread_create in pthreads
[18.788s] -- Looking for pthread_create in pthreads - not found
[18.789s] -- Looking for pthread_create in pthread
[19.707s] -- Looking for pthread_create in pthread - found
[19.715s] -- Found Threads: TRUE  
[21.017s] -- Found sensor_msgs: 2.0.5 (/home/nvidia/microros_ws/install/sensor_msgs/share/sensor_msgs/cmake)
[21.850s] -- Found nav_msgs: 2.0.5 (/home/nvidia/microros_ws/install/nav_msgs/share/nav_msgs/cmake)
[22.509s] -- Found ament_lint_auto: 0.9.8 (/opt/ros/foxy/share/ament_lint_auto/cmake)
[23.697s] -- Added test 'copyright' to check source files copyright and LICENSE
[23.867s] -- Added test 'cppcheck' to perform static code analysis on C / C++ code
[23.868s] -- Configured cppcheck include dirs: 
[23.869s] -- Configured cppcheck exclude dirs and/or files: 
[23.891s] -- Added test 'cpplint' to check C / C++ code against the Google style
[23.891s] -- Configured cpplint exclude dirs and/or files: 
[23.985s] -- Added test 'flake8' to check Python code syntax and style conventions
[23.985s] -- Added test 'lint_cmake' to check CMake code style
[23.986s] -- Added test 'pep257' to check Python code against some of the style conventions in PEP 257
[23.986s] -- Added test 'uncrustify' to check C / C++ code style
[23.987s] -- Configured uncrustify additional arguments: 
[23.987s] -- Added test 'xmllint' to check XML markup files
[24.037s] -- Configuring done
[24.168s] -- Generating done
[24.179s] -- Build files have been written to: /home/nvidia/ros2_ws/build/car_control
[24.240s] Invoked command in '/home/nvidia/ros2_ws/build/car_control' returned '0': CMAKE_PREFIX_PATH=${CMAKE_PREFIX_PATH}:/home/nvidia/rosbag_ws/install/ros2bag:/home/nvidia/microros_ws/install/sensor_msgs_py:/home/nvidia/ros2_ws/install/obj_det_visualizer:/home/nvidia/ros2_ws/install/ros2bag:/home/nvidia/ros2_ws/install/sim2real:/home/nvidia/ros2_ws/install/opencv_tests:/opt/ros/foxy /usr/bin/cmake /home/nvidia/ros2_ws/src/car_control -DCMAKE_BUILD_TYPE=Release -DAMENT_CMAKE_SYMLINK_INSTALL=1 -DCMAKE_INSTALL_PREFIX=/home/nvidia/ros2_ws/install/car_control
[24.274s] Invoking command in '/home/nvidia/ros2_ws/build/car_control': CMAKE_PREFIX_PATH=${CMAKE_PREFIX_PATH}:/home/nvidia/rosbag_ws/install/ros2bag:/home/nvidia/microros_ws/install/sensor_msgs_py:/home/nvidia/ros2_ws/install/obj_det_visualizer:/home/nvidia/ros2_ws/install/ros2bag:/home/nvidia/ros2_ws/install/sim2real:/home/nvidia/ros2_ws/install/opencv_tests:/opt/ros/foxy /usr/bin/cmake --build /home/nvidia/ros2_ws/build/car_control -- -j6 -l6
[31.311s] [35m[1mScanning dependencies of target car_control_test[0m
[31.311s] [ 25%] [32mBuilding CXX object CMakeFiles/car_control_test.dir/src/car_control_test.cpp.o[0m
[38.164s] [01m[K/home/nvidia/ros2_ws/src/car_control/src/car_control_test.cpp:[m[K In constructor ‘[01m[KCarControlNode::CarControlNode()[m[K’:
[38.165s] [01m[K/home/nvidia/ros2_ws/src/car_control/src/car_control_test.cpp:244:13:[m[K [01;35m[Kwarning: [m[K‘[01m[KCarControlNode::autonavigation[m[K’ will be initialized after [[01;35m[K-Wreorder[m[K]
[38.165s]   244 |     int32_t [01;35m[Kautonavigation[m[K = 97100; //
[38.166s]       |             [01;35m[K^~~~~~~~~~~~~~[m[K
[38.166s] [01m[K/home/nvidia/ros2_ws/src/car_control/src/car_control_test.cpp:239:10:[m[K [01;35m[Kwarning: [m[K  ‘[01m[Kbool CarControlNode::flag[m[K’ [[01;35m[K-Wreorder[m[K]
[38.167s]   239 |     bool [01;35m[Kflag[m[K = false;
[38.167s]       |          [01;35m[K^~~~[m[K
[38.167s] [01m[K/home/nvidia/ros2_ws/src/car_control/src/car_control_test.cpp:18:5:[m[K [01;35m[Kwarning: [m[K  when initialized here [[01;35m[K-Wreorder[m[K]
[38.168s]    18 |     [01;35m[KCarControlNode[m[K()
[38.173s]       |     [01;35m[K^~~~~~~~~~~~~~[m[K
[101.085s] [ 50%] [32m[1mLinking CXX executable car_control_test[0m
[102.812s] [ 50%] Built target car_control_test
[103.168s] [35m[1mScanning dependencies of target car_control[0m
[103.740s] [ 75%] [32mBuilding CXX object CMakeFiles/car_control.dir/src/car_control.cpp.o[0m
[147.762s] [100%] [32m[1mLinking CXX executable car_control[0m
[148.726s] [100%] Built target car_control
[149.012s] Invoked command in '/home/nvidia/ros2_ws/build/car_control' returned '0': CMAKE_PREFIX_PATH=${CMAKE_PREFIX_PATH}:/home/nvidia/rosbag_ws/install/ros2bag:/home/nvidia/microros_ws/install/sensor_msgs_py:/home/nvidia/ros2_ws/install/obj_det_visualizer:/home/nvidia/ros2_ws/install/ros2bag:/home/nvidia/ros2_ws/install/sim2real:/home/nvidia/ros2_ws/install/opencv_tests:/opt/ros/foxy /usr/bin/cmake --build /home/nvidia/ros2_ws/build/car_control -- -j6 -l6
[149.632s] Invoking command in '/home/nvidia/ros2_ws/build/car_control': CMAKE_PREFIX_PATH=${CMAKE_PREFIX_PATH}:/home/nvidia/rosbag_ws/install/ros2bag:/home/nvidia/microros_ws/install/sensor_msgs_py:/home/nvidia/ros2_ws/install/obj_det_visualizer:/home/nvidia/ros2_ws/install/ros2bag:/home/nvidia/ros2_ws/install/sim2real:/home/nvidia/ros2_ws/install/opencv_tests:/opt/ros/foxy /usr/bin/cmake --install /home/nvidia/ros2_ws/build/car_control
[151.668s] -- Install configuration: "Release"
[151.671s] -- Execute custom install script
[151.671s] -- Symlinking: /home/nvidia/ros2_ws/install/car_control/lib/car_control/car_control
[151.672s] -- Symlinking: /home/nvidia/ros2_ws/install/car_control/lib/car_control/car_control_test
[151.673s] -- Symlinking: /home/nvidia/ros2_ws/install/car_control/share/car_control//launch/car_control.launch.py
[151.673s] -- Symlinking: /home/nvidia/ros2_ws/install/car_control/share/car_control//launch/car_nav_demo.launch.py
[151.674s] -- Symlinking: /home/nvidia/ros2_ws/install/car_control/share/car_control//launch/rtabmapping.launch.py
[151.674s] -- Symlinking: /home/nvidia/ros2_ws/install/car_control/share/ament_index/resource_index/package_run_dependencies/car_control
[151.675s] -- Symlinking: /home/nvidia/ros2_ws/install/car_control/share/ament_index/resource_index/parent_prefix_path/car_control
[151.675s] -- Symlinking: /home/nvidia/ros2_ws/install/car_control/share/car_control/environment/ament_prefix_path.sh
[151.676s] -- Symlinking: /home/nvidia/ros2_ws/install/car_control/share/car_control/environment/ament_prefix_path.dsv
[151.676s] -- Symlinking: /home/nvidia/ros2_ws/install/car_control/share/car_control/environment/path.sh
[151.678s] -- Symlinking: /home/nvidia/ros2_ws/install/car_control/share/car_control/environment/path.dsv
[151.678s] -- Symlinking: /home/nvidia/ros2_ws/install/car_control/share/car_control/local_setup.bash
[151.678s] -- Symlinking: /home/nvidia/ros2_ws/install/car_control/share/car_control/local_setup.sh
[151.679s] -- Symlinking: /home/nvidia/ros2_ws/install/car_control/share/car_control/local_setup.zsh
[151.679s] -- Symlinking: /home/nvidia/ros2_ws/install/car_control/share/car_control/local_setup.dsv
[151.680s] -- Symlinking: /home/nvidia/ros2_ws/install/car_control/share/car_control/package.dsv
[151.717s] -- Symlinking: /home/nvidia/ros2_ws/install/car_control/share/ament_index/resource_index/packages/car_control
[151.831s] -- Symlinking: /home/nvidia/ros2_ws/install/car_control/share/car_control/cmake/car_controlConfig.cmake
[151.963s] -- Symlinking: /home/nvidia/ros2_ws/install/car_control/share/car_control/cmake/car_controlConfig-version.cmake
[152.073s] -- Symlinking: /home/nvidia/ros2_ws/install/car_control/share/car_control/package.xml
[152.206s] Invoked command in '/home/nvidia/ros2_ws/build/car_control' returned '0': CMAKE_PREFIX_PATH=${CMAKE_PREFIX_PATH}:/home/nvidia/rosbag_ws/install/ros2bag:/home/nvidia/microros_ws/install/sensor_msgs_py:/home/nvidia/ros2_ws/install/obj_det_visualizer:/home/nvidia/ros2_ws/install/ros2bag:/home/nvidia/ros2_ws/install/sim2real:/home/nvidia/ros2_ws/install/opencv_tests:/opt/ros/foxy /usr/bin/cmake --install /home/nvidia/ros2_ws/build/car_control
