[0.192s] Invoking command in '/home/nvidia/ros2_ws/build/zed_tutorial_depth': CMAKE_PREFIX_PATH=${CMAKE_PREFIX_PATH}:/home/nvidia/rosbag_ws/install/ros2bag:/home/nvidia/microros_ws/install/sensor_msgs_py:/home/nvidia/ros2_ws/install/obj_det_visualizer:/home/nvidia/ros2_ws/install/opencv_tests:/opt/ros/foxy /usr/bin/cmake /home/nvidia/ros2_ws/src/zed-ros2-examples/tutorials/zed_depth_tutorial -DCMAKE_INSTALL_PREFIX=/home/nvidia/ros2_ws/install/zed_tutorial_depth
[0.431s] -- Found ament_cmake_auto: 0.9.12 (/opt/ros/foxy/share/ament_cmake_auto/cmake)
[0.870s] -- Using PYTHON_EXECUTABLE: /usr/bin/python3
[2.805s] -- Override CMake install command with custom implementation using symlinks instead of copying resources
[3.799s] -- Using all available rosidl_typesupport_c: rosidl_typesupport_microxrcedds_c;rosidl_typesupport_fastrtps_c;rosidl_typesupport_introspection_c
[3.820s] -- Found rosidl_adapter: 1.3.1 (/opt/ros/foxy/share/rosidl_adapter/cmake)
[4.952s] -- Using all available rosidl_typesupport_cpp: rosidl_typesupport_microxrcedds_cpp;rosidl_typesupport_fastrtps_cpp;rosidl_typesupport_introspection_cpp
[5.280s] -- Found rmw_implementation_cmake: 1.0.4 (/opt/ros/foxy/share/rmw_implementation_cmake/cmake)
[5.314s] -- Using RMW implementation 'rmw_fastrtps_cpp' as default
[6.820s] -- Found ament_lint_auto: 0.9.8 (/opt/ros/foxy/share/ament_lint_auto/cmake)
[7.051s] -- Added test 'copyright' to check source files copyright and LICENSE
[7.058s] -- Added test 'cppcheck' to perform static code analysis on C / C++ code
[7.063s] -- Configured cppcheck include dirs: 
[7.064s] -- Configured cppcheck exclude dirs and/or files: 
[7.069s] -- Added test 'cpplint' to check C / C++ code against the Google style
[7.070s] -- Configured cpplint exclude dirs and/or files: 
[7.074s] -- Added test 'lint_cmake' to check CMake code style
[7.082s] -- Added test 'uncrustify' to check C / C++ code style
[7.083s] -- Configured uncrustify additional arguments: 
[7.086s] -- Added test 'xmllint' to check XML markup files
[7.115s] -- Configuring done
[7.247s] -- Generating done
[7.280s] -- Build files have been written to: /home/nvidia/ros2_ws/build/zed_tutorial_depth
[7.331s] Invoked command in '/home/nvidia/ros2_ws/build/zed_tutorial_depth' returned '0': CMAKE_PREFIX_PATH=${CMAKE_PREFIX_PATH}:/home/nvidia/rosbag_ws/install/ros2bag:/home/nvidia/microros_ws/install/sensor_msgs_py:/home/nvidia/ros2_ws/install/obj_det_visualizer:/home/nvidia/ros2_ws/install/opencv_tests:/opt/ros/foxy /usr/bin/cmake /home/nvidia/ros2_ws/src/zed-ros2-examples/tutorials/zed_depth_tutorial -DCMAKE_INSTALL_PREFIX=/home/nvidia/ros2_ws/install/zed_tutorial_depth
[7.334s] Invoking command in '/home/nvidia/ros2_ws/build/zed_tutorial_depth': CMAKE_PREFIX_PATH=${CMAKE_PREFIX_PATH}:/home/nvidia/rosbag_ws/install/ros2bag:/home/nvidia/microros_ws/install/sensor_msgs_py:/home/nvidia/ros2_ws/install/obj_det_visualizer:/home/nvidia/ros2_ws/install/opencv_tests:/opt/ros/foxy /usr/bin/cmake --build /home/nvidia/ros2_ws/build/zed_tutorial_depth -- -j6 -l6
[8.426s] [100%] Built target zed_tutorial_depth
[8.585s] Invoked command in '/home/nvidia/ros2_ws/build/zed_tutorial_depth' returned '0': CMAKE_PREFIX_PATH=${CMAKE_PREFIX_PATH}:/home/nvidia/rosbag_ws/install/ros2bag:/home/nvidia/microros_ws/install/sensor_msgs_py:/home/nvidia/ros2_ws/install/obj_det_visualizer:/home/nvidia/ros2_ws/install/opencv_tests:/opt/ros/foxy /usr/bin/cmake --build /home/nvidia/ros2_ws/build/zed_tutorial_depth -- -j6 -l6
[8.590s] Invoking command in '/home/nvidia/ros2_ws/build/zed_tutorial_depth': CMAKE_PREFIX_PATH=${CMAKE_PREFIX_PATH}:/home/nvidia/rosbag_ws/install/ros2bag:/home/nvidia/microros_ws/install/sensor_msgs_py:/home/nvidia/ros2_ws/install/obj_det_visualizer:/home/nvidia/ros2_ws/install/opencv_tests:/opt/ros/foxy /usr/bin/cmake --install /home/nvidia/ros2_ws/build/zed_tutorial_depth
[8.685s] -- Install configuration: "Release"
[8.688s] -- Execute custom install script
[8.693s] -- Up-to-date symlink: /home/nvidia/ros2_ws/install/zed_tutorial_depth/lib/zed_tutorial_depth/zed_tutorial_depth
[8.694s] -- Up-to-date symlink: /home/nvidia/ros2_ws/install/zed_tutorial_depth/share/ament_index/resource_index/package_run_dependencies/zed_tutorial_depth
[8.697s] -- Up-to-date symlink: /home/nvidia/ros2_ws/install/zed_tutorial_depth/share/ament_index/resource_index/parent_prefix_path/zed_tutorial_depth
[8.700s] -- Up-to-date symlink: /home/nvidia/ros2_ws/install/zed_tutorial_depth/share/zed_tutorial_depth/environment/ament_prefix_path.sh
[8.710s] -- Up-to-date symlink: /home/nvidia/ros2_ws/install/zed_tutorial_depth/share/zed_tutorial_depth/environment/ament_prefix_path.dsv
[8.712s] -- Up-to-date symlink: /home/nvidia/ros2_ws/install/zed_tutorial_depth/share/zed_tutorial_depth/environment/path.sh
[8.712s] -- Up-to-date symlink: /home/nvidia/ros2_ws/install/zed_tutorial_depth/share/zed_tutorial_depth/environment/path.dsv
[8.714s] -- Up-to-date symlink: /home/nvidia/ros2_ws/install/zed_tutorial_depth/share/zed_tutorial_depth/local_setup.bash
[8.717s] -- Up-to-date symlink: /home/nvidia/ros2_ws/install/zed_tutorial_depth/share/zed_tutorial_depth/local_setup.sh
[8.719s] -- Up-to-date symlink: /home/nvidia/ros2_ws/install/zed_tutorial_depth/share/zed_tutorial_depth/local_setup.zsh
[8.727s] -- Up-to-date symlink: /home/nvidia/ros2_ws/install/zed_tutorial_depth/share/zed_tutorial_depth/local_setup.dsv
[8.729s] -- Symlinking: /home/nvidia/ros2_ws/install/zed_tutorial_depth/share/zed_tutorial_depth/package.dsv
[8.843s] -- Up-to-date symlink: /home/nvidia/ros2_ws/install/zed_tutorial_depth/share/ament_index/resource_index/packages/zed_tutorial_depth
[8.845s] -- Up-to-date symlink: /home/nvidia/ros2_ws/install/zed_tutorial_depth/share/zed_tutorial_depth/cmake/zed_tutorial_depthConfig.cmake
[8.848s] -- Up-to-date symlink: /home/nvidia/ros2_ws/install/zed_tutorial_depth/share/zed_tutorial_depth/cmake/zed_tutorial_depthConfig-version.cmake
[8.851s] -- Up-to-date symlink: /home/nvidia/ros2_ws/install/zed_tutorial_depth/share/zed_tutorial_depth/package.xml
[8.951s] Invoked command in '/home/nvidia/ros2_ws/build/zed_tutorial_depth' returned '0': CMAKE_PREFIX_PATH=${CMAKE_PREFIX_PATH}:/home/nvidia/rosbag_ws/install/ros2bag:/home/nvidia/microros_ws/install/sensor_msgs_py:/home/nvidia/ros2_ws/install/obj_det_visualizer:/home/nvidia/ros2_ws/install/opencv_tests:/opt/ros/foxy /usr/bin/cmake --install /home/nvidia/ros2_ws/build/zed_tutorial_depth
