[1.658s] Invoking command in '/home/nvidia/ros2_ws/build/drive_base_msgs': CMAKE_PREFIX_PATH=${CMAKE_PREFIX_PATH}:/home/nvidia/rosbag_ws/install/ros2bag:/home/nvidia/microros_ws/install/sensor_msgs_py:/home/nvidia/ros2_ws/install/obj_det_visualizer:/home/nvidia/ros2_ws/install/ros2bag:/home/nvidia/ros2_ws/install/sim2real:/home/nvidia/ros2_ws/install/opencv_tests:/opt/ros/foxy /usr/bin/cmake /home/nvidia/ros2_ws/src/uros/drive_base/drive_base_msgs -DCMAKE_BUILD_TYPE=Release -DAMENT_CMAKE_SYMLINK_INSTALL=1 -DCMAKE_INSTALL_PREFIX=/home/nvidia/ros2_ws/install/drive_base_msgs
[6.898s] -- The C compiler identification is GNU 9.4.0
[6.899s] -- The CXX compiler identification is GNU 9.4.0
[6.899s] -- Check for working C compiler: /usr/bin/cc
[6.900s] -- Check for working C compiler: /usr/bin/cc -- works
[6.903s] -- Detecting C compiler ABI info
[6.904s] -- Detecting C compiler ABI info - done
[6.907s] -- Detecting C compile features
[6.918s] -- Detecting C compile features - done
[6.919s] -- Check for working CXX compiler: /usr/bin/c++
[6.920s] -- Check for working CXX compiler: /usr/bin/c++ -- works
[6.920s] -- Detecting CXX compiler ABI info
[7.628s] -- Detecting CXX compiler ABI info - done
[7.711s] -- Detecting CXX compile features
[7.714s] -- Detecting CXX compile features - done
[7.789s] -- Found ament_cmake: 0.9.12 (/opt/ros/foxy/share/ament_cmake/cmake)
[8.176s] -- Found PythonInterp: /usr/bin/python3 (found suitable version "3.8.10", minimum required is "3") 
[8.177s] -- Using PYTHON_EXECUTABLE: /usr/bin/python3
[9.692s] -- Override CMake install command with custom implementation using symlinks instead of copying resources
[10.596s] -- Found std_msgs: 2.0.5 (/home/nvidia/microros_ws/install/std_msgs/share/std_msgs/cmake)
[11.295s] -- Using all available rosidl_typesupport_c: rosidl_typesupport_microxrcedds_c;rosidl_typesupport_fastrtps_c;rosidl_typesupport_introspection_c
[11.369s] -- Found rosidl_adapter: 1.3.1 (/opt/ros/foxy/share/rosidl_adapter/cmake)
[12.970s] -- Found OpenSSL: /usr/lib/aarch64-linux-gnu/libcrypto.so (found version "1.1.1f")  
[13.265s] -- Found FastRTPS: /opt/ros/foxy/include  
[14.123s] -- Using all available rosidl_typesupport_cpp: rosidl_typesupport_microxrcedds_cpp;rosidl_typesupport_fastrtps_cpp;rosidl_typesupport_introspection_cpp
[14.636s] -- Found rosidl_default_generators: 1.0.1 (/opt/ros/foxy/share/rosidl_default_generators/cmake)
[15.244s] -- Found PythonInterp: /usr/bin/python3 (found version "3.8.10") 
[16.822s] -- Found ament_cmake_cppcheck: 0.9.8 (/opt/ros/foxy/share/ament_cmake_cppcheck/cmake)
[16.908s] -- Found ament_cmake_cpplint: 0.9.8 (/opt/ros/foxy/share/ament_cmake_cpplint/cmake)
[16.985s] -- Found ament_cmake_uncrustify: 0.9.8 (/opt/ros/foxy/share/ament_cmake_uncrustify/cmake)
[17.072s] -- Found ament_cmake_ros: 0.9.2 (/opt/ros/foxy/share/ament_cmake_ros/cmake)
[19.180s] -- Using all available rosidl_typesupport_c: rosidl_typesupport_microxrcedds_c;rosidl_typesupport_fastrtps_c;rosidl_typesupport_introspection_c
[19.946s] -- Using all available rosidl_typesupport_cpp: rosidl_typesupport_microxrcedds_cpp;rosidl_typesupport_fastrtps_cpp;rosidl_typesupport_introspection_cpp
[20.258s] -- Found PythonInterp: /usr/bin/python3 (found suitable version "3.8.10", minimum required is "3.5") 
[20.322s] -- Found python_cmake_module: 0.8.1 (/opt/ros/foxy/share/python_cmake_module/cmake)
[20.632s] -- Found PythonLibs: /usr/lib/aarch64-linux-gnu/libpython3.8.so (found suitable version "3.8.10", minimum required is "3.5") 
[20.633s] -- Using PYTHON_EXECUTABLE: /usr/bin/python3
[20.634s] -- Using PYTHON_INCLUDE_DIRS: /usr/include/python3.8
[20.634s] -- Using PYTHON_LIBRARIES: /usr/lib/aarch64-linux-gnu/libpython3.8.so
[20.899s] -- Found PythonExtra: .so  
[22.119s] -- Found ament_cmake_flake8: 0.9.8 (/opt/ros/foxy/share/ament_cmake_flake8/cmake)
[22.203s] -- Found ament_cmake_pep257: 0.9.8 (/opt/ros/foxy/share/ament_cmake_pep257/cmake)
[22.341s] -- Configuring done
[22.930s] -- Generating done
[22.953s] -- Build files have been written to: /home/nvidia/ros2_ws/build/drive_base_msgs
[23.055s] Invoked command in '/home/nvidia/ros2_ws/build/drive_base_msgs' returned '0': CMAKE_PREFIX_PATH=${CMAKE_PREFIX_PATH}:/home/nvidia/rosbag_ws/install/ros2bag:/home/nvidia/microros_ws/install/sensor_msgs_py:/home/nvidia/ros2_ws/install/obj_det_visualizer:/home/nvidia/ros2_ws/install/ros2bag:/home/nvidia/ros2_ws/install/sim2real:/home/nvidia/ros2_ws/install/opencv_tests:/opt/ros/foxy /usr/bin/cmake /home/nvidia/ros2_ws/src/uros/drive_base/drive_base_msgs -DCMAKE_BUILD_TYPE=Release -DAMENT_CMAKE_SYMLINK_INSTALL=1 -DCMAKE_INSTALL_PREFIX=/home/nvidia/ros2_ws/install/drive_base_msgs
[23.063s] Invoking command in '/home/nvidia/ros2_ws/build/drive_base_msgs': CMAKE_PREFIX_PATH=${CMAKE_PREFIX_PATH}:/home/nvidia/rosbag_ws/install/ros2bag:/home/nvidia/microros_ws/install/sensor_msgs_py:/home/nvidia/ros2_ws/install/obj_det_visualizer:/home/nvidia/ros2_ws/install/ros2bag:/home/nvidia/ros2_ws/install/sim2real:/home/nvidia/ros2_ws/install/opencv_tests:/opt/ros/foxy /usr/bin/cmake --build /home/nvidia/ros2_ws/build/drive_base_msgs -- -j6 -l6
[25.518s] [35m[1mScanning dependencies of target drive_base_msgs__cpp[0m
[25.519s] [  1%] [34m[1mGenerating C++ code for ROS interfaces[0m
[29.084s] [  1%] Built target drive_base_msgs__cpp
[29.494s] [  2%] [34m[1mGenerating C code for ROS interfaces[0m
[34.856s] [35m[1mScanning dependencies of target drive_base_msgs__rosidl_generator_c[0m
[35.245s] [  4%] [32mBuilding C object CMakeFiles/drive_base_msgs__rosidl_generator_c.dir/rosidl_generator_c/drive_base_msgs/msg/detail/command_header__functions.c.o[0m
[35.987s] [  5%] [32mBuilding C object CMakeFiles/drive_base_msgs__rosidl_generator_c.dir/rosidl_generator_c/drive_base_msgs/msg/detail/base_info__functions.c.o[0m
[36.977s] [  7%] [32mBuilding C object CMakeFiles/drive_base_msgs__rosidl_generator_c.dir/rosidl_generator_c/drive_base_msgs/msg/detail/command_status__functions.c.o[0m
[37.858s] [  8%] [32mBuilding C object CMakeFiles/drive_base_msgs__rosidl_generator_c.dir/rosidl_generator_c/drive_base_msgs/msg/detail/trv_command__functions.c.o[0m
[38.725s] [ 10%] [32m[1mLinking C shared library libdrive_base_msgs__rosidl_generator_c.so[0m
[39.209s] [ 10%] Built target drive_base_msgs__rosidl_generator_c
[39.419s] [ 11%] [34m[1mGenerating C++ type support dispatch for ROS interfaces[0m
[42.684s] [35m[1mScanning dependencies of target drive_base_msgs__rosidl_typesupport_cpp[0m
[43.017s] [ 13%] [32mBuilding CXX object CMakeFiles/drive_base_msgs__rosidl_typesupport_cpp.dir/rosidl_typesupport_cpp/drive_base_msgs/msg/command_header__type_support.cpp.o[0m
[45.379s] [ 14%] [32mBuilding CXX object CMakeFiles/drive_base_msgs__rosidl_typesupport_cpp.dir/rosidl_typesupport_cpp/drive_base_msgs/msg/base_info__type_support.cpp.o[0m
[47.474s] [ 15%] [32mBuilding CXX object CMakeFiles/drive_base_msgs__rosidl_typesupport_cpp.dir/rosidl_typesupport_cpp/drive_base_msgs/msg/command_status__type_support.cpp.o[0m
[49.594s] [ 17%] [32mBuilding CXX object CMakeFiles/drive_base_msgs__rosidl_typesupport_cpp.dir/rosidl_typesupport_cpp/drive_base_msgs/msg/trv_command__type_support.cpp.o[0m
[51.799s] [ 18%] [32m[1mLinking CXX shared library libdrive_base_msgs__rosidl_typesupport_cpp.so[0m
[52.255s] [ 18%] Built target drive_base_msgs__rosidl_typesupport_cpp
[52.400s] [ 20%] [34m[1mGenerating C type support for eProsima Micro XRCE-DDS[0m
[56.336s] [35m[1mScanning dependencies of target drive_base_msgs__rosidl_typesupport_microxrcedds_c[0m
[56.674s] [ 21%] [32mBuilding C object CMakeFiles/drive_base_msgs__rosidl_typesupport_microxrcedds_c.dir/rosidl_typesupport_microxrcedds_c/drive_base_msgs/msg/detail/microxrcedds/command_header__type_support_c.c.o[0m
[57.297s] [ 23%] [32mBuilding C object CMakeFiles/drive_base_msgs__rosidl_typesupport_microxrcedds_c.dir/rosidl_typesupport_microxrcedds_c/drive_base_msgs/msg/detail/microxrcedds/base_info__type_support_c.c.o[0m
[57.911s] [ 24%] [32mBuilding C object CMakeFiles/drive_base_msgs__rosidl_typesupport_microxrcedds_c.dir/rosidl_typesupport_microxrcedds_c/drive_base_msgs/msg/detail/microxrcedds/command_status__type_support_c.c.o[0m
[58.527s] [ 26%] [32mBuilding C object CMakeFiles/drive_base_msgs__rosidl_typesupport_microxrcedds_c.dir/rosidl_typesupport_microxrcedds_c/drive_base_msgs/msg/detail/microxrcedds/trv_command__type_support_c.c.o[0m
[59.163s] [ 27%] [32m[1mLinking C shared library libdrive_base_msgs__rosidl_typesupport_microxrcedds_c.so[0m
[59.627s] [ 27%] Built target drive_base_msgs__rosidl_typesupport_microxrcedds_c
[59.866s] [ 28%] [34m[1mGenerating C type support dispatch for ROS interfaces[0m
[63.120s] [35m[1mScanning dependencies of target drive_base_msgs__rosidl_typesupport_c[0m
[63.403s] [ 30%] [32mBuilding CXX object CMakeFiles/drive_base_msgs__rosidl_typesupport_c.dir/rosidl_typesupport_c/drive_base_msgs/msg/command_header__type_support.cpp.o[0m
[63.789s] [ 31%] [32mBuilding CXX object CMakeFiles/drive_base_msgs__rosidl_typesupport_c.dir/rosidl_typesupport_c/drive_base_msgs/msg/base_info__type_support.cpp.o[0m
[64.276s] [ 33%] [32mBuilding CXX object CMakeFiles/drive_base_msgs__rosidl_typesupport_c.dir/rosidl_typesupport_c/drive_base_msgs/msg/command_status__type_support.cpp.o[0m
[64.801s] [ 34%] [32mBuilding CXX object CMakeFiles/drive_base_msgs__rosidl_typesupport_c.dir/rosidl_typesupport_c/drive_base_msgs/msg/trv_command__type_support.cpp.o[0m
[65.238s] [ 36%] [32m[1mLinking CXX shared library libdrive_base_msgs__rosidl_typesupport_c.so[0m
[65.676s] [ 36%] Built target drive_base_msgs__rosidl_typesupport_c
[65.916s] [ 37%] [34m[1mGenerating C introspection for ROS interfaces[0m
[69.983s] [35m[1mScanning dependencies of target drive_base_msgs__rosidl_typesupport_introspection_c[0m
[70.431s] [ 39%] [32mBuilding C object CMakeFiles/drive_base_msgs__rosidl_typesupport_introspection_c.dir/rosidl_typesupport_introspection_c/drive_base_msgs/msg/detail/command_header__type_support.c.o[0m
[70.971s] [ 40%] [32mBuilding C object CMakeFiles/drive_base_msgs__rosidl_typesupport_introspection_c.dir/rosidl_typesupport_introspection_c/drive_base_msgs/msg/detail/command_status__type_support.c.o[0m
[71.634s] [ 42%] [32mBuilding C object CMakeFiles/drive_base_msgs__rosidl_typesupport_introspection_c.dir/rosidl_typesupport_introspection_c/drive_base_msgs/msg/detail/trv_command__type_support.c.o[0m
[72.162s] [ 43%] [32mBuilding C object CMakeFiles/drive_base_msgs__rosidl_typesupport_introspection_c.dir/rosidl_typesupport_introspection_c/drive_base_msgs/msg/detail/base_info__type_support.c.o[0m
[72.821s] [ 44%] [32m[1mLinking C shared library libdrive_base_msgs__rosidl_typesupport_introspection_c.so[0m
[73.216s] [ 44%] Built target drive_base_msgs__rosidl_typesupport_introspection_c
[73.503s] [ 46%] [34m[1mGenerating C++ type support for eProsima Micro XRCE-DDS[0m
[77.700s] [35m[1mScanning dependencies of target drive_base_msgs__rosidl_typesupport_microxrcedds_cpp[0m
[78.062s] [ 47%] [32mBuilding CXX object CMakeFiles/drive_base_msgs__rosidl_typesupport_microxrcedds_cpp.dir/rosidl_typesupport_microxrcedds_cpp/drive_base_msgs/msg/detail/microxrcedds/command_header__type_support_cpp.cpp.o[0m
[80.536s] [ 49%] [32mBuilding CXX object CMakeFiles/drive_base_msgs__rosidl_typesupport_microxrcedds_cpp.dir/rosidl_typesupport_microxrcedds_cpp/drive_base_msgs/msg/detail/microxrcedds/trv_command__type_support_cpp.cpp.o[0m
[82.901s] [ 50%] [32mBuilding CXX object CMakeFiles/drive_base_msgs__rosidl_typesupport_microxrcedds_cpp.dir/rosidl_typesupport_microxrcedds_cpp/drive_base_msgs/msg/detail/microxrcedds/command_status__type_support_cpp.cpp.o[0m
[85.363s] [ 52%] [32mBuilding CXX object CMakeFiles/drive_base_msgs__rosidl_typesupport_microxrcedds_cpp.dir/rosidl_typesupport_microxrcedds_cpp/drive_base_msgs/msg/detail/microxrcedds/base_info__type_support_cpp.cpp.o[0m
[87.850s] [ 53%] [32m[1mLinking CXX shared library libdrive_base_msgs__rosidl_typesupport_microxrcedds_cpp.so[0m
[88.512s] [ 53%] Built target drive_base_msgs__rosidl_typesupport_microxrcedds_cpp
[88.672s] [ 55%] [34m[1mGenerating C++ type support for eProsima Fast-RTPS[0m
[92.643s] [35m[1mScanning dependencies of target drive_base_msgs__rosidl_typesupport_fastrtps_cpp[0m
[92.998s] [ 56%] [32mBuilding CXX object CMakeFiles/drive_base_msgs__rosidl_typesupport_fastrtps_cpp.dir/rosidl_typesupport_fastrtps_cpp/drive_base_msgs/msg/detail/dds_fastrtps/command_header__type_support.cpp.o[0m
[95.832s] [ 57%] [32mBuilding CXX object CMakeFiles/drive_base_msgs__rosidl_typesupport_fastrtps_cpp.dir/rosidl_typesupport_fastrtps_cpp/drive_base_msgs/msg/detail/dds_fastrtps/trv_command__type_support.cpp.o[0m
[98.769s] [ 59%] [32mBuilding CXX object CMakeFiles/drive_base_msgs__rosidl_typesupport_fastrtps_cpp.dir/rosidl_typesupport_fastrtps_cpp/drive_base_msgs/msg/detail/dds_fastrtps/command_status__type_support.cpp.o[0m
[101.809s] [ 60%] [32mBuilding CXX object CMakeFiles/drive_base_msgs__rosidl_typesupport_fastrtps_cpp.dir/rosidl_typesupport_fastrtps_cpp/drive_base_msgs/msg/detail/dds_fastrtps/base_info__type_support.cpp.o[0m
[104.675s] [ 62%] [32m[1mLinking CXX shared library libdrive_base_msgs__rosidl_typesupport_fastrtps_cpp.so[0m
[105.479s] [ 62%] Built target drive_base_msgs__rosidl_typesupport_fastrtps_cpp
[105.640s] [ 63%] [34m[1mGenerating C++ introspection for ROS interfaces[0m
[109.204s] [35m[1mScanning dependencies of target drive_base_msgs__rosidl_typesupport_introspection_cpp[0m
[109.419s] [ 65%] [32mBuilding CXX object CMakeFiles/drive_base_msgs__rosidl_typesupport_introspection_cpp.dir/rosidl_typesupport_introspection_cpp/drive_base_msgs/msg/detail/command_header__type_support.cpp.o[0m
[111.461s] [ 66%] [32mBuilding CXX object CMakeFiles/drive_base_msgs__rosidl_typesupport_introspection_cpp.dir/rosidl_typesupport_introspection_cpp/drive_base_msgs/msg/detail/trv_command__type_support.cpp.o[0m
[113.505s] [ 68%] [32mBuilding CXX object CMakeFiles/drive_base_msgs__rosidl_typesupport_introspection_cpp.dir/rosidl_typesupport_introspection_cpp/drive_base_msgs/msg/detail/command_status__type_support.cpp.o[0m
[115.594s] [ 69%] [32mBuilding CXX object CMakeFiles/drive_base_msgs__rosidl_typesupport_introspection_cpp.dir/rosidl_typesupport_introspection_cpp/drive_base_msgs/msg/detail/base_info__type_support.cpp.o[0m
[117.632s] [ 71%] [32m[1mLinking CXX shared library libdrive_base_msgs__rosidl_typesupport_introspection_cpp.so[0m
[118.041s] [ 71%] Built target drive_base_msgs__rosidl_typesupport_introspection_cpp
[118.214s] [ 72%] [34m[1mGenerating C type support for eProsima Fast-RTPS[0m
[122.365s] [35m[1mScanning dependencies of target drive_base_msgs__rosidl_typesupport_fastrtps_c[0m
[122.662s] [ 73%] [32mBuilding CXX object CMakeFiles/drive_base_msgs__rosidl_typesupport_fastrtps_c.dir/rosidl_typesupport_fastrtps_c/drive_base_msgs/msg/detail/command_header__type_support_c.cpp.o[0m
[125.179s] [ 75%] [32mBuilding CXX object CMakeFiles/drive_base_msgs__rosidl_typesupport_fastrtps_c.dir/rosidl_typesupport_fastrtps_c/drive_base_msgs/msg/detail/trv_command__type_support_c.cpp.o[0m
[127.848s] [ 76%] [32mBuilding CXX object CMakeFiles/drive_base_msgs__rosidl_typesupport_fastrtps_c.dir/rosidl_typesupport_fastrtps_c/drive_base_msgs/msg/detail/command_status__type_support_c.cpp.o[0m
[130.532s] [ 78%] [32mBuilding CXX object CMakeFiles/drive_base_msgs__rosidl_typesupport_fastrtps_c.dir/rosidl_typesupport_fastrtps_c/drive_base_msgs/msg/detail/base_info__type_support_c.cpp.o[0m
[133.344s] [ 79%] [32m[1mLinking CXX shared library libdrive_base_msgs__rosidl_typesupport_fastrtps_c.so[0m
[133.994s] [ 79%] Built target drive_base_msgs__rosidl_typesupport_fastrtps_c
[134.145s] [35m[1mScanning dependencies of target drive_base_msgs[0m
[134.307s] [ 79%] Built target drive_base_msgs
[134.488s] [35m[1mScanning dependencies of target drive_base_msgs__py[0m
[134.695s] [ 81%] [34m[1mGenerating Python code for ROS interfaces[0m
[142.082s] [ 81%] Built target drive_base_msgs__py
[142.277s] [35m[1mScanning dependencies of target drive_base_msgs__python[0m
[142.633s] [ 82%] [32mBuilding C object CMakeFiles/drive_base_msgs__python.dir/rosidl_generator_py/drive_base_msgs/msg/_command_header_s.c.o[0m
[143.607s] [ 84%] [32mBuilding C object CMakeFiles/drive_base_msgs__python.dir/rosidl_generator_py/drive_base_msgs/msg/_trv_command_s.c.o[0m
[144.649s] [ 85%] [32mBuilding C object CMakeFiles/drive_base_msgs__python.dir/rosidl_generator_py/drive_base_msgs/msg/_command_status_s.c.o[0m
[145.711s] [ 86%] [32mBuilding C object CMakeFiles/drive_base_msgs__python.dir/rosidl_generator_py/drive_base_msgs/msg/_base_info_s.c.o[0m
[146.913s] [ 88%] [32m[1mLinking C shared library rosidl_generator_py/drive_base_msgs/libdrive_base_msgs__python.so[0m
[147.424s] [ 88%] Built target drive_base_msgs__python
[147.619s] [35m[1mScanning dependencies of target drive_base_msgs__rosidl_typesupport_c__pyext[0m
[147.990s] [ 89%] [32mBuilding C object CMakeFiles/drive_base_msgs__rosidl_typesupport_c__pyext.dir/rosidl_generator_py/drive_base_msgs/_drive_base_msgs_s.ep.rosidl_typesupport_c.c.o[0m
[149.177s] [ 91%] [32m[1mLinking C shared library rosidl_generator_py/drive_base_msgs/drive_base_msgs_s__rosidl_typesupport_c.cpython-38-aarch64-linux-gnu.so[0m
[149.687s] [ 91%] Built target drive_base_msgs__rosidl_typesupport_c__pyext
[150.020s] [35m[1mScanning dependencies of target drive_base_msgs__rosidl_typesupport_introspection_c__pyext[0m
[150.270s] [ 92%] [32mBuilding C object CMakeFiles/drive_base_msgs__rosidl_typesupport_introspection_c__pyext.dir/rosidl_generator_py/drive_base_msgs/_drive_base_msgs_s.ep.rosidl_typesupport_introspection_c.c.o[0m
[151.398s] [ 94%] [32m[1mLinking C shared library rosidl_generator_py/drive_base_msgs/drive_base_msgs_s__rosidl_typesupport_introspection_c.cpython-38-aarch64-linux-gnu.so[0m
[151.826s] [ 94%] Built target drive_base_msgs__rosidl_typesupport_introspection_c__pyext
[152.066s] [35m[1mScanning dependencies of target drive_base_msgs__rosidl_typesupport_microxrcedds_c__pyext[0m
[152.369s] [ 95%] [32mBuilding C object CMakeFiles/drive_base_msgs__rosidl_typesupport_microxrcedds_c__pyext.dir/rosidl_generator_py/drive_base_msgs/_drive_base_msgs_s.ep.rosidl_typesupport_microxrcedds_c.c.o[0m
[153.568s] [ 97%] [32m[1mLinking C shared library rosidl_generator_py/drive_base_msgs/drive_base_msgs_s__rosidl_typesupport_microxrcedds_c.cpython-38-aarch64-linux-gnu.so[0m
[154.092s] [ 97%] Built target drive_base_msgs__rosidl_typesupport_microxrcedds_c__pyext
[154.444s] [35m[1mScanning dependencies of target drive_base_msgs__rosidl_typesupport_fastrtps_c__pyext[0m
[154.817s] [ 98%] [32mBuilding C object CMakeFiles/drive_base_msgs__rosidl_typesupport_fastrtps_c__pyext.dir/rosidl_generator_py/drive_base_msgs/_drive_base_msgs_s.ep.rosidl_typesupport_fastrtps_c.c.o[0m
[156.081s] [100%] [32m[1mLinking CXX shared library rosidl_generator_py/drive_base_msgs/drive_base_msgs_s__rosidl_typesupport_fastrtps_c.cpython-38-aarch64-linux-gnu.so[0m
[156.778s] [100%] Built target drive_base_msgs__rosidl_typesupport_fastrtps_c__pyext
[156.960s] Invoked command in '/home/nvidia/ros2_ws/build/drive_base_msgs' returned '0': CMAKE_PREFIX_PATH=${CMAKE_PREFIX_PATH}:/home/nvidia/rosbag_ws/install/ros2bag:/home/nvidia/microros_ws/install/sensor_msgs_py:/home/nvidia/ros2_ws/install/obj_det_visualizer:/home/nvidia/ros2_ws/install/ros2bag:/home/nvidia/ros2_ws/install/sim2real:/home/nvidia/ros2_ws/install/opencv_tests:/opt/ros/foxy /usr/bin/cmake --build /home/nvidia/ros2_ws/build/drive_base_msgs -- -j6 -l6
[161.717s] Invoking command in '/home/nvidia/ros2_ws/build/drive_base_msgs': CMAKE_PREFIX_PATH=${CMAKE_PREFIX_PATH}:/home/nvidia/rosbag_ws/install/ros2bag:/home/nvidia/microros_ws/install/sensor_msgs_py:/home/nvidia/ros2_ws/install/obj_det_visualizer:/home/nvidia/ros2_ws/install/ros2bag:/home/nvidia/ros2_ws/install/sim2real:/home/nvidia/ros2_ws/install/opencv_tests:/opt/ros/foxy /usr/bin/cmake --install /home/nvidia/ros2_ws/build/drive_base_msgs
[162.124s] -- Install configuration: "Release"
[162.125s] -- Execute custom install script
[162.137s] -- Symlinking: /home/nvidia/ros2_ws/install/drive_base_msgs/share/ament_index/resource_index/rosidl_interfaces/drive_base_msgs
[162.151s] -- Symlinking: /home/nvidia/ros2_ws/install/drive_base_msgs/include/drive_base_msgs/msg/base_info.h
[162.152s] -- Symlinking: /home/nvidia/ros2_ws/install/drive_base_msgs/include/drive_base_msgs/msg/command_header.h
[162.161s] -- Symlinking: /home/nvidia/ros2_ws/install/drive_base_msgs/include/drive_base_msgs/msg/command_status.h
[162.241s] -- Symlinking: /home/nvidia/ros2_ws/install/drive_base_msgs/include/drive_base_msgs/msg/detail/base_info__functions.h
[162.345s] -- Symlinking: /home/nvidia/ros2_ws/install/drive_base_msgs/include/drive_base_msgs/msg/detail/base_info__struct.h
[162.449s] -- Symlinking: /home/nvidia/ros2_ws/install/drive_base_msgs/include/drive_base_msgs/msg/detail/base_info__type_support.h
[162.552s] -- Symlinking: /home/nvidia/ros2_ws/install/drive_base_msgs/include/drive_base_msgs/msg/detail/command_header__functions.h
[162.657s] -- Symlinking: /home/nvidia/ros2_ws/install/drive_base_msgs/include/drive_base_msgs/msg/detail/command_header__struct.h
[162.769s] -- Symlinking: /home/nvidia/ros2_ws/install/drive_base_msgs/include/drive_base_msgs/msg/detail/command_header__type_support.h
[162.892s] -- Symlinking: /home/nvidia/ros2_ws/install/drive_base_msgs/include/drive_base_msgs/msg/detail/command_status__functions.h
[163.001s] -- Symlinking: /home/nvidia/ros2_ws/install/drive_base_msgs/include/drive_base_msgs/msg/detail/command_status__struct.h
[163.121s] -- Symlinking: /home/nvidia/ros2_ws/install/drive_base_msgs/include/drive_base_msgs/msg/detail/command_status__type_support.h
[163.235s] -- Symlinking: /home/nvidia/ros2_ws/install/drive_base_msgs/include/drive_base_msgs/msg/detail/trv_command__functions.h
[163.350s] -- Symlinking: /home/nvidia/ros2_ws/install/drive_base_msgs/include/drive_base_msgs/msg/detail/trv_command__struct.h
[163.460s] -- Symlinking: /home/nvidia/ros2_ws/install/drive_base_msgs/include/drive_base_msgs/msg/detail/trv_command__type_support.h
[163.578s] -- Symlinking: /home/nvidia/ros2_ws/install/drive_base_msgs/include/drive_base_msgs/msg/rosidl_generator_c__visibility_control.h
[163.694s] -- Symlinking: /home/nvidia/ros2_ws/install/drive_base_msgs/include/drive_base_msgs/msg/trv_command.h
[163.810s] -- Symlinking: /home/nvidia/ros2_ws/install/drive_base_msgs/share/drive_base_msgs/environment/library_path.sh
[163.919s] -- Symlinking: /home/nvidia/ros2_ws/install/drive_base_msgs/share/drive_base_msgs/environment/library_path.dsv
[164.037s] -- Symlinking: /home/nvidia/ros2_ws/install/drive_base_msgs/include/drive_base_msgs/msg/detail/base_info__rosidl_typesupport_microxrcedds_c.h
[164.135s] -- Symlinking: /home/nvidia/ros2_ws/install/drive_base_msgs/include/drive_base_msgs/msg/detail/command_header__rosidl_typesupport_microxrcedds_c.h
[164.245s] -- Symlinking: /home/nvidia/ros2_ws/install/drive_base_msgs/include/drive_base_msgs/msg/detail/command_status__rosidl_typesupport_microxrcedds_c.h
[164.350s] -- Symlinking: /home/nvidia/ros2_ws/install/drive_base_msgs/include/drive_base_msgs/msg/detail/trv_command__rosidl_typesupport_microxrcedds_c.h
[164.454s] -- Symlinking: /home/nvidia/ros2_ws/install/drive_base_msgs/include/drive_base_msgs/msg/rosidl_typesupport_microxrcedds_c__visibility_control.h
[164.567s] -- Symlinking: /home/nvidia/ros2_ws/install/drive_base_msgs/lib/libdrive_base_msgs__rosidl_typesupport_microxrcedds_c.so
[164.685s] -- Symlinking: /home/nvidia/ros2_ws/install/drive_base_msgs/include/drive_base_msgs/msg/detail/base_info__rosidl_typesupport_fastrtps_c.h
[164.805s] -- Symlinking: /home/nvidia/ros2_ws/install/drive_base_msgs/include/drive_base_msgs/msg/detail/command_header__rosidl_typesupport_fastrtps_c.h
[164.914s] -- Symlinking: /home/nvidia/ros2_ws/install/drive_base_msgs/include/drive_base_msgs/msg/detail/command_status__rosidl_typesupport_fastrtps_c.h
[165.025s] -- Symlinking: /home/nvidia/ros2_ws/install/drive_base_msgs/include/drive_base_msgs/msg/detail/trv_command__rosidl_typesupport_fastrtps_c.h
[165.142s] -- Symlinking: /home/nvidia/ros2_ws/install/drive_base_msgs/include/drive_base_msgs/msg/rosidl_typesupport_fastrtps_c__visibility_control.h
[165.265s] -- Symlinking: /home/nvidia/ros2_ws/install/drive_base_msgs/lib/libdrive_base_msgs__rosidl_typesupport_fastrtps_c.so
[165.371s] -- Symlinking: /home/nvidia/ros2_ws/install/drive_base_msgs/include/drive_base_msgs/msg/detail/base_info__rosidl_typesupport_fastrtps_cpp.hpp
[165.485s] -- Symlinking: /home/nvidia/ros2_ws/install/drive_base_msgs/include/drive_base_msgs/msg/detail/command_header__rosidl_typesupport_fastrtps_cpp.hpp
[165.590s] -- Symlinking: /home/nvidia/ros2_ws/install/drive_base_msgs/include/drive_base_msgs/msg/detail/command_status__rosidl_typesupport_fastrtps_cpp.hpp
[165.705s] -- Symlinking: /home/nvidia/ros2_ws/install/drive_base_msgs/include/drive_base_msgs/msg/detail/trv_command__rosidl_typesupport_fastrtps_cpp.hpp
[165.815s] -- Symlinking: /home/nvidia/ros2_ws/install/drive_base_msgs/include/drive_base_msgs/msg/rosidl_typesupport_fastrtps_cpp__visibility_control.h
[165.927s] -- Symlinking: /home/nvidia/ros2_ws/install/drive_base_msgs/lib/libdrive_base_msgs__rosidl_typesupport_fastrtps_cpp.so
[166.035s] -- Symlinking: /home/nvidia/ros2_ws/install/drive_base_msgs/include/drive_base_msgs/msg/detail/base_info__rosidl_typesupport_introspection_c.h
[166.146s] -- Symlinking: /home/nvidia/ros2_ws/install/drive_base_msgs/include/drive_base_msgs/msg/detail/command_header__rosidl_typesupport_introspection_c.h
[166.261s] -- Symlinking: /home/nvidia/ros2_ws/install/drive_base_msgs/include/drive_base_msgs/msg/detail/command_status__rosidl_typesupport_introspection_c.h
[166.391s] -- Symlinking: /home/nvidia/ros2_ws/install/drive_base_msgs/include/drive_base_msgs/msg/detail/trv_command__rosidl_typesupport_introspection_c.h
[166.506s] -- Symlinking: /home/nvidia/ros2_ws/install/drive_base_msgs/include/drive_base_msgs/msg/rosidl_typesupport_introspection_c__visibility_control.h
[166.623s] -- Symlinking: /home/nvidia/ros2_ws/install/drive_base_msgs/include/drive_base_msgs/msg/base_info.hpp
[166.735s] -- Symlinking: /home/nvidia/ros2_ws/install/drive_base_msgs/include/drive_base_msgs/msg/command_header.hpp
[166.842s] -- Symlinking: /home/nvidia/ros2_ws/install/drive_base_msgs/include/drive_base_msgs/msg/command_status.hpp
[166.952s] -- Symlinking: /home/nvidia/ros2_ws/install/drive_base_msgs/include/drive_base_msgs/msg/detail/base_info__builder.hpp
[167.067s] -- Symlinking: /home/nvidia/ros2_ws/install/drive_base_msgs/include/drive_base_msgs/msg/detail/base_info__struct.hpp
[167.182s] -- Symlinking: /home/nvidia/ros2_ws/install/drive_base_msgs/include/drive_base_msgs/msg/detail/base_info__traits.hpp
[167.332s] -- Symlinking: /home/nvidia/ros2_ws/install/drive_base_msgs/include/drive_base_msgs/msg/detail/base_info__type_support.hpp
[167.440s] -- Symlinking: /home/nvidia/ros2_ws/install/drive_base_msgs/include/drive_base_msgs/msg/detail/command_header__builder.hpp
[167.551s] -- Symlinking: /home/nvidia/ros2_ws/install/drive_base_msgs/include/drive_base_msgs/msg/detail/command_header__struct.hpp
[167.677s] -- Symlinking: /home/nvidia/ros2_ws/install/drive_base_msgs/include/drive_base_msgs/msg/detail/command_header__traits.hpp
[167.786s] -- Symlinking: /home/nvidia/ros2_ws/install/drive_base_msgs/include/drive_base_msgs/msg/detail/command_header__type_support.hpp
[167.891s] -- Symlinking: /home/nvidia/ros2_ws/install/drive_base_msgs/include/drive_base_msgs/msg/detail/command_status__builder.hpp
[167.997s] -- Symlinking: /home/nvidia/ros2_ws/install/drive_base_msgs/include/drive_base_msgs/msg/detail/command_status__struct.hpp
[168.102s] -- Symlinking: /home/nvidia/ros2_ws/install/drive_base_msgs/include/drive_base_msgs/msg/detail/command_status__traits.hpp
[168.212s] -- Symlinking: /home/nvidia/ros2_ws/install/drive_base_msgs/include/drive_base_msgs/msg/detail/command_status__type_support.hpp
[168.316s] -- Symlinking: /home/nvidia/ros2_ws/install/drive_base_msgs/include/drive_base_msgs/msg/detail/trv_command__builder.hpp
[168.429s] -- Symlinking: /home/nvidia/ros2_ws/install/drive_base_msgs/include/drive_base_msgs/msg/detail/trv_command__struct.hpp
[168.537s] -- Symlinking: /home/nvidia/ros2_ws/install/drive_base_msgs/include/drive_base_msgs/msg/detail/trv_command__traits.hpp
[168.648s] -- Symlinking: /home/nvidia/ros2_ws/install/drive_base_msgs/include/drive_base_msgs/msg/detail/trv_command__type_support.hpp
[168.763s] -- Symlinking: /home/nvidia/ros2_ws/install/drive_base_msgs/include/drive_base_msgs/msg/rosidl_generator_cpp__visibility_control.hpp
[168.892s] -- Symlinking: /home/nvidia/ros2_ws/install/drive_base_msgs/include/drive_base_msgs/msg/trv_command.hpp
[168.981s] -- Symlinking: /home/nvidia/ros2_ws/install/drive_base_msgs/include/drive_base_msgs/msg/detail/base_info__rosidl_typesupport_microxrcedds_cpp.hpp
[169.089s] -- Symlinking: /home/nvidia/ros2_ws/install/drive_base_msgs/include/drive_base_msgs/msg/detail/command_header__rosidl_typesupport_microxrcedds_cpp.hpp
[169.195s] -- Symlinking: /home/nvidia/ros2_ws/install/drive_base_msgs/include/drive_base_msgs/msg/detail/command_status__rosidl_typesupport_microxrcedds_cpp.hpp
[169.301s] -- Symlinking: /home/nvidia/ros2_ws/install/drive_base_msgs/include/drive_base_msgs/msg/detail/microxrcedds/base_info__type_support_cpp.cpp
[169.407s] -- Symlinking: /home/nvidia/ros2_ws/install/drive_base_msgs/include/drive_base_msgs/msg/detail/microxrcedds/command_header__type_support_cpp.cpp
[169.510s] -- Symlinking: /home/nvidia/ros2_ws/install/drive_base_msgs/include/drive_base_msgs/msg/detail/microxrcedds/command_status__type_support_cpp.cpp
[169.613s] -- Symlinking: /home/nvidia/ros2_ws/install/drive_base_msgs/include/drive_base_msgs/msg/detail/microxrcedds/trv_command__type_support_cpp.cpp
[169.717s] -- Symlinking: /home/nvidia/ros2_ws/install/drive_base_msgs/include/drive_base_msgs/msg/detail/trv_command__rosidl_typesupport_microxrcedds_cpp.hpp
[169.838s] -- Symlinking: /home/nvidia/ros2_ws/install/drive_base_msgs/include/drive_base_msgs/msg/rosidl_typesupport_microxrcedds_cpp__visibility_control.h
[169.969s] -- Symlinking: /home/nvidia/ros2_ws/install/drive_base_msgs/lib/libdrive_base_msgs__rosidl_typesupport_microxrcedds_cpp.so
[170.080s] -- Symlinking: /home/nvidia/ros2_ws/install/drive_base_msgs/include/drive_base_msgs/msg/detail/base_info__rosidl_typesupport_introspection_cpp.hpp
[170.194s] -- Symlinking: /home/nvidia/ros2_ws/install/drive_base_msgs/include/drive_base_msgs/msg/detail/command_header__rosidl_typesupport_introspection_cpp.hpp
[170.306s] -- Symlinking: /home/nvidia/ros2_ws/install/drive_base_msgs/include/drive_base_msgs/msg/detail/command_status__rosidl_typesupport_introspection_cpp.hpp
[170.414s] -- Symlinking: /home/nvidia/ros2_ws/install/drive_base_msgs/include/drive_base_msgs/msg/detail/trv_command__rosidl_typesupport_introspection_cpp.hpp
[170.524s] -- Symlinking: /home/nvidia/ros2_ws/install/drive_base_msgs/share/drive_base_msgs/environment/pythonpath.sh
[170.646s] -- Symlinking: /home/nvidia/ros2_ws/install/drive_base_msgs/share/drive_base_msgs/environment/pythonpath.dsv
[170.763s] -- Symlinking: /home/nvidia/ros2_ws/install/drive_base_msgs/lib/python3.8/site-packages/drive_base_msgs/__init__.py
[170.886s] -- Symlinking: /home/nvidia/ros2_ws/install/drive_base_msgs/lib/python3.8/site-packages/drive_base_msgs/msg/__init__.py
[170.990s] -- Symlinking: /home/nvidia/ros2_ws/install/drive_base_msgs/lib/python3.8/site-packages/drive_base_msgs/msg/_base_info.py
[171.092s] -- Symlinking: /home/nvidia/ros2_ws/install/drive_base_msgs/lib/python3.8/site-packages/drive_base_msgs/msg/_command_header.py
[171.201s] -- Symlinking: /home/nvidia/ros2_ws/install/drive_base_msgs/lib/python3.8/site-packages/drive_base_msgs/msg/_command_status.py
[171.302s] -- Symlinking: /home/nvidia/ros2_ws/install/drive_base_msgs/lib/python3.8/site-packages/drive_base_msgs/msg/_trv_command.py
[171.404s] -- Symlinking: /home/nvidia/ros2_ws/install/drive_base_msgs/lib/python3.8/site-packages/drive_base_msgs/drive_base_msgs_s__rosidl_typesupport_microxrcedds_c.cpython-38-aarch64-linux-gnu.so
[171.521s] -- Symlinking: /home/nvidia/ros2_ws/install/drive_base_msgs/lib/python3.8/site-packages/drive_base_msgs/drive_base_msgs_s__rosidl_typesupport_fastrtps_c.cpython-38-aarch64-linux-gnu.so
[171.627s] -- Symlinking: /home/nvidia/ros2_ws/install/drive_base_msgs/lib/python3.8/site-packages/drive_base_msgs/drive_base_msgs_s__rosidl_typesupport_introspection_c.cpython-38-aarch64-linux-gnu.so
[171.737s] -- Symlinking: /home/nvidia/ros2_ws/install/drive_base_msgs/lib/python3.8/site-packages/drive_base_msgs/drive_base_msgs_s__rosidl_typesupport_c.cpython-38-aarch64-linux-gnu.so
[171.840s] -- Symlinking: /home/nvidia/ros2_ws/install/drive_base_msgs/lib/libdrive_base_msgs__python.so
[171.962s] -- Symlinking: /home/nvidia/ros2_ws/install/drive_base_msgs/share/drive_base_msgs/msg/CommandHeader.idl
[172.053s] -- Symlinking: /home/nvidia/ros2_ws/install/drive_base_msgs/share/drive_base_msgs/msg/BaseInfo.idl
[172.157s] -- Symlinking: /home/nvidia/ros2_ws/install/drive_base_msgs/share/drive_base_msgs/msg/CommandStatus.idl
[172.334s] -- Symlinking: /home/nvidia/ros2_ws/install/drive_base_msgs/share/drive_base_msgs/msg/TRVCommand.idl
[172.424s] -- Symlinking: /home/nvidia/ros2_ws/install/drive_base_msgs/share/drive_base_msgs/msg/CommandHeader.msg
[172.567s] -- Symlinking: /home/nvidia/ros2_ws/install/drive_base_msgs/share/drive_base_msgs/msg/BaseInfo.msg
[172.668s] -- Symlinking: /home/nvidia/ros2_ws/install/drive_base_msgs/share/drive_base_msgs/msg/CommandStatus.msg
[172.932s] -- Symlinking: /home/nvidia/ros2_ws/install/drive_base_msgs/share/drive_base_msgs/msg/TRVCommand.msg
[173.037s] -- Symlinking: /home/nvidia/ros2_ws/install/drive_base_msgs/share/ament_index/resource_index/package_run_dependencies/drive_base_msgs
[173.157s] -- Symlinking: /home/nvidia/ros2_ws/install/drive_base_msgs/share/ament_index/resource_index/parent_prefix_path/drive_base_msgs
[173.267s] -- Symlinking: /home/nvidia/ros2_ws/install/drive_base_msgs/share/drive_base_msgs/environment/ament_prefix_path.sh
[173.388s] -- Symlinking: /home/nvidia/ros2_ws/install/drive_base_msgs/share/drive_base_msgs/environment/ament_prefix_path.dsv
[173.503s] -- Symlinking: /home/nvidia/ros2_ws/install/drive_base_msgs/share/drive_base_msgs/environment/path.sh
[173.617s] -- Symlinking: /home/nvidia/ros2_ws/install/drive_base_msgs/share/drive_base_msgs/environment/path.dsv
[173.732s] -- Symlinking: /home/nvidia/ros2_ws/install/drive_base_msgs/share/drive_base_msgs/local_setup.bash
[173.854s] -- Symlinking: /home/nvidia/ros2_ws/install/drive_base_msgs/share/drive_base_msgs/local_setup.sh
[174.012s] -- Symlinking: /home/nvidia/ros2_ws/install/drive_base_msgs/share/drive_base_msgs/local_setup.zsh
[174.129s] -- Symlinking: /home/nvidia/ros2_ws/install/drive_base_msgs/share/drive_base_msgs/local_setup.dsv
[174.240s] -- Symlinking: /home/nvidia/ros2_ws/install/drive_base_msgs/share/drive_base_msgs/package.dsv
[174.357s] -- Symlinking: /home/nvidia/ros2_ws/install/drive_base_msgs/share/ament_index/resource_index/packages/drive_base_msgs
[174.476s] -- Symlinking: /home/nvidia/ros2_ws/install/drive_base_msgs/share/drive_base_msgs/cmake/rosidl_cmake-extras.cmake
[174.624s] -- Symlinking: /home/nvidia/ros2_ws/install/drive_base_msgs/share/drive_base_msgs/cmake/ament_cmake_export_dependencies-extras.cmake
[174.730s] -- Symlinking: /home/nvidia/ros2_ws/install/drive_base_msgs/share/drive_base_msgs/cmake/ament_cmake_export_libraries-extras.cmake
[174.860s] -- Symlinking: /home/nvidia/ros2_ws/install/drive_base_msgs/share/drive_base_msgs/cmake/ament_cmake_export_targets-extras.cmake
[174.984s] -- Symlinking: /home/nvidia/ros2_ws/install/drive_base_msgs/share/drive_base_msgs/cmake/ament_cmake_export_include_directories-extras.cmake
[175.108s] -- Symlinking: /home/nvidia/ros2_ws/install/drive_base_msgs/share/drive_base_msgs/cmake/rosidl_cmake_export_typesupport_libraries-extras.cmake
[175.229s] -- Symlinking: /home/nvidia/ros2_ws/install/drive_base_msgs/share/drive_base_msgs/cmake/rosidl_cmake_export_typesupport_targets-extras.cmake
[175.349s] -- Symlinking: /home/nvidia/ros2_ws/install/drive_base_msgs/share/drive_base_msgs/cmake/drive_base_msgsConfig.cmake
[175.480s] -- Symlinking: /home/nvidia/ros2_ws/install/drive_base_msgs/share/drive_base_msgs/cmake/drive_base_msgsConfig-version.cmake
[175.596s] -- Symlinking: /home/nvidia/ros2_ws/install/drive_base_msgs/share/drive_base_msgs/package.xml
[175.717s] -- Installing: /home/nvidia/ros2_ws/install/drive_base_msgs/lib/libdrive_base_msgs__rosidl_generator_c.so
[175.720s] -- Set runtime path of "/home/nvidia/ros2_ws/install/drive_base_msgs/lib/libdrive_base_msgs__rosidl_generator_c.so" to ""
[175.721s] -- Installing: /home/nvidia/ros2_ws/install/drive_base_msgs/lib/libdrive_base_msgs__rosidl_typesupport_introspection_c.so
[175.725s] -- Set runtime path of "/home/nvidia/ros2_ws/install/drive_base_msgs/lib/libdrive_base_msgs__rosidl_typesupport_introspection_c.so" to ""
[175.727s] -- Installing: /home/nvidia/ros2_ws/install/drive_base_msgs/lib/libdrive_base_msgs__rosidl_typesupport_c.so
[175.735s] -- Set runtime path of "/home/nvidia/ros2_ws/install/drive_base_msgs/lib/libdrive_base_msgs__rosidl_typesupport_c.so" to ""
[175.736s] -- Installing: /home/nvidia/ros2_ws/install/drive_base_msgs/lib/libdrive_base_msgs__rosidl_typesupport_introspection_cpp.so
[175.737s] -- Set runtime path of "/home/nvidia/ros2_ws/install/drive_base_msgs/lib/libdrive_base_msgs__rosidl_typesupport_introspection_cpp.so" to ""
[175.737s] -- Installing: /home/nvidia/ros2_ws/install/drive_base_msgs/lib/libdrive_base_msgs__rosidl_typesupport_cpp.so
[176.007s] -- Set runtime path of "/home/nvidia/ros2_ws/install/drive_base_msgs/lib/libdrive_base_msgs__rosidl_typesupport_cpp.so" to ""
[176.382s] Compiling '/home/nvidia/ros2_ws/install/drive_base_msgs/lib/python3.8/site-packages/drive_base_msgs/__init__.py'...
[176.409s] -- Installing: /home/nvidia/ros2_ws/install/drive_base_msgs/share/drive_base_msgs/cmake/drive_base_msgs__rosidl_generator_cExport.cmake
[176.411s] -- Installing: /home/nvidia/ros2_ws/install/drive_base_msgs/share/drive_base_msgs/cmake/drive_base_msgs__rosidl_generator_cExport-release.cmake
[176.412s] -- Installing: /home/nvidia/ros2_ws/install/drive_base_msgs/share/drive_base_msgs/cmake/drive_base_msgs__rosidl_typesupport_introspection_cExport.cmake
[176.412s] -- Installing: /home/nvidia/ros2_ws/install/drive_base_msgs/share/drive_base_msgs/cmake/drive_base_msgs__rosidl_typesupport_introspection_cExport-release.cmake
[176.413s] -- Installing: /home/nvidia/ros2_ws/install/drive_base_msgs/share/drive_base_msgs/cmake/drive_base_msgs__rosidl_typesupport_cExport.cmake
[176.415s] -- Installing: /home/nvidia/ros2_ws/install/drive_base_msgs/share/drive_base_msgs/cmake/drive_base_msgs__rosidl_typesupport_cExport-release.cmake
[176.418s] -- Installing: /home/nvidia/ros2_ws/install/drive_base_msgs/share/drive_base_msgs/cmake/drive_base_msgs__rosidl_generator_cppExport.cmake
[176.422s] -- Installing: /home/nvidia/ros2_ws/install/drive_base_msgs/share/drive_base_msgs/cmake/drive_base_msgs__rosidl_typesupport_introspection_cppExport.cmake
[176.429s] -- Installing: /home/nvidia/ros2_ws/install/drive_base_msgs/share/drive_base_msgs/cmake/drive_base_msgs__rosidl_typesupport_introspection_cppExport-release.cmake
[176.436s] -- Installing: /home/nvidia/ros2_ws/install/drive_base_msgs/share/drive_base_msgs/cmake/drive_base_msgs__rosidl_typesupport_cppExport.cmake
[176.439s] -- Installing: /home/nvidia/ros2_ws/install/drive_base_msgs/share/drive_base_msgs/cmake/drive_base_msgs__rosidl_typesupport_cppExport-release.cmake
[177.187s] Invoked command in '/home/nvidia/ros2_ws/build/drive_base_msgs' returned '0': CMAKE_PREFIX_PATH=${CMAKE_PREFIX_PATH}:/home/nvidia/rosbag_ws/install/ros2bag:/home/nvidia/microros_ws/install/sensor_msgs_py:/home/nvidia/ros2_ws/install/obj_det_visualizer:/home/nvidia/ros2_ws/install/ros2bag:/home/nvidia/ros2_ws/install/sim2real:/home/nvidia/ros2_ws/install/opencv_tests:/opt/ros/foxy /usr/bin/cmake --install /home/nvidia/ros2_ws/build/drive_base_msgs
