[0.838s] Invoking command in '/home/nvidia/ros2_ws/build/estimation_and_vision_assignment': CMAKE_PREFIX_PATH=${CMAKE_PREFIX_PATH}:/home/nvidia/rosbag_ws/install/ros2bag:/home/nvidia/microros_ws/install/sensor_msgs_py:/home/nvidia/ros2_ws/install/obj_det_visualizer:/home/nvidia/ros2_ws/install/opencv_tests:/opt/ros/foxy /usr/bin/cmake /home/nvidia/ros2_ws/src/HW4/estimation_and_vision_assignment -DCMAKE_INSTALL_PREFIX=/home/nvidia/ros2_ws/install/estimation_and_vision_assignment
[1.425s] -- Found ament_cmake: 0.9.12 (/opt/ros/foxy/share/ament_cmake/cmake)
[2.141s] -- Using PYTHON_EXECUTABLE: /usr/bin/python3
[4.828s] -- Override CMake install command with custom implementation using symlinks instead of copying resources
[5.319s] -- Found geometry_msgs: 2.0.5 (/home/nvidia/microros_ws/install/geometry_msgs/share/geometry_msgs/cmake)
[6.560s] -- Using all available rosidl_typesupport_c: rosidl_typesupport_microxrcedds_c;rosidl_typesupport_fastrtps_c;rosidl_typesupport_introspection_c
[7.078s] -- Found rosidl_adapter: 1.3.1 (/opt/ros/foxy/share/rosidl_adapter/cmake)
[10.583s] -- Using all available rosidl_typesupport_cpp: rosidl_typesupport_microxrcedds_cpp;rosidl_typesupport_fastrtps_cpp;rosidl_typesupport_introspection_cpp
[12.769s] -- Found rclpy: 1.0.13 (/opt/ros/foxy/share/rclpy/cmake)
[12.774s] -- Found sensor_msgs: 2.0.5 (/home/nvidia/microros_ws/install/sensor_msgs/share/sensor_msgs/cmake)
[13.708s] -- Found nav_msgs: 2.0.5 (/home/nvidia/microros_ws/install/nav_msgs/share/nav_msgs/cmake)
[15.189s] -- Found zed_interfaces: 4.0.0 (/home/nvidia/ros2_ws/install/zed_interfaces/share/zed_interfaces/cmake)
[16.708s] -- Found ament_lint_auto: 0.9.8 (/opt/ros/foxy/share/ament_lint_auto/cmake)
[17.908s] -- Added test 'copyright' to check source files copyright and LICENSE
[18.095s] -- Added test 'flake8' to check Python code syntax and style conventions
[18.097s] -- Added test 'lint_cmake' to check CMake code style
[18.103s] -- Added test 'pep257' to check Python code against some of the style conventions in PEP 257
[18.265s] -- Added test 'xmllint' to check XML markup files
[18.297s] -- Configuring done
[18.470s] -- Generating done
[18.489s] -- Build files have been written to: /home/nvidia/ros2_ws/build/estimation_and_vision_assignment
[23.197s] Invoked command in '/home/nvidia/ros2_ws/build/estimation_and_vision_assignment' returned '0': CMAKE_PREFIX_PATH=${CMAKE_PREFIX_PATH}:/home/nvidia/rosbag_ws/install/ros2bag:/home/nvidia/microros_ws/install/sensor_msgs_py:/home/nvidia/ros2_ws/install/obj_det_visualizer:/home/nvidia/ros2_ws/install/opencv_tests:/opt/ros/foxy /usr/bin/cmake /home/nvidia/ros2_ws/src/HW4/estimation_and_vision_assignment -DCMAKE_INSTALL_PREFIX=/home/nvidia/ros2_ws/install/estimation_and_vision_assignment
[23.214s] Invoking command in '/home/nvidia/ros2_ws/build/estimation_and_vision_assignment': CMAKE_PREFIX_PATH=${CMAKE_PREFIX_PATH}:/home/nvidia/rosbag_ws/install/ros2bag:/home/nvidia/microros_ws/install/sensor_msgs_py:/home/nvidia/ros2_ws/install/obj_det_visualizer:/home/nvidia/ros2_ws/install/opencv_tests:/opt/ros/foxy /usr/bin/cmake --build /home/nvidia/ros2_ws/build/estimation_and_vision_assignment -- -j6 -l6
[24.853s] Invoked command in '/home/nvidia/ros2_ws/build/estimation_and_vision_assignment' returned '0': CMAKE_PREFIX_PATH=${CMAKE_PREFIX_PATH}:/home/nvidia/rosbag_ws/install/ros2bag:/home/nvidia/microros_ws/install/sensor_msgs_py:/home/nvidia/ros2_ws/install/obj_det_visualizer:/home/nvidia/ros2_ws/install/opencv_tests:/opt/ros/foxy /usr/bin/cmake --build /home/nvidia/ros2_ws/build/estimation_and_vision_assignment -- -j6 -l6
[25.009s] Invoking command in '/home/nvidia/ros2_ws/build/estimation_and_vision_assignment': CMAKE_PREFIX_PATH=${CMAKE_PREFIX_PATH}:/home/nvidia/rosbag_ws/install/ros2bag:/home/nvidia/microros_ws/install/sensor_msgs_py:/home/nvidia/ros2_ws/install/obj_det_visualizer:/home/nvidia/ros2_ws/install/opencv_tests:/opt/ros/foxy /usr/bin/cmake --install /home/nvidia/ros2_ws/build/estimation_and_vision_assignment
[25.268s] -- Install configuration: ""
[25.271s] -- Execute custom install script
[25.281s] -- Up-to-date symlink: /home/nvidia/ros2_ws/install/estimation_and_vision_assignment/lib/estimation_and_vision_assignment/monte_carlo_localization.py
[25.297s] -- Up-to-date symlink: /home/nvidia/ros2_ws/install/estimation_and_vision_assignment/lib/estimation_and_vision_assignment/republish_map.py
[25.311s] -- Up-to-date symlink: /home/nvidia/ros2_ws/install/estimation_and_vision_assignment/lib/estimation_and_vision_assignment/bag_chaser.py
[25.323s] -- Up-to-date symlink: /home/nvidia/ros2_ws/install/estimation_and_vision_assignment/share/estimation_and_vision_assignment/resources/map.pkl
[25.341s] -- Up-to-date symlink: /home/nvidia/ros2_ws/install/estimation_and_vision_assignment/share/estimation_and_vision_assignment/resources/viz.rviz
[25.353s] -- Up-to-date symlink: /home/nvidia/ros2_ws/install/estimation_and_vision_assignment/share/estimation_and_vision_assignment/launch/ground_truth_pub.launch.py
[25.362s] -- Up-to-date symlink: /home/nvidia/ros2_ws/install/estimation_and_vision_assignment/share/estimation_and_vision_assignment/launch/monte_carlo_localization.launch.py
[25.363s] -- Up-to-date symlink: /home/nvidia/ros2_ws/install/estimation_and_vision_assignment/share/ament_index/resource_index/package_run_dependencies/estimation_and_vision_assignment
[25.363s] -- Up-to-date symlink: /home/nvidia/ros2_ws/install/estimation_and_vision_assignment/share/ament_index/resource_index/parent_prefix_path/estimation_and_vision_assignment
[25.364s] -- Up-to-date symlink: /home/nvidia/ros2_ws/install/estimation_and_vision_assignment/share/estimation_and_vision_assignment/environment/ament_prefix_path.sh
[25.364s] -- Up-to-date symlink: /home/nvidia/ros2_ws/install/estimation_and_vision_assignment/share/estimation_and_vision_assignment/environment/ament_prefix_path.dsv
[25.365s] -- Up-to-date symlink: /home/nvidia/ros2_ws/install/estimation_and_vision_assignment/share/estimation_and_vision_assignment/environment/path.sh
[25.367s] -- Up-to-date symlink: /home/nvidia/ros2_ws/install/estimation_and_vision_assignment/share/estimation_and_vision_assignment/environment/path.dsv
[25.368s] -- Up-to-date symlink: /home/nvidia/ros2_ws/install/estimation_and_vision_assignment/share/estimation_and_vision_assignment/local_setup.bash
[25.368s] -- Up-to-date symlink: /home/nvidia/ros2_ws/install/estimation_and_vision_assignment/share/estimation_and_vision_assignment/local_setup.sh
[25.369s] -- Up-to-date symlink: /home/nvidia/ros2_ws/install/estimation_and_vision_assignment/share/estimation_and_vision_assignment/local_setup.zsh
[25.370s] -- Up-to-date symlink: /home/nvidia/ros2_ws/install/estimation_and_vision_assignment/share/estimation_and_vision_assignment/local_setup.dsv
[25.370s] -- Symlinking: /home/nvidia/ros2_ws/install/estimation_and_vision_assignment/share/estimation_and_vision_assignment/package.dsv
[25.609s] -- Up-to-date symlink: /home/nvidia/ros2_ws/install/estimation_and_vision_assignment/share/ament_index/resource_index/packages/estimation_and_vision_assignment
[25.626s] -- Up-to-date symlink: /home/nvidia/ros2_ws/install/estimation_and_vision_assignment/share/estimation_and_vision_assignment/cmake/estimation_and_vision_assignmentConfig.cmake
[25.637s] -- Up-to-date symlink: /home/nvidia/ros2_ws/install/estimation_and_vision_assignment/share/estimation_and_vision_assignment/cmake/estimation_and_vision_assignmentConfig-version.cmake
[25.645s] -- Up-to-date symlink: /home/nvidia/ros2_ws/install/estimation_and_vision_assignment/share/estimation_and_vision_assignment/package.xml
[25.949s] Invoked command in '/home/nvidia/ros2_ws/build/estimation_and_vision_assignment' returned '0': CMAKE_PREFIX_PATH=${CMAKE_PREFIX_PATH}:/home/nvidia/rosbag_ws/install/ros2bag:/home/nvidia/microros_ws/install/sensor_msgs_py:/home/nvidia/ros2_ws/install/obj_det_visualizer:/home/nvidia/ros2_ws/install/opencv_tests:/opt/ros/foxy /usr/bin/cmake --install /home/nvidia/ros2_ws/build/estimation_and_vision_assignment
