[1.561s] Invoking command in '/home/nvidia/ros2_ws/build/micro_ros_msgs': CMAKE_PREFIX_PATH=${CMAKE_PREFIX_PATH}:/home/nvidia/rosbag_ws/install/ros2bag:/home/nvidia/microros_ws/install/sensor_msgs_py:/home/nvidia/ros2_ws/install/obj_det_visualizer:/home/nvidia/ros2_ws/install/ros2bag:/home/nvidia/ros2_ws/install/sim2real:/home/nvidia/ros2_ws/install/opencv_tests:/opt/ros/foxy /usr/bin/cmake /home/nvidia/ros2_ws/src/uros/micro_ros_msgs -DCMAKE_BUILD_TYPE=Release -DAMENT_CMAKE_SYMLINK_INSTALL=1 -DCMAKE_INSTALL_PREFIX=/home/nvidia/ros2_ws/install/micro_ros_msgs
[17.016s] -- The C compiler identification is GNU 9.4.0
[17.016s] -- The CXX compiler identification is GNU 9.4.0
[17.017s] -- Check for working C compiler: /usr/bin/cc
[17.018s] -- Check for working C compiler: /usr/bin/cc -- works
[17.018s] -- Detecting C compiler ABI info
[17.025s] -- Detecting C compiler ABI info - done
[17.025s] -- Detecting C compile features
[17.026s] -- Detecting C compile features - done
[17.027s] -- Check for working CXX compiler: /usr/bin/c++
[17.027s] -- Check for working CXX compiler: /usr/bin/c++ -- works
[17.028s] -- Detecting CXX compiler ABI info
[17.028s] -- Detecting CXX compiler ABI info - done
[17.029s] -- Detecting CXX compile features
[17.029s] -- Detecting CXX compile features - done
[17.030s] -- Found ament_cmake: 0.9.12 (/opt/ros/foxy/share/ament_cmake/cmake)
[17.030s] -- Found PythonInterp: /usr/bin/python3 (found suitable version "3.8.10", minimum required is "3") 
[17.031s] -- Using PYTHON_EXECUTABLE: /usr/bin/python3
[17.031s] -- Override CMake install command with custom implementation using symlinks instead of copying resources
[17.032s] -- Found rosidl_default_generators: 1.0.1 (/opt/ros/foxy/share/rosidl_default_generators/cmake)
[17.032s] -- Using all available rosidl_typesupport_c: rosidl_typesupport_microxrcedds_c;rosidl_typesupport_fastrtps_c;rosidl_typesupport_introspection_c
[17.033s] -- Found rosidl_adapter: 1.3.1 (/opt/ros/foxy/share/rosidl_adapter/cmake)
[17.033s] -- Found OpenSSL: /usr/lib/aarch64-linux-gnu/libcrypto.so (found version "1.1.1f")  
[17.034s] -- Found FastRTPS: /opt/ros/foxy/include  
[17.035s] -- Using all available rosidl_typesupport_cpp: rosidl_typesupport_microxrcedds_cpp;rosidl_typesupport_fastrtps_cpp;rosidl_typesupport_introspection_cpp
[17.036s] -- Found ament_lint_auto: 0.9.8 (/opt/ros/foxy/share/ament_lint_auto/cmake)
[17.036s] -- Found PythonInterp: /usr/bin/python3 (found version "3.8.10") 
[17.621s] -- Found ament_cmake_ros: 0.9.2 (/opt/ros/foxy/share/ament_cmake_ros/cmake)
[18.805s] -- Using all available rosidl_typesupport_c: rosidl_typesupport_microxrcedds_c;rosidl_typesupport_fastrtps_c;rosidl_typesupport_introspection_c
[18.991s] -- Using all available rosidl_typesupport_cpp: rosidl_typesupport_microxrcedds_cpp;rosidl_typesupport_fastrtps_cpp;rosidl_typesupport_introspection_cpp
[19.226s] -- Found PythonInterp: /usr/bin/python3 (found suitable version "3.8.10", minimum required is "3.5") 
[19.285s] -- Found python_cmake_module: 0.8.1 (/opt/ros/foxy/share/python_cmake_module/cmake)
[19.607s] -- Found PythonLibs: /usr/lib/aarch64-linux-gnu/libpython3.8.so (found suitable version "3.8.10", minimum required is "3.5") 
[19.608s] -- Using PYTHON_EXECUTABLE: /usr/bin/python3
[19.609s] -- Using PYTHON_INCLUDE_DIRS: /usr/include/python3.8
[19.610s] -- Using PYTHON_LIBRARIES: /usr/lib/aarch64-linux-gnu/libpython3.8.so
[19.795s] -- Found PythonExtra: .so  
[20.651s] -- Added test 'copyright' to check source files copyright and LICENSE
[21.064s] -- Added test 'lint_cmake' to check CMake code style
[21.180s] -- Added test 'xmllint' to check XML markup files
[21.267s] -- Configuring done
[21.632s] -- Generating done
[21.654s] -- Build files have been written to: /home/nvidia/ros2_ws/build/micro_ros_msgs
[21.802s] Invoked command in '/home/nvidia/ros2_ws/build/micro_ros_msgs' returned '0': CMAKE_PREFIX_PATH=${CMAKE_PREFIX_PATH}:/home/nvidia/rosbag_ws/install/ros2bag:/home/nvidia/microros_ws/install/sensor_msgs_py:/home/nvidia/ros2_ws/install/obj_det_visualizer:/home/nvidia/ros2_ws/install/ros2bag:/home/nvidia/ros2_ws/install/sim2real:/home/nvidia/ros2_ws/install/opencv_tests:/opt/ros/foxy /usr/bin/cmake /home/nvidia/ros2_ws/src/uros/micro_ros_msgs -DCMAKE_BUILD_TYPE=Release -DAMENT_CMAKE_SYMLINK_INSTALL=1 -DCMAKE_INSTALL_PREFIX=/home/nvidia/ros2_ws/install/micro_ros_msgs
[21.821s] Invoking command in '/home/nvidia/ros2_ws/build/micro_ros_msgs': CMAKE_PREFIX_PATH=${CMAKE_PREFIX_PATH}:/home/nvidia/rosbag_ws/install/ros2bag:/home/nvidia/microros_ws/install/sensor_msgs_py:/home/nvidia/ros2_ws/install/obj_det_visualizer:/home/nvidia/ros2_ws/install/ros2bag:/home/nvidia/ros2_ws/install/sim2real:/home/nvidia/ros2_ws/install/opencv_tests:/opt/ros/foxy /usr/bin/cmake --build /home/nvidia/ros2_ws/build/micro_ros_msgs -- -j6 -l6
[24.877s] [  1%] [34m[1mGenerating C code for ROS interfaces[0m
[24.877s] [35m[1mScanning dependencies of target micro_ros_msgs__cpp[0m
[24.878s] [  3%] [34m[1mGenerating C++ code for ROS interfaces[0m
[27.286s] [35m[1mScanning dependencies of target micro_ros_msgs__rosidl_generator_c[0m
[27.586s] [  5%] [32mBuilding C object CMakeFiles/micro_ros_msgs__rosidl_generator_c.dir/rosidl_generator_c/micro_ros_msgs/msg/detail/node__functions.c.o[0m
[27.591s] [  6%] [32mBuilding C object CMakeFiles/micro_ros_msgs__rosidl_generator_c.dir/rosidl_generator_c/micro_ros_msgs/msg/detail/graph__functions.c.o[0m
[27.633s] [  8%] [32mBuilding C object CMakeFiles/micro_ros_msgs__rosidl_generator_c.dir/rosidl_generator_c/micro_ros_msgs/msg/detail/entity__functions.c.o[0m
[29.021s] [  8%] Built target micro_ros_msgs__cpp
[29.237s] [ 10%] [34m[1mGenerating C++ type support dispatch for ROS interfaces[0m
[29.444s] [ 11%] [34m[1mGenerating C++ type support for eProsima Fast-RTPS[0m
[29.459s] [ 13%] [34m[1mGenerating C++ type support for eProsima Micro XRCE-DDS[0m
[29.737s] [ 15%] [32m[1mLinking C shared library libmicro_ros_msgs__rosidl_generator_c.so[0m
[29.765s] [ 16%] [34m[1mGenerating C++ introspection for ROS interfaces[0m
[30.647s] [ 16%] Built target micro_ros_msgs__rosidl_generator_c
[30.989s] [ 18%] [34m[1mGenerating C type support dispatch for ROS interfaces[0m
[31.186s] [ 20%] [34m[1mGenerating C type support for eProsima Micro XRCE-DDS[0m
[33.540s] [35m[1mScanning dependencies of target micro_ros_msgs__rosidl_typesupport_introspection_cpp[0m
[33.808s] [35m[1mScanning dependencies of target micro_ros_msgs__rosidl_typesupport_cpp[0m
[33.859s] [ 22%] [32mBuilding CXX object CMakeFiles/micro_ros_msgs__rosidl_typesupport_introspection_cpp.dir/rosidl_typesupport_introspection_cpp/micro_ros_msgs/msg/detail/graph__type_support.cpp.o[0m
[34.186s] [ 23%] [32mBuilding CXX object CMakeFiles/micro_ros_msgs__rosidl_typesupport_cpp.dir/rosidl_typesupport_cpp/micro_ros_msgs/msg/graph__type_support.cpp.o[0m
[34.215s] [35m[1mScanning dependencies of target micro_ros_msgs__rosidl_typesupport_microxrcedds_cpp[0m
[34.418s] [35m[1mScanning dependencies of target micro_ros_msgs__rosidl_typesupport_c[0m
[34.616s] [ 25%] [32mBuilding CXX object CMakeFiles/micro_ros_msgs__rosidl_typesupport_microxrcedds_cpp.dir/rosidl_typesupport_microxrcedds_cpp/micro_ros_msgs/msg/detail/microxrcedds/graph__type_support_cpp.cpp.o[0m
[34.845s] [35m[1mScanning dependencies of target micro_ros_msgs__rosidl_typesupport_fastrtps_cpp[0m
[35.041s] [ 27%] [32mBuilding CXX object CMakeFiles/micro_ros_msgs__rosidl_typesupport_c.dir/rosidl_typesupport_c/micro_ros_msgs/msg/graph__type_support.cpp.o[0m
[35.439s] [ 28%] [32mBuilding CXX object CMakeFiles/micro_ros_msgs__rosidl_typesupport_fastrtps_cpp.dir/rosidl_typesupport_fastrtps_cpp/micro_ros_msgs/msg/detail/dds_fastrtps/graph__type_support.cpp.o[0m
[36.178s] [ 30%] [32mBuilding CXX object CMakeFiles/micro_ros_msgs__rosidl_typesupport_c.dir/rosidl_typesupport_c/micro_ros_msgs/msg/node__type_support.cpp.o[0m
[37.180s] [ 32%] [32mBuilding CXX object CMakeFiles/micro_ros_msgs__rosidl_typesupport_c.dir/rosidl_typesupport_c/micro_ros_msgs/msg/entity__type_support.cpp.o[0m
[37.545s] [35m[1mScanning dependencies of target micro_ros_msgs__rosidl_typesupport_microxrcedds_c[0m
[37.936s] [ 33%] [32mBuilding C object CMakeFiles/micro_ros_msgs__rosidl_typesupport_microxrcedds_c.dir/rosidl_typesupport_microxrcedds_c/micro_ros_msgs/msg/detail/microxrcedds/graph__type_support_c.c.o[0m
[38.265s] [ 35%] [32m[1mLinking CXX shared library libmicro_ros_msgs__rosidl_typesupport_c.so[0m
[39.059s] [ 37%] [32mBuilding C object CMakeFiles/micro_ros_msgs__rosidl_typesupport_microxrcedds_c.dir/rosidl_typesupport_microxrcedds_c/micro_ros_msgs/msg/detail/microxrcedds/node__type_support_c.c.o[0m
[39.412s] [ 37%] Built target micro_ros_msgs__rosidl_typesupport_c
[39.789s] [ 38%] [34m[1mGenerating C introspection for ROS interfaces[0m
[40.812s] [ 40%] [32mBuilding CXX object CMakeFiles/micro_ros_msgs__rosidl_typesupport_cpp.dir/rosidl_typesupport_cpp/micro_ros_msgs/msg/node__type_support.cpp.o[0m
[40.839s] [ 42%] [32mBuilding C object CMakeFiles/micro_ros_msgs__rosidl_typesupport_microxrcedds_c.dir/rosidl_typesupport_microxrcedds_c/micro_ros_msgs/msg/detail/microxrcedds/entity__type_support_c.c.o[0m
[41.871s] [ 44%] [32mBuilding CXX object CMakeFiles/micro_ros_msgs__rosidl_typesupport_microxrcedds_cpp.dir/rosidl_typesupport_microxrcedds_cpp/micro_ros_msgs/msg/detail/microxrcedds/node__type_support_cpp.cpp.o[0m
[41.999s] [ 45%] [32mBuilding CXX object CMakeFiles/micro_ros_msgs__rosidl_typesupport_introspection_cpp.dir/rosidl_typesupport_introspection_cpp/micro_ros_msgs/msg/detail/node__type_support.cpp.o[0m
[43.094s] [ 47%] [32m[1mLinking C shared library libmicro_ros_msgs__rosidl_typesupport_microxrcedds_c.so[0m
[43.163s] [ 49%] [32mBuilding CXX object CMakeFiles/micro_ros_msgs__rosidl_typesupport_fastrtps_cpp.dir/rosidl_typesupport_fastrtps_cpp/micro_ros_msgs/msg/detail/dds_fastrtps/node__type_support.cpp.o[0m
[43.966s] [ 49%] Built target micro_ros_msgs__rosidl_typesupport_microxrcedds_c
[45.471s] [ 50%] [32mBuilding CXX object CMakeFiles/micro_ros_msgs__rosidl_typesupport_cpp.dir/rosidl_typesupport_cpp/micro_ros_msgs/msg/entity__type_support.cpp.o[0m
[46.594s] [35m[1mScanning dependencies of target micro_ros_msgs__rosidl_typesupport_introspection_c[0m
[46.649s] [ 52%] [32mBuilding CXX object CMakeFiles/micro_ros_msgs__rosidl_typesupport_introspection_cpp.dir/rosidl_typesupport_introspection_cpp/micro_ros_msgs/msg/detail/entity__type_support.cpp.o[0m
[47.151s] [ 54%] [32mBuilding C object CMakeFiles/micro_ros_msgs__rosidl_typesupport_introspection_c.dir/rosidl_typesupport_introspection_c/micro_ros_msgs/msg/detail/graph__type_support.c.o[0m
[47.585s] [ 55%] [32mBuilding CXX object CMakeFiles/micro_ros_msgs__rosidl_typesupport_microxrcedds_cpp.dir/rosidl_typesupport_microxrcedds_cpp/micro_ros_msgs/msg/detail/microxrcedds/entity__type_support_cpp.cpp.o[0m
[47.882s] [ 57%] [32mBuilding C object CMakeFiles/micro_ros_msgs__rosidl_typesupport_introspection_c.dir/rosidl_typesupport_introspection_c/micro_ros_msgs/msg/detail/node__type_support.c.o[0m
[48.794s] [ 59%] [32mBuilding C object CMakeFiles/micro_ros_msgs__rosidl_typesupport_introspection_c.dir/rosidl_typesupport_introspection_c/micro_ros_msgs/msg/detail/entity__type_support.c.o[0m
[49.599s] [ 61%] [32m[1mLinking CXX shared library libmicro_ros_msgs__rosidl_typesupport_cpp.so[0m
[49.698s] [ 62%] [32m[1mLinking C shared library libmicro_ros_msgs__rosidl_typesupport_introspection_c.so[0m
[50.265s] [ 62%] Built target micro_ros_msgs__rosidl_typesupport_cpp
[50.548s] [ 62%] Built target micro_ros_msgs__rosidl_typesupport_introspection_c
[51.297s] [ 64%] [32m[1mLinking CXX shared library libmicro_ros_msgs__rosidl_typesupport_introspection_cpp.so[0m
[51.300s] [ 66%] [32mBuilding CXX object CMakeFiles/micro_ros_msgs__rosidl_typesupport_fastrtps_cpp.dir/rosidl_typesupport_fastrtps_cpp/micro_ros_msgs/msg/detail/dds_fastrtps/entity__type_support.cpp.o[0m
[51.936s] [ 67%] [32m[1mLinking CXX shared library libmicro_ros_msgs__rosidl_typesupport_microxrcedds_cpp.so[0m
[52.508s] [ 67%] Built target micro_ros_msgs__rosidl_typesupport_introspection_cpp
[52.929s] [ 67%] Built target micro_ros_msgs__rosidl_typesupport_microxrcedds_cpp
[55.596s] [ 69%] [32m[1mLinking CXX shared library libmicro_ros_msgs__rosidl_typesupport_fastrtps_cpp.so[0m
[56.398s] [ 69%] Built target micro_ros_msgs__rosidl_typesupport_fastrtps_cpp
[56.668s] [ 71%] [34m[1mGenerating C type support for eProsima Fast-RTPS[0m
[59.973s] [35m[1mScanning dependencies of target micro_ros_msgs__rosidl_typesupport_fastrtps_c[0m
[60.211s] [ 72%] [32mBuilding CXX object CMakeFiles/micro_ros_msgs__rosidl_typesupport_fastrtps_c.dir/rosidl_typesupport_fastrtps_c/micro_ros_msgs/msg/detail/graph__type_support_c.cpp.o[0m
[63.613s] [ 74%] [32mBuilding CXX object CMakeFiles/micro_ros_msgs__rosidl_typesupport_fastrtps_c.dir/rosidl_typesupport_fastrtps_c/micro_ros_msgs/msg/detail/entity__type_support_c.cpp.o[0m
[66.622s] [ 76%] [32mBuilding CXX object CMakeFiles/micro_ros_msgs__rosidl_typesupport_fastrtps_c.dir/rosidl_typesupport_fastrtps_c/micro_ros_msgs/msg/detail/node__type_support_c.cpp.o[0m
[69.522s] [ 77%] [32m[1mLinking CXX shared library libmicro_ros_msgs__rosidl_typesupport_fastrtps_c.so[0m
[70.263s] [ 77%] Built target micro_ros_msgs__rosidl_typesupport_fastrtps_c
[70.404s] [35m[1mScanning dependencies of target micro_ros_msgs[0m
[70.553s] [ 77%] Built target micro_ros_msgs
[70.712s] [35m[1mScanning dependencies of target micro_ros_msgs__py[0m
[70.859s] [ 79%] [34m[1mGenerating Python code for ROS interfaces[0m
[75.042s] [ 79%] Built target micro_ros_msgs__py
[75.240s] [35m[1mScanning dependencies of target micro_ros_msgs__python[0m
[75.591s] [ 81%] [32mBuilding C object CMakeFiles/micro_ros_msgs__python.dir/rosidl_generator_py/micro_ros_msgs/msg/_graph_s.c.o[0m
[76.620s] [ 83%] [32mBuilding C object CMakeFiles/micro_ros_msgs__python.dir/rosidl_generator_py/micro_ros_msgs/msg/_entity_s.c.o[0m
[77.588s] [ 84%] [32mBuilding C object CMakeFiles/micro_ros_msgs__python.dir/rosidl_generator_py/micro_ros_msgs/msg/_node_s.c.o[0m
[78.575s] [ 86%] [32m[1mLinking C shared library rosidl_generator_py/micro_ros_msgs/libmicro_ros_msgs__python.so[0m
[78.998s] [ 86%] Built target micro_ros_msgs__python
[79.217s] [35m[1mScanning dependencies of target micro_ros_msgs__rosidl_typesupport_introspection_c__pyext[0m
[79.493s] [ 88%] [32mBuilding C object CMakeFiles/micro_ros_msgs__rosidl_typesupport_introspection_c__pyext.dir/rosidl_generator_py/micro_ros_msgs/_micro_ros_msgs_s.ep.rosidl_typesupport_introspection_c.c.o[0m
[80.672s] [ 89%] [32m[1mLinking C shared library rosidl_generator_py/micro_ros_msgs/micro_ros_msgs_s__rosidl_typesupport_introspection_c.cpython-38-aarch64-linux-gnu.so[0m
[81.057s] [ 89%] Built target micro_ros_msgs__rosidl_typesupport_introspection_c__pyext
[81.275s] [35m[1mScanning dependencies of target micro_ros_msgs__rosidl_typesupport_c__pyext[0m
[81.583s] [ 91%] [32mBuilding C object CMakeFiles/micro_ros_msgs__rosidl_typesupport_c__pyext.dir/rosidl_generator_py/micro_ros_msgs/_micro_ros_msgs_s.ep.rosidl_typesupport_c.c.o[0m
[82.619s] [ 93%] [32m[1mLinking C shared library rosidl_generator_py/micro_ros_msgs/micro_ros_msgs_s__rosidl_typesupport_c.cpython-38-aarch64-linux-gnu.so[0m
[83.037s] [ 93%] Built target micro_ros_msgs__rosidl_typesupport_c__pyext
[83.200s] [35m[1mScanning dependencies of target micro_ros_msgs__rosidl_typesupport_microxrcedds_c__pyext[0m
[83.423s] [ 94%] [32mBuilding C object CMakeFiles/micro_ros_msgs__rosidl_typesupport_microxrcedds_c__pyext.dir/rosidl_generator_py/micro_ros_msgs/_micro_ros_msgs_s.ep.rosidl_typesupport_microxrcedds_c.c.o[0m
[84.505s] [ 96%] [32m[1mLinking C shared library rosidl_generator_py/micro_ros_msgs/micro_ros_msgs_s__rosidl_typesupport_microxrcedds_c.cpython-38-aarch64-linux-gnu.so[0m
[84.894s] [ 96%] Built target micro_ros_msgs__rosidl_typesupport_microxrcedds_c__pyext
[85.092s] [35m[1mScanning dependencies of target micro_ros_msgs__rosidl_typesupport_fastrtps_c__pyext[0m
[85.480s] [ 98%] [32mBuilding C object CMakeFiles/micro_ros_msgs__rosidl_typesupport_fastrtps_c__pyext.dir/rosidl_generator_py/micro_ros_msgs/_micro_ros_msgs_s.ep.rosidl_typesupport_fastrtps_c.c.o[0m
[86.500s] [100%] [32m[1mLinking CXX shared library rosidl_generator_py/micro_ros_msgs/micro_ros_msgs_s__rosidl_typesupport_fastrtps_c.cpython-38-aarch64-linux-gnu.so[0m
[87.026s] [100%] Built target micro_ros_msgs__rosidl_typesupport_fastrtps_c__pyext
[87.167s] Invoked command in '/home/nvidia/ros2_ws/build/micro_ros_msgs' returned '0': CMAKE_PREFIX_PATH=${CMAKE_PREFIX_PATH}:/home/nvidia/rosbag_ws/install/ros2bag:/home/nvidia/microros_ws/install/sensor_msgs_py:/home/nvidia/ros2_ws/install/obj_det_visualizer:/home/nvidia/ros2_ws/install/ros2bag:/home/nvidia/ros2_ws/install/sim2real:/home/nvidia/ros2_ws/install/opencv_tests:/opt/ros/foxy /usr/bin/cmake --build /home/nvidia/ros2_ws/build/micro_ros_msgs -- -j6 -l6
[90.254s] Invoking command in '/home/nvidia/ros2_ws/build/micro_ros_msgs': CMAKE_PREFIX_PATH=${CMAKE_PREFIX_PATH}:/home/nvidia/rosbag_ws/install/ros2bag:/home/nvidia/microros_ws/install/sensor_msgs_py:/home/nvidia/ros2_ws/install/obj_det_visualizer:/home/nvidia/ros2_ws/install/ros2bag:/home/nvidia/ros2_ws/install/sim2real:/home/nvidia/ros2_ws/install/opencv_tests:/opt/ros/foxy /usr/bin/cmake --install /home/nvidia/ros2_ws/build/micro_ros_msgs
[90.361s] -- Install configuration: "Release"
[90.365s] -- Execute custom install script
[90.368s] -- Symlinking: /home/nvidia/ros2_ws/install/micro_ros_msgs/share/ament_index/resource_index/rosidl_interfaces/micro_ros_msgs
[90.548s] -- Symlinking: /home/nvidia/ros2_ws/install/micro_ros_msgs/include/micro_ros_msgs/msg/detail/entity__functions.h
[90.589s] -- Symlinking: /home/nvidia/ros2_ws/install/micro_ros_msgs/include/micro_ros_msgs/msg/detail/entity__struct.h
[90.704s] -- Symlinking: /home/nvidia/ros2_ws/install/micro_ros_msgs/include/micro_ros_msgs/msg/detail/entity__type_support.h
[90.811s] -- Symlinking: /home/nvidia/ros2_ws/install/micro_ros_msgs/include/micro_ros_msgs/msg/detail/graph__functions.h
[90.932s] -- Symlinking: /home/nvidia/ros2_ws/install/micro_ros_msgs/include/micro_ros_msgs/msg/detail/graph__struct.h
[91.042s] -- Symlinking: /home/nvidia/ros2_ws/install/micro_ros_msgs/include/micro_ros_msgs/msg/detail/graph__type_support.h
[91.157s] -- Symlinking: /home/nvidia/ros2_ws/install/micro_ros_msgs/include/micro_ros_msgs/msg/detail/node__functions.h
[91.311s] -- Symlinking: /home/nvidia/ros2_ws/install/micro_ros_msgs/include/micro_ros_msgs/msg/detail/node__struct.h
[91.424s] -- Symlinking: /home/nvidia/ros2_ws/install/micro_ros_msgs/include/micro_ros_msgs/msg/detail/node__type_support.h
[91.557s] -- Symlinking: /home/nvidia/ros2_ws/install/micro_ros_msgs/include/micro_ros_msgs/msg/entity.h
[91.718s] -- Symlinking: /home/nvidia/ros2_ws/install/micro_ros_msgs/include/micro_ros_msgs/msg/graph.h
[91.840s] -- Symlinking: /home/nvidia/ros2_ws/install/micro_ros_msgs/include/micro_ros_msgs/msg/node.h
[91.952s] -- Symlinking: /home/nvidia/ros2_ws/install/micro_ros_msgs/include/micro_ros_msgs/msg/rosidl_generator_c__visibility_control.h
[92.108s] -- Symlinking: /home/nvidia/ros2_ws/install/micro_ros_msgs/share/micro_ros_msgs/environment/library_path.sh
[92.230s] -- Symlinking: /home/nvidia/ros2_ws/install/micro_ros_msgs/share/micro_ros_msgs/environment/library_path.dsv
[92.354s] -- Symlinking: /home/nvidia/ros2_ws/install/micro_ros_msgs/include/micro_ros_msgs/msg/detail/entity__rosidl_typesupport_microxrcedds_c.h
[92.473s] -- Symlinking: /home/nvidia/ros2_ws/install/micro_ros_msgs/include/micro_ros_msgs/msg/detail/graph__rosidl_typesupport_microxrcedds_c.h
[92.596s] -- Symlinking: /home/nvidia/ros2_ws/install/micro_ros_msgs/include/micro_ros_msgs/msg/detail/node__rosidl_typesupport_microxrcedds_c.h
[92.702s] -- Symlinking: /home/nvidia/ros2_ws/install/micro_ros_msgs/include/micro_ros_msgs/msg/rosidl_typesupport_microxrcedds_c__visibility_control.h
[92.809s] -- Symlinking: /home/nvidia/ros2_ws/install/micro_ros_msgs/lib/libmicro_ros_msgs__rosidl_typesupport_microxrcedds_c.so
[92.924s] -- Symlinking: /home/nvidia/ros2_ws/install/micro_ros_msgs/include/micro_ros_msgs/msg/detail/entity__rosidl_typesupport_fastrtps_c.h
[93.033s] -- Symlinking: /home/nvidia/ros2_ws/install/micro_ros_msgs/include/micro_ros_msgs/msg/detail/graph__rosidl_typesupport_fastrtps_c.h
[93.149s] -- Symlinking: /home/nvidia/ros2_ws/install/micro_ros_msgs/include/micro_ros_msgs/msg/detail/node__rosidl_typesupport_fastrtps_c.h
[93.261s] -- Symlinking: /home/nvidia/ros2_ws/install/micro_ros_msgs/include/micro_ros_msgs/msg/rosidl_typesupport_fastrtps_c__visibility_control.h
[93.376s] -- Symlinking: /home/nvidia/ros2_ws/install/micro_ros_msgs/lib/libmicro_ros_msgs__rosidl_typesupport_fastrtps_c.so
[93.496s] -- Symlinking: /home/nvidia/ros2_ws/install/micro_ros_msgs/include/micro_ros_msgs/msg/detail/entity__rosidl_typesupport_fastrtps_cpp.hpp
[93.613s] -- Symlinking: /home/nvidia/ros2_ws/install/micro_ros_msgs/include/micro_ros_msgs/msg/detail/graph__rosidl_typesupport_fastrtps_cpp.hpp
[93.811s] -- Symlinking: /home/nvidia/ros2_ws/install/micro_ros_msgs/include/micro_ros_msgs/msg/detail/node__rosidl_typesupport_fastrtps_cpp.hpp
[93.886s] -- Symlinking: /home/nvidia/ros2_ws/install/micro_ros_msgs/include/micro_ros_msgs/msg/rosidl_typesupport_fastrtps_cpp__visibility_control.h
[94.015s] -- Symlinking: /home/nvidia/ros2_ws/install/micro_ros_msgs/lib/libmicro_ros_msgs__rosidl_typesupport_fastrtps_cpp.so
[94.142s] -- Symlinking: /home/nvidia/ros2_ws/install/micro_ros_msgs/include/micro_ros_msgs/msg/detail/entity__rosidl_typesupport_introspection_c.h
[94.312s] -- Symlinking: /home/nvidia/ros2_ws/install/micro_ros_msgs/include/micro_ros_msgs/msg/detail/graph__rosidl_typesupport_introspection_c.h
[94.412s] -- Symlinking: /home/nvidia/ros2_ws/install/micro_ros_msgs/include/micro_ros_msgs/msg/detail/node__rosidl_typesupport_introspection_c.h
[94.513s] -- Symlinking: /home/nvidia/ros2_ws/install/micro_ros_msgs/include/micro_ros_msgs/msg/rosidl_typesupport_introspection_c__visibility_control.h
[94.619s] -- Symlinking: /home/nvidia/ros2_ws/install/micro_ros_msgs/include/micro_ros_msgs/msg/detail/entity__builder.hpp
[94.733s] -- Symlinking: /home/nvidia/ros2_ws/install/micro_ros_msgs/include/micro_ros_msgs/msg/detail/entity__struct.hpp
[94.843s] -- Symlinking: /home/nvidia/ros2_ws/install/micro_ros_msgs/include/micro_ros_msgs/msg/detail/entity__traits.hpp
[94.938s] -- Symlinking: /home/nvidia/ros2_ws/install/micro_ros_msgs/include/micro_ros_msgs/msg/detail/entity__type_support.hpp
[95.042s] -- Symlinking: /home/nvidia/ros2_ws/install/micro_ros_msgs/include/micro_ros_msgs/msg/detail/graph__builder.hpp
[95.364s] -- Symlinking: /home/nvidia/ros2_ws/install/micro_ros_msgs/include/micro_ros_msgs/msg/detail/graph__struct.hpp
[95.498s] -- Symlinking: /home/nvidia/ros2_ws/install/micro_ros_msgs/include/micro_ros_msgs/msg/detail/graph__traits.hpp
[95.613s] -- Symlinking: /home/nvidia/ros2_ws/install/micro_ros_msgs/include/micro_ros_msgs/msg/detail/graph__type_support.hpp
[95.740s] -- Symlinking: /home/nvidia/ros2_ws/install/micro_ros_msgs/include/micro_ros_msgs/msg/detail/node__builder.hpp
[95.849s] -- Symlinking: /home/nvidia/ros2_ws/install/micro_ros_msgs/include/micro_ros_msgs/msg/detail/node__struct.hpp
[95.957s] -- Symlinking: /home/nvidia/ros2_ws/install/micro_ros_msgs/include/micro_ros_msgs/msg/detail/node__traits.hpp
[96.061s] -- Symlinking: /home/nvidia/ros2_ws/install/micro_ros_msgs/include/micro_ros_msgs/msg/detail/node__type_support.hpp
[96.179s] -- Symlinking: /home/nvidia/ros2_ws/install/micro_ros_msgs/include/micro_ros_msgs/msg/entity.hpp
[96.289s] -- Symlinking: /home/nvidia/ros2_ws/install/micro_ros_msgs/include/micro_ros_msgs/msg/graph.hpp
[96.397s] -- Symlinking: /home/nvidia/ros2_ws/install/micro_ros_msgs/include/micro_ros_msgs/msg/node.hpp
[96.508s] -- Symlinking: /home/nvidia/ros2_ws/install/micro_ros_msgs/include/micro_ros_msgs/msg/rosidl_generator_cpp__visibility_control.hpp
[96.641s] -- Symlinking: /home/nvidia/ros2_ws/install/micro_ros_msgs/include/micro_ros_msgs/msg/detail/entity__rosidl_typesupport_microxrcedds_cpp.hpp
[96.772s] -- Symlinking: /home/nvidia/ros2_ws/install/micro_ros_msgs/include/micro_ros_msgs/msg/detail/graph__rosidl_typesupport_microxrcedds_cpp.hpp
[96.883s] -- Symlinking: /home/nvidia/ros2_ws/install/micro_ros_msgs/include/micro_ros_msgs/msg/detail/microxrcedds/entity__type_support_cpp.cpp
[97.054s] -- Symlinking: /home/nvidia/ros2_ws/install/micro_ros_msgs/include/micro_ros_msgs/msg/detail/microxrcedds/graph__type_support_cpp.cpp
[97.172s] -- Symlinking: /home/nvidia/ros2_ws/install/micro_ros_msgs/include/micro_ros_msgs/msg/detail/microxrcedds/node__type_support_cpp.cpp
[97.290s] -- Symlinking: /home/nvidia/ros2_ws/install/micro_ros_msgs/include/micro_ros_msgs/msg/detail/node__rosidl_typesupport_microxrcedds_cpp.hpp
[97.405s] -- Symlinking: /home/nvidia/ros2_ws/install/micro_ros_msgs/include/micro_ros_msgs/msg/rosidl_typesupport_microxrcedds_cpp__visibility_control.h
[97.522s] -- Symlinking: /home/nvidia/ros2_ws/install/micro_ros_msgs/lib/libmicro_ros_msgs__rosidl_typesupport_microxrcedds_cpp.so
[97.731s] -- Symlinking: /home/nvidia/ros2_ws/install/micro_ros_msgs/include/micro_ros_msgs/msg/detail/entity__rosidl_typesupport_introspection_cpp.hpp
[97.776s] -- Symlinking: /home/nvidia/ros2_ws/install/micro_ros_msgs/include/micro_ros_msgs/msg/detail/graph__rosidl_typesupport_introspection_cpp.hpp
[97.887s] -- Symlinking: /home/nvidia/ros2_ws/install/micro_ros_msgs/include/micro_ros_msgs/msg/detail/node__rosidl_typesupport_introspection_cpp.hpp
[97.998s] -- Symlinking: /home/nvidia/ros2_ws/install/micro_ros_msgs/share/micro_ros_msgs/environment/pythonpath.sh
[98.119s] -- Symlinking: /home/nvidia/ros2_ws/install/micro_ros_msgs/share/micro_ros_msgs/environment/pythonpath.dsv
[98.226s] -- Symlinking: /home/nvidia/ros2_ws/install/micro_ros_msgs/lib/python3.8/site-packages/micro_ros_msgs/__init__.py
[98.337s] -- Symlinking: /home/nvidia/ros2_ws/install/micro_ros_msgs/lib/python3.8/site-packages/micro_ros_msgs/msg/__init__.py
[98.446s] -- Symlinking: /home/nvidia/ros2_ws/install/micro_ros_msgs/lib/python3.8/site-packages/micro_ros_msgs/msg/_entity.py
[98.555s] -- Symlinking: /home/nvidia/ros2_ws/install/micro_ros_msgs/lib/python3.8/site-packages/micro_ros_msgs/msg/_graph.py
[98.665s] -- Symlinking: /home/nvidia/ros2_ws/install/micro_ros_msgs/lib/python3.8/site-packages/micro_ros_msgs/msg/_node.py
[98.775s] -- Symlinking: /home/nvidia/ros2_ws/install/micro_ros_msgs/lib/python3.8/site-packages/micro_ros_msgs/micro_ros_msgs_s__rosidl_typesupport_microxrcedds_c.cpython-38-aarch64-linux-gnu.so
[98.893s] -- Symlinking: /home/nvidia/ros2_ws/install/micro_ros_msgs/lib/python3.8/site-packages/micro_ros_msgs/micro_ros_msgs_s__rosidl_typesupport_fastrtps_c.cpython-38-aarch64-linux-gnu.so
[99.003s] -- Symlinking: /home/nvidia/ros2_ws/install/micro_ros_msgs/lib/python3.8/site-packages/micro_ros_msgs/micro_ros_msgs_s__rosidl_typesupport_introspection_c.cpython-38-aarch64-linux-gnu.so
[99.186s] -- Symlinking: /home/nvidia/ros2_ws/install/micro_ros_msgs/lib/python3.8/site-packages/micro_ros_msgs/micro_ros_msgs_s__rosidl_typesupport_c.cpython-38-aarch64-linux-gnu.so
[99.299s] -- Symlinking: /home/nvidia/ros2_ws/install/micro_ros_msgs/lib/libmicro_ros_msgs__python.so
[99.459s] -- Symlinking: /home/nvidia/ros2_ws/install/micro_ros_msgs/share/micro_ros_msgs/msg/Graph.idl
[99.630s] -- Symlinking: /home/nvidia/ros2_ws/install/micro_ros_msgs/share/micro_ros_msgs/msg/Node.idl
[99.741s] -- Symlinking: /home/nvidia/ros2_ws/install/micro_ros_msgs/share/micro_ros_msgs/msg/Entity.idl
[99.855s] -- Symlinking: /home/nvidia/ros2_ws/install/micro_ros_msgs/share/micro_ros_msgs/msg/Graph.msg
[99.967s] -- Symlinking: /home/nvidia/ros2_ws/install/micro_ros_msgs/share/micro_ros_msgs/msg/Node.msg
[100.076s] -- Symlinking: /home/nvidia/ros2_ws/install/micro_ros_msgs/share/micro_ros_msgs/msg/Entity.msg
[100.350s] -- Symlinking: /home/nvidia/ros2_ws/install/micro_ros_msgs/share/ament_index/resource_index/package_run_dependencies/micro_ros_msgs
[100.462s] -- Symlinking: /home/nvidia/ros2_ws/install/micro_ros_msgs/share/ament_index/resource_index/parent_prefix_path/micro_ros_msgs
[100.569s] -- Symlinking: /home/nvidia/ros2_ws/install/micro_ros_msgs/share/micro_ros_msgs/environment/ament_prefix_path.sh
[100.682s] -- Symlinking: /home/nvidia/ros2_ws/install/micro_ros_msgs/share/micro_ros_msgs/environment/ament_prefix_path.dsv
[100.803s] -- Symlinking: /home/nvidia/ros2_ws/install/micro_ros_msgs/share/micro_ros_msgs/environment/path.sh
[100.917s] -- Symlinking: /home/nvidia/ros2_ws/install/micro_ros_msgs/share/micro_ros_msgs/environment/path.dsv
[101.035s] -- Symlinking: /home/nvidia/ros2_ws/install/micro_ros_msgs/share/micro_ros_msgs/local_setup.bash
[101.154s] -- Symlinking: /home/nvidia/ros2_ws/install/micro_ros_msgs/share/micro_ros_msgs/local_setup.sh
[101.271s] -- Symlinking: /home/nvidia/ros2_ws/install/micro_ros_msgs/share/micro_ros_msgs/local_setup.zsh
[101.387s] -- Symlinking: /home/nvidia/ros2_ws/install/micro_ros_msgs/share/micro_ros_msgs/local_setup.dsv
[101.510s] -- Symlinking: /home/nvidia/ros2_ws/install/micro_ros_msgs/share/micro_ros_msgs/package.dsv
[101.627s] -- Symlinking: /home/nvidia/ros2_ws/install/micro_ros_msgs/share/ament_index/resource_index/packages/micro_ros_msgs
[101.746s] -- Symlinking: /home/nvidia/ros2_ws/install/micro_ros_msgs/share/micro_ros_msgs/cmake/rosidl_cmake-extras.cmake
[101.858s] -- Symlinking: /home/nvidia/ros2_ws/install/micro_ros_msgs/share/micro_ros_msgs/cmake/ament_cmake_export_dependencies-extras.cmake
[101.977s] -- Symlinking: /home/nvidia/ros2_ws/install/micro_ros_msgs/share/micro_ros_msgs/cmake/ament_cmake_export_libraries-extras.cmake
[102.091s] -- Symlinking: /home/nvidia/ros2_ws/install/micro_ros_msgs/share/micro_ros_msgs/cmake/ament_cmake_export_targets-extras.cmake
[102.233s] -- Symlinking: /home/nvidia/ros2_ws/install/micro_ros_msgs/share/micro_ros_msgs/cmake/ament_cmake_export_include_directories-extras.cmake
[102.350s] -- Symlinking: /home/nvidia/ros2_ws/install/micro_ros_msgs/share/micro_ros_msgs/cmake/rosidl_cmake_export_typesupport_libraries-extras.cmake
[102.457s] -- Symlinking: /home/nvidia/ros2_ws/install/micro_ros_msgs/share/micro_ros_msgs/cmake/rosidl_cmake_export_typesupport_targets-extras.cmake
[102.569s] -- Symlinking: /home/nvidia/ros2_ws/install/micro_ros_msgs/share/micro_ros_msgs/cmake/micro_ros_msgsConfig.cmake
[102.672s] -- Symlinking: /home/nvidia/ros2_ws/install/micro_ros_msgs/share/micro_ros_msgs/cmake/micro_ros_msgsConfig-version.cmake
[102.778s] -- Symlinking: /home/nvidia/ros2_ws/install/micro_ros_msgs/share/micro_ros_msgs/package.xml
[102.879s] -- Installing: /home/nvidia/ros2_ws/install/micro_ros_msgs/lib/libmicro_ros_msgs__rosidl_generator_c.so
[102.884s] -- Set runtime path of "/home/nvidia/ros2_ws/install/micro_ros_msgs/lib/libmicro_ros_msgs__rosidl_generator_c.so" to ""
[102.884s] -- Installing: /home/nvidia/ros2_ws/install/micro_ros_msgs/lib/libmicro_ros_msgs__rosidl_typesupport_introspection_c.so
[102.889s] -- Set runtime path of "/home/nvidia/ros2_ws/install/micro_ros_msgs/lib/libmicro_ros_msgs__rosidl_typesupport_introspection_c.so" to ""
[102.890s] -- Installing: /home/nvidia/ros2_ws/install/micro_ros_msgs/lib/libmicro_ros_msgs__rosidl_typesupport_c.so
[102.893s] -- Set runtime path of "/home/nvidia/ros2_ws/install/micro_ros_msgs/lib/libmicro_ros_msgs__rosidl_typesupport_c.so" to ""
[102.894s] -- Installing: /home/nvidia/ros2_ws/install/micro_ros_msgs/lib/libmicro_ros_msgs__rosidl_typesupport_introspection_cpp.so
[102.897s] -- Set runtime path of "/home/nvidia/ros2_ws/install/micro_ros_msgs/lib/libmicro_ros_msgs__rosidl_typesupport_introspection_cpp.so" to ""
[102.898s] -- Installing: /home/nvidia/ros2_ws/install/micro_ros_msgs/lib/libmicro_ros_msgs__rosidl_typesupport_cpp.so
[102.901s] -- Set runtime path of "/home/nvidia/ros2_ws/install/micro_ros_msgs/lib/libmicro_ros_msgs__rosidl_typesupport_cpp.so" to ""
[103.221s] Compiling '/home/nvidia/ros2_ws/install/micro_ros_msgs/lib/python3.8/site-packages/micro_ros_msgs/__init__.py'...
[103.243s] -- Installing: /home/nvidia/ros2_ws/install/micro_ros_msgs/share/micro_ros_msgs/cmake/micro_ros_msgs__rosidl_generator_cExport.cmake
[103.244s] -- Installing: /home/nvidia/ros2_ws/install/micro_ros_msgs/share/micro_ros_msgs/cmake/micro_ros_msgs__rosidl_generator_cExport-release.cmake
[103.246s] -- Installing: /home/nvidia/ros2_ws/install/micro_ros_msgs/share/micro_ros_msgs/cmake/micro_ros_msgs__rosidl_typesupport_introspection_cExport.cmake
[103.247s] -- Installing: /home/nvidia/ros2_ws/install/micro_ros_msgs/share/micro_ros_msgs/cmake/micro_ros_msgs__rosidl_typesupport_introspection_cExport-release.cmake
[103.249s] -- Installing: /home/nvidia/ros2_ws/install/micro_ros_msgs/share/micro_ros_msgs/cmake/micro_ros_msgs__rosidl_typesupport_cExport.cmake
[103.250s] -- Installing: /home/nvidia/ros2_ws/install/micro_ros_msgs/share/micro_ros_msgs/cmake/micro_ros_msgs__rosidl_typesupport_cExport-release.cmake
[103.253s] -- Installing: /home/nvidia/ros2_ws/install/micro_ros_msgs/share/micro_ros_msgs/cmake/micro_ros_msgs__rosidl_generator_cppExport.cmake
[103.253s] -- Installing: /home/nvidia/ros2_ws/install/micro_ros_msgs/share/micro_ros_msgs/cmake/micro_ros_msgs__rosidl_typesupport_introspection_cppExport.cmake
[103.254s] -- Installing: /home/nvidia/ros2_ws/install/micro_ros_msgs/share/micro_ros_msgs/cmake/micro_ros_msgs__rosidl_typesupport_introspection_cppExport-release.cmake
[103.255s] -- Installing: /home/nvidia/ros2_ws/install/micro_ros_msgs/share/micro_ros_msgs/cmake/micro_ros_msgs__rosidl_typesupport_cppExport.cmake
[103.256s] -- Installing: /home/nvidia/ros2_ws/install/micro_ros_msgs/share/micro_ros_msgs/cmake/micro_ros_msgs__rosidl_typesupport_cppExport-release.cmake
[103.287s] Invoked command in '/home/nvidia/ros2_ws/build/micro_ros_msgs' returned '0': CMAKE_PREFIX_PATH=${CMAKE_PREFIX_PATH}:/home/nvidia/rosbag_ws/install/ros2bag:/home/nvidia/microros_ws/install/sensor_msgs_py:/home/nvidia/ros2_ws/install/obj_det_visualizer:/home/nvidia/ros2_ws/install/ros2bag:/home/nvidia/ros2_ws/install/sim2real:/home/nvidia/ros2_ws/install/opencv_tests:/opt/ros/foxy /usr/bin/cmake --install /home/nvidia/ros2_ws/build/micro_ros_msgs
