[0.486s] Invoking command in '/home/nvidia/ros2_ws/build/zed_tutorial_video': CMAKE_PREFIX_PATH=${CMAKE_PREFIX_PATH}:/home/nvidia/rosbag_ws/install/ros2bag:/home/nvidia/microros_ws/install/sensor_msgs_py:/home/nvidia/ros2_ws/install/obj_det_visualizer:/home/nvidia/ros2_ws/install/opencv_tests:/opt/ros/foxy /usr/bin/cmake --build /home/nvidia/ros2_ws/build/zed_tutorial_video -- -j6 -l6
[2.076s] [100%] Built target zed_tutorial_video
[2.190s] Invoked command in '/home/nvidia/ros2_ws/build/zed_tutorial_video' returned '0': CMAKE_PREFIX_PATH=${CMAKE_PREFIX_PATH}:/home/nvidia/rosbag_ws/install/ros2bag:/home/nvidia/microros_ws/install/sensor_msgs_py:/home/nvidia/ros2_ws/install/obj_det_visualizer:/home/nvidia/ros2_ws/install/opencv_tests:/opt/ros/foxy /usr/bin/cmake --build /home/nvidia/ros2_ws/build/zed_tutorial_video -- -j6 -l6
[2.241s] Invoking command in '/home/nvidia/ros2_ws/build/zed_tutorial_video': CMAKE_PREFIX_PATH=${CMAKE_PREFIX_PATH}:/home/nvidia/rosbag_ws/install/ros2bag:/home/nvidia/microros_ws/install/sensor_msgs_py:/home/nvidia/ros2_ws/install/obj_det_visualizer:/home/nvidia/ros2_ws/install/opencv_tests:/opt/ros/foxy /usr/bin/cmake --install /home/nvidia/ros2_ws/build/zed_tutorial_video
[3.889s] -- Install configuration: "Release"
[3.889s] -- Execute custom install script
[3.890s] -- Up-to-date symlink: /home/nvidia/ros2_ws/install/zed_tutorial_video/lib/zed_tutorial_video/zed_tutorial_video
[3.891s] -- Up-to-date symlink: /home/nvidia/ros2_ws/install/zed_tutorial_video/share/ament_index/resource_index/package_run_dependencies/zed_tutorial_video
[3.892s] -- Up-to-date symlink: /home/nvidia/ros2_ws/install/zed_tutorial_video/share/ament_index/resource_index/parent_prefix_path/zed_tutorial_video
[3.893s] -- Up-to-date symlink: /home/nvidia/ros2_ws/install/zed_tutorial_video/share/zed_tutorial_video/environment/ament_prefix_path.sh
[3.893s] -- Up-to-date symlink: /home/nvidia/ros2_ws/install/zed_tutorial_video/share/zed_tutorial_video/environment/ament_prefix_path.dsv
[3.895s] -- Up-to-date symlink: /home/nvidia/ros2_ws/install/zed_tutorial_video/share/zed_tutorial_video/environment/path.sh
[3.897s] -- Up-to-date symlink: /home/nvidia/ros2_ws/install/zed_tutorial_video/share/zed_tutorial_video/environment/path.dsv
[3.898s] -- Up-to-date symlink: /home/nvidia/ros2_ws/install/zed_tutorial_video/share/zed_tutorial_video/local_setup.bash
[3.898s] -- Up-to-date symlink: /home/nvidia/ros2_ws/install/zed_tutorial_video/share/zed_tutorial_video/local_setup.sh
[3.899s] -- Up-to-date symlink: /home/nvidia/ros2_ws/install/zed_tutorial_video/share/zed_tutorial_video/local_setup.zsh
[3.901s] -- Up-to-date symlink: /home/nvidia/ros2_ws/install/zed_tutorial_video/share/zed_tutorial_video/local_setup.dsv
[3.902s] -- Symlinking: /home/nvidia/ros2_ws/install/zed_tutorial_video/share/zed_tutorial_video/package.dsv
[3.902s] -- Up-to-date symlink: /home/nvidia/ros2_ws/install/zed_tutorial_video/share/ament_index/resource_index/packages/zed_tutorial_video
[3.903s] -- Up-to-date symlink: /home/nvidia/ros2_ws/install/zed_tutorial_video/share/zed_tutorial_video/cmake/zed_tutorial_videoConfig.cmake
[3.903s] -- Up-to-date symlink: /home/nvidia/ros2_ws/install/zed_tutorial_video/share/zed_tutorial_video/cmake/zed_tutorial_videoConfig-version.cmake
[3.904s] -- Up-to-date symlink: /home/nvidia/ros2_ws/install/zed_tutorial_video/share/zed_tutorial_video/package.xml
[3.978s] Invoked command in '/home/nvidia/ros2_ws/build/zed_tutorial_video' returned '0': CMAKE_PREFIX_PATH=${CMAKE_PREFIX_PATH}:/home/nvidia/rosbag_ws/install/ros2bag:/home/nvidia/microros_ws/install/sensor_msgs_py:/home/nvidia/ros2_ws/install/obj_det_visualizer:/home/nvidia/ros2_ws/install/opencv_tests:/opt/ros/foxy /usr/bin/cmake --install /home/nvidia/ros2_ws/build/zed_tutorial_video
