[0.303s] Invoking command in '/home/nvidia/ros2_ws/build/zed_tutorial_pos_tracking': CMAKE_PREFIX_PATH=${CMAKE_PREFIX_PATH}:/home/nvidia/rosbag_ws/install/ros2bag:/home/nvidia/microros_ws/install/sensor_msgs_py:/home/nvidia/ros2_ws/install/obj_det_visualizer:/home/nvidia/ros2_ws/install/opencv_tests:/opt/ros/foxy /usr/bin/cmake /home/nvidia/ros2_ws/src/zed-ros2-examples/tutorials/zed_pose_tutorial -DCMAKE_INSTALL_PREFIX=/home/nvidia/ros2_ws/install/zed_tutorial_pos_tracking
[1.218s] -- Found ament_cmake_auto: 0.9.12 (/opt/ros/foxy/share/ament_cmake_auto/cmake)
[1.218s] -- Using PYTHON_EXECUTABLE: /usr/bin/python3
[2.449s] -- Override CMake install command with custom implementation using symlinks instead of copying resources
[3.437s] -- Using all available rosidl_typesupport_c: rosidl_typesupport_microxrcedds_c;rosidl_typesupport_fastrtps_c;rosidl_typesupport_introspection_c
[3.459s] -- Found rosidl_adapter: 1.3.1 (/opt/ros/foxy/share/rosidl_adapter/cmake)
[4.751s] -- Using all available rosidl_typesupport_cpp: rosidl_typesupport_microxrcedds_cpp;rosidl_typesupport_fastrtps_cpp;rosidl_typesupport_introspection_cpp
[5.138s] -- Found rmw_implementation_cmake: 1.0.4 (/opt/ros/foxy/share/rmw_implementation_cmake/cmake)
[5.170s] -- Using RMW implementation 'rmw_fastrtps_cpp' as default
[10.038s] -- Found ament_lint_auto: 0.9.8 (/opt/ros/foxy/share/ament_lint_auto/cmake)
[10.345s] -- Added test 'copyright' to check source files copyright and LICENSE
[10.352s] -- Added test 'cppcheck' to perform static code analysis on C / C++ code
[10.353s] -- Configured cppcheck include dirs: 
[10.353s] -- Configured cppcheck exclude dirs and/or files: 
[10.357s] -- Added test 'cpplint' to check C / C++ code against the Google style
[10.357s] -- Configured cpplint exclude dirs and/or files: 
[10.359s] -- Added test 'lint_cmake' to check CMake code style
[10.365s] -- Added test 'uncrustify' to check C / C++ code style
[10.365s] -- Configured uncrustify additional arguments: 
[10.366s] -- Added test 'xmllint' to check XML markup files
[10.397s] -- Configuring done
[10.598s] -- Generating done
[10.640s] -- Build files have been written to: /home/nvidia/ros2_ws/build/zed_tutorial_pos_tracking
[10.710s] Invoked command in '/home/nvidia/ros2_ws/build/zed_tutorial_pos_tracking' returned '0': CMAKE_PREFIX_PATH=${CMAKE_PREFIX_PATH}:/home/nvidia/rosbag_ws/install/ros2bag:/home/nvidia/microros_ws/install/sensor_msgs_py:/home/nvidia/ros2_ws/install/obj_det_visualizer:/home/nvidia/ros2_ws/install/opencv_tests:/opt/ros/foxy /usr/bin/cmake /home/nvidia/ros2_ws/src/zed-ros2-examples/tutorials/zed_pose_tutorial -DCMAKE_INSTALL_PREFIX=/home/nvidia/ros2_ws/install/zed_tutorial_pos_tracking
[10.720s] Invoking command in '/home/nvidia/ros2_ws/build/zed_tutorial_pos_tracking': CMAKE_PREFIX_PATH=${CMAKE_PREFIX_PATH}:/home/nvidia/rosbag_ws/install/ros2bag:/home/nvidia/microros_ws/install/sensor_msgs_py:/home/nvidia/ros2_ws/install/obj_det_visualizer:/home/nvidia/ros2_ws/install/opencv_tests:/opt/ros/foxy /usr/bin/cmake --build /home/nvidia/ros2_ws/build/zed_tutorial_pos_tracking -- -j6 -l6
[11.902s] [100%] Built target zed_tutorial_pos_tracking
[12.138s] Invoked command in '/home/nvidia/ros2_ws/build/zed_tutorial_pos_tracking' returned '0': CMAKE_PREFIX_PATH=${CMAKE_PREFIX_PATH}:/home/nvidia/rosbag_ws/install/ros2bag:/home/nvidia/microros_ws/install/sensor_msgs_py:/home/nvidia/ros2_ws/install/obj_det_visualizer:/home/nvidia/ros2_ws/install/opencv_tests:/opt/ros/foxy /usr/bin/cmake --build /home/nvidia/ros2_ws/build/zed_tutorial_pos_tracking -- -j6 -l6
[12.143s] Invoking command in '/home/nvidia/ros2_ws/build/zed_tutorial_pos_tracking': CMAKE_PREFIX_PATH=${CMAKE_PREFIX_PATH}:/home/nvidia/rosbag_ws/install/ros2bag:/home/nvidia/microros_ws/install/sensor_msgs_py:/home/nvidia/ros2_ws/install/obj_det_visualizer:/home/nvidia/ros2_ws/install/opencv_tests:/opt/ros/foxy /usr/bin/cmake --install /home/nvidia/ros2_ws/build/zed_tutorial_pos_tracking
[12.782s] -- Install configuration: "Release"
[12.783s] -- Execute custom install script
[12.783s] -- Up-to-date symlink: /home/nvidia/ros2_ws/install/zed_tutorial_pos_tracking/lib/zed_tutorial_pos_tracking/zed_tutorial_pos_tracking
[12.786s] -- Up-to-date symlink: /home/nvidia/ros2_ws/install/zed_tutorial_pos_tracking/share/ament_index/resource_index/package_run_dependencies/zed_tutorial_pos_tracking
[12.786s] -- Up-to-date symlink: /home/nvidia/ros2_ws/install/zed_tutorial_pos_tracking/share/ament_index/resource_index/parent_prefix_path/zed_tutorial_pos_tracking
[12.787s] -- Up-to-date symlink: /home/nvidia/ros2_ws/install/zed_tutorial_pos_tracking/share/zed_tutorial_pos_tracking/environment/ament_prefix_path.sh
[12.787s] -- Up-to-date symlink: /home/nvidia/ros2_ws/install/zed_tutorial_pos_tracking/share/zed_tutorial_pos_tracking/environment/ament_prefix_path.dsv
[12.788s] -- Up-to-date symlink: /home/nvidia/ros2_ws/install/zed_tutorial_pos_tracking/share/zed_tutorial_pos_tracking/environment/path.sh
[12.809s] -- Up-to-date symlink: /home/nvidia/ros2_ws/install/zed_tutorial_pos_tracking/share/zed_tutorial_pos_tracking/environment/path.dsv
[12.810s] -- Up-to-date symlink: /home/nvidia/ros2_ws/install/zed_tutorial_pos_tracking/share/zed_tutorial_pos_tracking/local_setup.bash
[12.811s] -- Up-to-date symlink: /home/nvidia/ros2_ws/install/zed_tutorial_pos_tracking/share/zed_tutorial_pos_tracking/local_setup.sh
[12.811s] -- Up-to-date symlink: /home/nvidia/ros2_ws/install/zed_tutorial_pos_tracking/share/zed_tutorial_pos_tracking/local_setup.zsh
[12.812s] -- Up-to-date symlink: /home/nvidia/ros2_ws/install/zed_tutorial_pos_tracking/share/zed_tutorial_pos_tracking/local_setup.dsv
[12.812s] -- Symlinking: /home/nvidia/ros2_ws/install/zed_tutorial_pos_tracking/share/zed_tutorial_pos_tracking/package.dsv
[12.813s] -- Up-to-date symlink: /home/nvidia/ros2_ws/install/zed_tutorial_pos_tracking/share/ament_index/resource_index/packages/zed_tutorial_pos_tracking
[12.813s] -- Up-to-date symlink: /home/nvidia/ros2_ws/install/zed_tutorial_pos_tracking/share/zed_tutorial_pos_tracking/cmake/zed_tutorial_pos_trackingConfig.cmake
[12.813s] -- Up-to-date symlink: /home/nvidia/ros2_ws/install/zed_tutorial_pos_tracking/share/zed_tutorial_pos_tracking/cmake/zed_tutorial_pos_trackingConfig-version.cmake
[12.814s] -- Up-to-date symlink: /home/nvidia/ros2_ws/install/zed_tutorial_pos_tracking/share/zed_tutorial_pos_tracking/package.xml
[12.815s] Invoked command in '/home/nvidia/ros2_ws/build/zed_tutorial_pos_tracking' returned '0': CMAKE_PREFIX_PATH=${CMAKE_PREFIX_PATH}:/home/nvidia/rosbag_ws/install/ros2bag:/home/nvidia/microros_ws/install/sensor_msgs_py:/home/nvidia/ros2_ws/install/obj_det_visualizer:/home/nvidia/ros2_ws/install/opencv_tests:/opt/ros/foxy /usr/bin/cmake --install /home/nvidia/ros2_ws/build/zed_tutorial_pos_tracking
