[0.208s] [34mcolcon[0m [1;30mDEBUG[0m [32mCommand line arguments: ['/usr/bin/colcon', 'build', '--packages-select', 'yolo_msgs'][0m
[0.208s] [34mcolcon[0m [1;30mDEBUG[0m [32mParsed command line arguments: Namespace(log_base=None, log_level=None, verb_name='build', build_base='build', install_base='install', merge_install=False, symlink_install=False, test_result_base=None, continue_on_error=False, executor='parallel', parallel_workers=16, event_handlers=None, ignore_user_meta=False, metas=['./colcon.meta'], base_paths=['.'], packages_ignore=None, packages_ignore_regex=None, paths=None, packages_up_to=None, packages_up_to_regex=None, packages_above=None, packages_above_and_dependencies=None, packages_above_depth=None, packages_select_by_dep=None, packages_skip_by_dep=None, packages_skip_up_to=None, packages_select_build_failed=False, packages_skip_build_finished=False, packages_select_test_failures=False, packages_skip_test_passed=False, packages_select=['yolo_msgs'], packages_skip=None, packages_select_regex=None, packages_skip_regex=None, packages_start=None, packages_end=None, allow_overriding=[], cmake_args=None, cmake_target=None, cmake_target_skip_unavailable=False, cmake_clean_cache=False, cmake_clean_first=False, cmake_force_configure=False, ament_cmake_args=None, catkin_cmake_args=None, catkin_skip_building_tests=False, mixin_files=None, mixin=None, verb_parser=<colcon_mixin.mixin.mixin_argument.MixinArgumentDecorator object at 0x7aeabac73be0>, verb_extension=<colcon_core.verb.build.BuildVerb object at 0x7aeabac34730>, main=<bound method BuildVerb.main of <colcon_core.verb.build.BuildVerb object at 0x7aeabac34730>>, mixin_verb=('build',))[0m
[0.262s] [34mcolcon.colcon_core.package_discovery[0m [1;30mLevel 1[0m discover_packages(colcon_meta) check parameters
[0.262s] [34mcolcon.colcon_core.package_discovery[0m [1;30mLevel 1[0m discover_packages(recursive) check parameters
[0.262s] [34mcolcon.colcon_core.package_discovery[0m [1;30mLevel 1[0m discover_packages(ignore) check parameters
[0.262s] [34mcolcon.colcon_core.package_discovery[0m [1;30mLevel 1[0m discover_packages(path) check parameters
[0.262s] [34mcolcon.colcon_core.package_discovery[0m [1;30mLevel 1[0m discover_packages(colcon_meta) discover
[0.262s] [34mcolcon.colcon_core.package_discovery[0m [1;30mLevel 1[0m discover_packages(recursive) discover
[0.263s] [34mcolcon.colcon_core.package_discovery[0m [1;30mINFO[0m Crawling recursively for packages in '/home/gerald/mobilerobotics_racecar/ros2_ws'
[0.263s] [34mcolcon.colcon_core.package_identification[0m [1;30mLevel 1[0m _identify(.) by extensions ['ignore', 'ignore_ament_install']
[0.263s] [34mcolcon.colcon_core.package_identification[0m [1;30mLevel 1[0m _identify(.) by extension 'ignore'
[0.263s] [34mcolcon.colcon_core.package_identification[0m [1;30mLevel 1[0m _identify(.) by extension 'ignore_ament_install'
[0.263s] [34mcolcon.colcon_core.package_identification[0m [1;30mLevel 1[0m _identify(.) by extensions ['colcon_pkg']
[0.263s] [34mcolcon.colcon_core.package_identification[0m [1;30mLevel 1[0m _identify(.) by extension 'colcon_pkg'
[0.263s] [34mcolcon.colcon_core.package_identification[0m [1;30mLevel 1[0m _identify(.) by extensions ['colcon_meta']
[0.263s] [34mcolcon.colcon_core.package_identification[0m [1;30mLevel 1[0m _identify(.) by extension 'colcon_meta'
[0.263s] [34mcolcon.colcon_core.package_identification[0m [1;30mLevel 1[0m _identify(.) by extensions ['ros']
[0.263s] [34mcolcon.colcon_core.package_identification[0m [1;30mLevel 1[0m _identify(.) by extension 'ros'
[0.285s] [34mcolcon.colcon_core.package_identification[0m [1;30mLevel 1[0m _identify(.) by extensions ['cmake', 'python']
[0.285s] [34mcolcon.colcon_core.package_identification[0m [1;30mLevel 1[0m _identify(.) by extension 'cmake'
[0.285s] [34mcolcon.colcon_core.package_identification[0m [1;30mLevel 1[0m _identify(.) by extension 'python'
[0.285s] [34mcolcon.colcon_core.package_identification[0m [1;30mLevel 1[0m _identify(.) by extensions ['python_setup_py']
[0.285s] [34mcolcon.colcon_core.package_identification[0m [1;30mLevel 1[0m _identify(.) by extension 'python_setup_py'
[0.285s] [34mcolcon.colcon_core.package_identification[0m [1;30mLevel 1[0m _identify(build) by extensions ['ignore', 'ignore_ament_install']
[0.285s] [34mcolcon.colcon_core.package_identification[0m [1;30mLevel 1[0m _identify(build) by extension 'ignore'
[0.285s] [34mcolcon.colcon_core.package_identification[0m [1;30mLevel 1[0m _identify(build) ignored
[0.286s] [34mcolcon.colcon_core.package_identification[0m [1;30mLevel 1[0m _identify(install) by extensions ['ignore', 'ignore_ament_install']
[0.286s] [34mcolcon.colcon_core.package_identification[0m [1;30mLevel 1[0m _identify(install) by extension 'ignore'
[0.286s] [34mcolcon.colcon_core.package_identification[0m [1;30mLevel 1[0m _identify(install) ignored
[0.286s] [34mcolcon.colcon_core.package_identification[0m [1;30mLevel 1[0m _identify(log) by extensions ['ignore', 'ignore_ament_install']
[0.286s] [34mcolcon.colcon_core.package_identification[0m [1;30mLevel 1[0m _identify(log) by extension 'ignore'
[0.286s] [34mcolcon.colcon_core.package_identification[0m [1;30mLevel 1[0m _identify(log) ignored
[0.286s] [34mcolcon.colcon_core.package_identification[0m [1;30mLevel 1[0m _identify(src) by extensions ['ignore', 'ignore_ament_install']
[0.286s] [34mcolcon.colcon_core.package_identification[0m [1;30mLevel 1[0m _identify(src) by extension 'ignore'
[0.286s] [34mcolcon.colcon_core.package_identification[0m [1;30mLevel 1[0m _identify(src) by extension 'ignore_ament_install'
[0.286s] [34mcolcon.colcon_core.package_identification[0m [1;30mLevel 1[0m _identify(src) by extensions ['colcon_pkg']
[0.286s] [34mcolcon.colcon_core.package_identification[0m [1;30mLevel 1[0m _identify(src) by extension 'colcon_pkg'
[0.286s] [34mcolcon.colcon_core.package_identification[0m [1;30mLevel 1[0m _identify(src) by extensions ['colcon_meta']
[0.286s] [34mcolcon.colcon_core.package_identification[0m [1;30mLevel 1[0m _identify(src) by extension 'colcon_meta'
[0.286s] [34mcolcon.colcon_core.package_identification[0m [1;30mLevel 1[0m _identify(src) by extensions ['ros']
[0.286s] [34mcolcon.colcon_core.package_identification[0m [1;30mLevel 1[0m _identify(src) by extension 'ros'
[0.286s] [34mcolcon.colcon_core.package_identification[0m [1;30mLevel 1[0m _identify(src) by extensions ['cmake', 'python']
[0.286s] [34mcolcon.colcon_core.package_identification[0m [1;30mLevel 1[0m _identify(src) by extension 'cmake'
[0.286s] [34mcolcon.colcon_core.package_identification[0m [1;30mLevel 1[0m _identify(src) by extension 'python'
[0.286s] [34mcolcon.colcon_core.package_identification[0m [1;30mLevel 1[0m _identify(src) by extensions ['python_setup_py']
[0.286s] [34mcolcon.colcon_core.package_identification[0m [1;30mLevel 1[0m _identify(src) by extension 'python_setup_py'
[0.287s] [34mcolcon.colcon_core.package_identification[0m [1;30mLevel 1[0m _identify(src/HW4) by extensions ['ignore', 'ignore_ament_install']
[0.287s] [34mcolcon.colcon_core.package_identification[0m [1;30mLevel 1[0m _identify(src/HW4) by extension 'ignore'
[0.287s] [34mcolcon.colcon_core.package_identification[0m [1;30mLevel 1[0m _identify(src/HW4) by extension 'ignore_ament_install'
[0.287s] [34mcolcon.colcon_core.package_identification[0m [1;30mLevel 1[0m _identify(src/HW4) by extensions ['colcon_pkg']
[0.287s] [34mcolcon.colcon_core.package_identification[0m [1;30mLevel 1[0m _identify(src/HW4) by extension 'colcon_pkg'
[0.287s] [34mcolcon.colcon_core.package_identification[0m [1;30mLevel 1[0m _identify(src/HW4) by extensions ['colcon_meta']
[0.287s] [34mcolcon.colcon_core.package_identification[0m [1;30mLevel 1[0m _identify(src/HW4) by extension 'colcon_meta'
[0.287s] [34mcolcon.colcon_core.package_identification[0m [1;30mLevel 1[0m _identify(src/HW4) by extensions ['ros']
[0.287s] [34mcolcon.colcon_core.package_identification[0m [1;30mLevel 1[0m _identify(src/HW4) by extension 'ros'
[0.287s] [34mcolcon.colcon_core.package_identification[0m [1;30mLevel 1[0m _identify(src/HW4) by extensions ['cmake', 'python']
[0.287s] [34mcolcon.colcon_core.package_identification[0m [1;30mLevel 1[0m _identify(src/HW4) by extension 'cmake'
[0.287s] [34mcolcon.colcon_core.package_identification[0m [1;30mLevel 1[0m _identify(src/HW4) by extension 'python'
[0.287s] [34mcolcon.colcon_core.package_identification[0m [1;30mLevel 1[0m _identify(src/HW4) by extensions ['python_setup_py']
[0.287s] [34mcolcon.colcon_core.package_identification[0m [1;30mLevel 1[0m _identify(src/HW4) by extension 'python_setup_py'
[0.287s] [34mcolcon.colcon_core.package_identification[0m [1;30mLevel 1[0m _identify(src/HW4/estimation_and_vision_assignment) by extensions ['ignore', 'ignore_ament_install']
[0.287s] [34mcolcon.colcon_core.package_identification[0m [1;30mLevel 1[0m _identify(src/HW4/estimation_and_vision_assignment) by extension 'ignore'
[0.287s] [34mcolcon.colcon_core.package_identification[0m [1;30mLevel 1[0m _identify(src/HW4/estimation_and_vision_assignment) by extension 'ignore_ament_install'
[0.287s] [34mcolcon.colcon_core.package_identification[0m [1;30mLevel 1[0m _identify(src/HW4/estimation_and_vision_assignment) by extensions ['colcon_pkg']
[0.287s] [34mcolcon.colcon_core.package_identification[0m [1;30mLevel 1[0m _identify(src/HW4/estimation_and_vision_assignment) by extension 'colcon_pkg'
[0.287s] [34mcolcon.colcon_core.package_identification[0m [1;30mLevel 1[0m _identify(src/HW4/estimation_and_vision_assignment) by extensions ['colcon_meta']
[0.287s] [34mcolcon.colcon_core.package_identification[0m [1;30mLevel 1[0m _identify(src/HW4/estimation_and_vision_assignment) by extension 'colcon_meta'
[0.287s] [34mcolcon.colcon_core.package_identification[0m [1;30mLevel 1[0m _identify(src/HW4/estimation_and_vision_assignment) by extensions ['ros']
[0.287s] [34mcolcon.colcon_core.package_identification[0m [1;30mLevel 1[0m _identify(src/HW4/estimation_and_vision_assignment) by extension 'ros'
[0.289s] [34mcolcon.colcon_core.package_identification[0m [1;30mDEBUG[0m [32mPackage 'src/HW4/estimation_and_vision_assignment' with type 'ros.ament_cmake' and name 'estimation_and_vision_assignment'[0m
[0.290s] [34mcolcon.colcon_core.package_identification[0m [1;30mLevel 1[0m _identify(src/car_control) by extensions ['ignore', 'ignore_ament_install']
[0.290s] [34mcolcon.colcon_core.package_identification[0m [1;30mLevel 1[0m _identify(src/car_control) by extension 'ignore'
[0.290s] [34mcolcon.colcon_core.package_identification[0m [1;30mLevel 1[0m _identify(src/car_control) by extension 'ignore_ament_install'
[0.290s] [34mcolcon.colcon_core.package_identification[0m [1;30mLevel 1[0m _identify(src/car_control) by extensions ['colcon_pkg']
[0.290s] [34mcolcon.colcon_core.package_identification[0m [1;30mLevel 1[0m _identify(src/car_control) by extension 'colcon_pkg'
[0.290s] [34mcolcon.colcon_core.package_identification[0m [1;30mLevel 1[0m _identify(src/car_control) by extensions ['colcon_meta']
[0.290s] [34mcolcon.colcon_core.package_identification[0m [1;30mLevel 1[0m _identify(src/car_control) by extension 'colcon_meta'
[0.290s] [34mcolcon.colcon_core.package_identification[0m [1;30mLevel 1[0m _identify(src/car_control) by extensions ['ros']
[0.290s] [34mcolcon.colcon_core.package_identification[0m [1;30mLevel 1[0m _identify(src/car_control) by extension 'ros'
[0.290s] [34mcolcon.colcon_core.package_identification[0m [1;30mDEBUG[0m [32mPackage 'src/car_control' with type 'ros.ament_cmake' and name 'car_control'[0m
[0.290s] [34mcolcon.colcon_core.package_identification[0m [1;30mLevel 1[0m _identify(src/costmap_converter) by extensions ['ignore', 'ignore_ament_install']
[0.290s] [34mcolcon.colcon_core.package_identification[0m [1;30mLevel 1[0m _identify(src/costmap_converter) by extension 'ignore'
[0.291s] [34mcolcon.colcon_core.package_identification[0m [1;30mLevel 1[0m _identify(src/costmap_converter) by extension 'ignore_ament_install'
[0.291s] [34mcolcon.colcon_core.package_identification[0m [1;30mLevel 1[0m _identify(src/costmap_converter) by extensions ['colcon_pkg']
[0.291s] [34mcolcon.colcon_core.package_identification[0m [1;30mLevel 1[0m _identify(src/costmap_converter) by extension 'colcon_pkg'
[0.291s] [34mcolcon.colcon_core.package_identification[0m [1;30mLevel 1[0m _identify(src/costmap_converter) by extensions ['colcon_meta']
[0.291s] [34mcolcon.colcon_core.package_identification[0m [1;30mLevel 1[0m _identify(src/costmap_converter) by extension 'colcon_meta'
[0.291s] [34mcolcon.colcon_core.package_identification[0m [1;30mLevel 1[0m _identify(src/costmap_converter) by extensions ['ros']
[0.291s] [34mcolcon.colcon_core.package_identification[0m [1;30mLevel 1[0m _identify(src/costmap_converter) by extension 'ros'
[0.291s] [34mcolcon.colcon_core.package_identification[0m [1;30mLevel 1[0m _identify(src/costmap_converter) by extensions ['cmake', 'python']
[0.291s] [34mcolcon.colcon_core.package_identification[0m [1;30mLevel 1[0m _identify(src/costmap_converter) by extension 'cmake'
[0.291s] [34mcolcon.colcon_core.package_identification[0m [1;30mLevel 1[0m _identify(src/costmap_converter) by extension 'python'
[0.291s] [34mcolcon.colcon_core.package_identification[0m [1;30mLevel 1[0m _identify(src/costmap_converter) by extensions ['python_setup_py']
[0.291s] [34mcolcon.colcon_core.package_identification[0m [1;30mLevel 1[0m _identify(src/costmap_converter) by extension 'python_setup_py'
[0.291s] [34mcolcon.colcon_core.package_identification[0m [1;30mLevel 1[0m _identify(src/obj_det_visualizer) by extensions ['ignore', 'ignore_ament_install']
[0.291s] [34mcolcon.colcon_core.package_identification[0m [1;30mLevel 1[0m _identify(src/obj_det_visualizer) by extension 'ignore'
[0.291s] [34mcolcon.colcon_core.package_identification[0m [1;30mLevel 1[0m _identify(src/obj_det_visualizer) by extension 'ignore_ament_install'
[0.291s] [34mcolcon.colcon_core.package_identification[0m [1;30mLevel 1[0m _identify(src/obj_det_visualizer) by extensions ['colcon_pkg']
[0.291s] [34mcolcon.colcon_core.package_identification[0m [1;30mLevel 1[0m _identify(src/obj_det_visualizer) by extension 'colcon_pkg'
[0.291s] [34mcolcon.colcon_core.package_identification[0m [1;30mLevel 1[0m _identify(src/obj_det_visualizer) by extensions ['colcon_meta']
[0.291s] [34mcolcon.colcon_core.package_identification[0m [1;30mLevel 1[0m _identify(src/obj_det_visualizer) by extension 'colcon_meta'
[0.291s] [34mcolcon.colcon_core.package_identification[0m [1;30mLevel 1[0m _identify(src/obj_det_visualizer) by extensions ['ros']
[0.291s] [34mcolcon.colcon_core.package_identification[0m [1;30mLevel 1[0m _identify(src/obj_det_visualizer) by extension 'ros'
[0.292s] [34mcolcon.colcon_core.package_identification[0m [1;30mDEBUG[0m [32mPackage 'src/obj_det_visualizer' with type 'ros.ament_python' and name 'obj_det_visualizer'[0m
[0.292s] [34mcolcon.colcon_core.package_identification[0m [1;30mLevel 1[0m _identify(src/racetrack_challenge) by extensions ['ignore', 'ignore_ament_install']
[0.292s] [34mcolcon.colcon_core.package_identification[0m [1;30mLevel 1[0m _identify(src/racetrack_challenge) by extension 'ignore'
[0.292s] [34mcolcon.colcon_core.package_identification[0m [1;30mLevel 1[0m _identify(src/racetrack_challenge) by extension 'ignore_ament_install'
[0.292s] [34mcolcon.colcon_core.package_identification[0m [1;30mLevel 1[0m _identify(src/racetrack_challenge) by extensions ['colcon_pkg']
[0.292s] [34mcolcon.colcon_core.package_identification[0m [1;30mLevel 1[0m _identify(src/racetrack_challenge) by extension 'colcon_pkg'
[0.292s] [34mcolcon.colcon_core.package_identification[0m [1;30mLevel 1[0m _identify(src/racetrack_challenge) by extensions ['colcon_meta']
[0.292s] [34mcolcon.colcon_core.package_identification[0m [1;30mLevel 1[0m _identify(src/racetrack_challenge) by extension 'colcon_meta'
[0.292s] [34mcolcon.colcon_core.package_identification[0m [1;30mLevel 1[0m _identify(src/racetrack_challenge) by extensions ['ros']
[0.292s] [34mcolcon.colcon_core.package_identification[0m [1;30mLevel 1[0m _identify(src/racetrack_challenge) by extension 'ros'
[0.292s] [34mcolcon.colcon_core.package_identification[0m [1;30mLevel 1[0m _identify(src/racetrack_challenge) by extensions ['cmake', 'python']
[0.292s] [34mcolcon.colcon_core.package_identification[0m [1;30mLevel 1[0m _identify(src/racetrack_challenge) by extension 'cmake'
[0.292s] [34mcolcon.colcon_core.package_identification[0m [1;30mLevel 1[0m _identify(src/racetrack_challenge) by extension 'python'
[0.292s] [34mcolcon.colcon_core.package_identification[0m [1;30mLevel 1[0m _identify(src/racetrack_challenge) by extensions ['python_setup_py']
[0.292s] [34mcolcon.colcon_core.package_identification[0m [1;30mLevel 1[0m _identify(src/racetrack_challenge) by extension 'python_setup_py'
[0.292s] [34mcolcon.colcon_core.package_identification[0m [1;30mLevel 1[0m _identify(src/racetrack_challenge/lane_follower) by extensions ['ignore', 'ignore_ament_install']
[0.292s] [34mcolcon.colcon_core.package_identification[0m [1;30mLevel 1[0m _identify(src/racetrack_challenge/lane_follower) by extension 'ignore'
[0.292s] [34mcolcon.colcon_core.package_identification[0m [1;30mLevel 1[0m _identify(src/racetrack_challenge/lane_follower) by extension 'ignore_ament_install'
[0.292s] [34mcolcon.colcon_core.package_identification[0m [1;30mLevel 1[0m _identify(src/racetrack_challenge/lane_follower) by extensions ['colcon_pkg']
[0.293s] [34mcolcon.colcon_core.package_identification[0m [1;30mLevel 1[0m _identify(src/racetrack_challenge/lane_follower) by extension 'colcon_pkg'
[0.293s] [34mcolcon.colcon_core.package_identification[0m [1;30mLevel 1[0m _identify(src/racetrack_challenge/lane_follower) by extensions ['colcon_meta']
[0.293s] [34mcolcon.colcon_core.package_identification[0m [1;30mLevel 1[0m _identify(src/racetrack_challenge/lane_follower) by extension 'colcon_meta'
[0.293s] [34mcolcon.colcon_core.package_identification[0m [1;30mLevel 1[0m _identify(src/racetrack_challenge/lane_follower) by extensions ['ros']
[0.293s] [34mcolcon.colcon_core.package_identification[0m [1;30mLevel 1[0m _identify(src/racetrack_challenge/lane_follower) by extension 'ros'
[0.293s] [34mcolcon.colcon_core.package_identification[0m [1;30mDEBUG[0m [32mPackage 'src/racetrack_challenge/lane_follower' with type 'ros.ament_python' and name 'lane_follower'[0m
[0.293s] [34mcolcon.colcon_core.package_identification[0m [1;30mLevel 1[0m _identify(src/uros) by extensions ['ignore', 'ignore_ament_install']
[0.293s] [34mcolcon.colcon_core.package_identification[0m [1;30mLevel 1[0m _identify(src/uros) by extension 'ignore'
[0.293s] [34mcolcon.colcon_core.package_identification[0m [1;30mLevel 1[0m _identify(src/uros) by extension 'ignore_ament_install'
[0.293s] [34mcolcon.colcon_core.package_identification[0m [1;30mLevel 1[0m _identify(src/uros) by extensions ['colcon_pkg']
[0.293s] [34mcolcon.colcon_core.package_identification[0m [1;30mLevel 1[0m _identify(src/uros) by extension 'colcon_pkg'
[0.293s] [34mcolcon.colcon_core.package_identification[0m [1;30mLevel 1[0m _identify(src/uros) by extensions ['colcon_meta']
[0.293s] [34mcolcon.colcon_core.package_identification[0m [1;30mLevel 1[0m _identify(src/uros) by extension 'colcon_meta'
[0.293s] [34mcolcon.colcon_core.package_identification[0m [1;30mLevel 1[0m _identify(src/uros) by extensions ['ros']
[0.293s] [34mcolcon.colcon_core.package_identification[0m [1;30mLevel 1[0m _identify(src/uros) by extension 'ros'
[0.293s] [34mcolcon.colcon_core.package_identification[0m [1;30mLevel 1[0m _identify(src/uros) by extensions ['cmake', 'python']
[0.293s] [34mcolcon.colcon_core.package_identification[0m [1;30mLevel 1[0m _identify(src/uros) by extension 'cmake'
[0.293s] [34mcolcon.colcon_core.package_identification[0m [1;30mLevel 1[0m _identify(src/uros) by extension 'python'
[0.294s] [34mcolcon.colcon_core.package_identification[0m [1;30mLevel 1[0m _identify(src/uros) by extensions ['python_setup_py']
[0.294s] [34mcolcon.colcon_core.package_identification[0m [1;30mLevel 1[0m _identify(src/uros) by extension 'python_setup_py'
[0.294s] [34mcolcon.colcon_core.package_identification[0m [1;30mLevel 1[0m _identify(src/uros/drive_base) by extensions ['ignore', 'ignore_ament_install']
[0.294s] [34mcolcon.colcon_core.package_identification[0m [1;30mLevel 1[0m _identify(src/uros/drive_base) by extension 'ignore'
[0.294s] [34mcolcon.colcon_core.package_identification[0m [1;30mLevel 1[0m _identify(src/uros/drive_base) by extension 'ignore_ament_install'
[0.294s] [34mcolcon.colcon_core.package_identification[0m [1;30mLevel 1[0m _identify(src/uros/drive_base) by extensions ['colcon_pkg']
[0.294s] [34mcolcon.colcon_core.package_identification[0m [1;30mLevel 1[0m _identify(src/uros/drive_base) by extension 'colcon_pkg'
[0.294s] [34mcolcon.colcon_core.package_identification[0m [1;30mLevel 1[0m _identify(src/uros/drive_base) by extensions ['colcon_meta']
[0.294s] [34mcolcon.colcon_core.package_identification[0m [1;30mLevel 1[0m _identify(src/uros/drive_base) by extension 'colcon_meta'
[0.294s] [34mcolcon.colcon_core.package_identification[0m [1;30mLevel 1[0m _identify(src/uros/drive_base) by extensions ['ros']
[0.294s] [34mcolcon.colcon_core.package_identification[0m [1;30mLevel 1[0m _identify(src/uros/drive_base) by extension 'ros'
[0.294s] [34mcolcon.colcon_core.package_identification[0m [1;30mLevel 1[0m _identify(src/uros/drive_base) by extensions ['cmake', 'python']
[0.294s] [34mcolcon.colcon_core.package_identification[0m [1;30mLevel 1[0m _identify(src/uros/drive_base) by extension 'cmake'
[0.294s] [34mcolcon.colcon_core.package_identification[0m [1;30mLevel 1[0m _identify(src/uros/drive_base) by extension 'python'
[0.294s] [34mcolcon.colcon_core.package_identification[0m [1;30mLevel 1[0m _identify(src/uros/drive_base) by extensions ['python_setup_py']
[0.294s] [34mcolcon.colcon_core.package_identification[0m [1;30mLevel 1[0m _identify(src/uros/drive_base) by extension 'python_setup_py'
[0.294s] [34mcolcon.colcon_core.package_identification[0m [1;30mLevel 1[0m _identify(src/uros/micro-ROS-Agent) by extensions ['ignore', 'ignore_ament_install']
[0.294s] [34mcolcon.colcon_core.package_identification[0m [1;30mLevel 1[0m _identify(src/uros/micro-ROS-Agent) by extension 'ignore'
[0.294s] [34mcolcon.colcon_core.package_identification[0m [1;30mLevel 1[0m _identify(src/uros/micro-ROS-Agent) by extension 'ignore_ament_install'
[0.294s] [34mcolcon.colcon_core.package_identification[0m [1;30mLevel 1[0m _identify(src/uros/micro-ROS-Agent) by extensions ['colcon_pkg']
[0.294s] [34mcolcon.colcon_core.package_identification[0m [1;30mLevel 1[0m _identify(src/uros/micro-ROS-Agent) by extension 'colcon_pkg'
[0.294s] [34mcolcon.colcon_core.package_identification[0m [1;30mLevel 1[0m _identify(src/uros/micro-ROS-Agent) by extensions ['colcon_meta']
[0.294s] [34mcolcon.colcon_core.package_identification[0m [1;30mLevel 1[0m _identify(src/uros/micro-ROS-Agent) by extension 'colcon_meta'
[0.294s] [34mcolcon.colcon_core.package_identification[0m [1;30mLevel 1[0m _identify(src/uros/micro-ROS-Agent) by extensions ['ros']
[0.294s] [34mcolcon.colcon_core.package_identification[0m [1;30mLevel 1[0m _identify(src/uros/micro-ROS-Agent) by extension 'ros'
[0.294s] [34mcolcon.colcon_core.package_identification[0m [1;30mLevel 1[0m _identify(src/uros/micro-ROS-Agent) by extensions ['cmake', 'python']
[0.294s] [34mcolcon.colcon_core.package_identification[0m [1;30mLevel 1[0m _identify(src/uros/micro-ROS-Agent) by extension 'cmake'
[0.295s] [34mcolcon.colcon_core.package_identification[0m [1;30mLevel 1[0m _identify(src/uros/micro-ROS-Agent) by extension 'python'
[0.295s] [34mcolcon.colcon_core.package_identification[0m [1;30mLevel 1[0m _identify(src/uros/micro-ROS-Agent) by extensions ['python_setup_py']
[0.295s] [34mcolcon.colcon_core.package_identification[0m [1;30mLevel 1[0m _identify(src/uros/micro-ROS-Agent) by extension 'python_setup_py'
[0.295s] [34mcolcon.colcon_core.package_identification[0m [1;30mLevel 1[0m _identify(src/uros/micro_ros_msgs) by extensions ['ignore', 'ignore_ament_install']
[0.295s] [34mcolcon.colcon_core.package_identification[0m [1;30mLevel 1[0m _identify(src/uros/micro_ros_msgs) by extension 'ignore'
[0.295s] [34mcolcon.colcon_core.package_identification[0m [1;30mLevel 1[0m _identify(src/uros/micro_ros_msgs) by extension 'ignore_ament_install'
[0.295s] [34mcolcon.colcon_core.package_identification[0m [1;30mLevel 1[0m _identify(src/uros/micro_ros_msgs) by extensions ['colcon_pkg']
[0.295s] [34mcolcon.colcon_core.package_identification[0m [1;30mLevel 1[0m _identify(src/uros/micro_ros_msgs) by extension 'colcon_pkg'
[0.295s] [34mcolcon.colcon_core.package_identification[0m [1;30mLevel 1[0m _identify(src/uros/micro_ros_msgs) by extensions ['colcon_meta']
[0.295s] [34mcolcon.colcon_core.package_identification[0m [1;30mLevel 1[0m _identify(src/uros/micro_ros_msgs) by extension 'colcon_meta'
[0.295s] [34mcolcon.colcon_core.package_identification[0m [1;30mLevel 1[0m _identify(src/uros/micro_ros_msgs) by extensions ['ros']
[0.295s] [34mcolcon.colcon_core.package_identification[0m [1;30mLevel 1[0m _identify(src/uros/micro_ros_msgs) by extension 'ros'
[0.295s] [34mcolcon.colcon_core.package_identification[0m [1;30mLevel 1[0m _identify(src/uros/micro_ros_msgs) by extensions ['cmake', 'python']
[0.295s] [34mcolcon.colcon_core.package_identification[0m [1;30mLevel 1[0m _identify(src/uros/micro_ros_msgs) by extension 'cmake'
[0.295s] [34mcolcon.colcon_core.package_identification[0m [1;30mLevel 1[0m _identify(src/uros/micro_ros_msgs) by extension 'python'
[0.295s] [34mcolcon.colcon_core.package_identification[0m [1;30mLevel 1[0m _identify(src/uros/micro_ros_msgs) by extensions ['python_setup_py']
[0.295s] [34mcolcon.colcon_core.package_identification[0m [1;30mLevel 1[0m _identify(src/uros/micro_ros_msgs) by extension 'python_setup_py'
[0.295s] [34mcolcon.colcon_core.package_identification[0m [1;30mLevel 1[0m _identify(src/vision_opencv) by extensions ['ignore', 'ignore_ament_install']
[0.295s] [34mcolcon.colcon_core.package_identification[0m [1;30mLevel 1[0m _identify(src/vision_opencv) by extension 'ignore'
[0.295s] [34mcolcon.colcon_core.package_identification[0m [1;30mLevel 1[0m _identify(src/vision_opencv) by extension 'ignore_ament_install'
[0.295s] [34mcolcon.colcon_core.package_identification[0m [1;30mLevel 1[0m _identify(src/vision_opencv) by extensions ['colcon_pkg']
[0.295s] [34mcolcon.colcon_core.package_identification[0m [1;30mLevel 1[0m _identify(src/vision_opencv) by extension 'colcon_pkg'
[0.295s] [34mcolcon.colcon_core.package_identification[0m [1;30mLevel 1[0m _identify(src/vision_opencv) by extensions ['colcon_meta']
[0.295s] [34mcolcon.colcon_core.package_identification[0m [1;30mLevel 1[0m _identify(src/vision_opencv) by extension 'colcon_meta'
[0.295s] [34mcolcon.colcon_core.package_identification[0m [1;30mLevel 1[0m _identify(src/vision_opencv) by extensions ['ros']
[0.295s] [34mcolcon.colcon_core.package_identification[0m [1;30mLevel 1[0m _identify(src/vision_opencv) by extension 'ros'
[0.296s] [34mcolcon.colcon_core.package_identification[0m [1;30mLevel 1[0m _identify(src/vision_opencv) by extensions ['cmake', 'python']
[0.296s] [34mcolcon.colcon_core.package_identification[0m [1;30mLevel 1[0m _identify(src/vision_opencv) by extension 'cmake'
[0.296s] [34mcolcon.colcon_core.package_identification[0m [1;30mLevel 1[0m _identify(src/vision_opencv) by extension 'python'
[0.296s] [34mcolcon.colcon_core.package_identification[0m [1;30mLevel 1[0m _identify(src/vision_opencv) by extensions ['python_setup_py']
[0.296s] [34mcolcon.colcon_core.package_identification[0m [1;30mLevel 1[0m _identify(src/vision_opencv) by extension 'python_setup_py'
[0.296s] [34mcolcon.colcon_core.package_identification[0m [1;30mLevel 1[0m _identify(src/yolo_ros) by extensions ['ignore', 'ignore_ament_install']
[0.296s] [34mcolcon.colcon_core.package_identification[0m [1;30mLevel 1[0m _identify(src/yolo_ros) by extension 'ignore'
[0.296s] [34mcolcon.colcon_core.package_identification[0m [1;30mLevel 1[0m _identify(src/yolo_ros) by extension 'ignore_ament_install'
[0.296s] [34mcolcon.colcon_core.package_identification[0m [1;30mLevel 1[0m _identify(src/yolo_ros) by extensions ['colcon_pkg']
[0.296s] [34mcolcon.colcon_core.package_identification[0m [1;30mLevel 1[0m _identify(src/yolo_ros) by extension 'colcon_pkg'
[0.296s] [34mcolcon.colcon_core.package_identification[0m [1;30mLevel 1[0m _identify(src/yolo_ros) by extensions ['colcon_meta']
[0.296s] [34mcolcon.colcon_core.package_identification[0m [1;30mLevel 1[0m _identify(src/yolo_ros) by extension 'colcon_meta'
[0.296s] [34mcolcon.colcon_core.package_identification[0m [1;30mLevel 1[0m _identify(src/yolo_ros) by extensions ['ros']
[0.296s] [34mcolcon.colcon_core.package_identification[0m [1;30mLevel 1[0m _identify(src/yolo_ros) by extension 'ros'
[0.296s] [34mcolcon.colcon_core.package_identification[0m [1;30mLevel 1[0m _identify(src/yolo_ros) by extensions ['cmake', 'python']
[0.296s] [34mcolcon.colcon_core.package_identification[0m [1;30mLevel 1[0m _identify(src/yolo_ros) by extension 'cmake'
[0.296s] [34mcolcon.colcon_core.package_identification[0m [1;30mLevel 1[0m _identify(src/yolo_ros) by extension 'python'
[0.296s] [34mcolcon.colcon_core.package_identification[0m [1;30mLevel 1[0m _identify(src/yolo_ros) by extensions ['python_setup_py']
[0.296s] [34mcolcon.colcon_core.package_identification[0m [1;30mLevel 1[0m _identify(src/yolo_ros) by extension 'python_setup_py'
[0.296s] [34mcolcon.colcon_core.package_identification[0m [1;30mLevel 1[0m _identify(src/yolo_ros/docs) by extensions ['ignore', 'ignore_ament_install']
[0.296s] [34mcolcon.colcon_core.package_identification[0m [1;30mLevel 1[0m _identify(src/yolo_ros/docs) by extension 'ignore'
[0.296s] [34mcolcon.colcon_core.package_identification[0m [1;30mLevel 1[0m _identify(src/yolo_ros/docs) by extension 'ignore_ament_install'
[0.296s] [34mcolcon.colcon_core.package_identification[0m [1;30mLevel 1[0m _identify(src/yolo_ros/docs) by extensions ['colcon_pkg']
[0.296s] [34mcolcon.colcon_core.package_identification[0m [1;30mLevel 1[0m _identify(src/yolo_ros/docs) by extension 'colcon_pkg'
[0.296s] [34mcolcon.colcon_core.package_identification[0m [1;30mLevel 1[0m _identify(src/yolo_ros/docs) by extensions ['colcon_meta']
[0.296s] [34mcolcon.colcon_core.package_identification[0m [1;30mLevel 1[0m _identify(src/yolo_ros/docs) by extension 'colcon_meta'
[0.296s] [34mcolcon.colcon_core.package_identification[0m [1;30mLevel 1[0m _identify(src/yolo_ros/docs) by extensions ['ros']
[0.296s] [34mcolcon.colcon_core.package_identification[0m [1;30mLevel 1[0m _identify(src/yolo_ros/docs) by extension 'ros'
[0.297s] [34mcolcon.colcon_core.package_identification[0m [1;30mLevel 1[0m _identify(src/yolo_ros/docs) by extensions ['cmake', 'python']
[0.297s] [34mcolcon.colcon_core.package_identification[0m [1;30mLevel 1[0m _identify(src/yolo_ros/docs) by extension 'cmake'
[0.297s] [34mcolcon.colcon_core.package_identification[0m [1;30mLevel 1[0m _identify(src/yolo_ros/docs) by extension 'python'
[0.297s] [34mcolcon.colcon_core.package_identification[0m [1;30mLevel 1[0m _identify(src/yolo_ros/docs) by extensions ['python_setup_py']
[0.297s] [34mcolcon.colcon_core.package_identification[0m [1;30mLevel 1[0m _identify(src/yolo_ros/docs) by extension 'python_setup_py'
[0.297s] [34mcolcon.colcon_core.package_identification[0m [1;30mLevel 1[0m _identify(src/yolo_ros/yolo_bringup) by extensions ['ignore', 'ignore_ament_install']
[0.297s] [34mcolcon.colcon_core.package_identification[0m [1;30mLevel 1[0m _identify(src/yolo_ros/yolo_bringup) by extension 'ignore'
[0.297s] [34mcolcon.colcon_core.package_identification[0m [1;30mLevel 1[0m _identify(src/yolo_ros/yolo_bringup) by extension 'ignore_ament_install'
[0.297s] [34mcolcon.colcon_core.package_identification[0m [1;30mLevel 1[0m _identify(src/yolo_ros/yolo_bringup) by extensions ['colcon_pkg']
[0.297s] [34mcolcon.colcon_core.package_identification[0m [1;30mLevel 1[0m _identify(src/yolo_ros/yolo_bringup) by extension 'colcon_pkg'
[0.297s] [34mcolcon.colcon_core.package_identification[0m [1;30mLevel 1[0m _identify(src/yolo_ros/yolo_bringup) by extensions ['colcon_meta']
[0.297s] [34mcolcon.colcon_core.package_identification[0m [1;30mLevel 1[0m _identify(src/yolo_ros/yolo_bringup) by extension 'colcon_meta'
[0.297s] [34mcolcon.colcon_core.package_identification[0m [1;30mLevel 1[0m _identify(src/yolo_ros/yolo_bringup) by extensions ['ros']
[0.297s] [34mcolcon.colcon_core.package_identification[0m [1;30mLevel 1[0m _identify(src/yolo_ros/yolo_bringup) by extension 'ros'
[0.297s] [34mcolcon.colcon_core.package_identification[0m [1;30mDEBUG[0m [32mPackage 'src/yolo_ros/yolo_bringup' with type 'ros.ament_cmake' and name 'yolo_bringup'[0m
[0.298s] [34mcolcon.colcon_core.package_identification[0m [1;30mLevel 1[0m _identify(src/yolo_ros/yolo_msgs) by extensions ['ignore', 'ignore_ament_install']
[0.298s] [34mcolcon.colcon_core.package_identification[0m [1;30mLevel 1[0m _identify(src/yolo_ros/yolo_msgs) by extension 'ignore'
[0.298s] [34mcolcon.colcon_core.package_identification[0m [1;30mLevel 1[0m _identify(src/yolo_ros/yolo_msgs) by extension 'ignore_ament_install'
[0.298s] [34mcolcon.colcon_core.package_identification[0m [1;30mLevel 1[0m _identify(src/yolo_ros/yolo_msgs) by extensions ['colcon_pkg']
[0.298s] [34mcolcon.colcon_core.package_identification[0m [1;30mLevel 1[0m _identify(src/yolo_ros/yolo_msgs) by extension 'colcon_pkg'
[0.298s] [34mcolcon.colcon_core.package_identification[0m [1;30mLevel 1[0m _identify(src/yolo_ros/yolo_msgs) by extensions ['colcon_meta']
[0.298s] [34mcolcon.colcon_core.package_identification[0m [1;30mLevel 1[0m _identify(src/yolo_ros/yolo_msgs) by extension 'colcon_meta'
[0.298s] [34mcolcon.colcon_core.package_identification[0m [1;30mLevel 1[0m _identify(src/yolo_ros/yolo_msgs) by extensions ['ros']
[0.298s] [34mcolcon.colcon_core.package_identification[0m [1;30mLevel 1[0m _identify(src/yolo_ros/yolo_msgs) by extension 'ros'
[0.298s] [34mcolcon.colcon_core.package_identification[0m [1;30mDEBUG[0m [32mPackage 'src/yolo_ros/yolo_msgs' with type 'ros.ament_cmake' and name 'yolo_msgs'[0m
[0.298s] [34mcolcon.colcon_core.package_identification[0m [1;30mLevel 1[0m _identify(src/yolo_ros/yolo_ros) by extensions ['ignore', 'ignore_ament_install']
[0.298s] [34mcolcon.colcon_core.package_identification[0m [1;30mLevel 1[0m _identify(src/yolo_ros/yolo_ros) by extension 'ignore'
[0.298s] [34mcolcon.colcon_core.package_identification[0m [1;30mLevel 1[0m _identify(src/yolo_ros/yolo_ros) by extension 'ignore_ament_install'
[0.299s] [34mcolcon.colcon_core.package_identification[0m [1;30mLevel 1[0m _identify(src/yolo_ros/yolo_ros) by extensions ['colcon_pkg']
[0.299s] [34mcolcon.colcon_core.package_identification[0m [1;30mLevel 1[0m _identify(src/yolo_ros/yolo_ros) by extension 'colcon_pkg'
[0.299s] [34mcolcon.colcon_core.package_identification[0m [1;30mLevel 1[0m _identify(src/yolo_ros/yolo_ros) by extensions ['colcon_meta']
[0.299s] [34mcolcon.colcon_core.package_identification[0m [1;30mLevel 1[0m _identify(src/yolo_ros/yolo_ros) by extension 'colcon_meta'
[0.299s] [34mcolcon.colcon_core.package_identification[0m [1;30mLevel 1[0m _identify(src/yolo_ros/yolo_ros) by extensions ['ros']
[0.299s] [34mcolcon.colcon_core.package_identification[0m [1;30mLevel 1[0m _identify(src/yolo_ros/yolo_ros) by extension 'ros'
[0.299s] [34mcolcon.colcon_core.package_identification[0m [1;30mDEBUG[0m [32mPackage 'src/yolo_ros/yolo_ros' with type 'ros.ament_python' and name 'yolo_ros'[0m
[0.299s] [34mcolcon.colcon_core.package_identification[0m [1;30mLevel 1[0m _identify(src/zed-ros2-examples) by extensions ['ignore', 'ignore_ament_install']
[0.299s] [34mcolcon.colcon_core.package_identification[0m [1;30mLevel 1[0m _identify(src/zed-ros2-examples) by extension 'ignore'
[0.299s] [34mcolcon.colcon_core.package_identification[0m [1;30mLevel 1[0m _identify(src/zed-ros2-examples) by extension 'ignore_ament_install'
[0.299s] [34mcolcon.colcon_core.package_identification[0m [1;30mLevel 1[0m _identify(src/zed-ros2-examples) by extensions ['colcon_pkg']
[0.299s] [34mcolcon.colcon_core.package_identification[0m [1;30mLevel 1[0m _identify(src/zed-ros2-examples) by extension 'colcon_pkg'
[0.299s] [34mcolcon.colcon_core.package_identification[0m [1;30mLevel 1[0m _identify(src/zed-ros2-examples) by extensions ['colcon_meta']
[0.300s] [34mcolcon.colcon_core.package_identification[0m [1;30mLevel 1[0m _identify(src/zed-ros2-examples) by extension 'colcon_meta'
[0.300s] [34mcolcon.colcon_core.package_identification[0m [1;30mLevel 1[0m _identify(src/zed-ros2-examples) by extensions ['ros']
[0.300s] [34mcolcon.colcon_core.package_identification[0m [1;30mLevel 1[0m _identify(src/zed-ros2-examples) by extension 'ros'
[0.300s] [34mcolcon.colcon_core.package_identification[0m [1;30mLevel 1[0m _identify(src/zed-ros2-examples) by extensions ['cmake', 'python']
[0.300s] [34mcolcon.colcon_core.package_identification[0m [1;30mLevel 1[0m _identify(src/zed-ros2-examples) by extension 'cmake'
[0.300s] [34mcolcon.colcon_core.package_identification[0m [1;30mLevel 1[0m _identify(src/zed-ros2-examples) by extension 'python'
[0.300s] [34mcolcon.colcon_core.package_identification[0m [1;30mLevel 1[0m _identify(src/zed-ros2-examples) by extensions ['python_setup_py']
[0.300s] [34mcolcon.colcon_core.package_identification[0m [1;30mLevel 1[0m _identify(src/zed-ros2-examples) by extension 'python_setup_py'
[0.300s] [34mcolcon.colcon_core.package_identification[0m [1;30mLevel 1[0m _identify(src/zed-ros2-wrapper) by extensions ['ignore', 'ignore_ament_install']
[0.300s] [34mcolcon.colcon_core.package_identification[0m [1;30mLevel 1[0m _identify(src/zed-ros2-wrapper) by extension 'ignore'
[0.300s] [34mcolcon.colcon_core.package_identification[0m [1;30mLevel 1[0m _identify(src/zed-ros2-wrapper) by extension 'ignore_ament_install'
[0.300s] [34mcolcon.colcon_core.package_identification[0m [1;30mLevel 1[0m _identify(src/zed-ros2-wrapper) by extensions ['colcon_pkg']
[0.300s] [34mcolcon.colcon_core.package_identification[0m [1;30mLevel 1[0m _identify(src/zed-ros2-wrapper) by extension 'colcon_pkg'
[0.300s] [34mcolcon.colcon_core.package_identification[0m [1;30mLevel 1[0m _identify(src/zed-ros2-wrapper) by extensions ['colcon_meta']
[0.300s] [34mcolcon.colcon_core.package_identification[0m [1;30mLevel 1[0m _identify(src/zed-ros2-wrapper) by extension 'colcon_meta'
[0.300s] [34mcolcon.colcon_core.package_identification[0m [1;30mLevel 1[0m _identify(src/zed-ros2-wrapper) by extensions ['ros']
[0.300s] [34mcolcon.colcon_core.package_identification[0m [1;30mLevel 1[0m _identify(src/zed-ros2-wrapper) by extension 'ros'
[0.300s] [34mcolcon.colcon_core.package_identification[0m [1;30mLevel 1[0m _identify(src/zed-ros2-wrapper) by extensions ['cmake', 'python']
[0.300s] [34mcolcon.colcon_core.package_identification[0m [1;30mLevel 1[0m _identify(src/zed-ros2-wrapper) by extension 'cmake'
[0.300s] [34mcolcon.colcon_core.package_identification[0m [1;30mLevel 1[0m _identify(src/zed-ros2-wrapper) by extension 'python'
[0.300s] [34mcolcon.colcon_core.package_identification[0m [1;30mLevel 1[0m _identify(src/zed-ros2-wrapper) by extensions ['python_setup_py']
[0.300s] [34mcolcon.colcon_core.package_identification[0m [1;30mLevel 1[0m _identify(src/zed-ros2-wrapper) by extension 'python_setup_py'
[0.300s] [34mcolcon.colcon_core.package_discovery[0m [1;30mLevel 1[0m discover_packages(recursive) using defaults
[0.300s] [34mcolcon.colcon_core.package_discovery[0m [1;30mLevel 1[0m discover_packages(ignore) discover
[0.300s] [34mcolcon.colcon_core.package_discovery[0m [1;30mLevel 1[0m discover_packages(ignore) using defaults
[0.300s] [34mcolcon.colcon_core.package_discovery[0m [1;30mLevel 1[0m discover_packages(path) discover
[0.300s] [34mcolcon.colcon_core.package_discovery[0m [1;30mLevel 1[0m discover_packages(path) using defaults
[0.327s] [34mcolcon.colcon_core.package_selection[0m [1;30mINFO[0m Skipping not selected package 'car_control' in 'src/car_control'
[0.327s] [34mcolcon.colcon_core.package_selection[0m [1;30mINFO[0m Skipping not selected package 'estimation_and_vision_assignment' in 'src/HW4/estimation_and_vision_assignment'
[0.327s] [34mcolcon.colcon_core.package_selection[0m [1;30mINFO[0m Skipping not selected package 'lane_follower' in 'src/racetrack_challenge/lane_follower'
[0.327s] [34mcolcon.colcon_core.package_selection[0m [1;30mINFO[0m Skipping not selected package 'obj_det_visualizer' in 'src/obj_det_visualizer'
[0.327s] [34mcolcon.colcon_core.package_selection[0m [1;30mINFO[0m Skipping not selected package 'yolo_ros' in 'src/yolo_ros/yolo_ros'
[0.327s] [34mcolcon.colcon_core.package_selection[0m [1;30mINFO[0m Skipping not selected package 'yolo_bringup' in 'src/yolo_ros/yolo_bringup'
[0.327s] [34mcolcon.colcon_core.package_discovery[0m [1;30mLevel 1[0m discover_packages(prefix_path) check parameters
[0.327s] [34mcolcon.colcon_core.package_discovery[0m [1;30mLevel 1[0m discover_packages(prefix_path) discover
[0.339s] [34mcolcon.colcon_installed_package_information.package_discovery[0m [1;30mDEBUG[0m [32mFound 30 installed packages in /home/gerald/mobilerobotics_racecar/ros2_ws/install[0m
[0.340s] [34mcolcon.colcon_installed_package_information.package_discovery[0m [1;30mDEBUG[0m [32mFound 14 installed packages in /home/gerald/mobile_robot_ws/install[0m
[0.341s] [34mcolcon.colcon_installed_package_information.package_discovery[0m [1;30mDEBUG[0m [32mFound 1 installed packages in /home/gerald/turtlebot3_frontier_based_ws/install[0m
[0.341s] [34mcolcon.colcon_installed_package_information.package_discovery[0m [1;30mDEBUG[0m [32mFound 4 installed packages in /home/gerald/turtlebot3_ws/install[0m
[0.342s] [34mcolcon.colcon_installed_package_information.package_discovery[0m [1;30mDEBUG[0m [32mFound 25 installed packages in /home/gerald/ros2_ws/install[0m
[0.348s] [34mcolcon.colcon_installed_package_information.package_discovery[0m [1;30mDEBUG[0m [32mFound 346 installed packages in /home/gerald/ros2_humble/install[0m
[0.352s] [34mcolcon.colcon_installed_package_information.package_discovery[0m [1;30mDEBUG[0m [32mFound 323 installed packages in /opt/ros/humble[0m
[0.358s] [34mcolcon.colcon_core.package_discovery[0m [1;30mLevel 1[0m discover_packages(prefix_path) using defaults
[0.407s] [34mcolcon.colcon_core.verb[0m [1;30mLevel 5[0m set package 'yolo_msgs' build argument 'cmake_args' from command line to 'None'
[0.407s] [34mcolcon.colcon_core.verb[0m [1;30mLevel 5[0m set package 'yolo_msgs' build argument 'cmake_target' from command line to 'None'
[0.407s] [34mcolcon.colcon_core.verb[0m [1;30mLevel 5[0m set package 'yolo_msgs' build argument 'cmake_target_skip_unavailable' from command line to 'False'
[0.407s] [34mcolcon.colcon_core.verb[0m [1;30mLevel 5[0m set package 'yolo_msgs' build argument 'cmake_clean_cache' from command line to 'False'
[0.407s] [34mcolcon.colcon_core.verb[0m [1;30mLevel 5[0m set package 'yolo_msgs' build argument 'cmake_clean_first' from command line to 'False'
[0.407s] [34mcolcon.colcon_core.verb[0m [1;30mLevel 5[0m set package 'yolo_msgs' build argument 'cmake_force_configure' from command line to 'False'
[0.407s] [34mcolcon.colcon_core.verb[0m [1;30mLevel 5[0m set package 'yolo_msgs' build argument 'ament_cmake_args' from command line to 'None'
[0.407s] [34mcolcon.colcon_core.verb[0m [1;30mLevel 5[0m set package 'yolo_msgs' build argument 'catkin_cmake_args' from command line to 'None'
[0.407s] [34mcolcon.colcon_core.verb[0m [1;30mLevel 5[0m set package 'yolo_msgs' build argument 'catkin_skip_building_tests' from command line to 'False'
[0.407s] [34mcolcon.colcon_core.verb[0m [1;30mDEBUG[0m [32mBuilding package 'yolo_msgs' with the following arguments: {'ament_cmake_args': None, 'build_base': '/home/gerald/mobilerobotics_racecar/ros2_ws/build/yolo_msgs', 'catkin_cmake_args': None, 'catkin_skip_building_tests': False, 'cmake_args': None, 'cmake_clean_cache': False, 'cmake_clean_first': False, 'cmake_force_configure': False, 'cmake_target': None, 'cmake_target_skip_unavailable': False, 'install_base': '/home/gerald/mobilerobotics_racecar/ros2_ws/install/yolo_msgs', 'merge_install': False, 'path': '/home/gerald/mobilerobotics_racecar/ros2_ws/src/yolo_ros/yolo_msgs', 'symlink_install': False, 'test_result_base': None}[0m
[0.407s] [34mcolcon.colcon_core.executor[0m [1;30mINFO[0m Executing jobs using 'parallel' executor
[0.408s] [34mcolcon.colcon_parallel_executor.executor.parallel[0m [1;30mDEBUG[0m [32mrun_until_complete[0m
[0.408s] [34mcolcon.colcon_ros.task.ament_cmake.build[0m [1;30mINFO[0m Building ROS package in '/home/gerald/mobilerobotics_racecar/ros2_ws/src/yolo_ros/yolo_msgs' with build type 'ament_cmake'
[0.408s] [34mcolcon.colcon_cmake.task.cmake.build[0m [1;30mINFO[0m Building CMake package in '/home/gerald/mobilerobotics_racecar/ros2_ws/src/yolo_ros/yolo_msgs'
[0.413s] [34mcolcon.colcon_core.plugin_system[0m [1;30mINFO[0m Skipping extension 'colcon_core.shell.bat': Not used on non-Windows systems
[0.413s] [34mcolcon.colcon_core.shell[0m [1;30mINFO[0m Skip shell extension 'powershell' for command environment: Not usable outside of PowerShell
[0.413s] [34mcolcon.colcon_core.shell[0m [1;30mDEBUG[0m [32mSkip shell extension 'dsv' for command environment[0m
[0.452s] [34mcolcon.colcon_core.event_handler.log_command[0m [1;30mDEBUG[0m [32mInvoking command in '/home/gerald/mobilerobotics_racecar/ros2_ws/build/yolo_msgs': CMAKE_PREFIX_PATH=${CMAKE_PREFIX_PATH}:/home/gerald/mobilerobotics_racecar/ros2_ws/install/obj_det_visualizer:/home/gerald/mobilerobotics_racecar/ros2_ws/install/opencv_tests:/home/gerald/mobilerobotics_racecar/ros2_ws/install/lane_follower:/home/gerald/turtlebot3_frontier_based_ws/install/autonomous_exploration:/opt/ros/humble:/home/gerald/ros2_humble/install/rqt_bag_plugins:/home/gerald/ros2_humble/install/rqt_bag:/home/gerald/ros2_humble/install/launch_testing_examples:/home/gerald/ros2_humble/install/ros2bag:/home/gerald/ros2_humble/install/tracetools_test:/home/gerald/ros2_humble/install/tracetools_launch:/home/gerald/ros2_humble/install/topic_monitor:/home/gerald/ros2_humble/install/tf2_tools:/home/gerald/ros2_humble/install/examples_tf2_py:/home/gerald/ros2_humble/install/tf2_ros_py:/home/gerald/ros2_humble/install/sros2:/home/gerald/ros2_humble/install/rqt_topic:/home/gerald/ros2_humble/install/rqt_srv:/home/gerald/ros2_humble/install/rqt_shell:/home/gerald/ros2_humble/install/rqt_service_caller:/home/gerald/ros2_humble/install/rqt_reconfigure:/home/gerald/ros2_humble/install/rqt_py_console:/home/gerald/ros2_humble/install/rqt_publisher:/home/gerald/ros2_humble/install/rqt_plot:/home/gerald/ros2_humble/install/rqt_action:/home/gerald/ros2_humble/install/rqt_msg:/home/gerald/ros2_humble/install/rqt_console:/home/gerald/ros2_humble/install/rqt:/home/gerald/ros2_humble/install/rqt_graph:/home/gerald/ros2_humble/install/rqt_gui_py:/home/gerald/ros2_humble/install/rqt_gui:/home/gerald/ros2_humble/install/ros2trace:/home/gerald/ros2_humble/install/ros2topic:/home/gerald/ros2_humble/install/ros2test:/home/gerald/ros2_humble/install/ros2component:/home/gerald/ros2_humble/install/ros2param:/home/gerald/ros2_humble/install/ros2lifecycle:/home/gerald/ros2_humble/install/ros2service:/home/gerald/ros2_humble/install/ros2run:/home/gerald/ros2_humble/install/ros2launch:/home/gerald/ros2_humble/install/ros2pkg:/home/gerald/ros2_humble/install/ros2node:/home/gerald/ros2_humble/install/ros2multicast:/home/gerald/ros2_humble/install/ros2interface:/home/gerald/ros2_humble/install/ros2doctor:/home/gerald/ros2_humble/install/ros2action:/home/gerald/ros2_humble/install/ros2cli:/home/gerald/ros2_humble/install/quality_of_service_demo_py:/home/gerald/ros2_humble/install/lifecycle_py:/home/gerald/ros2_humble/install/launch_testing_ros:/home/gerald/ros2_humble/install/launch_ros:/home/gerald/ros2_humble/install/examples_rclpy_pointcloud_publisher:/home/gerald/ros2_humble/install/examples_rclpy_minimal_subscriber:/home/gerald/ros2_humble/install/examples_rclpy_minimal_service:/home/gerald/ros2_humble/install/examples_rclpy_minimal_publisher:/home/gerald/ros2_humble/install/examples_rclpy_minimal_client:/home/gerald/ros2_humble/install/examples_rclpy_minimal_action_server:/home/gerald/ros2_humble/install/examples_rclpy_minimal_action_client:/home/gerald/ros2_humble/install/examples_rclpy_guard_conditions:/home/gerald/ros2_humble/install/examples_rclpy_executors:/home/gerald/ros2_humble/install/demo_nodes_py:/home/gerald/ros2_humble/install/action_tutorials_py:/home/gerald/ros2_humble/install/ament_uncrustify:/home/gerald/ros2_humble/install/tracetools_trace:/home/gerald/ros2_humble/install/tracetools_read:/home/gerald/ros2_humble/install/test_tracetools_launch:/home/gerald/ros2_humble/install/test_launch_ros:/home/gerald/ros2_humble/install/sensor_msgs_py:/home/gerald/ros2_humble/install/rpyutils:/home/gerald/ros2_humble/install/rosidl_runtime_py:/home/gerald/ros2_humble/install/rosidl_cli:/home/gerald/ros2_humble/install/launch_pytest:/home/gerald/ros2_humble/install/launch_testing:/home/gerald/ros2_humble/install/launch_yaml:/home/gerald/ros2_humble/install/launch_xml:/home/gerald/ros2_humble/install/launch:/home/gerald/ros2_humble/install/osrf_pycommon:/home/gerald/ros2_humble/install/domain_coordinator:/home/gerald/ros2_humble/install/ament_xmllint:/home/gerald/ros2_humble/install/ament_pyflakes:/home/gerald/ros2_humble/install/ament_pycodestyle:/home/gerald/ros2_humble/install/ament_pep257:/home/gerald/ros2_humble/install/ament_pclint:/home/gerald/ros2_humble/install/ament_package:/home/gerald/ros2_humble/install/ament_mypy:/home/gerald/ros2_humble/install/ament_lint_cmake:/home/gerald/ros2_humble/install/ament_flake8:/home/gerald/ros2_humble/install/ament_copyright:/home/gerald/ros2_humble/install/ament_lint:/home/gerald/ros2_humble/install/ament_index_python:/home/gerald/ros2_humble/install/ament_cpplint:/home/gerald/ros2_humble/install/ament_cppcheck:/home/gerald/ros2_humble/install/ament_clang_tidy:/home/gerald/ros2_humble/install/ament_clang_format:/home/gerald/ros2_ws/install/py_pubsub:/home/gerald/ros2_ws/install/launch_testing_examples:/home/gerald/ros2_ws/install/examples_rclpy_pointcloud_publisher:/home/gerald/ros2_ws/install/examples_rclpy_minimal_subscriber:/home/gerald/ros2_ws/install/examples_rclpy_minimal_service:/home/gerald/ros2_ws/install/examples_rclpy_minimal_publisher:/home/gerald/ros2_ws/install/examples_rclpy_minimal_client:/home/gerald/ros2_ws/install/examples_rclpy_minimal_action_server:/home/gerald/ros2_ws/install/examples_rclpy_minimal_action_client:/home/gerald/ros2_ws/install/examples_rclpy_guard_conditions:/home/gerald/ros2_ws/install/examples_rclpy_executors /usr/bin/cmake /home/gerald/mobilerobotics_racecar/ros2_ws/src/yolo_ros/yolo_msgs -DCMAKE_INSTALL_PREFIX=/home/gerald/mobilerobotics_racecar/ros2_ws/install/yolo_msgs[0m
[17.337s] [34mcolcon.colcon_core.event_handler.log_command[0m [1;30mDEBUG[0m [32mInvoked command in '/home/gerald/mobilerobotics_racecar/ros2_ws/build/yolo_msgs' returned '0': CMAKE_PREFIX_PATH=${CMAKE_PREFIX_PATH}:/home/gerald/mobilerobotics_racecar/ros2_ws/install/obj_det_visualizer:/home/gerald/mobilerobotics_racecar/ros2_ws/install/opencv_tests:/home/gerald/mobilerobotics_racecar/ros2_ws/install/lane_follower:/home/gerald/turtlebot3_frontier_based_ws/install/autonomous_exploration:/opt/ros/humble:/home/gerald/ros2_humble/install/rqt_bag_plugins:/home/gerald/ros2_humble/install/rqt_bag:/home/gerald/ros2_humble/install/launch_testing_examples:/home/gerald/ros2_humble/install/ros2bag:/home/gerald/ros2_humble/install/tracetools_test:/home/gerald/ros2_humble/install/tracetools_launch:/home/gerald/ros2_humble/install/topic_monitor:/home/gerald/ros2_humble/install/tf2_tools:/home/gerald/ros2_humble/install/examples_tf2_py:/home/gerald/ros2_humble/install/tf2_ros_py:/home/gerald/ros2_humble/install/sros2:/home/gerald/ros2_humble/install/rqt_topic:/home/gerald/ros2_humble/install/rqt_srv:/home/gerald/ros2_humble/install/rqt_shell:/home/gerald/ros2_humble/install/rqt_service_caller:/home/gerald/ros2_humble/install/rqt_reconfigure:/home/gerald/ros2_humble/install/rqt_py_console:/home/gerald/ros2_humble/install/rqt_publisher:/home/gerald/ros2_humble/install/rqt_plot:/home/gerald/ros2_humble/install/rqt_action:/home/gerald/ros2_humble/install/rqt_msg:/home/gerald/ros2_humble/install/rqt_console:/home/gerald/ros2_humble/install/rqt:/home/gerald/ros2_humble/install/rqt_graph:/home/gerald/ros2_humble/install/rqt_gui_py:/home/gerald/ros2_humble/install/rqt_gui:/home/gerald/ros2_humble/install/ros2trace:/home/gerald/ros2_humble/install/ros2topic:/home/gerald/ros2_humble/install/ros2test:/home/gerald/ros2_humble/install/ros2component:/home/gerald/ros2_humble/install/ros2param:/home/gerald/ros2_humble/install/ros2lifecycle:/home/gerald/ros2_humble/install/ros2service:/home/gerald/ros2_humble/install/ros2run:/home/gerald/ros2_humble/install/ros2launch:/home/gerald/ros2_humble/install/ros2pkg:/home/gerald/ros2_humble/install/ros2node:/home/gerald/ros2_humble/install/ros2multicast:/home/gerald/ros2_humble/install/ros2interface:/home/gerald/ros2_humble/install/ros2doctor:/home/gerald/ros2_humble/install/ros2action:/home/gerald/ros2_humble/install/ros2cli:/home/gerald/ros2_humble/install/quality_of_service_demo_py:/home/gerald/ros2_humble/install/lifecycle_py:/home/gerald/ros2_humble/install/launch_testing_ros:/home/gerald/ros2_humble/install/launch_ros:/home/gerald/ros2_humble/install/examples_rclpy_pointcloud_publisher:/home/gerald/ros2_humble/install/examples_rclpy_minimal_subscriber:/home/gerald/ros2_humble/install/examples_rclpy_minimal_service:/home/gerald/ros2_humble/install/examples_rclpy_minimal_publisher:/home/gerald/ros2_humble/install/examples_rclpy_minimal_client:/home/gerald/ros2_humble/install/examples_rclpy_minimal_action_server:/home/gerald/ros2_humble/install/examples_rclpy_minimal_action_client:/home/gerald/ros2_humble/install/examples_rclpy_guard_conditions:/home/gerald/ros2_humble/install/examples_rclpy_executors:/home/gerald/ros2_humble/install/demo_nodes_py:/home/gerald/ros2_humble/install/action_tutorials_py:/home/gerald/ros2_humble/install/ament_uncrustify:/home/gerald/ros2_humble/install/tracetools_trace:/home/gerald/ros2_humble/install/tracetools_read:/home/gerald/ros2_humble/install/test_tracetools_launch:/home/gerald/ros2_humble/install/test_launch_ros:/home/gerald/ros2_humble/install/sensor_msgs_py:/home/gerald/ros2_humble/install/rpyutils:/home/gerald/ros2_humble/install/rosidl_runtime_py:/home/gerald/ros2_humble/install/rosidl_cli:/home/gerald/ros2_humble/install/launch_pytest:/home/gerald/ros2_humble/install/launch_testing:/home/gerald/ros2_humble/install/launch_yaml:/home/gerald/ros2_humble/install/launch_xml:/home/gerald/ros2_humble/install/launch:/home/gerald/ros2_humble/install/osrf_pycommon:/home/gerald/ros2_humble/install/domain_coordinator:/home/gerald/ros2_humble/install/ament_xmllint:/home/gerald/ros2_humble/install/ament_pyflakes:/home/gerald/ros2_humble/install/ament_pycodestyle:/home/gerald/ros2_humble/install/ament_pep257:/home/gerald/ros2_humble/install/ament_pclint:/home/gerald/ros2_humble/install/ament_package:/home/gerald/ros2_humble/install/ament_mypy:/home/gerald/ros2_humble/install/ament_lint_cmake:/home/gerald/ros2_humble/install/ament_flake8:/home/gerald/ros2_humble/install/ament_copyright:/home/gerald/ros2_humble/install/ament_lint:/home/gerald/ros2_humble/install/ament_index_python:/home/gerald/ros2_humble/install/ament_cpplint:/home/gerald/ros2_humble/install/ament_cppcheck:/home/gerald/ros2_humble/install/ament_clang_tidy:/home/gerald/ros2_humble/install/ament_clang_format:/home/gerald/ros2_ws/install/py_pubsub:/home/gerald/ros2_ws/install/launch_testing_examples:/home/gerald/ros2_ws/install/examples_rclpy_pointcloud_publisher:/home/gerald/ros2_ws/install/examples_rclpy_minimal_subscriber:/home/gerald/ros2_ws/install/examples_rclpy_minimal_service:/home/gerald/ros2_ws/install/examples_rclpy_minimal_publisher:/home/gerald/ros2_ws/install/examples_rclpy_minimal_client:/home/gerald/ros2_ws/install/examples_rclpy_minimal_action_server:/home/gerald/ros2_ws/install/examples_rclpy_minimal_action_client:/home/gerald/ros2_ws/install/examples_rclpy_guard_conditions:/home/gerald/ros2_ws/install/examples_rclpy_executors /usr/bin/cmake /home/gerald/mobilerobotics_racecar/ros2_ws/src/yolo_ros/yolo_msgs -DCMAKE_INSTALL_PREFIX=/home/gerald/mobilerobotics_racecar/ros2_ws/install/yolo_msgs[0m
[17.339s] [34mcolcon.colcon_core.event_handler.log_command[0m [1;30mDEBUG[0m [32mInvoking command in '/home/gerald/mobilerobotics_racecar/ros2_ws/build/yolo_msgs': CMAKE_PREFIX_PATH=${CMAKE_PREFIX_PATH}:/home/gerald/mobilerobotics_racecar/ros2_ws/install/obj_det_visualizer:/home/gerald/mobilerobotics_racecar/ros2_ws/install/opencv_tests:/home/gerald/mobilerobotics_racecar/ros2_ws/install/lane_follower:/home/gerald/turtlebot3_frontier_based_ws/install/autonomous_exploration:/opt/ros/humble:/home/gerald/ros2_humble/install/rqt_bag_plugins:/home/gerald/ros2_humble/install/rqt_bag:/home/gerald/ros2_humble/install/launch_testing_examples:/home/gerald/ros2_humble/install/ros2bag:/home/gerald/ros2_humble/install/tracetools_test:/home/gerald/ros2_humble/install/tracetools_launch:/home/gerald/ros2_humble/install/topic_monitor:/home/gerald/ros2_humble/install/tf2_tools:/home/gerald/ros2_humble/install/examples_tf2_py:/home/gerald/ros2_humble/install/tf2_ros_py:/home/gerald/ros2_humble/install/sros2:/home/gerald/ros2_humble/install/rqt_topic:/home/gerald/ros2_humble/install/rqt_srv:/home/gerald/ros2_humble/install/rqt_shell:/home/gerald/ros2_humble/install/rqt_service_caller:/home/gerald/ros2_humble/install/rqt_reconfigure:/home/gerald/ros2_humble/install/rqt_py_console:/home/gerald/ros2_humble/install/rqt_publisher:/home/gerald/ros2_humble/install/rqt_plot:/home/gerald/ros2_humble/install/rqt_action:/home/gerald/ros2_humble/install/rqt_msg:/home/gerald/ros2_humble/install/rqt_console:/home/gerald/ros2_humble/install/rqt:/home/gerald/ros2_humble/install/rqt_graph:/home/gerald/ros2_humble/install/rqt_gui_py:/home/gerald/ros2_humble/install/rqt_gui:/home/gerald/ros2_humble/install/ros2trace:/home/gerald/ros2_humble/install/ros2topic:/home/gerald/ros2_humble/install/ros2test:/home/gerald/ros2_humble/install/ros2component:/home/gerald/ros2_humble/install/ros2param:/home/gerald/ros2_humble/install/ros2lifecycle:/home/gerald/ros2_humble/install/ros2service:/home/gerald/ros2_humble/install/ros2run:/home/gerald/ros2_humble/install/ros2launch:/home/gerald/ros2_humble/install/ros2pkg:/home/gerald/ros2_humble/install/ros2node:/home/gerald/ros2_humble/install/ros2multicast:/home/gerald/ros2_humble/install/ros2interface:/home/gerald/ros2_humble/install/ros2doctor:/home/gerald/ros2_humble/install/ros2action:/home/gerald/ros2_humble/install/ros2cli:/home/gerald/ros2_humble/install/quality_of_service_demo_py:/home/gerald/ros2_humble/install/lifecycle_py:/home/gerald/ros2_humble/install/launch_testing_ros:/home/gerald/ros2_humble/install/launch_ros:/home/gerald/ros2_humble/install/examples_rclpy_pointcloud_publisher:/home/gerald/ros2_humble/install/examples_rclpy_minimal_subscriber:/home/gerald/ros2_humble/install/examples_rclpy_minimal_service:/home/gerald/ros2_humble/install/examples_rclpy_minimal_publisher:/home/gerald/ros2_humble/install/examples_rclpy_minimal_client:/home/gerald/ros2_humble/install/examples_rclpy_minimal_action_server:/home/gerald/ros2_humble/install/examples_rclpy_minimal_action_client:/home/gerald/ros2_humble/install/examples_rclpy_guard_conditions:/home/gerald/ros2_humble/install/examples_rclpy_executors:/home/gerald/ros2_humble/install/demo_nodes_py:/home/gerald/ros2_humble/install/action_tutorials_py:/home/gerald/ros2_humble/install/ament_uncrustify:/home/gerald/ros2_humble/install/tracetools_trace:/home/gerald/ros2_humble/install/tracetools_read:/home/gerald/ros2_humble/install/test_tracetools_launch:/home/gerald/ros2_humble/install/test_launch_ros:/home/gerald/ros2_humble/install/sensor_msgs_py:/home/gerald/ros2_humble/install/rpyutils:/home/gerald/ros2_humble/install/rosidl_runtime_py:/home/gerald/ros2_humble/install/rosidl_cli:/home/gerald/ros2_humble/install/launch_pytest:/home/gerald/ros2_humble/install/launch_testing:/home/gerald/ros2_humble/install/launch_yaml:/home/gerald/ros2_humble/install/launch_xml:/home/gerald/ros2_humble/install/launch:/home/gerald/ros2_humble/install/osrf_pycommon:/home/gerald/ros2_humble/install/domain_coordinator:/home/gerald/ros2_humble/install/ament_xmllint:/home/gerald/ros2_humble/install/ament_pyflakes:/home/gerald/ros2_humble/install/ament_pycodestyle:/home/gerald/ros2_humble/install/ament_pep257:/home/gerald/ros2_humble/install/ament_pclint:/home/gerald/ros2_humble/install/ament_package:/home/gerald/ros2_humble/install/ament_mypy:/home/gerald/ros2_humble/install/ament_lint_cmake:/home/gerald/ros2_humble/install/ament_flake8:/home/gerald/ros2_humble/install/ament_copyright:/home/gerald/ros2_humble/install/ament_lint:/home/gerald/ros2_humble/install/ament_index_python:/home/gerald/ros2_humble/install/ament_cpplint:/home/gerald/ros2_humble/install/ament_cppcheck:/home/gerald/ros2_humble/install/ament_clang_tidy:/home/gerald/ros2_humble/install/ament_clang_format:/home/gerald/ros2_ws/install/py_pubsub:/home/gerald/ros2_ws/install/launch_testing_examples:/home/gerald/ros2_ws/install/examples_rclpy_pointcloud_publisher:/home/gerald/ros2_ws/install/examples_rclpy_minimal_subscriber:/home/gerald/ros2_ws/install/examples_rclpy_minimal_service:/home/gerald/ros2_ws/install/examples_rclpy_minimal_publisher:/home/gerald/ros2_ws/install/examples_rclpy_minimal_client:/home/gerald/ros2_ws/install/examples_rclpy_minimal_action_server:/home/gerald/ros2_ws/install/examples_rclpy_minimal_action_client:/home/gerald/ros2_ws/install/examples_rclpy_guard_conditions:/home/gerald/ros2_ws/install/examples_rclpy_executors /usr/bin/cmake --build /home/gerald/mobilerobotics_racecar/ros2_ws/build/yolo_msgs -- -j16 -l16[0m
[25.447s] [34mcolcon.colcon_core.event_handler.log_command[0m [1;30mDEBUG[0m [32mInvoked command in '/home/gerald/mobilerobotics_racecar/ros2_ws/build/yolo_msgs' returned '0': CMAKE_PREFIX_PATH=${CMAKE_PREFIX_PATH}:/home/gerald/mobilerobotics_racecar/ros2_ws/install/obj_det_visualizer:/home/gerald/mobilerobotics_racecar/ros2_ws/install/opencv_tests:/home/gerald/mobilerobotics_racecar/ros2_ws/install/lane_follower:/home/gerald/turtlebot3_frontier_based_ws/install/autonomous_exploration:/opt/ros/humble:/home/gerald/ros2_humble/install/rqt_bag_plugins:/home/gerald/ros2_humble/install/rqt_bag:/home/gerald/ros2_humble/install/launch_testing_examples:/home/gerald/ros2_humble/install/ros2bag:/home/gerald/ros2_humble/install/tracetools_test:/home/gerald/ros2_humble/install/tracetools_launch:/home/gerald/ros2_humble/install/topic_monitor:/home/gerald/ros2_humble/install/tf2_tools:/home/gerald/ros2_humble/install/examples_tf2_py:/home/gerald/ros2_humble/install/tf2_ros_py:/home/gerald/ros2_humble/install/sros2:/home/gerald/ros2_humble/install/rqt_topic:/home/gerald/ros2_humble/install/rqt_srv:/home/gerald/ros2_humble/install/rqt_shell:/home/gerald/ros2_humble/install/rqt_service_caller:/home/gerald/ros2_humble/install/rqt_reconfigure:/home/gerald/ros2_humble/install/rqt_py_console:/home/gerald/ros2_humble/install/rqt_publisher:/home/gerald/ros2_humble/install/rqt_plot:/home/gerald/ros2_humble/install/rqt_action:/home/gerald/ros2_humble/install/rqt_msg:/home/gerald/ros2_humble/install/rqt_console:/home/gerald/ros2_humble/install/rqt:/home/gerald/ros2_humble/install/rqt_graph:/home/gerald/ros2_humble/install/rqt_gui_py:/home/gerald/ros2_humble/install/rqt_gui:/home/gerald/ros2_humble/install/ros2trace:/home/gerald/ros2_humble/install/ros2topic:/home/gerald/ros2_humble/install/ros2test:/home/gerald/ros2_humble/install/ros2component:/home/gerald/ros2_humble/install/ros2param:/home/gerald/ros2_humble/install/ros2lifecycle:/home/gerald/ros2_humble/install/ros2service:/home/gerald/ros2_humble/install/ros2run:/home/gerald/ros2_humble/install/ros2launch:/home/gerald/ros2_humble/install/ros2pkg:/home/gerald/ros2_humble/install/ros2node:/home/gerald/ros2_humble/install/ros2multicast:/home/gerald/ros2_humble/install/ros2interface:/home/gerald/ros2_humble/install/ros2doctor:/home/gerald/ros2_humble/install/ros2action:/home/gerald/ros2_humble/install/ros2cli:/home/gerald/ros2_humble/install/quality_of_service_demo_py:/home/gerald/ros2_humble/install/lifecycle_py:/home/gerald/ros2_humble/install/launch_testing_ros:/home/gerald/ros2_humble/install/launch_ros:/home/gerald/ros2_humble/install/examples_rclpy_pointcloud_publisher:/home/gerald/ros2_humble/install/examples_rclpy_minimal_subscriber:/home/gerald/ros2_humble/install/examples_rclpy_minimal_service:/home/gerald/ros2_humble/install/examples_rclpy_minimal_publisher:/home/gerald/ros2_humble/install/examples_rclpy_minimal_client:/home/gerald/ros2_humble/install/examples_rclpy_minimal_action_server:/home/gerald/ros2_humble/install/examples_rclpy_minimal_action_client:/home/gerald/ros2_humble/install/examples_rclpy_guard_conditions:/home/gerald/ros2_humble/install/examples_rclpy_executors:/home/gerald/ros2_humble/install/demo_nodes_py:/home/gerald/ros2_humble/install/action_tutorials_py:/home/gerald/ros2_humble/install/ament_uncrustify:/home/gerald/ros2_humble/install/tracetools_trace:/home/gerald/ros2_humble/install/tracetools_read:/home/gerald/ros2_humble/install/test_tracetools_launch:/home/gerald/ros2_humble/install/test_launch_ros:/home/gerald/ros2_humble/install/sensor_msgs_py:/home/gerald/ros2_humble/install/rpyutils:/home/gerald/ros2_humble/install/rosidl_runtime_py:/home/gerald/ros2_humble/install/rosidl_cli:/home/gerald/ros2_humble/install/launch_pytest:/home/gerald/ros2_humble/install/launch_testing:/home/gerald/ros2_humble/install/launch_yaml:/home/gerald/ros2_humble/install/launch_xml:/home/gerald/ros2_humble/install/launch:/home/gerald/ros2_humble/install/osrf_pycommon:/home/gerald/ros2_humble/install/domain_coordinator:/home/gerald/ros2_humble/install/ament_xmllint:/home/gerald/ros2_humble/install/ament_pyflakes:/home/gerald/ros2_humble/install/ament_pycodestyle:/home/gerald/ros2_humble/install/ament_pep257:/home/gerald/ros2_humble/install/ament_pclint:/home/gerald/ros2_humble/install/ament_package:/home/gerald/ros2_humble/install/ament_mypy:/home/gerald/ros2_humble/install/ament_lint_cmake:/home/gerald/ros2_humble/install/ament_flake8:/home/gerald/ros2_humble/install/ament_copyright:/home/gerald/ros2_humble/install/ament_lint:/home/gerald/ros2_humble/install/ament_index_python:/home/gerald/ros2_humble/install/ament_cpplint:/home/gerald/ros2_humble/install/ament_cppcheck:/home/gerald/ros2_humble/install/ament_clang_tidy:/home/gerald/ros2_humble/install/ament_clang_format:/home/gerald/ros2_ws/install/py_pubsub:/home/gerald/ros2_ws/install/launch_testing_examples:/home/gerald/ros2_ws/install/examples_rclpy_pointcloud_publisher:/home/gerald/ros2_ws/install/examples_rclpy_minimal_subscriber:/home/gerald/ros2_ws/install/examples_rclpy_minimal_service:/home/gerald/ros2_ws/install/examples_rclpy_minimal_publisher:/home/gerald/ros2_ws/install/examples_rclpy_minimal_client:/home/gerald/ros2_ws/install/examples_rclpy_minimal_action_server:/home/gerald/ros2_ws/install/examples_rclpy_minimal_action_client:/home/gerald/ros2_ws/install/examples_rclpy_guard_conditions:/home/gerald/ros2_ws/install/examples_rclpy_executors /usr/bin/cmake --build /home/gerald/mobilerobotics_racecar/ros2_ws/build/yolo_msgs -- -j16 -l16[0m
[25.470s] [34mcolcon.colcon_core.event_handler.log_command[0m [1;30mDEBUG[0m [32mInvoking command in '/home/gerald/mobilerobotics_racecar/ros2_ws/build/yolo_msgs': CMAKE_PREFIX_PATH=${CMAKE_PREFIX_PATH}:/home/gerald/mobilerobotics_racecar/ros2_ws/install/obj_det_visualizer:/home/gerald/mobilerobotics_racecar/ros2_ws/install/opencv_tests:/home/gerald/mobilerobotics_racecar/ros2_ws/install/lane_follower:/home/gerald/turtlebot3_frontier_based_ws/install/autonomous_exploration:/opt/ros/humble:/home/gerald/ros2_humble/install/rqt_bag_plugins:/home/gerald/ros2_humble/install/rqt_bag:/home/gerald/ros2_humble/install/launch_testing_examples:/home/gerald/ros2_humble/install/ros2bag:/home/gerald/ros2_humble/install/tracetools_test:/home/gerald/ros2_humble/install/tracetools_launch:/home/gerald/ros2_humble/install/topic_monitor:/home/gerald/ros2_humble/install/tf2_tools:/home/gerald/ros2_humble/install/examples_tf2_py:/home/gerald/ros2_humble/install/tf2_ros_py:/home/gerald/ros2_humble/install/sros2:/home/gerald/ros2_humble/install/rqt_topic:/home/gerald/ros2_humble/install/rqt_srv:/home/gerald/ros2_humble/install/rqt_shell:/home/gerald/ros2_humble/install/rqt_service_caller:/home/gerald/ros2_humble/install/rqt_reconfigure:/home/gerald/ros2_humble/install/rqt_py_console:/home/gerald/ros2_humble/install/rqt_publisher:/home/gerald/ros2_humble/install/rqt_plot:/home/gerald/ros2_humble/install/rqt_action:/home/gerald/ros2_humble/install/rqt_msg:/home/gerald/ros2_humble/install/rqt_console:/home/gerald/ros2_humble/install/rqt:/home/gerald/ros2_humble/install/rqt_graph:/home/gerald/ros2_humble/install/rqt_gui_py:/home/gerald/ros2_humble/install/rqt_gui:/home/gerald/ros2_humble/install/ros2trace:/home/gerald/ros2_humble/install/ros2topic:/home/gerald/ros2_humble/install/ros2test:/home/gerald/ros2_humble/install/ros2component:/home/gerald/ros2_humble/install/ros2param:/home/gerald/ros2_humble/install/ros2lifecycle:/home/gerald/ros2_humble/install/ros2service:/home/gerald/ros2_humble/install/ros2run:/home/gerald/ros2_humble/install/ros2launch:/home/gerald/ros2_humble/install/ros2pkg:/home/gerald/ros2_humble/install/ros2node:/home/gerald/ros2_humble/install/ros2multicast:/home/gerald/ros2_humble/install/ros2interface:/home/gerald/ros2_humble/install/ros2doctor:/home/gerald/ros2_humble/install/ros2action:/home/gerald/ros2_humble/install/ros2cli:/home/gerald/ros2_humble/install/quality_of_service_demo_py:/home/gerald/ros2_humble/install/lifecycle_py:/home/gerald/ros2_humble/install/launch_testing_ros:/home/gerald/ros2_humble/install/launch_ros:/home/gerald/ros2_humble/install/examples_rclpy_pointcloud_publisher:/home/gerald/ros2_humble/install/examples_rclpy_minimal_subscriber:/home/gerald/ros2_humble/install/examples_rclpy_minimal_service:/home/gerald/ros2_humble/install/examples_rclpy_minimal_publisher:/home/gerald/ros2_humble/install/examples_rclpy_minimal_client:/home/gerald/ros2_humble/install/examples_rclpy_minimal_action_server:/home/gerald/ros2_humble/install/examples_rclpy_minimal_action_client:/home/gerald/ros2_humble/install/examples_rclpy_guard_conditions:/home/gerald/ros2_humble/install/examples_rclpy_executors:/home/gerald/ros2_humble/install/demo_nodes_py:/home/gerald/ros2_humble/install/action_tutorials_py:/home/gerald/ros2_humble/install/ament_uncrustify:/home/gerald/ros2_humble/install/tracetools_trace:/home/gerald/ros2_humble/install/tracetools_read:/home/gerald/ros2_humble/install/test_tracetools_launch:/home/gerald/ros2_humble/install/test_launch_ros:/home/gerald/ros2_humble/install/sensor_msgs_py:/home/gerald/ros2_humble/install/rpyutils:/home/gerald/ros2_humble/install/rosidl_runtime_py:/home/gerald/ros2_humble/install/rosidl_cli:/home/gerald/ros2_humble/install/launch_pytest:/home/gerald/ros2_humble/install/launch_testing:/home/gerald/ros2_humble/install/launch_yaml:/home/gerald/ros2_humble/install/launch_xml:/home/gerald/ros2_humble/install/launch:/home/gerald/ros2_humble/install/osrf_pycommon:/home/gerald/ros2_humble/install/domain_coordinator:/home/gerald/ros2_humble/install/ament_xmllint:/home/gerald/ros2_humble/install/ament_pyflakes:/home/gerald/ros2_humble/install/ament_pycodestyle:/home/gerald/ros2_humble/install/ament_pep257:/home/gerald/ros2_humble/install/ament_pclint:/home/gerald/ros2_humble/install/ament_package:/home/gerald/ros2_humble/install/ament_mypy:/home/gerald/ros2_humble/install/ament_lint_cmake:/home/gerald/ros2_humble/install/ament_flake8:/home/gerald/ros2_humble/install/ament_copyright:/home/gerald/ros2_humble/install/ament_lint:/home/gerald/ros2_humble/install/ament_index_python:/home/gerald/ros2_humble/install/ament_cpplint:/home/gerald/ros2_humble/install/ament_cppcheck:/home/gerald/ros2_humble/install/ament_clang_tidy:/home/gerald/ros2_humble/install/ament_clang_format:/home/gerald/ros2_ws/install/py_pubsub:/home/gerald/ros2_ws/install/launch_testing_examples:/home/gerald/ros2_ws/install/examples_rclpy_pointcloud_publisher:/home/gerald/ros2_ws/install/examples_rclpy_minimal_subscriber:/home/gerald/ros2_ws/install/examples_rclpy_minimal_service:/home/gerald/ros2_ws/install/examples_rclpy_minimal_publisher:/home/gerald/ros2_ws/install/examples_rclpy_minimal_client:/home/gerald/ros2_ws/install/examples_rclpy_minimal_action_server:/home/gerald/ros2_ws/install/examples_rclpy_minimal_action_client:/home/gerald/ros2_ws/install/examples_rclpy_guard_conditions:/home/gerald/ros2_ws/install/examples_rclpy_executors /usr/bin/cmake --install /home/gerald/mobilerobotics_racecar/ros2_ws/build/yolo_msgs[0m
[26.036s] [34mcolcon.colcon_core.environment[0m [1;30mLevel 1[0m create_environment_scripts_only(yolo_msgs)
[26.037s] [34mcolcon.colcon_core.event_handler.log_command[0m [1;30mDEBUG[0m [32mInvoked command in '/home/gerald/mobilerobotics_racecar/ros2_ws/build/yolo_msgs' returned '0': CMAKE_PREFIX_PATH=${CMAKE_PREFIX_PATH}:/home/gerald/mobilerobotics_racecar/ros2_ws/install/obj_det_visualizer:/home/gerald/mobilerobotics_racecar/ros2_ws/install/opencv_tests:/home/gerald/mobilerobotics_racecar/ros2_ws/install/lane_follower:/home/gerald/turtlebot3_frontier_based_ws/install/autonomous_exploration:/opt/ros/humble:/home/gerald/ros2_humble/install/rqt_bag_plugins:/home/gerald/ros2_humble/install/rqt_bag:/home/gerald/ros2_humble/install/launch_testing_examples:/home/gerald/ros2_humble/install/ros2bag:/home/gerald/ros2_humble/install/tracetools_test:/home/gerald/ros2_humble/install/tracetools_launch:/home/gerald/ros2_humble/install/topic_monitor:/home/gerald/ros2_humble/install/tf2_tools:/home/gerald/ros2_humble/install/examples_tf2_py:/home/gerald/ros2_humble/install/tf2_ros_py:/home/gerald/ros2_humble/install/sros2:/home/gerald/ros2_humble/install/rqt_topic:/home/gerald/ros2_humble/install/rqt_srv:/home/gerald/ros2_humble/install/rqt_shell:/home/gerald/ros2_humble/install/rqt_service_caller:/home/gerald/ros2_humble/install/rqt_reconfigure:/home/gerald/ros2_humble/install/rqt_py_console:/home/gerald/ros2_humble/install/rqt_publisher:/home/gerald/ros2_humble/install/rqt_plot:/home/gerald/ros2_humble/install/rqt_action:/home/gerald/ros2_humble/install/rqt_msg:/home/gerald/ros2_humble/install/rqt_console:/home/gerald/ros2_humble/install/rqt:/home/gerald/ros2_humble/install/rqt_graph:/home/gerald/ros2_humble/install/rqt_gui_py:/home/gerald/ros2_humble/install/rqt_gui:/home/gerald/ros2_humble/install/ros2trace:/home/gerald/ros2_humble/install/ros2topic:/home/gerald/ros2_humble/install/ros2test:/home/gerald/ros2_humble/install/ros2component:/home/gerald/ros2_humble/install/ros2param:/home/gerald/ros2_humble/install/ros2lifecycle:/home/gerald/ros2_humble/install/ros2service:/home/gerald/ros2_humble/install/ros2run:/home/gerald/ros2_humble/install/ros2launch:/home/gerald/ros2_humble/install/ros2pkg:/home/gerald/ros2_humble/install/ros2node:/home/gerald/ros2_humble/install/ros2multicast:/home/gerald/ros2_humble/install/ros2interface:/home/gerald/ros2_humble/install/ros2doctor:/home/gerald/ros2_humble/install/ros2action:/home/gerald/ros2_humble/install/ros2cli:/home/gerald/ros2_humble/install/quality_of_service_demo_py:/home/gerald/ros2_humble/install/lifecycle_py:/home/gerald/ros2_humble/install/launch_testing_ros:/home/gerald/ros2_humble/install/launch_ros:/home/gerald/ros2_humble/install/examples_rclpy_pointcloud_publisher:/home/gerald/ros2_humble/install/examples_rclpy_minimal_subscriber:/home/gerald/ros2_humble/install/examples_rclpy_minimal_service:/home/gerald/ros2_humble/install/examples_rclpy_minimal_publisher:/home/gerald/ros2_humble/install/examples_rclpy_minimal_client:/home/gerald/ros2_humble/install/examples_rclpy_minimal_action_server:/home/gerald/ros2_humble/install/examples_rclpy_minimal_action_client:/home/gerald/ros2_humble/install/examples_rclpy_guard_conditions:/home/gerald/ros2_humble/install/examples_rclpy_executors:/home/gerald/ros2_humble/install/demo_nodes_py:/home/gerald/ros2_humble/install/action_tutorials_py:/home/gerald/ros2_humble/install/ament_uncrustify:/home/gerald/ros2_humble/install/tracetools_trace:/home/gerald/ros2_humble/install/tracetools_read:/home/gerald/ros2_humble/install/test_tracetools_launch:/home/gerald/ros2_humble/install/test_launch_ros:/home/gerald/ros2_humble/install/sensor_msgs_py:/home/gerald/ros2_humble/install/rpyutils:/home/gerald/ros2_humble/install/rosidl_runtime_py:/home/gerald/ros2_humble/install/rosidl_cli:/home/gerald/ros2_humble/install/launch_pytest:/home/gerald/ros2_humble/install/launch_testing:/home/gerald/ros2_humble/install/launch_yaml:/home/gerald/ros2_humble/install/launch_xml:/home/gerald/ros2_humble/install/launch:/home/gerald/ros2_humble/install/osrf_pycommon:/home/gerald/ros2_humble/install/domain_coordinator:/home/gerald/ros2_humble/install/ament_xmllint:/home/gerald/ros2_humble/install/ament_pyflakes:/home/gerald/ros2_humble/install/ament_pycodestyle:/home/gerald/ros2_humble/install/ament_pep257:/home/gerald/ros2_humble/install/ament_pclint:/home/gerald/ros2_humble/install/ament_package:/home/gerald/ros2_humble/install/ament_mypy:/home/gerald/ros2_humble/install/ament_lint_cmake:/home/gerald/ros2_humble/install/ament_flake8:/home/gerald/ros2_humble/install/ament_copyright:/home/gerald/ros2_humble/install/ament_lint:/home/gerald/ros2_humble/install/ament_index_python:/home/gerald/ros2_humble/install/ament_cpplint:/home/gerald/ros2_humble/install/ament_cppcheck:/home/gerald/ros2_humble/install/ament_clang_tidy:/home/gerald/ros2_humble/install/ament_clang_format:/home/gerald/ros2_ws/install/py_pubsub:/home/gerald/ros2_ws/install/launch_testing_examples:/home/gerald/ros2_ws/install/examples_rclpy_pointcloud_publisher:/home/gerald/ros2_ws/install/examples_rclpy_minimal_subscriber:/home/gerald/ros2_ws/install/examples_rclpy_minimal_service:/home/gerald/ros2_ws/install/examples_rclpy_minimal_publisher:/home/gerald/ros2_ws/install/examples_rclpy_minimal_client:/home/gerald/ros2_ws/install/examples_rclpy_minimal_action_server:/home/gerald/ros2_ws/install/examples_rclpy_minimal_action_client:/home/gerald/ros2_ws/install/examples_rclpy_guard_conditions:/home/gerald/ros2_ws/install/examples_rclpy_executors /usr/bin/cmake --install /home/gerald/mobilerobotics_racecar/ros2_ws/build/yolo_msgs[0m
[26.042s] [34mcolcon.colcon_core.environment[0m [1;30mLevel 1[0m checking '/home/gerald/mobilerobotics_racecar/ros2_ws/install/yolo_msgs' for CMake module files
[26.042s] [34mcolcon.colcon_core.environment[0m [1;30mLevel 1[0m checking '/home/gerald/mobilerobotics_racecar/ros2_ws/install/yolo_msgs' for CMake config files
[26.043s] [34mcolcon.colcon_core.shell[0m [1;30mLevel 1[0m create_environment_hook('yolo_msgs', 'cmake_prefix_path')
[26.043s] [34mcolcon.colcon_core.shell[0m [1;30mINFO[0m Creating environment hook '/home/gerald/mobilerobotics_racecar/ros2_ws/install/yolo_msgs/share/yolo_msgs/hook/cmake_prefix_path.ps1'
[26.043s] [34mcolcon.colcon_core.shell[0m [1;30mINFO[0m Creating environment descriptor '/home/gerald/mobilerobotics_racecar/ros2_ws/install/yolo_msgs/share/yolo_msgs/hook/cmake_prefix_path.dsv'
[26.044s] [34mcolcon.colcon_core.shell[0m [1;30mINFO[0m Creating environment hook '/home/gerald/mobilerobotics_racecar/ros2_ws/install/yolo_msgs/share/yolo_msgs/hook/cmake_prefix_path.sh'
[26.044s] [34mcolcon.colcon_core.environment[0m [1;30mLevel 1[0m checking '/home/gerald/mobilerobotics_racecar/ros2_ws/install/yolo_msgs/lib'
[26.045s] [34mcolcon.colcon_core.shell[0m [1;30mLevel 1[0m create_environment_hook('yolo_msgs', 'ld_library_path_lib')
[26.045s] [34mcolcon.colcon_core.shell[0m [1;30mINFO[0m Creating environment hook '/home/gerald/mobilerobotics_racecar/ros2_ws/install/yolo_msgs/share/yolo_msgs/hook/ld_library_path_lib.ps1'
[26.045s] [34mcolcon.colcon_core.shell[0m [1;30mINFO[0m Creating environment descriptor '/home/gerald/mobilerobotics_racecar/ros2_ws/install/yolo_msgs/share/yolo_msgs/hook/ld_library_path_lib.dsv'
[26.045s] [34mcolcon.colcon_core.shell[0m [1;30mINFO[0m Creating environment hook '/home/gerald/mobilerobotics_racecar/ros2_ws/install/yolo_msgs/share/yolo_msgs/hook/ld_library_path_lib.sh'
[26.045s] [34mcolcon.colcon_core.environment[0m [1;30mLevel 1[0m checking '/home/gerald/mobilerobotics_racecar/ros2_ws/install/yolo_msgs/bin'
[26.046s] [34mcolcon.colcon_core.environment[0m [1;30mLevel 1[0m checking '/home/gerald/mobilerobotics_racecar/ros2_ws/install/yolo_msgs/lib/pkgconfig/yolo_msgs.pc'
[26.046s] [34mcolcon.colcon_core.environment[0m [1;30mLevel 1[0m checking '/home/gerald/mobilerobotics_racecar/ros2_ws/install/yolo_msgs/lib/python3.10/site-packages'
[26.046s] [34mcolcon.colcon_core.environment[0m [1;30mLevel 1[0m checking '/home/gerald/mobilerobotics_racecar/ros2_ws/install/yolo_msgs/bin'
[26.046s] [34mcolcon.colcon_core.shell[0m [1;30mINFO[0m Creating package script '/home/gerald/mobilerobotics_racecar/ros2_ws/install/yolo_msgs/share/yolo_msgs/package.ps1'
[26.047s] [34mcolcon.colcon_core.shell[0m [1;30mINFO[0m Creating package descriptor '/home/gerald/mobilerobotics_racecar/ros2_ws/install/yolo_msgs/share/yolo_msgs/package.dsv'
[26.047s] [34mcolcon.colcon_core.shell[0m [1;30mINFO[0m Creating package script '/home/gerald/mobilerobotics_racecar/ros2_ws/install/yolo_msgs/share/yolo_msgs/package.sh'
[26.048s] [34mcolcon.colcon_core.shell[0m [1;30mINFO[0m Creating package script '/home/gerald/mobilerobotics_racecar/ros2_ws/install/yolo_msgs/share/yolo_msgs/package.bash'
[26.048s] [34mcolcon.colcon_core.shell[0m [1;30mINFO[0m Creating package script '/home/gerald/mobilerobotics_racecar/ros2_ws/install/yolo_msgs/share/yolo_msgs/package.zsh'
[26.049s] [34mcolcon.colcon_core.environment[0m [1;30mLevel 1[0m create_file_with_runtime_dependencies(/home/gerald/mobilerobotics_racecar/ros2_ws/install/yolo_msgs/share/colcon-core/packages/yolo_msgs)
[26.049s] [34mcolcon.colcon_core.environment[0m [1;30mLevel 1[0m create_environment_scripts_only(yolo_msgs)
[26.049s] [34mcolcon.colcon_core.environment[0m [1;30mLevel 1[0m checking '/home/gerald/mobilerobotics_racecar/ros2_ws/install/yolo_msgs' for CMake module files
[26.050s] [34mcolcon.colcon_core.environment[0m [1;30mLevel 1[0m checking '/home/gerald/mobilerobotics_racecar/ros2_ws/install/yolo_msgs' for CMake config files
[26.050s] [34mcolcon.colcon_core.shell[0m [1;30mLevel 1[0m create_environment_hook('yolo_msgs', 'cmake_prefix_path')
[26.051s] [34mcolcon.colcon_core.shell[0m [1;30mINFO[0m Creating environment hook '/home/gerald/mobilerobotics_racecar/ros2_ws/install/yolo_msgs/share/yolo_msgs/hook/cmake_prefix_path.ps1'
[26.051s] [34mcolcon.colcon_core.shell[0m [1;30mINFO[0m Creating environment descriptor '/home/gerald/mobilerobotics_racecar/ros2_ws/install/yolo_msgs/share/yolo_msgs/hook/cmake_prefix_path.dsv'
[26.051s] [34mcolcon.colcon_core.shell[0m [1;30mINFO[0m Creating environment hook '/home/gerald/mobilerobotics_racecar/ros2_ws/install/yolo_msgs/share/yolo_msgs/hook/cmake_prefix_path.sh'
[26.051s] [34mcolcon.colcon_core.environment[0m [1;30mLevel 1[0m checking '/home/gerald/mobilerobotics_racecar/ros2_ws/install/yolo_msgs/lib'
[26.052s] [34mcolcon.colcon_core.shell[0m [1;30mLevel 1[0m create_environment_hook('yolo_msgs', 'ld_library_path_lib')
[26.052s] [34mcolcon.colcon_core.shell[0m [1;30mINFO[0m Creating environment hook '/home/gerald/mobilerobotics_racecar/ros2_ws/install/yolo_msgs/share/yolo_msgs/hook/ld_library_path_lib.ps1'
[26.052s] [34mcolcon.colcon_core.shell[0m [1;30mINFO[0m Creating environment descriptor '/home/gerald/mobilerobotics_racecar/ros2_ws/install/yolo_msgs/share/yolo_msgs/hook/ld_library_path_lib.dsv'
[26.052s] [34mcolcon.colcon_core.shell[0m [1;30mINFO[0m Creating environment hook '/home/gerald/mobilerobotics_racecar/ros2_ws/install/yolo_msgs/share/yolo_msgs/hook/ld_library_path_lib.sh'
[26.053s] [34mcolcon.colcon_core.environment[0m [1;30mLevel 1[0m checking '/home/gerald/mobilerobotics_racecar/ros2_ws/install/yolo_msgs/bin'
[26.053s] [34mcolcon.colcon_core.environment[0m [1;30mLevel 1[0m checking '/home/gerald/mobilerobotics_racecar/ros2_ws/install/yolo_msgs/lib/pkgconfig/yolo_msgs.pc'
[26.053s] [34mcolcon.colcon_core.environment[0m [1;30mLevel 1[0m checking '/home/gerald/mobilerobotics_racecar/ros2_ws/install/yolo_msgs/lib/python3.10/site-packages'
[26.053s] [34mcolcon.colcon_core.environment[0m [1;30mLevel 1[0m checking '/home/gerald/mobilerobotics_racecar/ros2_ws/install/yolo_msgs/bin'
[26.053s] [34mcolcon.colcon_core.shell[0m [1;30mINFO[0m Creating package script '/home/gerald/mobilerobotics_racecar/ros2_ws/install/yolo_msgs/share/yolo_msgs/package.ps1'
[26.053s] [34mcolcon.colcon_core.shell[0m [1;30mINFO[0m Creating package descriptor '/home/gerald/mobilerobotics_racecar/ros2_ws/install/yolo_msgs/share/yolo_msgs/package.dsv'
[26.054s] [34mcolcon.colcon_core.shell[0m [1;30mINFO[0m Creating package script '/home/gerald/mobilerobotics_racecar/ros2_ws/install/yolo_msgs/share/yolo_msgs/package.sh'
[26.054s] [34mcolcon.colcon_core.shell[0m [1;30mINFO[0m Creating package script '/home/gerald/mobilerobotics_racecar/ros2_ws/install/yolo_msgs/share/yolo_msgs/package.bash'
[26.054s] [34mcolcon.colcon_core.shell[0m [1;30mINFO[0m Creating package script '/home/gerald/mobilerobotics_racecar/ros2_ws/install/yolo_msgs/share/yolo_msgs/package.zsh'
[26.055s] [34mcolcon.colcon_core.environment[0m [1;30mLevel 1[0m create_file_with_runtime_dependencies(/home/gerald/mobilerobotics_racecar/ros2_ws/install/yolo_msgs/share/colcon-core/packages/yolo_msgs)
[26.055s] [34mcolcon.colcon_parallel_executor.executor.parallel[0m [1;30mDEBUG[0m [32mclosing loop[0m
[26.055s] [34mcolcon.colcon_parallel_executor.executor.parallel[0m [1;30mDEBUG[0m [32mloop closed[0m
[26.055s] [34mcolcon.colcon_parallel_executor.executor.parallel[0m [1;30mDEBUG[0m [32mrun_until_complete finished with '0'[0m
[26.055s] [34mcolcon.colcon_core.event_reactor[0m [1;30mDEBUG[0m [32mjoining thread[0m
[26.066s] [34mcolcon.colcon_core.plugin_system[0m [1;30mINFO[0m Skipping extension 'colcon_notification.desktop_notification.terminal_notifier': Not used on non-Darwin systems
[26.066s] [34mcolcon.colcon_core.plugin_system[0m [1;30mINFO[0m Skipping extension 'colcon_notification.desktop_notification.win32': Not used on non-Windows systems
[26.066s] [34mcolcon.colcon_notification.desktop_notification[0m [1;30mINFO[0m Sending desktop notification using 'notify2'
[26.075s] [34mcolcon.colcon_core.event_reactor[0m [1;30mDEBUG[0m [32mjoined thread[0m
[26.076s] [34mcolcon.colcon_core.shell[0m [1;30mINFO[0m Creating prefix script '/home/gerald/mobilerobotics_racecar/ros2_ws/install/local_setup.ps1'
[26.076s] [34mcolcon.colcon_core.shell[0m [1;30mINFO[0m Creating prefix util module '/home/gerald/mobilerobotics_racecar/ros2_ws/install/_local_setup_util_ps1.py'
[26.078s] [34mcolcon.colcon_core.shell[0m [1;30mINFO[0m Creating prefix chain script '/home/gerald/mobilerobotics_racecar/ros2_ws/install/setup.ps1'
[26.090s] [34mcolcon.colcon_core.shell[0m [1;30mINFO[0m Creating prefix script '/home/gerald/mobilerobotics_racecar/ros2_ws/install/local_setup.sh'
[26.090s] [34mcolcon.colcon_core.shell[0m [1;30mINFO[0m Creating prefix util module '/home/gerald/mobilerobotics_racecar/ros2_ws/install/_local_setup_util_sh.py'
[26.091s] [34mcolcon.colcon_core.shell[0m [1;30mINFO[0m Creating prefix chain script '/home/gerald/mobilerobotics_racecar/ros2_ws/install/setup.sh'
[26.103s] [34mcolcon.colcon_core.shell[0m [1;30mINFO[0m Creating prefix script '/home/gerald/mobilerobotics_racecar/ros2_ws/install/local_setup.bash'
[26.103s] [34mcolcon.colcon_core.shell[0m [1;30mINFO[0m Creating prefix chain script '/home/gerald/mobilerobotics_racecar/ros2_ws/install/setup.bash'
[26.115s] [34mcolcon.colcon_core.shell[0m [1;30mINFO[0m Creating prefix script '/home/gerald/mobilerobotics_racecar/ros2_ws/install/local_setup.zsh'
[26.115s] [34mcolcon.colcon_core.shell[0m [1;30mINFO[0m Creating prefix chain script '/home/gerald/mobilerobotics_racecar/ros2_ws/install/setup.zsh'
