[1.220s] Invoking command in '/home/nvidia/ros2_ws/build/cv_bridge': CMAKE_PREFIX_PATH=${CMAKE_PREFIX_PATH}:/home/nvidia/rosbag_ws/install/ros2bag:/home/nvidia/microros_ws/install/sensor_msgs_py:/home/nvidia/ros2_ws/install/obj_det_visualizer:/home/nvidia/ros2_ws/install/opencv_tests:/opt/ros/foxy /usr/bin/cmake --build /home/nvidia/ros2_ws/build/cv_bridge -- -j6 -l6
[2.760s] [ 12%] Built target gtest
[2.853s] [ 25%] Built target gtest_main
[2.855s] [ 43%] Built target cv_bridge
[4.251s] [ 81%] Built target cv_bridge-utest
[4.382s] [100%] Built target cv_bridge_boost
[4.663s] Invoked command in '/home/nvidia/ros2_ws/build/cv_bridge' returned '0': CMAKE_PREFIX_PATH=${CMAKE_PREFIX_PATH}:/home/nvidia/rosbag_ws/install/ros2bag:/home/nvidia/microros_ws/install/sensor_msgs_py:/home/nvidia/ros2_ws/install/obj_det_visualizer:/home/nvidia/ros2_ws/install/opencv_tests:/opt/ros/foxy /usr/bin/cmake --build /home/nvidia/ros2_ws/build/cv_bridge -- -j6 -l6
[5.471s] Invoking command in '/home/nvidia/ros2_ws/build/cv_bridge': CMAKE_PREFIX_PATH=${CMAKE_PREFIX_PATH}:/home/nvidia/rosbag_ws/install/ros2bag:/home/nvidia/microros_ws/install/sensor_msgs_py:/home/nvidia/ros2_ws/install/obj_det_visualizer:/home/nvidia/ros2_ws/install/opencv_tests:/opt/ros/foxy /usr/bin/cmake --install /home/nvidia/ros2_ws/build/cv_bridge
[5.674s] -- Install configuration: "Release"
[5.677s] -- Execute custom install script
[5.681s] -- Up-to-date symlink: /home/nvidia/ros2_ws/install/cv_bridge/share/cv_bridge/environment/pythonpath.sh
[5.682s] -- Up-to-date symlink: /home/nvidia/ros2_ws/install/cv_bridge/share/cv_bridge/environment/pythonpath.dsv
[5.693s] -- Up-to-date symlink: /home/nvidia/ros2_ws/install/cv_bridge/lib/python3.8/site-packages/cv_bridge/__init__.py
[5.695s] -- Up-to-date symlink: /home/nvidia/ros2_ws/install/cv_bridge/lib/python3.8/site-packages/cv_bridge/core.py
[5.698s] -- Up-to-date symlink: /home/nvidia/ros2_ws/install/cv_bridge/lib/libcv_bridge.so
[5.702s] -- Up-to-date symlink: /home/nvidia/ros2_ws/install/cv_bridge/include/cv_bridge/cv_bridge_export.h
[5.708s] -- Up-to-date symlink: /home/nvidia/ros2_ws/install/cv_bridge/lib/python3.8/site-packages/cv_bridge/boost//cv_bridge_boost.so
[5.711s] -- Up-to-date symlink: /home/nvidia/ros2_ws/install/cv_bridge/share/cv_bridge/environment/library_path.sh
[5.715s] -- Up-to-date symlink: /home/nvidia/ros2_ws/install/cv_bridge/share/cv_bridge/environment/library_path.dsv
[5.718s] -- Up-to-date symlink: /home/nvidia/ros2_ws/install/cv_bridge/include/cv_bridge/cv_bridge.h
[5.721s] -- Up-to-date symlink: /home/nvidia/ros2_ws/install/cv_bridge/include/cv_bridge/rgb_colors.h
[5.724s] -- Up-to-date symlink: /home/nvidia/ros2_ws/install/cv_bridge/lib/libcv_bridge.so
[5.727s] -- Up-to-date symlink: /home/nvidia/ros2_ws/install/cv_bridge/share/ament_index/resource_index/package_run_dependencies/cv_bridge
[5.730s] -- Up-to-date symlink: /home/nvidia/ros2_ws/install/cv_bridge/share/ament_index/resource_index/parent_prefix_path/cv_bridge
[5.734s] -- Up-to-date symlink: /home/nvidia/ros2_ws/install/cv_bridge/share/cv_bridge/environment/ament_prefix_path.sh
[5.736s] -- Up-to-date symlink: /home/nvidia/ros2_ws/install/cv_bridge/share/cv_bridge/environment/ament_prefix_path.dsv
[5.738s] -- Up-to-date symlink: /home/nvidia/ros2_ws/install/cv_bridge/share/cv_bridge/environment/path.sh
[5.741s] -- Up-to-date symlink: /home/nvidia/ros2_ws/install/cv_bridge/share/cv_bridge/environment/path.dsv
[5.744s] -- Up-to-date symlink: /home/nvidia/ros2_ws/install/cv_bridge/share/cv_bridge/local_setup.bash
[5.746s] -- Up-to-date symlink: /home/nvidia/ros2_ws/install/cv_bridge/share/cv_bridge/local_setup.sh
[5.749s] -- Up-to-date symlink: /home/nvidia/ros2_ws/install/cv_bridge/share/cv_bridge/local_setup.zsh
[5.752s] -- Up-to-date symlink: /home/nvidia/ros2_ws/install/cv_bridge/share/cv_bridge/local_setup.dsv
[5.754s] -- Symlinking: /home/nvidia/ros2_ws/install/cv_bridge/share/cv_bridge/package.dsv
[5.872s] -- Up-to-date symlink: /home/nvidia/ros2_ws/install/cv_bridge/share/ament_index/resource_index/packages/cv_bridge
[5.951s] -- Up-to-date symlink: /home/nvidia/ros2_ws/install/cv_bridge/share/cv_bridge/cmake/cv_bridge-extras.cmake
[5.954s] -- Up-to-date symlink: /home/nvidia/ros2_ws/install/cv_bridge/share/cv_bridge/cmake/ament_cmake_export_dependencies-extras.cmake
[5.959s] -- Up-to-date symlink: /home/nvidia/ros2_ws/install/cv_bridge/share/cv_bridge/cmake/ament_cmake_export_include_directories-extras.cmake
[5.960s] -- Up-to-date symlink: /home/nvidia/ros2_ws/install/cv_bridge/share/cv_bridge/cmake/ament_cmake_export_libraries-extras.cmake
[5.964s] -- Up-to-date symlink: /home/nvidia/ros2_ws/install/cv_bridge/share/cv_bridge/cmake/cv_bridgeConfig.cmake
[5.966s] -- Up-to-date symlink: /home/nvidia/ros2_ws/install/cv_bridge/share/cv_bridge/cmake/cv_bridgeConfig-version.cmake
[5.969s] -- Up-to-date symlink: /home/nvidia/ros2_ws/install/cv_bridge/share/cv_bridge/package.xml
[6.553s] Listing '/home/nvidia/ros2_ws/install/cv_bridge/lib/python3.8/site-packages/cv_bridge'...
[6.553s] Listing '/home/nvidia/ros2_ws/install/cv_bridge/lib/python3.8/site-packages/cv_bridge/boost'...
[6.852s] Invoked command in '/home/nvidia/ros2_ws/build/cv_bridge' returned '0': CMAKE_PREFIX_PATH=${CMAKE_PREFIX_PATH}:/home/nvidia/rosbag_ws/install/ros2bag:/home/nvidia/microros_ws/install/sensor_msgs_py:/home/nvidia/ros2_ws/install/obj_det_visualizer:/home/nvidia/ros2_ws/install/opencv_tests:/opt/ros/foxy /usr/bin/cmake --install /home/nvidia/ros2_ws/build/cv_bridge
