[1.065s] Invoking command in '/home/nvidia/ros2_ws/build/zed_interfaces': CMAKE_PREFIX_PATH=${CMAKE_PREFIX_PATH}:/home/nvidia/rosbag_ws/install/ros2bag:/home/nvidia/microros_ws/install/sensor_msgs_py:/home/nvidia/ros2_ws/install/obj_det_visualizer:/home/nvidia/ros2_ws/install/opencv_tests:/opt/ros/foxy /usr/bin/cmake /home/nvidia/ros2_ws/src/zed-ros2-wrapper/zed-ros2-interfaces -DCMAKE_INSTALL_PREFIX=/home/nvidia/ros2_ws/install/zed_interfaces
[1.508s] -- Found ament_cmake_auto: 0.9.12 (/opt/ros/foxy/share/ament_cmake_auto/cmake)
[2.060s] -- Found PythonInterp: /usr/bin/python3 (found suitable version "3.8.10", minimum required is "3") 
[2.062s] -- Using PYTHON_EXECUTABLE: /usr/bin/python3
[4.071s] -- Override CMake install command with custom implementation using symlinks instead of copying resources
[4.985s] -- Using all available rosidl_typesupport_c: rosidl_typesupport_microxrcedds_c;rosidl_typesupport_fastrtps_c;rosidl_typesupport_introspection_c
[5.014s] -- Found rosidl_adapter: 1.3.1 (/opt/ros/foxy/share/rosidl_adapter/cmake)
[7.833s] -- Using all available rosidl_typesupport_cpp: rosidl_typesupport_microxrcedds_cpp;rosidl_typesupport_fastrtps_cpp;rosidl_typesupport_introspection_cpp
[10.661s] -- Found ament_lint_auto: 0.9.8 (/opt/ros/foxy/share/ament_lint_auto/cmake)
[11.112s] -- Found PythonInterp: /usr/bin/python3 (found version "3.8.10") 
[13.273s] -- Found ament_cmake_ros: 0.9.2 (/opt/ros/foxy/share/ament_cmake_ros/cmake)
[16.263s] -- Using all available rosidl_typesupport_c: rosidl_typesupport_microxrcedds_c;rosidl_typesupport_fastrtps_c;rosidl_typesupport_introspection_c
[17.742s] -- Using all available rosidl_typesupport_cpp: rosidl_typesupport_microxrcedds_cpp;rosidl_typesupport_fastrtps_cpp;rosidl_typesupport_introspection_cpp
[18.330s] -- Found PythonInterp: /usr/bin/python3 (found suitable version "3.8.10", minimum required is "3.5") 
[18.332s] -- Found python_cmake_module: 0.8.1 (/opt/ros/foxy/share/python_cmake_module/cmake)
[18.705s] -- Using PYTHON_EXECUTABLE: /usr/bin/python3
[18.707s] -- Using PYTHON_INCLUDE_DIRS: /usr/include/python3.8
[18.708s] -- Using PYTHON_LIBRARIES: /usr/lib/aarch64-linux-gnu/libpython3.8.so
[19.703s] -- Added test 'copyright' to check source files copyright and LICENSE
[19.727s] -- Added test 'lint_cmake' to check CMake code style
[19.750s] -- Added test 'xmllint' to check XML markup files
[19.807s] -- Configuring done
[22.030s] -- Generating done
[22.239s] -- Build files have been written to: /home/nvidia/ros2_ws/build/zed_interfaces
[22.388s] Invoked command in '/home/nvidia/ros2_ws/build/zed_interfaces' returned '0': CMAKE_PREFIX_PATH=${CMAKE_PREFIX_PATH}:/home/nvidia/rosbag_ws/install/ros2bag:/home/nvidia/microros_ws/install/sensor_msgs_py:/home/nvidia/ros2_ws/install/obj_det_visualizer:/home/nvidia/ros2_ws/install/opencv_tests:/opt/ros/foxy /usr/bin/cmake /home/nvidia/ros2_ws/src/zed-ros2-wrapper/zed-ros2-interfaces -DCMAKE_INSTALL_PREFIX=/home/nvidia/ros2_ws/install/zed_interfaces
[22.402s] Invoking command in '/home/nvidia/ros2_ws/build/zed_interfaces': CMAKE_PREFIX_PATH=${CMAKE_PREFIX_PATH}:/home/nvidia/rosbag_ws/install/ros2bag:/home/nvidia/microros_ws/install/sensor_msgs_py:/home/nvidia/ros2_ws/install/obj_det_visualizer:/home/nvidia/ros2_ws/install/opencv_tests:/opt/ros/foxy /usr/bin/cmake --build /home/nvidia/ros2_ws/build/zed_interfaces -- -j6 -l6
[23.390s] [  0%] Built target zed_interfaces__cpp
[23.682s] [  9%] Built target zed_interfaces__rosidl_generator_c
[24.315s] [ 18%] Built target zed_interfaces__rosidl_typesupport_cpp
[24.316s] [ 28%] Built target zed_interfaces__rosidl_typesupport_microxrcedds_cpp
[24.350s] [ 37%] Built target zed_interfaces__rosidl_typesupport_introspection_cpp
[24.354s] [ 47%] Built target zed_interfaces__rosidl_typesupport_c
[24.401s] [ 56%] Built target zed_interfaces__rosidl_typesupport_fastrtps_cpp
[24.497s] [ 66%] Built target zed_interfaces__rosidl_typesupport_microxrcedds_c
[24.740s] [ 76%] Built target zed_interfaces__rosidl_typesupport_introspection_c
[24.877s] [ 86%] Built target zed_interfaces__rosidl_typesupport_fastrtps_c
[25.235s] [ 86%] Built target zed_interfaces
[25.612s] [ 87%] Built target zed_interfaces__py
[26.043s] [ 96%] Built target zed_interfaces__python
[26.443s] [ 97%] Built target zed_interfaces__rosidl_typesupport_fastrtps_c__pyext
[26.513s] [ 98%] Built target zed_interfaces__rosidl_typesupport_introspection_c__pyext
[26.545s] [ 99%] Built target zed_interfaces__rosidl_typesupport_microxrcedds_c__pyext
[26.627s] [100%] Built target zed_interfaces__rosidl_typesupport_c__pyext
[26.795s] Invoked command in '/home/nvidia/ros2_ws/build/zed_interfaces' returned '0': CMAKE_PREFIX_PATH=${CMAKE_PREFIX_PATH}:/home/nvidia/rosbag_ws/install/ros2bag:/home/nvidia/microros_ws/install/sensor_msgs_py:/home/nvidia/ros2_ws/install/obj_det_visualizer:/home/nvidia/ros2_ws/install/opencv_tests:/opt/ros/foxy /usr/bin/cmake --build /home/nvidia/ros2_ws/build/zed_interfaces -- -j6 -l6
[26.815s] Invoking command in '/home/nvidia/ros2_ws/build/zed_interfaces': CMAKE_PREFIX_PATH=${CMAKE_PREFIX_PATH}:/home/nvidia/rosbag_ws/install/ros2bag:/home/nvidia/microros_ws/install/sensor_msgs_py:/home/nvidia/ros2_ws/install/obj_det_visualizer:/home/nvidia/ros2_ws/install/opencv_tests:/opt/ros/foxy /usr/bin/cmake --install /home/nvidia/ros2_ws/build/zed_interfaces
[26.950s] -- Install configuration: "Release"
[26.951s] -- Execute custom install script
[26.951s] -- Up-to-date symlink: /home/nvidia/ros2_ws/install/zed_interfaces/share/ament_index/resource_index/rosidl_interfaces/zed_interfaces
[26.952s] -- Up-to-date symlink: /home/nvidia/ros2_ws/install/zed_interfaces/include/zed_interfaces/msg/bounding_box2_df.h
[26.952s] -- Up-to-date symlink: /home/nvidia/ros2_ws/install/zed_interfaces/include/zed_interfaces/msg/bounding_box2_di.h
[26.953s] -- Up-to-date symlink: /home/nvidia/ros2_ws/install/zed_interfaces/include/zed_interfaces/msg/bounding_box3_d.h
[26.953s] -- Up-to-date symlink: /home/nvidia/ros2_ws/install/zed_interfaces/include/zed_interfaces/msg/depth_info_stamped.h
[26.954s] -- Up-to-date symlink: /home/nvidia/ros2_ws/install/zed_interfaces/include/zed_interfaces/msg/detail/bounding_box2_df__functions.h
[26.954s] -- Up-to-date symlink: /home/nvidia/ros2_ws/install/zed_interfaces/include/zed_interfaces/msg/detail/bounding_box2_df__struct.h
[26.955s] -- Up-to-date symlink: /home/nvidia/ros2_ws/install/zed_interfaces/include/zed_interfaces/msg/detail/bounding_box2_df__type_support.h
[26.961s] -- Up-to-date symlink: /home/nvidia/ros2_ws/install/zed_interfaces/include/zed_interfaces/msg/detail/bounding_box2_di__functions.h
[26.962s] -- Up-to-date symlink: /home/nvidia/ros2_ws/install/zed_interfaces/include/zed_interfaces/msg/detail/bounding_box2_di__struct.h
[26.962s] -- Up-to-date symlink: /home/nvidia/ros2_ws/install/zed_interfaces/include/zed_interfaces/msg/detail/bounding_box2_di__type_support.h
[26.963s] -- Up-to-date symlink: /home/nvidia/ros2_ws/install/zed_interfaces/include/zed_interfaces/msg/detail/bounding_box3_d__functions.h
[26.964s] -- Up-to-date symlink: /home/nvidia/ros2_ws/install/zed_interfaces/include/zed_interfaces/msg/detail/bounding_box3_d__struct.h
[26.964s] -- Up-to-date symlink: /home/nvidia/ros2_ws/install/zed_interfaces/include/zed_interfaces/msg/detail/bounding_box3_d__type_support.h
[26.965s] -- Up-to-date symlink: /home/nvidia/ros2_ws/install/zed_interfaces/include/zed_interfaces/msg/detail/depth_info_stamped__functions.h
[26.965s] -- Up-to-date symlink: /home/nvidia/ros2_ws/install/zed_interfaces/include/zed_interfaces/msg/detail/depth_info_stamped__struct.h
[26.965s] -- Up-to-date symlink: /home/nvidia/ros2_ws/install/zed_interfaces/include/zed_interfaces/msg/detail/depth_info_stamped__type_support.h
[26.966s] -- Up-to-date symlink: /home/nvidia/ros2_ws/install/zed_interfaces/include/zed_interfaces/msg/detail/heartbeat__functions.h
[26.966s] -- Up-to-date symlink: /home/nvidia/ros2_ws/install/zed_interfaces/include/zed_interfaces/msg/detail/heartbeat__struct.h
[26.966s] -- Up-to-date symlink: /home/nvidia/ros2_ws/install/zed_interfaces/include/zed_interfaces/msg/detail/heartbeat__type_support.h
[26.967s] -- Up-to-date symlink: /home/nvidia/ros2_ws/install/zed_interfaces/include/zed_interfaces/msg/detail/keypoint2_df__functions.h
[26.968s] -- Up-to-date symlink: /home/nvidia/ros2_ws/install/zed_interfaces/include/zed_interfaces/msg/detail/keypoint2_df__struct.h
[26.970s] -- Up-to-date symlink: /home/nvidia/ros2_ws/install/zed_interfaces/include/zed_interfaces/msg/detail/keypoint2_df__type_support.h
[26.970s] -- Up-to-date symlink: /home/nvidia/ros2_ws/install/zed_interfaces/include/zed_interfaces/msg/detail/keypoint2_di__functions.h
[26.972s] -- Up-to-date symlink: /home/nvidia/ros2_ws/install/zed_interfaces/include/zed_interfaces/msg/detail/keypoint2_di__struct.h
[26.973s] -- Up-to-date symlink: /home/nvidia/ros2_ws/install/zed_interfaces/include/zed_interfaces/msg/detail/keypoint2_di__type_support.h
[26.975s] -- Up-to-date symlink: /home/nvidia/ros2_ws/install/zed_interfaces/include/zed_interfaces/msg/detail/keypoint3_d__functions.h
[26.976s] -- Up-to-date symlink: /home/nvidia/ros2_ws/install/zed_interfaces/include/zed_interfaces/msg/detail/keypoint3_d__struct.h
[26.978s] -- Up-to-date symlink: /home/nvidia/ros2_ws/install/zed_interfaces/include/zed_interfaces/msg/detail/keypoint3_d__type_support.h
[26.980s] -- Up-to-date symlink: /home/nvidia/ros2_ws/install/zed_interfaces/include/zed_interfaces/msg/detail/object__functions.h
[26.983s] -- Up-to-date symlink: /home/nvidia/ros2_ws/install/zed_interfaces/include/zed_interfaces/msg/detail/object__struct.h
[26.983s] -- Up-to-date symlink: /home/nvidia/ros2_ws/install/zed_interfaces/include/zed_interfaces/msg/detail/object__type_support.h
[26.986s] -- Up-to-date symlink: /home/nvidia/ros2_ws/install/zed_interfaces/include/zed_interfaces/msg/detail/objects_stamped__functions.h
[26.987s] -- Up-to-date symlink: /home/nvidia/ros2_ws/install/zed_interfaces/include/zed_interfaces/msg/detail/objects_stamped__struct.h
[26.989s] -- Up-to-date symlink: /home/nvidia/ros2_ws/install/zed_interfaces/include/zed_interfaces/msg/detail/objects_stamped__type_support.h
[26.999s] -- Up-to-date symlink: /home/nvidia/ros2_ws/install/zed_interfaces/include/zed_interfaces/msg/detail/plane_stamped__functions.h
[27.005s] -- Up-to-date symlink: /home/nvidia/ros2_ws/install/zed_interfaces/include/zed_interfaces/msg/detail/plane_stamped__struct.h
[27.005s] -- Up-to-date symlink: /home/nvidia/ros2_ws/install/zed_interfaces/include/zed_interfaces/msg/detail/plane_stamped__type_support.h
[27.006s] -- Up-to-date symlink: /home/nvidia/ros2_ws/install/zed_interfaces/include/zed_interfaces/msg/detail/pos_track_status__functions.h
[27.006s] -- Up-to-date symlink: /home/nvidia/ros2_ws/install/zed_interfaces/include/zed_interfaces/msg/detail/pos_track_status__struct.h
[27.007s] -- Up-to-date symlink: /home/nvidia/ros2_ws/install/zed_interfaces/include/zed_interfaces/msg/detail/pos_track_status__type_support.h
[27.062s] -- Up-to-date symlink: /home/nvidia/ros2_ws/install/zed_interfaces/include/zed_interfaces/msg/detail/skeleton2_d__functions.h
[27.063s] -- Up-to-date symlink: /home/nvidia/ros2_ws/install/zed_interfaces/include/zed_interfaces/msg/detail/skeleton2_d__struct.h
[27.064s] -- Up-to-date symlink: /home/nvidia/ros2_ws/install/zed_interfaces/include/zed_interfaces/msg/detail/skeleton2_d__type_support.h
[27.064s] -- Up-to-date symlink: /home/nvidia/ros2_ws/install/zed_interfaces/include/zed_interfaces/msg/detail/skeleton3_d__functions.h
[27.065s] -- Up-to-date symlink: /home/nvidia/ros2_ws/install/zed_interfaces/include/zed_interfaces/msg/detail/skeleton3_d__struct.h
[27.065s] -- Up-to-date symlink: /home/nvidia/ros2_ws/install/zed_interfaces/include/zed_interfaces/msg/detail/skeleton3_d__type_support.h
[27.066s] -- Up-to-date symlink: /home/nvidia/ros2_ws/install/zed_interfaces/include/zed_interfaces/msg/heartbeat.h
[27.066s] -- Up-to-date symlink: /home/nvidia/ros2_ws/install/zed_interfaces/include/zed_interfaces/msg/keypoint2_df.h
[27.067s] -- Up-to-date symlink: /home/nvidia/ros2_ws/install/zed_interfaces/include/zed_interfaces/msg/keypoint2_di.h
[27.068s] -- Up-to-date symlink: /home/nvidia/ros2_ws/install/zed_interfaces/include/zed_interfaces/msg/keypoint3_d.h
[27.071s] -- Up-to-date symlink: /home/nvidia/ros2_ws/install/zed_interfaces/include/zed_interfaces/msg/object.h
[27.072s] -- Up-to-date symlink: /home/nvidia/ros2_ws/install/zed_interfaces/include/zed_interfaces/msg/objects_stamped.h
[27.072s] -- Up-to-date symlink: /home/nvidia/ros2_ws/install/zed_interfaces/include/zed_interfaces/msg/plane_stamped.h
[27.073s] -- Up-to-date symlink: /home/nvidia/ros2_ws/install/zed_interfaces/include/zed_interfaces/msg/pos_track_status.h
[27.087s] -- Up-to-date symlink: /home/nvidia/ros2_ws/install/zed_interfaces/include/zed_interfaces/msg/rosidl_generator_c__visibility_control.h
[27.087s] -- Up-to-date symlink: /home/nvidia/ros2_ws/install/zed_interfaces/include/zed_interfaces/msg/skeleton2_d.h
[27.088s] -- Up-to-date symlink: /home/nvidia/ros2_ws/install/zed_interfaces/include/zed_interfaces/msg/skeleton3_d.h
[27.088s] -- Up-to-date symlink: /home/nvidia/ros2_ws/install/zed_interfaces/include/zed_interfaces/srv/detail/set_pose__functions.h
[27.089s] -- Up-to-date symlink: /home/nvidia/ros2_ws/install/zed_interfaces/include/zed_interfaces/srv/detail/set_pose__struct.h
[27.089s] -- Up-to-date symlink: /home/nvidia/ros2_ws/install/zed_interfaces/include/zed_interfaces/srv/detail/set_pose__type_support.h
[27.090s] -- Up-to-date symlink: /home/nvidia/ros2_ws/install/zed_interfaces/include/zed_interfaces/srv/detail/set_roi__functions.h
[27.090s] -- Up-to-date symlink: /home/nvidia/ros2_ws/install/zed_interfaces/include/zed_interfaces/srv/detail/set_roi__struct.h
[27.090s] -- Up-to-date symlink: /home/nvidia/ros2_ws/install/zed_interfaces/include/zed_interfaces/srv/detail/set_roi__type_support.h
[27.091s] -- Up-to-date symlink: /home/nvidia/ros2_ws/install/zed_interfaces/include/zed_interfaces/srv/detail/start_svo_rec__functions.h
[27.092s] -- Up-to-date symlink: /home/nvidia/ros2_ws/install/zed_interfaces/include/zed_interfaces/srv/detail/start_svo_rec__struct.h
[27.092s] -- Up-to-date symlink: /home/nvidia/ros2_ws/install/zed_interfaces/include/zed_interfaces/srv/detail/start_svo_rec__type_support.h
[27.093s] -- Up-to-date symlink: /home/nvidia/ros2_ws/install/zed_interfaces/include/zed_interfaces/srv/set_pose.h
[27.093s] -- Up-to-date symlink: /home/nvidia/ros2_ws/install/zed_interfaces/include/zed_interfaces/srv/set_roi.h
[27.094s] -- Up-to-date symlink: /home/nvidia/ros2_ws/install/zed_interfaces/include/zed_interfaces/srv/start_svo_rec.h
[27.094s] -- Up-to-date symlink: /home/nvidia/ros2_ws/install/zed_interfaces/share/zed_interfaces/environment/library_path.sh
[27.095s] -- Up-to-date symlink: /home/nvidia/ros2_ws/install/zed_interfaces/share/zed_interfaces/environment/library_path.dsv
[27.095s] -- Up-to-date symlink: /home/nvidia/ros2_ws/install/zed_interfaces/include/zed_interfaces/msg/detail/bounding_box2_df__rosidl_typesupport_microxrcedds_c.h
[27.096s] -- Up-to-date symlink: /home/nvidia/ros2_ws/install/zed_interfaces/include/zed_interfaces/msg/detail/bounding_box2_di__rosidl_typesupport_microxrcedds_c.h
[27.096s] -- Up-to-date symlink: /home/nvidia/ros2_ws/install/zed_interfaces/include/zed_interfaces/msg/detail/bounding_box3_d__rosidl_typesupport_microxrcedds_c.h
[27.105s] -- Up-to-date symlink: /home/nvidia/ros2_ws/install/zed_interfaces/include/zed_interfaces/msg/detail/depth_info_stamped__rosidl_typesupport_microxrcedds_c.h
[27.106s] -- Up-to-date symlink: /home/nvidia/ros2_ws/install/zed_interfaces/include/zed_interfaces/msg/detail/heartbeat__rosidl_typesupport_microxrcedds_c.h
[27.106s] -- Up-to-date symlink: /home/nvidia/ros2_ws/install/zed_interfaces/include/zed_interfaces/msg/detail/keypoint2_df__rosidl_typesupport_microxrcedds_c.h
[27.107s] -- Up-to-date symlink: /home/nvidia/ros2_ws/install/zed_interfaces/include/zed_interfaces/msg/detail/keypoint2_di__rosidl_typesupport_microxrcedds_c.h
[27.107s] -- Up-to-date symlink: /home/nvidia/ros2_ws/install/zed_interfaces/include/zed_interfaces/msg/detail/keypoint3_d__rosidl_typesupport_microxrcedds_c.h
[27.108s] -- Up-to-date symlink: /home/nvidia/ros2_ws/install/zed_interfaces/include/zed_interfaces/msg/detail/object__rosidl_typesupport_microxrcedds_c.h
[27.108s] -- Up-to-date symlink: /home/nvidia/ros2_ws/install/zed_interfaces/include/zed_interfaces/msg/detail/objects_stamped__rosidl_typesupport_microxrcedds_c.h
[27.109s] -- Up-to-date symlink: /home/nvidia/ros2_ws/install/zed_interfaces/include/zed_interfaces/msg/detail/plane_stamped__rosidl_typesupport_microxrcedds_c.h
[27.110s] -- Up-to-date symlink: /home/nvidia/ros2_ws/install/zed_interfaces/include/zed_interfaces/msg/detail/pos_track_status__rosidl_typesupport_microxrcedds_c.h
[27.110s] -- Up-to-date symlink: /home/nvidia/ros2_ws/install/zed_interfaces/include/zed_interfaces/msg/detail/skeleton2_d__rosidl_typesupport_microxrcedds_c.h
[27.111s] -- Up-to-date symlink: /home/nvidia/ros2_ws/install/zed_interfaces/include/zed_interfaces/msg/detail/skeleton3_d__rosidl_typesupport_microxrcedds_c.h
[27.111s] -- Up-to-date symlink: /home/nvidia/ros2_ws/install/zed_interfaces/include/zed_interfaces/msg/rosidl_typesupport_microxrcedds_c__visibility_control.h
[27.112s] -- Up-to-date symlink: /home/nvidia/ros2_ws/install/zed_interfaces/include/zed_interfaces/srv/detail/set_pose__rosidl_typesupport_microxrcedds_c.h
[27.114s] -- Up-to-date symlink: /home/nvidia/ros2_ws/install/zed_interfaces/include/zed_interfaces/srv/detail/set_roi__rosidl_typesupport_microxrcedds_c.h
[27.116s] -- Up-to-date symlink: /home/nvidia/ros2_ws/install/zed_interfaces/include/zed_interfaces/srv/detail/start_svo_rec__rosidl_typesupport_microxrcedds_c.h
[27.120s] -- Up-to-date symlink: /home/nvidia/ros2_ws/install/zed_interfaces/lib/libzed_interfaces__rosidl_typesupport_microxrcedds_c.so
[27.130s] -- Up-to-date symlink: /home/nvidia/ros2_ws/install/zed_interfaces/include/zed_interfaces/msg/detail/bounding_box2_df__rosidl_typesupport_fastrtps_c.h
[27.132s] -- Up-to-date symlink: /home/nvidia/ros2_ws/install/zed_interfaces/include/zed_interfaces/msg/detail/bounding_box2_di__rosidl_typesupport_fastrtps_c.h
[27.135s] -- Up-to-date symlink: /home/nvidia/ros2_ws/install/zed_interfaces/include/zed_interfaces/msg/detail/bounding_box3_d__rosidl_typesupport_fastrtps_c.h
[27.136s] -- Up-to-date symlink: /home/nvidia/ros2_ws/install/zed_interfaces/include/zed_interfaces/msg/detail/depth_info_stamped__rosidl_typesupport_fastrtps_c.h
[27.138s] -- Up-to-date symlink: /home/nvidia/ros2_ws/install/zed_interfaces/include/zed_interfaces/msg/detail/heartbeat__rosidl_typesupport_fastrtps_c.h
[27.141s] -- Up-to-date symlink: /home/nvidia/ros2_ws/install/zed_interfaces/include/zed_interfaces/msg/detail/keypoint2_df__rosidl_typesupport_fastrtps_c.h
[27.143s] -- Up-to-date symlink: /home/nvidia/ros2_ws/install/zed_interfaces/include/zed_interfaces/msg/detail/keypoint2_di__rosidl_typesupport_fastrtps_c.h
[27.145s] -- Up-to-date symlink: /home/nvidia/ros2_ws/install/zed_interfaces/include/zed_interfaces/msg/detail/keypoint3_d__rosidl_typesupport_fastrtps_c.h
[27.147s] -- Up-to-date symlink: /home/nvidia/ros2_ws/install/zed_interfaces/include/zed_interfaces/msg/detail/object__rosidl_typesupport_fastrtps_c.h
[27.149s] -- Up-to-date symlink: /home/nvidia/ros2_ws/install/zed_interfaces/include/zed_interfaces/msg/detail/objects_stamped__rosidl_typesupport_fastrtps_c.h
[27.151s] -- Up-to-date symlink: /home/nvidia/ros2_ws/install/zed_interfaces/include/zed_interfaces/msg/detail/plane_stamped__rosidl_typesupport_fastrtps_c.h
[27.155s] -- Up-to-date symlink: /home/nvidia/ros2_ws/install/zed_interfaces/include/zed_interfaces/msg/detail/pos_track_status__rosidl_typesupport_fastrtps_c.h
[27.155s] -- Up-to-date symlink: /home/nvidia/ros2_ws/install/zed_interfaces/include/zed_interfaces/msg/detail/skeleton2_d__rosidl_typesupport_fastrtps_c.h
[27.156s] -- Up-to-date symlink: /home/nvidia/ros2_ws/install/zed_interfaces/include/zed_interfaces/msg/detail/skeleton3_d__rosidl_typesupport_fastrtps_c.h
[27.160s] -- Up-to-date symlink: /home/nvidia/ros2_ws/install/zed_interfaces/include/zed_interfaces/msg/rosidl_typesupport_fastrtps_c__visibility_control.h
[27.161s] -- Up-to-date symlink: /home/nvidia/ros2_ws/install/zed_interfaces/include/zed_interfaces/srv/detail/set_pose__rosidl_typesupport_fastrtps_c.h
[27.174s] -- Up-to-date symlink: /home/nvidia/ros2_ws/install/zed_interfaces/include/zed_interfaces/srv/detail/set_roi__rosidl_typesupport_fastrtps_c.h
[27.177s] -- Up-to-date symlink: /home/nvidia/ros2_ws/install/zed_interfaces/include/zed_interfaces/srv/detail/start_svo_rec__rosidl_typesupport_fastrtps_c.h
[27.177s] -- Up-to-date symlink: /home/nvidia/ros2_ws/install/zed_interfaces/lib/libzed_interfaces__rosidl_typesupport_fastrtps_c.so
[27.208s] -- Up-to-date symlink: /home/nvidia/ros2_ws/install/zed_interfaces/include/zed_interfaces/msg/detail/bounding_box2_df__rosidl_typesupport_fastrtps_cpp.hpp
[27.210s] -- Up-to-date symlink: /home/nvidia/ros2_ws/install/zed_interfaces/include/zed_interfaces/msg/detail/bounding_box2_di__rosidl_typesupport_fastrtps_cpp.hpp
[27.212s] -- Up-to-date symlink: /home/nvidia/ros2_ws/install/zed_interfaces/include/zed_interfaces/msg/detail/bounding_box3_d__rosidl_typesupport_fastrtps_cpp.hpp
[27.217s] -- Up-to-date symlink: /home/nvidia/ros2_ws/install/zed_interfaces/include/zed_interfaces/msg/detail/depth_info_stamped__rosidl_typesupport_fastrtps_cpp.hpp
[27.218s] -- Up-to-date symlink: /home/nvidia/ros2_ws/install/zed_interfaces/include/zed_interfaces/msg/detail/heartbeat__rosidl_typesupport_fastrtps_cpp.hpp
[27.221s] -- Up-to-date symlink: /home/nvidia/ros2_ws/install/zed_interfaces/include/zed_interfaces/msg/detail/keypoint2_df__rosidl_typesupport_fastrtps_cpp.hpp
[27.222s] -- Up-to-date symlink: /home/nvidia/ros2_ws/install/zed_interfaces/include/zed_interfaces/msg/detail/keypoint2_di__rosidl_typesupport_fastrtps_cpp.hpp
[27.224s] -- Up-to-date symlink: /home/nvidia/ros2_ws/install/zed_interfaces/include/zed_interfaces/msg/detail/keypoint3_d__rosidl_typesupport_fastrtps_cpp.hpp
[27.225s] -- Up-to-date symlink: /home/nvidia/ros2_ws/install/zed_interfaces/include/zed_interfaces/msg/detail/object__rosidl_typesupport_fastrtps_cpp.hpp
[27.227s] -- Up-to-date symlink: /home/nvidia/ros2_ws/install/zed_interfaces/include/zed_interfaces/msg/detail/objects_stamped__rosidl_typesupport_fastrtps_cpp.hpp
[27.230s] -- Up-to-date symlink: /home/nvidia/ros2_ws/install/zed_interfaces/include/zed_interfaces/msg/detail/plane_stamped__rosidl_typesupport_fastrtps_cpp.hpp
[27.230s] -- Up-to-date symlink: /home/nvidia/ros2_ws/install/zed_interfaces/include/zed_interfaces/msg/detail/pos_track_status__rosidl_typesupport_fastrtps_cpp.hpp
[27.232s] -- Up-to-date symlink: /home/nvidia/ros2_ws/install/zed_interfaces/include/zed_interfaces/msg/detail/skeleton2_d__rosidl_typesupport_fastrtps_cpp.hpp
[27.233s] -- Up-to-date symlink: /home/nvidia/ros2_ws/install/zed_interfaces/include/zed_interfaces/msg/detail/skeleton3_d__rosidl_typesupport_fastrtps_cpp.hpp
[27.235s] -- Up-to-date symlink: /home/nvidia/ros2_ws/install/zed_interfaces/include/zed_interfaces/msg/rosidl_typesupport_fastrtps_cpp__visibility_control.h
[27.236s] -- Up-to-date symlink: /home/nvidia/ros2_ws/install/zed_interfaces/include/zed_interfaces/srv/detail/set_pose__rosidl_typesupport_fastrtps_cpp.hpp
[27.238s] -- Up-to-date symlink: /home/nvidia/ros2_ws/install/zed_interfaces/include/zed_interfaces/srv/detail/set_roi__rosidl_typesupport_fastrtps_cpp.hpp
[27.239s] -- Up-to-date symlink: /home/nvidia/ros2_ws/install/zed_interfaces/include/zed_interfaces/srv/detail/start_svo_rec__rosidl_typesupport_fastrtps_cpp.hpp
[27.242s] -- Up-to-date symlink: /home/nvidia/ros2_ws/install/zed_interfaces/lib/libzed_interfaces__rosidl_typesupport_fastrtps_cpp.so
[27.249s] -- Up-to-date symlink: /home/nvidia/ros2_ws/install/zed_interfaces/include/zed_interfaces/msg/detail/bounding_box2_df__rosidl_typesupport_introspection_c.h
[27.250s] -- Up-to-date symlink: /home/nvidia/ros2_ws/install/zed_interfaces/include/zed_interfaces/msg/detail/bounding_box2_di__rosidl_typesupport_introspection_c.h
[27.251s] -- Up-to-date symlink: /home/nvidia/ros2_ws/install/zed_interfaces/include/zed_interfaces/msg/detail/bounding_box3_d__rosidl_typesupport_introspection_c.h
[27.253s] -- Up-to-date symlink: /home/nvidia/ros2_ws/install/zed_interfaces/include/zed_interfaces/msg/detail/depth_info_stamped__rosidl_typesupport_introspection_c.h
[27.254s] -- Up-to-date symlink: /home/nvidia/ros2_ws/install/zed_interfaces/include/zed_interfaces/msg/detail/heartbeat__rosidl_typesupport_introspection_c.h
[27.255s] -- Up-to-date symlink: /home/nvidia/ros2_ws/install/zed_interfaces/include/zed_interfaces/msg/detail/keypoint2_df__rosidl_typesupport_introspection_c.h
[27.257s] -- Up-to-date symlink: /home/nvidia/ros2_ws/install/zed_interfaces/include/zed_interfaces/msg/detail/keypoint2_di__rosidl_typesupport_introspection_c.h
[27.260s] -- Up-to-date symlink: /home/nvidia/ros2_ws/install/zed_interfaces/include/zed_interfaces/msg/detail/keypoint3_d__rosidl_typesupport_introspection_c.h
[27.260s] -- Up-to-date symlink: /home/nvidia/ros2_ws/install/zed_interfaces/include/zed_interfaces/msg/detail/object__rosidl_typesupport_introspection_c.h
[27.261s] -- Up-to-date symlink: /home/nvidia/ros2_ws/install/zed_interfaces/include/zed_interfaces/msg/detail/objects_stamped__rosidl_typesupport_introspection_c.h
[27.263s] -- Up-to-date symlink: /home/nvidia/ros2_ws/install/zed_interfaces/include/zed_interfaces/msg/detail/plane_stamped__rosidl_typesupport_introspection_c.h
[27.265s] -- Up-to-date symlink: /home/nvidia/ros2_ws/install/zed_interfaces/include/zed_interfaces/msg/detail/pos_track_status__rosidl_typesupport_introspection_c.h
[27.266s] -- Up-to-date symlink: /home/nvidia/ros2_ws/install/zed_interfaces/include/zed_interfaces/msg/detail/skeleton2_d__rosidl_typesupport_introspection_c.h
[27.267s] -- Up-to-date symlink: /home/nvidia/ros2_ws/install/zed_interfaces/include/zed_interfaces/msg/detail/skeleton3_d__rosidl_typesupport_introspection_c.h
[27.269s] -- Up-to-date symlink: /home/nvidia/ros2_ws/install/zed_interfaces/include/zed_interfaces/msg/rosidl_typesupport_introspection_c__visibility_control.h
[27.270s] -- Up-to-date symlink: /home/nvidia/ros2_ws/install/zed_interfaces/include/zed_interfaces/srv/detail/set_pose__rosidl_typesupport_introspection_c.h
[27.272s] -- Up-to-date symlink: /home/nvidia/ros2_ws/install/zed_interfaces/include/zed_interfaces/srv/detail/set_roi__rosidl_typesupport_introspection_c.h
[27.274s] -- Up-to-date symlink: /home/nvidia/ros2_ws/install/zed_interfaces/include/zed_interfaces/srv/detail/start_svo_rec__rosidl_typesupport_introspection_c.h
[27.286s] -- Up-to-date symlink: /home/nvidia/ros2_ws/install/zed_interfaces/include/zed_interfaces/msg/bounding_box2_df.hpp
[27.290s] -- Up-to-date symlink: /home/nvidia/ros2_ws/install/zed_interfaces/include/zed_interfaces/msg/bounding_box2_di.hpp
[27.291s] -- Up-to-date symlink: /home/nvidia/ros2_ws/install/zed_interfaces/include/zed_interfaces/msg/bounding_box3_d.hpp
[27.293s] -- Up-to-date symlink: /home/nvidia/ros2_ws/install/zed_interfaces/include/zed_interfaces/msg/depth_info_stamped.hpp
[27.294s] -- Up-to-date symlink: /home/nvidia/ros2_ws/install/zed_interfaces/include/zed_interfaces/msg/detail/bounding_box2_df__builder.hpp
[27.295s] -- Up-to-date symlink: /home/nvidia/ros2_ws/install/zed_interfaces/include/zed_interfaces/msg/detail/bounding_box2_df__struct.hpp
[27.297s] -- Up-to-date symlink: /home/nvidia/ros2_ws/install/zed_interfaces/include/zed_interfaces/msg/detail/bounding_box2_df__traits.hpp
[27.302s] -- Up-to-date symlink: /home/nvidia/ros2_ws/install/zed_interfaces/include/zed_interfaces/msg/detail/bounding_box2_df__type_support.hpp
[27.304s] -- Up-to-date symlink: /home/nvidia/ros2_ws/install/zed_interfaces/include/zed_interfaces/msg/detail/bounding_box2_di__builder.hpp
[27.306s] -- Up-to-date symlink: /home/nvidia/ros2_ws/install/zed_interfaces/include/zed_interfaces/msg/detail/bounding_box2_di__struct.hpp
[27.307s] -- Up-to-date symlink: /home/nvidia/ros2_ws/install/zed_interfaces/include/zed_interfaces/msg/detail/bounding_box2_di__traits.hpp
[27.309s] -- Up-to-date symlink: /home/nvidia/ros2_ws/install/zed_interfaces/include/zed_interfaces/msg/detail/bounding_box2_di__type_support.hpp
[27.310s] -- Up-to-date symlink: /home/nvidia/ros2_ws/install/zed_interfaces/include/zed_interfaces/msg/detail/bounding_box3_d__builder.hpp
[27.321s] -- Up-to-date symlink: /home/nvidia/ros2_ws/install/zed_interfaces/include/zed_interfaces/msg/detail/bounding_box3_d__struct.hpp
[27.322s] -- Up-to-date symlink: /home/nvidia/ros2_ws/install/zed_interfaces/include/zed_interfaces/msg/detail/bounding_box3_d__traits.hpp
[27.324s] -- Up-to-date symlink: /home/nvidia/ros2_ws/install/zed_interfaces/include/zed_interfaces/msg/detail/bounding_box3_d__type_support.hpp
[27.324s] -- Up-to-date symlink: /home/nvidia/ros2_ws/install/zed_interfaces/include/zed_interfaces/msg/detail/depth_info_stamped__builder.hpp
[27.325s] -- Up-to-date symlink: /home/nvidia/ros2_ws/install/zed_interfaces/include/zed_interfaces/msg/detail/depth_info_stamped__struct.hpp
[27.325s] -- Up-to-date symlink: /home/nvidia/ros2_ws/install/zed_interfaces/include/zed_interfaces/msg/detail/depth_info_stamped__traits.hpp
[27.326s] -- Up-to-date symlink: /home/nvidia/ros2_ws/install/zed_interfaces/include/zed_interfaces/msg/detail/depth_info_stamped__type_support.hpp
[27.326s] -- Up-to-date symlink: /home/nvidia/ros2_ws/install/zed_interfaces/include/zed_interfaces/msg/detail/heartbeat__builder.hpp
[27.328s] -- Up-to-date symlink: /home/nvidia/ros2_ws/install/zed_interfaces/include/zed_interfaces/msg/detail/heartbeat__struct.hpp
[27.329s] -- Up-to-date symlink: /home/nvidia/ros2_ws/install/zed_interfaces/include/zed_interfaces/msg/detail/heartbeat__traits.hpp
[27.331s] -- Up-to-date symlink: /home/nvidia/ros2_ws/install/zed_interfaces/include/zed_interfaces/msg/detail/heartbeat__type_support.hpp
[27.333s] -- Up-to-date symlink: /home/nvidia/ros2_ws/install/zed_interfaces/include/zed_interfaces/msg/detail/keypoint2_df__builder.hpp
[27.335s] -- Up-to-date symlink: /home/nvidia/ros2_ws/install/zed_interfaces/include/zed_interfaces/msg/detail/keypoint2_df__struct.hpp
[27.336s] -- Up-to-date symlink: /home/nvidia/ros2_ws/install/zed_interfaces/include/zed_interfaces/msg/detail/keypoint2_df__traits.hpp
[27.338s] -- Up-to-date symlink: /home/nvidia/ros2_ws/install/zed_interfaces/include/zed_interfaces/msg/detail/keypoint2_df__type_support.hpp
[27.339s] -- Up-to-date symlink: /home/nvidia/ros2_ws/install/zed_interfaces/include/zed_interfaces/msg/detail/keypoint2_di__builder.hpp
[27.340s] -- Up-to-date symlink: /home/nvidia/ros2_ws/install/zed_interfaces/include/zed_interfaces/msg/detail/keypoint2_di__struct.hpp
[27.342s] -- Up-to-date symlink: /home/nvidia/ros2_ws/install/zed_interfaces/include/zed_interfaces/msg/detail/keypoint2_di__traits.hpp
[27.343s] -- Up-to-date symlink: /home/nvidia/ros2_ws/install/zed_interfaces/include/zed_interfaces/msg/detail/keypoint2_di__type_support.hpp
[27.344s] -- Up-to-date symlink: /home/nvidia/ros2_ws/install/zed_interfaces/include/zed_interfaces/msg/detail/keypoint3_d__builder.hpp
[27.346s] -- Up-to-date symlink: /home/nvidia/ros2_ws/install/zed_interfaces/include/zed_interfaces/msg/detail/keypoint3_d__struct.hpp
[27.350s] -- Up-to-date symlink: /home/nvidia/ros2_ws/install/zed_interfaces/include/zed_interfaces/msg/detail/keypoint3_d__traits.hpp
[27.350s] -- Up-to-date symlink: /home/nvidia/ros2_ws/install/zed_interfaces/include/zed_interfaces/msg/detail/keypoint3_d__type_support.hpp
[27.352s] -- Up-to-date symlink: /home/nvidia/ros2_ws/install/zed_interfaces/include/zed_interfaces/msg/detail/object__builder.hpp
[27.353s] -- Up-to-date symlink: /home/nvidia/ros2_ws/install/zed_interfaces/include/zed_interfaces/msg/detail/object__struct.hpp
[27.363s] -- Up-to-date symlink: /home/nvidia/ros2_ws/install/zed_interfaces/include/zed_interfaces/msg/detail/object__traits.hpp
[27.364s] -- Up-to-date symlink: /home/nvidia/ros2_ws/install/zed_interfaces/include/zed_interfaces/msg/detail/object__type_support.hpp
[27.366s] -- Up-to-date symlink: /home/nvidia/ros2_ws/install/zed_interfaces/include/zed_interfaces/msg/detail/objects_stamped__builder.hpp
[27.367s] -- Up-to-date symlink: /home/nvidia/ros2_ws/install/zed_interfaces/include/zed_interfaces/msg/detail/objects_stamped__struct.hpp
[27.368s] -- Up-to-date symlink: /home/nvidia/ros2_ws/install/zed_interfaces/include/zed_interfaces/msg/detail/objects_stamped__traits.hpp
[27.368s] -- Up-to-date symlink: /home/nvidia/ros2_ws/install/zed_interfaces/include/zed_interfaces/msg/detail/objects_stamped__type_support.hpp
[27.369s] -- Up-to-date symlink: /home/nvidia/ros2_ws/install/zed_interfaces/include/zed_interfaces/msg/detail/plane_stamped__builder.hpp
[27.370s] -- Up-to-date symlink: /home/nvidia/ros2_ws/install/zed_interfaces/include/zed_interfaces/msg/detail/plane_stamped__struct.hpp
[27.370s] -- Up-to-date symlink: /home/nvidia/ros2_ws/install/zed_interfaces/include/zed_interfaces/msg/detail/plane_stamped__traits.hpp
[27.370s] -- Up-to-date symlink: /home/nvidia/ros2_ws/install/zed_interfaces/include/zed_interfaces/msg/detail/plane_stamped__type_support.hpp
[27.371s] -- Up-to-date symlink: /home/nvidia/ros2_ws/install/zed_interfaces/include/zed_interfaces/msg/detail/pos_track_status__builder.hpp
[27.372s] -- Up-to-date symlink: /home/nvidia/ros2_ws/install/zed_interfaces/include/zed_interfaces/msg/detail/pos_track_status__struct.hpp
[27.374s] -- Up-to-date symlink: /home/nvidia/ros2_ws/install/zed_interfaces/include/zed_interfaces/msg/detail/pos_track_status__traits.hpp
[27.375s] -- Up-to-date symlink: /home/nvidia/ros2_ws/install/zed_interfaces/include/zed_interfaces/msg/detail/pos_track_status__type_support.hpp
[27.377s] -- Up-to-date symlink: /home/nvidia/ros2_ws/install/zed_interfaces/include/zed_interfaces/msg/detail/skeleton2_d__builder.hpp
[27.378s] -- Up-to-date symlink: /home/nvidia/ros2_ws/install/zed_interfaces/include/zed_interfaces/msg/detail/skeleton2_d__struct.hpp
[27.380s] -- Up-to-date symlink: /home/nvidia/ros2_ws/install/zed_interfaces/include/zed_interfaces/msg/detail/skeleton2_d__traits.hpp
[27.382s] -- Up-to-date symlink: /home/nvidia/ros2_ws/install/zed_interfaces/include/zed_interfaces/msg/detail/skeleton2_d__type_support.hpp
[27.383s] -- Up-to-date symlink: /home/nvidia/ros2_ws/install/zed_interfaces/include/zed_interfaces/msg/detail/skeleton3_d__builder.hpp
[27.384s] -- Up-to-date symlink: /home/nvidia/ros2_ws/install/zed_interfaces/include/zed_interfaces/msg/detail/skeleton3_d__struct.hpp
[27.386s] -- Up-to-date symlink: /home/nvidia/ros2_ws/install/zed_interfaces/include/zed_interfaces/msg/detail/skeleton3_d__traits.hpp
[27.388s] -- Up-to-date symlink: /home/nvidia/ros2_ws/install/zed_interfaces/include/zed_interfaces/msg/detail/skeleton3_d__type_support.hpp
[27.391s] -- Up-to-date symlink: /home/nvidia/ros2_ws/install/zed_interfaces/include/zed_interfaces/msg/heartbeat.hpp
[27.391s] -- Up-to-date symlink: /home/nvidia/ros2_ws/install/zed_interfaces/include/zed_interfaces/msg/keypoint2_df.hpp
[27.392s] -- Up-to-date symlink: /home/nvidia/ros2_ws/install/zed_interfaces/include/zed_interfaces/msg/keypoint2_di.hpp
[27.394s] -- Up-to-date symlink: /home/nvidia/ros2_ws/install/zed_interfaces/include/zed_interfaces/msg/keypoint3_d.hpp
[27.406s] -- Up-to-date symlink: /home/nvidia/ros2_ws/install/zed_interfaces/include/zed_interfaces/msg/object.hpp
[27.406s] -- Up-to-date symlink: /home/nvidia/ros2_ws/install/zed_interfaces/include/zed_interfaces/msg/objects_stamped.hpp
[27.407s] -- Up-to-date symlink: /home/nvidia/ros2_ws/install/zed_interfaces/include/zed_interfaces/msg/plane_stamped.hpp
[27.408s] -- Up-to-date symlink: /home/nvidia/ros2_ws/install/zed_interfaces/include/zed_interfaces/msg/pos_track_status.hpp
[27.409s] -- Up-to-date symlink: /home/nvidia/ros2_ws/install/zed_interfaces/include/zed_interfaces/msg/rosidl_generator_cpp__visibility_control.hpp
[27.411s] -- Up-to-date symlink: /home/nvidia/ros2_ws/install/zed_interfaces/include/zed_interfaces/msg/skeleton2_d.hpp
[27.411s] -- Up-to-date symlink: /home/nvidia/ros2_ws/install/zed_interfaces/include/zed_interfaces/msg/skeleton3_d.hpp
[27.412s] -- Up-to-date symlink: /home/nvidia/ros2_ws/install/zed_interfaces/include/zed_interfaces/srv/detail/set_pose__builder.hpp
[27.412s] -- Up-to-date symlink: /home/nvidia/ros2_ws/install/zed_interfaces/include/zed_interfaces/srv/detail/set_pose__struct.hpp
[27.419s] -- Up-to-date symlink: /home/nvidia/ros2_ws/install/zed_interfaces/include/zed_interfaces/srv/detail/set_pose__traits.hpp
[27.430s] -- Up-to-date symlink: /home/nvidia/ros2_ws/install/zed_interfaces/include/zed_interfaces/srv/detail/set_pose__type_support.hpp
[27.430s] -- Up-to-date symlink: /home/nvidia/ros2_ws/install/zed_interfaces/include/zed_interfaces/srv/detail/set_roi__builder.hpp
[27.431s] -- Up-to-date symlink: /home/nvidia/ros2_ws/install/zed_interfaces/include/zed_interfaces/srv/detail/set_roi__struct.hpp
[27.431s] -- Up-to-date symlink: /home/nvidia/ros2_ws/install/zed_interfaces/include/zed_interfaces/srv/detail/set_roi__traits.hpp
[27.431s] -- Up-to-date symlink: /home/nvidia/ros2_ws/install/zed_interfaces/include/zed_interfaces/srv/detail/set_roi__type_support.hpp
[27.452s] -- Up-to-date symlink: /home/nvidia/ros2_ws/install/zed_interfaces/include/zed_interfaces/srv/detail/start_svo_rec__builder.hpp
[27.456s] -- Up-to-date symlink: /home/nvidia/ros2_ws/install/zed_interfaces/include/zed_interfaces/srv/detail/start_svo_rec__struct.hpp
[27.456s] -- Up-to-date symlink: /home/nvidia/ros2_ws/install/zed_interfaces/include/zed_interfaces/srv/detail/start_svo_rec__traits.hpp
[27.457s] -- Up-to-date symlink: /home/nvidia/ros2_ws/install/zed_interfaces/include/zed_interfaces/srv/detail/start_svo_rec__type_support.hpp
[27.457s] -- Up-to-date symlink: /home/nvidia/ros2_ws/install/zed_interfaces/include/zed_interfaces/srv/set_pose.hpp
[27.458s] -- Up-to-date symlink: /home/nvidia/ros2_ws/install/zed_interfaces/include/zed_interfaces/srv/set_roi.hpp
[27.458s] -- Up-to-date symlink: /home/nvidia/ros2_ws/install/zed_interfaces/include/zed_interfaces/srv/start_svo_rec.hpp
[27.485s] -- Up-to-date symlink: /home/nvidia/ros2_ws/install/zed_interfaces/include/zed_interfaces/msg/detail/bounding_box2_df__rosidl_typesupport_microxrcedds_cpp.hpp
[27.485s] -- Up-to-date symlink: /home/nvidia/ros2_ws/install/zed_interfaces/include/zed_interfaces/msg/detail/bounding_box2_di__rosidl_typesupport_microxrcedds_cpp.hpp
[27.486s] -- Up-to-date symlink: /home/nvidia/ros2_ws/install/zed_interfaces/include/zed_interfaces/msg/detail/bounding_box3_d__rosidl_typesupport_microxrcedds_cpp.hpp
[27.486s] -- Up-to-date symlink: /home/nvidia/ros2_ws/install/zed_interfaces/include/zed_interfaces/msg/detail/depth_info_stamped__rosidl_typesupport_microxrcedds_cpp.hpp
[27.487s] -- Up-to-date symlink: /home/nvidia/ros2_ws/install/zed_interfaces/include/zed_interfaces/msg/detail/heartbeat__rosidl_typesupport_microxrcedds_cpp.hpp
[27.487s] -- Up-to-date symlink: /home/nvidia/ros2_ws/install/zed_interfaces/include/zed_interfaces/msg/detail/keypoint2_df__rosidl_typesupport_microxrcedds_cpp.hpp
[27.488s] -- Up-to-date symlink: /home/nvidia/ros2_ws/install/zed_interfaces/include/zed_interfaces/msg/detail/keypoint2_di__rosidl_typesupport_microxrcedds_cpp.hpp
[27.488s] -- Up-to-date symlink: /home/nvidia/ros2_ws/install/zed_interfaces/include/zed_interfaces/msg/detail/keypoint3_d__rosidl_typesupport_microxrcedds_cpp.hpp
[27.489s] -- Up-to-date symlink: /home/nvidia/ros2_ws/install/zed_interfaces/include/zed_interfaces/msg/detail/microxrcedds/bounding_box2_df__type_support_cpp.cpp
[27.489s] -- Up-to-date symlink: /home/nvidia/ros2_ws/install/zed_interfaces/include/zed_interfaces/msg/detail/microxrcedds/bounding_box2_di__type_support_cpp.cpp
[27.490s] -- Up-to-date symlink: /home/nvidia/ros2_ws/install/zed_interfaces/include/zed_interfaces/msg/detail/microxrcedds/bounding_box3_d__type_support_cpp.cpp
[27.490s] -- Up-to-date symlink: /home/nvidia/ros2_ws/install/zed_interfaces/include/zed_interfaces/msg/detail/microxrcedds/depth_info_stamped__type_support_cpp.cpp
[27.501s] -- Up-to-date symlink: /home/nvidia/ros2_ws/install/zed_interfaces/include/zed_interfaces/msg/detail/microxrcedds/heartbeat__type_support_cpp.cpp
[27.501s] -- Up-to-date symlink: /home/nvidia/ros2_ws/install/zed_interfaces/include/zed_interfaces/msg/detail/microxrcedds/keypoint2_df__type_support_cpp.cpp
[27.502s] -- Up-to-date symlink: /home/nvidia/ros2_ws/install/zed_interfaces/include/zed_interfaces/msg/detail/microxrcedds/keypoint2_di__type_support_cpp.cpp
[27.502s] -- Up-to-date symlink: /home/nvidia/ros2_ws/install/zed_interfaces/include/zed_interfaces/msg/detail/microxrcedds/keypoint3_d__type_support_cpp.cpp
[27.502s] -- Up-to-date symlink: /home/nvidia/ros2_ws/install/zed_interfaces/include/zed_interfaces/msg/detail/microxrcedds/object__type_support_cpp.cpp
[27.503s] -- Up-to-date symlink: /home/nvidia/ros2_ws/install/zed_interfaces/include/zed_interfaces/msg/detail/microxrcedds/objects_stamped__type_support_cpp.cpp
[27.503s] -- Up-to-date symlink: /home/nvidia/ros2_ws/install/zed_interfaces/include/zed_interfaces/msg/detail/microxrcedds/plane_stamped__type_support_cpp.cpp
[27.504s] -- Up-to-date symlink: /home/nvidia/ros2_ws/install/zed_interfaces/include/zed_interfaces/msg/detail/microxrcedds/pos_track_status__type_support_cpp.cpp
[27.504s] -- Up-to-date symlink: /home/nvidia/ros2_ws/install/zed_interfaces/include/zed_interfaces/msg/detail/microxrcedds/skeleton2_d__type_support_cpp.cpp
[27.505s] -- Up-to-date symlink: /home/nvidia/ros2_ws/install/zed_interfaces/include/zed_interfaces/msg/detail/microxrcedds/skeleton3_d__type_support_cpp.cpp
[27.506s] -- Up-to-date symlink: /home/nvidia/ros2_ws/install/zed_interfaces/include/zed_interfaces/msg/detail/object__rosidl_typesupport_microxrcedds_cpp.hpp
[27.507s] -- Up-to-date symlink: /home/nvidia/ros2_ws/install/zed_interfaces/include/zed_interfaces/msg/detail/objects_stamped__rosidl_typesupport_microxrcedds_cpp.hpp
[27.507s] -- Up-to-date symlink: /home/nvidia/ros2_ws/install/zed_interfaces/include/zed_interfaces/msg/detail/plane_stamped__rosidl_typesupport_microxrcedds_cpp.hpp
[27.508s] -- Up-to-date symlink: /home/nvidia/ros2_ws/install/zed_interfaces/include/zed_interfaces/msg/detail/pos_track_status__rosidl_typesupport_microxrcedds_cpp.hpp
[27.509s] -- Up-to-date symlink: /home/nvidia/ros2_ws/install/zed_interfaces/include/zed_interfaces/msg/detail/skeleton2_d__rosidl_typesupport_microxrcedds_cpp.hpp
[27.509s] -- Up-to-date symlink: /home/nvidia/ros2_ws/install/zed_interfaces/include/zed_interfaces/msg/detail/skeleton3_d__rosidl_typesupport_microxrcedds_cpp.hpp
[27.510s] -- Up-to-date symlink: /home/nvidia/ros2_ws/install/zed_interfaces/include/zed_interfaces/msg/rosidl_typesupport_microxrcedds_cpp__visibility_control.h
[27.510s] -- Up-to-date symlink: /home/nvidia/ros2_ws/install/zed_interfaces/include/zed_interfaces/srv/detail/microxrcedds/set_pose__type_support_cpp.cpp
[27.511s] -- Up-to-date symlink: /home/nvidia/ros2_ws/install/zed_interfaces/include/zed_interfaces/srv/detail/microxrcedds/set_roi__type_support_cpp.cpp
[27.511s] -- Up-to-date symlink: /home/nvidia/ros2_ws/install/zed_interfaces/include/zed_interfaces/srv/detail/microxrcedds/start_svo_rec__type_support_cpp.cpp
[27.524s] -- Up-to-date symlink: /home/nvidia/ros2_ws/install/zed_interfaces/include/zed_interfaces/srv/detail/set_pose__rosidl_typesupport_microxrcedds_cpp.hpp
[27.525s] -- Up-to-date symlink: /home/nvidia/ros2_ws/install/zed_interfaces/include/zed_interfaces/srv/detail/set_roi__rosidl_typesupport_microxrcedds_cpp.hpp
[27.525s] -- Up-to-date symlink: /home/nvidia/ros2_ws/install/zed_interfaces/include/zed_interfaces/srv/detail/start_svo_rec__rosidl_typesupport_microxrcedds_cpp.hpp
[27.526s] -- Up-to-date symlink: /home/nvidia/ros2_ws/install/zed_interfaces/lib/libzed_interfaces__rosidl_typesupport_microxrcedds_cpp.so
[27.526s] -- Up-to-date symlink: /home/nvidia/ros2_ws/install/zed_interfaces/include/zed_interfaces/msg/detail/bounding_box2_df__rosidl_typesupport_introspection_cpp.hpp
[27.527s] -- Up-to-date symlink: /home/nvidia/ros2_ws/install/zed_interfaces/include/zed_interfaces/msg/detail/bounding_box2_di__rosidl_typesupport_introspection_cpp.hpp
[27.528s] -- Up-to-date symlink: /home/nvidia/ros2_ws/install/zed_interfaces/include/zed_interfaces/msg/detail/bounding_box3_d__rosidl_typesupport_introspection_cpp.hpp
[27.537s] -- Up-to-date symlink: /home/nvidia/ros2_ws/install/zed_interfaces/include/zed_interfaces/msg/detail/depth_info_stamped__rosidl_typesupport_introspection_cpp.hpp
[27.537s] -- Up-to-date symlink: /home/nvidia/ros2_ws/install/zed_interfaces/include/zed_interfaces/msg/detail/heartbeat__rosidl_typesupport_introspection_cpp.hpp
[27.538s] -- Up-to-date symlink: /home/nvidia/ros2_ws/install/zed_interfaces/include/zed_interfaces/msg/detail/keypoint2_df__rosidl_typesupport_introspection_cpp.hpp
[27.538s] -- Up-to-date symlink: /home/nvidia/ros2_ws/install/zed_interfaces/include/zed_interfaces/msg/detail/keypoint2_di__rosidl_typesupport_introspection_cpp.hpp
[27.539s] -- Up-to-date symlink: /home/nvidia/ros2_ws/install/zed_interfaces/include/zed_interfaces/msg/detail/keypoint3_d__rosidl_typesupport_introspection_cpp.hpp
[27.539s] -- Up-to-date symlink: /home/nvidia/ros2_ws/install/zed_interfaces/include/zed_interfaces/msg/detail/object__rosidl_typesupport_introspection_cpp.hpp
[27.540s] -- Up-to-date symlink: /home/nvidia/ros2_ws/install/zed_interfaces/include/zed_interfaces/msg/detail/objects_stamped__rosidl_typesupport_introspection_cpp.hpp
[27.540s] -- Up-to-date symlink: /home/nvidia/ros2_ws/install/zed_interfaces/include/zed_interfaces/msg/detail/plane_stamped__rosidl_typesupport_introspection_cpp.hpp
[27.541s] -- Up-to-date symlink: /home/nvidia/ros2_ws/install/zed_interfaces/include/zed_interfaces/msg/detail/pos_track_status__rosidl_typesupport_introspection_cpp.hpp
[27.541s] -- Up-to-date symlink: /home/nvidia/ros2_ws/install/zed_interfaces/include/zed_interfaces/msg/detail/skeleton2_d__rosidl_typesupport_introspection_cpp.hpp
[27.542s] -- Up-to-date symlink: /home/nvidia/ros2_ws/install/zed_interfaces/include/zed_interfaces/msg/detail/skeleton3_d__rosidl_typesupport_introspection_cpp.hpp
[27.542s] -- Up-to-date symlink: /home/nvidia/ros2_ws/install/zed_interfaces/include/zed_interfaces/srv/detail/set_pose__rosidl_typesupport_introspection_cpp.hpp
[27.543s] -- Up-to-date symlink: /home/nvidia/ros2_ws/install/zed_interfaces/include/zed_interfaces/srv/detail/set_roi__rosidl_typesupport_introspection_cpp.hpp
[27.553s] -- Up-to-date symlink: /home/nvidia/ros2_ws/install/zed_interfaces/include/zed_interfaces/srv/detail/start_svo_rec__rosidl_typesupport_introspection_cpp.hpp
[27.553s] -- Up-to-date symlink: /home/nvidia/ros2_ws/install/zed_interfaces/share/zed_interfaces/environment/pythonpath.sh
[27.554s] -- Up-to-date symlink: /home/nvidia/ros2_ws/install/zed_interfaces/share/zed_interfaces/environment/pythonpath.dsv
[27.554s] -- Up-to-date symlink: /home/nvidia/ros2_ws/install/zed_interfaces/lib/python3.8/site-packages/zed_interfaces/__init__.py
[27.554s] -- Up-to-date symlink: /home/nvidia/ros2_ws/install/zed_interfaces/lib/python3.8/site-packages/zed_interfaces/msg/__init__.py
[27.555s] -- Up-to-date symlink: /home/nvidia/ros2_ws/install/zed_interfaces/lib/python3.8/site-packages/zed_interfaces/msg/_bounding_box2_df.py
[27.555s] -- Up-to-date symlink: /home/nvidia/ros2_ws/install/zed_interfaces/lib/python3.8/site-packages/zed_interfaces/msg/_bounding_box2_di.py
[27.556s] -- Up-to-date symlink: /home/nvidia/ros2_ws/install/zed_interfaces/lib/python3.8/site-packages/zed_interfaces/msg/_bounding_box3_d.py
[27.556s] -- Up-to-date symlink: /home/nvidia/ros2_ws/install/zed_interfaces/lib/python3.8/site-packages/zed_interfaces/msg/_depth_info_stamped.py
[27.557s] -- Up-to-date symlink: /home/nvidia/ros2_ws/install/zed_interfaces/lib/python3.8/site-packages/zed_interfaces/msg/_heartbeat.py
[27.558s] -- Up-to-date symlink: /home/nvidia/ros2_ws/install/zed_interfaces/lib/python3.8/site-packages/zed_interfaces/msg/_keypoint2_df.py
[27.558s] -- Up-to-date symlink: /home/nvidia/ros2_ws/install/zed_interfaces/lib/python3.8/site-packages/zed_interfaces/msg/_keypoint2_di.py
[27.559s] -- Up-to-date symlink: /home/nvidia/ros2_ws/install/zed_interfaces/lib/python3.8/site-packages/zed_interfaces/msg/_keypoint3_d.py
[27.559s] -- Up-to-date symlink: /home/nvidia/ros2_ws/install/zed_interfaces/lib/python3.8/site-packages/zed_interfaces/msg/_object.py
[27.562s] -- Up-to-date symlink: /home/nvidia/ros2_ws/install/zed_interfaces/lib/python3.8/site-packages/zed_interfaces/msg/_objects_stamped.py
[27.563s] -- Up-to-date symlink: /home/nvidia/ros2_ws/install/zed_interfaces/lib/python3.8/site-packages/zed_interfaces/msg/_plane_stamped.py
[27.576s] -- Up-to-date symlink: /home/nvidia/ros2_ws/install/zed_interfaces/lib/python3.8/site-packages/zed_interfaces/msg/_pos_track_status.py
[27.577s] -- Up-to-date symlink: /home/nvidia/ros2_ws/install/zed_interfaces/lib/python3.8/site-packages/zed_interfaces/msg/_skeleton2_d.py
[27.577s] -- Up-to-date symlink: /home/nvidia/ros2_ws/install/zed_interfaces/lib/python3.8/site-packages/zed_interfaces/msg/_skeleton3_d.py
[27.578s] -- Up-to-date symlink: /home/nvidia/ros2_ws/install/zed_interfaces/lib/python3.8/site-packages/zed_interfaces/srv/__init__.py
[27.578s] -- Up-to-date symlink: /home/nvidia/ros2_ws/install/zed_interfaces/lib/python3.8/site-packages/zed_interfaces/srv/_set_pose.py
[27.579s] -- Up-to-date symlink: /home/nvidia/ros2_ws/install/zed_interfaces/lib/python3.8/site-packages/zed_interfaces/srv/_set_roi.py
[27.579s] -- Up-to-date symlink: /home/nvidia/ros2_ws/install/zed_interfaces/lib/python3.8/site-packages/zed_interfaces/srv/_start_svo_rec.py
[27.580s] -- Up-to-date symlink: /home/nvidia/ros2_ws/install/zed_interfaces/lib/python3.8/site-packages/zed_interfaces/zed_interfaces_s__rosidl_typesupport_microxrcedds_c.cpython-38-aarch64-linux-gnu.so
[27.583s] -- Up-to-date symlink: /home/nvidia/ros2_ws/install/zed_interfaces/lib/python3.8/site-packages/zed_interfaces/zed_interfaces_s__rosidl_typesupport_fastrtps_c.cpython-38-aarch64-linux-gnu.so
[27.587s] -- Up-to-date symlink: /home/nvidia/ros2_ws/install/zed_interfaces/lib/python3.8/site-packages/zed_interfaces/zed_interfaces_s__rosidl_typesupport_introspection_c.cpython-38-aarch64-linux-gnu.so
[27.590s] -- Up-to-date symlink: /home/nvidia/ros2_ws/install/zed_interfaces/lib/python3.8/site-packages/zed_interfaces/zed_interfaces_s__rosidl_typesupport_c.cpython-38-aarch64-linux-gnu.so
[27.593s] -- Up-to-date symlink: /home/nvidia/ros2_ws/install/zed_interfaces/lib/libzed_interfaces__python.so
[27.595s] -- Up-to-date symlink: /home/nvidia/ros2_ws/install/zed_interfaces/share/zed_interfaces/msg/Object.idl
[27.598s] -- Up-to-date symlink: /home/nvidia/ros2_ws/install/zed_interfaces/share/zed_interfaces/msg/ObjectsStamped.idl
[27.600s] -- Up-to-date symlink: /home/nvidia/ros2_ws/install/zed_interfaces/share/zed_interfaces/msg/Keypoint2Di.idl
[27.602s] -- Up-to-date symlink: /home/nvidia/ros2_ws/install/zed_interfaces/share/zed_interfaces/msg/Keypoint2Df.idl
[27.604s] -- Up-to-date symlink: /home/nvidia/ros2_ws/install/zed_interfaces/share/zed_interfaces/msg/Keypoint3D.idl
[27.606s] -- Up-to-date symlink: /home/nvidia/ros2_ws/install/zed_interfaces/share/zed_interfaces/msg/BoundingBox2Di.idl
[27.608s] -- Up-to-date symlink: /home/nvidia/ros2_ws/install/zed_interfaces/share/zed_interfaces/msg/BoundingBox2Df.idl
[27.610s] -- Up-to-date symlink: /home/nvidia/ros2_ws/install/zed_interfaces/share/zed_interfaces/msg/BoundingBox3D.idl
[27.613s] -- Up-to-date symlink: /home/nvidia/ros2_ws/install/zed_interfaces/share/zed_interfaces/msg/Skeleton2D.idl
[27.616s] -- Up-to-date symlink: /home/nvidia/ros2_ws/install/zed_interfaces/share/zed_interfaces/msg/Skeleton3D.idl
[27.618s] -- Up-to-date symlink: /home/nvidia/ros2_ws/install/zed_interfaces/share/zed_interfaces/msg/DepthInfoStamped.idl
[27.620s] -- Up-to-date symlink: /home/nvidia/ros2_ws/install/zed_interfaces/share/zed_interfaces/msg/PlaneStamped.idl
[27.622s] -- Up-to-date symlink: /home/nvidia/ros2_ws/install/zed_interfaces/share/zed_interfaces/msg/PosTrackStatus.idl
[27.624s] -- Up-to-date symlink: /home/nvidia/ros2_ws/install/zed_interfaces/share/zed_interfaces/msg/Heartbeat.idl
[27.626s] -- Up-to-date symlink: /home/nvidia/ros2_ws/install/zed_interfaces/share/zed_interfaces/srv/SetPose.idl
[27.628s] -- Up-to-date symlink: /home/nvidia/ros2_ws/install/zed_interfaces/share/zed_interfaces/srv/StartSvoRec.idl
[27.630s] -- Up-to-date symlink: /home/nvidia/ros2_ws/install/zed_interfaces/share/zed_interfaces/srv/SetROI.idl
[27.632s] -- Up-to-date symlink: /home/nvidia/ros2_ws/install/zed_interfaces/share/zed_interfaces/msg/Object.msg
[27.634s] -- Up-to-date symlink: /home/nvidia/ros2_ws/install/zed_interfaces/share/zed_interfaces/msg/ObjectsStamped.msg
[27.637s] -- Up-to-date symlink: /home/nvidia/ros2_ws/install/zed_interfaces/share/zed_interfaces/msg/Keypoint2Di.msg
[27.638s] -- Up-to-date symlink: /home/nvidia/ros2_ws/install/zed_interfaces/share/zed_interfaces/msg/Keypoint2Df.msg
[27.640s] -- Up-to-date symlink: /home/nvidia/ros2_ws/install/zed_interfaces/share/zed_interfaces/msg/Keypoint3D.msg
[27.642s] -- Up-to-date symlink: /home/nvidia/ros2_ws/install/zed_interfaces/share/zed_interfaces/msg/BoundingBox2Di.msg
[27.644s] -- Up-to-date symlink: /home/nvidia/ros2_ws/install/zed_interfaces/share/zed_interfaces/msg/BoundingBox2Df.msg
[27.646s] -- Up-to-date symlink: /home/nvidia/ros2_ws/install/zed_interfaces/share/zed_interfaces/msg/BoundingBox3D.msg
[27.648s] -- Up-to-date symlink: /home/nvidia/ros2_ws/install/zed_interfaces/share/zed_interfaces/msg/Skeleton2D.msg
[27.650s] -- Up-to-date symlink: /home/nvidia/ros2_ws/install/zed_interfaces/share/zed_interfaces/msg/Skeleton3D.msg
[27.652s] -- Up-to-date symlink: /home/nvidia/ros2_ws/install/zed_interfaces/share/zed_interfaces/msg/DepthInfoStamped.msg
[27.654s] -- Up-to-date symlink: /home/nvidia/ros2_ws/install/zed_interfaces/share/zed_interfaces/msg/PlaneStamped.msg
[27.656s] -- Up-to-date symlink: /home/nvidia/ros2_ws/install/zed_interfaces/share/zed_interfaces/msg/PosTrackStatus.msg
[27.658s] -- Up-to-date symlink: /home/nvidia/ros2_ws/install/zed_interfaces/share/zed_interfaces/msg/Heartbeat.msg
[27.659s] -- Up-to-date symlink: /home/nvidia/ros2_ws/install/zed_interfaces/share/zed_interfaces/srv/SetPose.srv
[27.661s] -- Up-to-date symlink: /home/nvidia/ros2_ws/install/zed_interfaces/share/zed_interfaces/srv/SetPose_Request.msg
[27.664s] -- Up-to-date symlink: /home/nvidia/ros2_ws/install/zed_interfaces/share/zed_interfaces/srv/SetPose_Response.msg
[27.666s] -- Up-to-date symlink: /home/nvidia/ros2_ws/install/zed_interfaces/share/zed_interfaces/srv/StartSvoRec.srv
[27.667s] -- Up-to-date symlink: /home/nvidia/ros2_ws/install/zed_interfaces/share/zed_interfaces/srv/StartSvoRec_Request.msg
[27.670s] -- Up-to-date symlink: /home/nvidia/ros2_ws/install/zed_interfaces/share/zed_interfaces/srv/StartSvoRec_Response.msg
[27.672s] -- Up-to-date symlink: /home/nvidia/ros2_ws/install/zed_interfaces/share/zed_interfaces/srv/SetROI.srv
[27.677s] -- Up-to-date symlink: /home/nvidia/ros2_ws/install/zed_interfaces/share/zed_interfaces/srv/SetROI_Request.msg
[27.679s] -- Up-to-date symlink: /home/nvidia/ros2_ws/install/zed_interfaces/share/zed_interfaces/srv/SetROI_Response.msg
[27.680s] -- Up-to-date symlink: /home/nvidia/ros2_ws/install/zed_interfaces/share/zed_interfaces/meshes/zed.stl
[27.682s] -- Up-to-date symlink: /home/nvidia/ros2_ws/install/zed_interfaces/share/zed_interfaces/meshes/zed2.stl
[27.684s] -- Up-to-date symlink: /home/nvidia/ros2_ws/install/zed_interfaces/share/zed_interfaces/meshes/zed2i.stl
[27.684s] -- Up-to-date symlink: /home/nvidia/ros2_ws/install/zed_interfaces/share/zed_interfaces/meshes/zedm.stl
[27.685s] -- Up-to-date symlink: /home/nvidia/ros2_ws/install/zed_interfaces/share/zed_interfaces/meshes/zedx.stl
[27.687s] -- Up-to-date symlink: /home/nvidia/ros2_ws/install/zed_interfaces/share/zed_interfaces/meshes/zedxm.stl
[27.689s] -- Up-to-date symlink: /home/nvidia/ros2_ws/install/zed_interfaces/share/ament_index/resource_index/package_run_dependencies/zed_interfaces
[27.691s] -- Up-to-date symlink: /home/nvidia/ros2_ws/install/zed_interfaces/share/ament_index/resource_index/parent_prefix_path/zed_interfaces
[27.693s] -- Up-to-date symlink: /home/nvidia/ros2_ws/install/zed_interfaces/share/zed_interfaces/environment/ament_prefix_path.sh
[27.695s] -- Up-to-date symlink: /home/nvidia/ros2_ws/install/zed_interfaces/share/zed_interfaces/environment/ament_prefix_path.dsv
[27.697s] -- Up-to-date symlink: /home/nvidia/ros2_ws/install/zed_interfaces/share/zed_interfaces/environment/path.sh
[27.699s] -- Up-to-date symlink: /home/nvidia/ros2_ws/install/zed_interfaces/share/zed_interfaces/environment/path.dsv
[27.702s] -- Up-to-date symlink: /home/nvidia/ros2_ws/install/zed_interfaces/share/zed_interfaces/local_setup.bash
[27.705s] -- Up-to-date symlink: /home/nvidia/ros2_ws/install/zed_interfaces/share/zed_interfaces/local_setup.sh
[27.709s] -- Up-to-date symlink: /home/nvidia/ros2_ws/install/zed_interfaces/share/zed_interfaces/local_setup.zsh
[27.711s] -- Up-to-date symlink: /home/nvidia/ros2_ws/install/zed_interfaces/share/zed_interfaces/local_setup.dsv
[27.715s] -- Symlinking: /home/nvidia/ros2_ws/install/zed_interfaces/share/zed_interfaces/package.dsv
[27.836s] -- Up-to-date symlink: /home/nvidia/ros2_ws/install/zed_interfaces/share/ament_index/resource_index/packages/zed_interfaces
[27.838s] -- Up-to-date symlink: /home/nvidia/ros2_ws/install/zed_interfaces/share/zed_interfaces/cmake/rosidl_cmake-extras.cmake
[27.840s] -- Up-to-date symlink: /home/nvidia/ros2_ws/install/zed_interfaces/share/zed_interfaces/cmake/ament_cmake_export_dependencies-extras.cmake
[27.844s] -- Up-to-date symlink: /home/nvidia/ros2_ws/install/zed_interfaces/share/zed_interfaces/cmake/ament_cmake_export_libraries-extras.cmake
[27.846s] -- Up-to-date symlink: /home/nvidia/ros2_ws/install/zed_interfaces/share/zed_interfaces/cmake/ament_cmake_export_targets-extras.cmake
[27.847s] -- Up-to-date symlink: /home/nvidia/ros2_ws/install/zed_interfaces/share/zed_interfaces/cmake/ament_cmake_export_include_directories-extras.cmake
[27.849s] -- Up-to-date symlink: /home/nvidia/ros2_ws/install/zed_interfaces/share/zed_interfaces/cmake/rosidl_cmake_export_typesupport_libraries-extras.cmake
[27.851s] -- Up-to-date symlink: /home/nvidia/ros2_ws/install/zed_interfaces/share/zed_interfaces/cmake/rosidl_cmake_export_typesupport_targets-extras.cmake
[27.853s] -- Up-to-date symlink: /home/nvidia/ros2_ws/install/zed_interfaces/share/zed_interfaces/cmake/zed_interfacesConfig.cmake
[27.855s] -- Up-to-date symlink: /home/nvidia/ros2_ws/install/zed_interfaces/share/zed_interfaces/cmake/zed_interfacesConfig-version.cmake
[27.857s] -- Up-to-date symlink: /home/nvidia/ros2_ws/install/zed_interfaces/share/zed_interfaces/package.xml
[27.859s] -- Up-to-date: /home/nvidia/ros2_ws/install/zed_interfaces/lib/libzed_interfaces__rosidl_generator_c.so
[27.863s] -- Up-to-date: /home/nvidia/ros2_ws/install/zed_interfaces/lib/libzed_interfaces__rosidl_typesupport_introspection_c.so
[27.867s] -- Up-to-date: /home/nvidia/ros2_ws/install/zed_interfaces/lib/libzed_interfaces__rosidl_typesupport_c.so
[27.870s] -- Up-to-date: /home/nvidia/ros2_ws/install/zed_interfaces/lib/libzed_interfaces__rosidl_typesupport_introspection_cpp.so
[27.873s] -- Up-to-date: /home/nvidia/ros2_ws/install/zed_interfaces/lib/libzed_interfaces__rosidl_typesupport_cpp.so
[28.322s] Compiling '/home/nvidia/ros2_ws/install/zed_interfaces/lib/python3.8/site-packages/zed_interfaces/__init__.py'...
[28.345s] -- Up-to-date: /home/nvidia/ros2_ws/install/zed_interfaces/share/zed_interfaces/cmake/zed_interfaces__rosidl_generator_cExport.cmake
[28.346s] -- Installing: /home/nvidia/ros2_ws/install/zed_interfaces/share/zed_interfaces/cmake/zed_interfaces__rosidl_generator_cExport-release.cmake
[28.350s] -- Up-to-date: /home/nvidia/ros2_ws/install/zed_interfaces/share/zed_interfaces/cmake/zed_interfaces__rosidl_typesupport_introspection_cExport.cmake
[28.351s] -- Installing: /home/nvidia/ros2_ws/install/zed_interfaces/share/zed_interfaces/cmake/zed_interfaces__rosidl_typesupport_introspection_cExport-release.cmake
[28.354s] -- Up-to-date: /home/nvidia/ros2_ws/install/zed_interfaces/share/zed_interfaces/cmake/zed_interfaces__rosidl_typesupport_cExport.cmake
[28.390s] -- Installing: /home/nvidia/ros2_ws/install/zed_interfaces/share/zed_interfaces/cmake/zed_interfaces__rosidl_typesupport_cExport-release.cmake
[28.390s] -- Up-to-date: /home/nvidia/ros2_ws/install/zed_interfaces/share/zed_interfaces/cmake/zed_interfaces__rosidl_generator_cppExport.cmake
[28.392s] -- Up-to-date: /home/nvidia/ros2_ws/install/zed_interfaces/share/zed_interfaces/cmake/zed_interfaces__rosidl_typesupport_introspection_cppExport.cmake
[28.393s] -- Installing: /home/nvidia/ros2_ws/install/zed_interfaces/share/zed_interfaces/cmake/zed_interfaces__rosidl_typesupport_introspection_cppExport-release.cmake
[28.393s] -- Up-to-date: /home/nvidia/ros2_ws/install/zed_interfaces/share/zed_interfaces/cmake/zed_interfaces__rosidl_typesupport_cppExport.cmake
[28.393s] -- Installing: /home/nvidia/ros2_ws/install/zed_interfaces/share/zed_interfaces/cmake/zed_interfaces__rosidl_typesupport_cppExport-release.cmake
[28.441s] Invoked command in '/home/nvidia/ros2_ws/build/zed_interfaces' returned '0': CMAKE_PREFIX_PATH=${CMAKE_PREFIX_PATH}:/home/nvidia/rosbag_ws/install/ros2bag:/home/nvidia/microros_ws/install/sensor_msgs_py:/home/nvidia/ros2_ws/install/obj_det_visualizer:/home/nvidia/ros2_ws/install/opencv_tests:/opt/ros/foxy /usr/bin/cmake --install /home/nvidia/ros2_ws/build/zed_interfaces
