[0.291s] Invoking command in '/home/nvidia/ros2_ws/build/zed_tutorial_video': CMAKE_PREFIX_PATH=${CMAKE_PREFIX_PATH}:/home/nvidia/rosbag_ws/install/ros2bag:/home/nvidia/microros_ws/install/sensor_msgs_py:/home/nvidia/ros2_ws/install/obj_det_visualizer:/home/nvidia/ros2_ws/install/opencv_tests:/opt/ros/foxy /usr/bin/cmake --build /home/nvidia/ros2_ws/build/zed_tutorial_video -- -j6 -l6
[1.865s] [100%] Built target zed_tutorial_video
[2.276s] Invoked command in '/home/nvidia/ros2_ws/build/zed_tutorial_video' returned '0': CMAKE_PREFIX_PATH=${CMAKE_PREFIX_PATH}:/home/nvidia/rosbag_ws/install/ros2bag:/home/nvidia/microros_ws/install/sensor_msgs_py:/home/nvidia/ros2_ws/install/obj_det_visualizer:/home/nvidia/ros2_ws/install/opencv_tests:/opt/ros/foxy /usr/bin/cmake --build /home/nvidia/ros2_ws/build/zed_tutorial_video -- -j6 -l6
[2.732s] Invoking command in '/home/nvidia/ros2_ws/build/zed_tutorial_video': CMAKE_PREFIX_PATH=${CMAKE_PREFIX_PATH}:/home/nvidia/rosbag_ws/install/ros2bag:/home/nvidia/microros_ws/install/sensor_msgs_py:/home/nvidia/ros2_ws/install/obj_det_visualizer:/home/nvidia/ros2_ws/install/opencv_tests:/opt/ros/foxy /usr/bin/cmake --install /home/nvidia/ros2_ws/build/zed_tutorial_video
[2.892s] -- Install configuration: "Release"
[2.909s] -- Execute custom install script
[2.914s] -- Up-to-date symlink: /home/nvidia/ros2_ws/install/zed_tutorial_video/lib/zed_tutorial_video/zed_tutorial_video
[2.915s] -- Up-to-date symlink: /home/nvidia/ros2_ws/install/zed_tutorial_video/share/ament_index/resource_index/package_run_dependencies/zed_tutorial_video
[2.916s] -- Up-to-date symlink: /home/nvidia/ros2_ws/install/zed_tutorial_video/share/ament_index/resource_index/parent_prefix_path/zed_tutorial_video
[2.917s] -- Up-to-date symlink: /home/nvidia/ros2_ws/install/zed_tutorial_video/share/zed_tutorial_video/environment/ament_prefix_path.sh
[2.920s] -- Up-to-date symlink: /home/nvidia/ros2_ws/install/zed_tutorial_video/share/zed_tutorial_video/environment/ament_prefix_path.dsv
[2.925s] -- Up-to-date symlink: /home/nvidia/ros2_ws/install/zed_tutorial_video/share/zed_tutorial_video/environment/path.sh
[2.926s] -- Up-to-date symlink: /home/nvidia/ros2_ws/install/zed_tutorial_video/share/zed_tutorial_video/environment/path.dsv
[2.929s] -- Up-to-date symlink: /home/nvidia/ros2_ws/install/zed_tutorial_video/share/zed_tutorial_video/local_setup.bash
[2.933s] -- Up-to-date symlink: /home/nvidia/ros2_ws/install/zed_tutorial_video/share/zed_tutorial_video/local_setup.sh
[2.936s] -- Up-to-date symlink: /home/nvidia/ros2_ws/install/zed_tutorial_video/share/zed_tutorial_video/local_setup.zsh
[2.939s] -- Up-to-date symlink: /home/nvidia/ros2_ws/install/zed_tutorial_video/share/zed_tutorial_video/local_setup.dsv
[2.941s] -- Symlinking: /home/nvidia/ros2_ws/install/zed_tutorial_video/share/zed_tutorial_video/package.dsv
[3.064s] -- Up-to-date symlink: /home/nvidia/ros2_ws/install/zed_tutorial_video/share/ament_index/resource_index/packages/zed_tutorial_video
[3.172s] -- Up-to-date symlink: /home/nvidia/ros2_ws/install/zed_tutorial_video/share/zed_tutorial_video/cmake/zed_tutorial_videoConfig.cmake
[3.173s] -- Up-to-date symlink: /home/nvidia/ros2_ws/install/zed_tutorial_video/share/zed_tutorial_video/cmake/zed_tutorial_videoConfig-version.cmake
[3.176s] -- Up-to-date symlink: /home/nvidia/ros2_ws/install/zed_tutorial_video/share/zed_tutorial_video/package.xml
[5.253s] Invoked command in '/home/nvidia/ros2_ws/build/zed_tutorial_video' returned '0': CMAKE_PREFIX_PATH=${CMAKE_PREFIX_PATH}:/home/nvidia/rosbag_ws/install/ros2bag:/home/nvidia/microros_ws/install/sensor_msgs_py:/home/nvidia/ros2_ws/install/obj_det_visualizer:/home/nvidia/ros2_ws/install/opencv_tests:/opt/ros/foxy /usr/bin/cmake --install /home/nvidia/ros2_ws/build/zed_tutorial_video
