-- Found ament_cmake: 0.9.12 (/opt/ros/foxy/share/ament_cmake/cmake)
-- Using PYTHON_EXECUTABLE: /usr/bin/python3
-- Override CMake install command with custom implementation using symlinks instead of copying resources
-- Found class_loader: 2.0.3 (/opt/ros/foxy/share/class_loader/cmake)
-- Found costmap_converter_msgs: 0.1.2 (/home/nvidia/ros2_ws/install/costmap_converter_msgs/share/costmap_converter_msgs/cmake)
-- Using all available rosidl_typesupport_c: rosidl_typesupport_microxrcedds_c;rosidl_typesupport_fastrtps_c;rosidl_typesupport_introspection_c
-- Found rosidl_adapter: 1.3.1 (/opt/ros/foxy/share/rosidl_adapter/cmake)
-- Using all available rosidl_typesupport_cpp: rosidl_typesupport_microxrcedds_cpp;rosidl_typesupport_fastrtps_cpp;rosidl_typesupport_introspection_cpp
-- Found cv_bridge: 3.0.7 (/home/nvidia/ros2_ws/install/cv_bridge/share/cv_bridge/cmake)
-- Found nav2_costmap_2d: 0.4.7 (/opt/ros/foxy/share/nav2_costmap_2d/cmake)
-- Found rmw_implementation_cmake: 1.0.4 (/opt/ros/foxy/share/rmw_implementation_cmake/cmake)
-- Using RMW implementation 'rmw_fastrtps_cpp' as default
-- Found ament_cmake_gtest: 0.9.12 (/opt/ros/foxy/share/ament_cmake_gtest/cmake)
-- Found gtest sources under '/opt/ros/foxy/src/gtest_vendor': C++ tests using 'Google Test' will be built
-- Configuring done
-- Generating done
-- Build files have been written to: /home/nvidia/ros2_ws/build/costmap_converter
[35m[1mScanning dependencies of target costmap_converter[0m
[ 10%] Built target gtest_main
[ 21%] Built target gtest
[ 26%] [32mBuilding CXX object CMakeFiles/costmap_converter.dir/src/costmap_to_polygons.cpp.o[0m
[ 36%] [32mBuilding CXX object CMakeFiles/costmap_converter.dir/src/costmap_to_dynamic_obstacles/background_subtractor.cpp.o[0m
[ 42%] [32mBuilding CXX object CMakeFiles/costmap_converter.dir/src/costmap_to_polygons_concave.cpp.o[0m
[ 36%] [32mBuilding CXX object CMakeFiles/costmap_converter.dir/src/costmap_to_lines_convex_hull.cpp.o[0m
[ 47%] [32mBuilding CXX object CMakeFiles/costmap_converter.dir/src/costmap_to_dynamic_obstacles/costmap_to_dynamic_obstacles.cpp.o[0m
[ 52%] [32mBuilding CXX object CMakeFiles/costmap_converter.dir/src/costmap_to_lines_ransac.cpp.o[0m
[ 63%] [32mBuilding CXX object CMakeFiles/costmap_converter.dir/src/costmap_to_dynamic_obstacles/multitarget_tracker/Ctracker.cpp.o[0m
[ 63%] [32mBuilding CXX object CMakeFiles/costmap_converter.dir/src/costmap_to_dynamic_obstacles/multitarget_tracker/HungarianAlg.cpp.o[0m
[ 73%] [32mBuilding CXX object CMakeFiles/costmap_converter.dir/src/costmap_to_dynamic_obstacles/blob_detector.cpp.o[0m
[ 73%] [32mBuilding CXX object CMakeFiles/costmap_converter.dir/src/costmap_to_dynamic_obstacles/multitarget_tracker/Kalman.cpp.o[0m
[ 78%] [32m[1mLinking CXX shared library libcostmap_converter.so[0m
[ 78%] Built target costmap_converter
[35m[1mScanning dependencies of target standalone_converter[0m
[35m[1mScanning dependencies of target test_costmap_polygons[0m
[ 84%] [32mBuilding CXX object CMakeFiles/standalone_converter.dir/src/costmap_converter_node.cpp.o[0m
[ 89%] [32mBuilding CXX object CMakeFiles/test_costmap_polygons.dir/test/costmap_polygons.cpp.o[0m
In file included from [01m[K/home/nvidia/ros2_ws/src/costmap_converter/costmap_converter/test/costmap_polygons.cpp:3[m[K:
/opt/ros/foxy/src/gtest_vendor/include/gtest/gtest.h: In instantiation of ‘[01m[Ktesting::AssertionResult testing::internal::CmpHelperEQ(const char*, const char*, const T1&, const T2&) [with T1 = int; T2 = long unsigned int][m[K’:
[01m[K/opt/ros/foxy/src/gtest_vendor/include/gtest/gtest.h:1495:23:[m[K   required from ‘[01m[Kstatic testing::AssertionResult testing::internal::EqHelper<lhs_is_null_literal>::Compare(const char*, const char*, const T1&, const T2&) [with T1 = int; T2 = long unsigned int; bool lhs_is_null_literal = false][m[K’
[01m[K/home/nvidia/ros2_ws/src/costmap_converter/costmap_converter/test/costmap_polygons.cpp:125:3:[m[K   required from here
[01m[K/opt/ros/foxy/src/gtest_vendor/include/gtest/gtest.h:1467:11:[m[K [01;35m[Kwarning: [m[Kcomparison of integer expressions of different signedness: ‘[01m[Kconst int[m[K’ and ‘[01m[Kconst long unsigned int[m[K’ [[01;35m[K-Wsign-compare[m[K]
 1467 |   if ([01;35m[Klhs == rhs[m[K) {
      |       [01;35m[K~~~~^~~~~~[m[K
[ 94%] [32m[1mLinking CXX executable test_costmap_polygons[0m
[ 94%] Built target test_costmap_polygons
[100%] [32m[1mLinking CXX executable standalone_converter[0m
[100%] Built target standalone_converter
-- Install configuration: "Release"
-- Execute custom install script
-- Up-to-date symlink: /home/nvidia/ros2_ws/install/costmap_converter/lib/libcostmap_converter.so
-- Up-to-date symlink: /home/nvidia/ros2_ws/install/costmap_converter/bin/standalone_converter
-- Up-to-date symlink: /home/nvidia/ros2_ws/install/costmap_converter/include//costmap_converter/costmap_converter_interface.h
-- Up-to-date symlink: /home/nvidia/ros2_ws/install/costmap_converter/include//costmap_converter/costmap_to_dynamic_obstacles/background_subtractor.h
-- Up-to-date symlink: /home/nvidia/ros2_ws/install/costmap_converter/include//costmap_converter/costmap_to_dynamic_obstacles/blob_detector.h
-- Up-to-date symlink: /home/nvidia/ros2_ws/install/costmap_converter/include//costmap_converter/costmap_to_dynamic_obstacles/costmap_to_dynamic_obstacles.h
-- Up-to-date symlink: /home/nvidia/ros2_ws/install/costmap_converter/include//costmap_converter/costmap_to_dynamic_obstacles/multitarget_tracker/Ctracker.h
-- Up-to-date symlink: /home/nvidia/ros2_ws/install/costmap_converter/include//costmap_converter/costmap_to_dynamic_obstacles/multitarget_tracker/HungarianAlg.h
-- Up-to-date symlink: /home/nvidia/ros2_ws/install/costmap_converter/include//costmap_converter/costmap_to_dynamic_obstacles/multitarget_tracker/Kalman.h
-- Up-to-date symlink: /home/nvidia/ros2_ws/install/costmap_converter/include//costmap_converter/costmap_to_dynamic_obstacles/multitarget_tracker/README.md
-- Up-to-date symlink: /home/nvidia/ros2_ws/install/costmap_converter/include//costmap_converter/costmap_to_dynamic_obstacles/multitarget_tracker/defines.h
-- Up-to-date symlink: /home/nvidia/ros2_ws/install/costmap_converter/include//costmap_converter/costmap_to_lines_convex_hull.h
-- Up-to-date symlink: /home/nvidia/ros2_ws/install/costmap_converter/include//costmap_converter/costmap_to_lines_ransac.h
-- Up-to-date symlink: /home/nvidia/ros2_ws/install/costmap_converter/include//costmap_converter/costmap_to_polygons.h
-- Up-to-date symlink: /home/nvidia/ros2_ws/install/costmap_converter/include//costmap_converter/costmap_to_polygons_concave.h
-- Up-to-date symlink: /home/nvidia/ros2_ws/install/costmap_converter/include//costmap_converter/misc.h
-- Up-to-date symlink: /home/nvidia/ros2_ws/install/costmap_converter/share/costmap_converter/environment/library_path.sh
-- Up-to-date symlink: /home/nvidia/ros2_ws/install/costmap_converter/share/costmap_converter/environment/library_path.dsv
-- Up-to-date symlink: /home/nvidia/ros2_ws/install/costmap_converter/share/costmap_converter//costmap_converter_plugins.xml
-- Up-to-date symlink: /home/nvidia/ros2_ws/install/costmap_converter/share/ament_index/resource_index/package_run_dependencies/costmap_converter
-- Up-to-date symlink: /home/nvidia/ros2_ws/install/costmap_converter/share/ament_index/resource_index/parent_prefix_path/costmap_converter
-- Up-to-date symlink: /home/nvidia/ros2_ws/install/costmap_converter/share/costmap_converter/environment/ament_prefix_path.sh
-- Up-to-date symlink: /home/nvidia/ros2_ws/install/costmap_converter/share/costmap_converter/environment/ament_prefix_path.dsv
-- Up-to-date symlink: /home/nvidia/ros2_ws/install/costmap_converter/share/costmap_converter/environment/path.sh
-- Up-to-date symlink: /home/nvidia/ros2_ws/install/costmap_converter/share/costmap_converter/environment/path.dsv
-- Up-to-date symlink: /home/nvidia/ros2_ws/install/costmap_converter/share/costmap_converter/local_setup.bash
-- Up-to-date symlink: /home/nvidia/ros2_ws/install/costmap_converter/share/costmap_converter/local_setup.sh
-- Up-to-date symlink: /home/nvidia/ros2_ws/install/costmap_converter/share/costmap_converter/local_setup.zsh
-- Up-to-date symlink: /home/nvidia/ros2_ws/install/costmap_converter/share/costmap_converter/local_setup.dsv
-- Symlinking: /home/nvidia/ros2_ws/install/costmap_converter/share/costmap_converter/package.dsv
-- Up-to-date symlink: /home/nvidia/ros2_ws/install/costmap_converter/share/ament_index/resource_index/packages/costmap_converter
-- Up-to-date symlink: /home/nvidia/ros2_ws/install/costmap_converter/share/ament_index/resource_index/costmap_converter__pluginlib__plugin/costmap_converter
-- Up-to-date symlink: /home/nvidia/ros2_ws/install/costmap_converter/share/costmap_converter/cmake/ament_cmake_export_include_directories-extras.cmake
-- Up-to-date symlink: /home/nvidia/ros2_ws/install/costmap_converter/share/costmap_converter/cmake/ament_cmake_export_libraries-extras.cmake
-- Up-to-date symlink: /home/nvidia/ros2_ws/install/costmap_converter/share/costmap_converter/cmake/ament_cmake_export_dependencies-extras.cmake
-- Up-to-date symlink: /home/nvidia/ros2_ws/install/costmap_converter/share/costmap_converter/cmake/costmap_converterConfig.cmake
-- Up-to-date symlink: /home/nvidia/ros2_ws/install/costmap_converter/share/costmap_converter/cmake/costmap_converterConfig-version.cmake
-- Up-to-date symlink: /home/nvidia/ros2_ws/install/costmap_converter/share/costmap_converter/package.xml
