[0.261s] Invoking command in '/home/nvidia/ros2_ws/build/zed_tutorial_depth': CMAKE_PREFIX_PATH=${CMAKE_PREFIX_PATH}:/home/nvidia/rosbag_ws/install/ros2bag:/home/nvidia/microros_ws/install/sensor_msgs_py:/home/nvidia/ros2_ws/install/obj_det_visualizer:/home/nvidia/ros2_ws/install/opencv_tests:/opt/ros/foxy /usr/bin/cmake --build /home/nvidia/ros2_ws/build/zed_tutorial_depth -- -j6 -l6
[1.782s] [100%] Built target zed_tutorial_depth
[1.921s] Invoked command in '/home/nvidia/ros2_ws/build/zed_tutorial_depth' returned '0': CMAKE_PREFIX_PATH=${CMAKE_PREFIX_PATH}:/home/nvidia/rosbag_ws/install/ros2bag:/home/nvidia/microros_ws/install/sensor_msgs_py:/home/nvidia/ros2_ws/install/obj_det_visualizer:/home/nvidia/ros2_ws/install/opencv_tests:/opt/ros/foxy /usr/bin/cmake --build /home/nvidia/ros2_ws/build/zed_tutorial_depth -- -j6 -l6
[2.472s] Invoking command in '/home/nvidia/ros2_ws/build/zed_tutorial_depth': CMAKE_PREFIX_PATH=${CMAKE_PREFIX_PATH}:/home/nvidia/rosbag_ws/install/ros2bag:/home/nvidia/microros_ws/install/sensor_msgs_py:/home/nvidia/ros2_ws/install/obj_det_visualizer:/home/nvidia/ros2_ws/install/opencv_tests:/opt/ros/foxy /usr/bin/cmake --install /home/nvidia/ros2_ws/build/zed_tutorial_depth
[2.668s] -- Install configuration: "Release"
[2.680s] -- Execute custom install script
[2.708s] -- Up-to-date symlink: /home/nvidia/ros2_ws/install/zed_tutorial_depth/lib/zed_tutorial_depth/zed_tutorial_depth
[2.709s] -- Up-to-date symlink: /home/nvidia/ros2_ws/install/zed_tutorial_depth/share/ament_index/resource_index/package_run_dependencies/zed_tutorial_depth
[2.709s] -- Up-to-date symlink: /home/nvidia/ros2_ws/install/zed_tutorial_depth/share/ament_index/resource_index/parent_prefix_path/zed_tutorial_depth
[2.710s] -- Up-to-date symlink: /home/nvidia/ros2_ws/install/zed_tutorial_depth/share/zed_tutorial_depth/environment/ament_prefix_path.sh
[2.710s] -- Up-to-date symlink: /home/nvidia/ros2_ws/install/zed_tutorial_depth/share/zed_tutorial_depth/environment/ament_prefix_path.dsv
[2.711s] -- Up-to-date symlink: /home/nvidia/ros2_ws/install/zed_tutorial_depth/share/zed_tutorial_depth/environment/path.sh
[2.711s] -- Up-to-date symlink: /home/nvidia/ros2_ws/install/zed_tutorial_depth/share/zed_tutorial_depth/environment/path.dsv
[2.711s] -- Up-to-date symlink: /home/nvidia/ros2_ws/install/zed_tutorial_depth/share/zed_tutorial_depth/local_setup.bash
[2.712s] -- Up-to-date symlink: /home/nvidia/ros2_ws/install/zed_tutorial_depth/share/zed_tutorial_depth/local_setup.sh
[2.712s] -- Up-to-date symlink: /home/nvidia/ros2_ws/install/zed_tutorial_depth/share/zed_tutorial_depth/local_setup.zsh
[2.713s] -- Up-to-date symlink: /home/nvidia/ros2_ws/install/zed_tutorial_depth/share/zed_tutorial_depth/local_setup.dsv
[2.714s] -- Symlinking: /home/nvidia/ros2_ws/install/zed_tutorial_depth/share/zed_tutorial_depth/package.dsv
[2.848s] -- Up-to-date symlink: /home/nvidia/ros2_ws/install/zed_tutorial_depth/share/ament_index/resource_index/packages/zed_tutorial_depth
[2.892s] -- Up-to-date symlink: /home/nvidia/ros2_ws/install/zed_tutorial_depth/share/zed_tutorial_depth/cmake/zed_tutorial_depthConfig.cmake
[2.894s] -- Up-to-date symlink: /home/nvidia/ros2_ws/install/zed_tutorial_depth/share/zed_tutorial_depth/cmake/zed_tutorial_depthConfig-version.cmake
[2.897s] -- Up-to-date symlink: /home/nvidia/ros2_ws/install/zed_tutorial_depth/share/zed_tutorial_depth/package.xml
[2.917s] Invoked command in '/home/nvidia/ros2_ws/build/zed_tutorial_depth' returned '0': CMAKE_PREFIX_PATH=${CMAKE_PREFIX_PATH}:/home/nvidia/rosbag_ws/install/ros2bag:/home/nvidia/microros_ws/install/sensor_msgs_py:/home/nvidia/ros2_ws/install/obj_det_visualizer:/home/nvidia/ros2_ws/install/opencv_tests:/opt/ros/foxy /usr/bin/cmake --install /home/nvidia/ros2_ws/build/zed_tutorial_depth
