[4.887s] Invoking command in '/home/nvidia/ros2_ws/build/zed_tutorial_depth': CMAKE_PREFIX_PATH=${CMAKE_PREFIX_PATH}:/home/nvidia/rosbag_ws/install/ros2bag:/home/nvidia/microros_ws/install/sensor_msgs_py:/home/nvidia/ros2_ws/install/obj_det_visualizer:/home/nvidia/ros2_ws/install/ros2bag:/home/nvidia/ros2_ws/install/sim2real:/home/nvidia/ros2_ws/install/opencv_tests:/opt/ros/foxy /usr/bin/cmake /home/nvidia/ros2_ws/src/zed-ros2-examples/tutorials/zed_depth_tutorial -DCMAKE_BUILD_TYPE=Release -DAMENT_CMAKE_SYMLINK_INSTALL=1 -DCMAKE_INSTALL_PREFIX=/home/nvidia/ros2_ws/install/zed_tutorial_depth
[5.920s] -- The C compiler identification is GNU 9.4.0
[6.797s] -- The CXX compiler identification is GNU 9.4.0
[6.902s] -- Check for working C compiler: /usr/bin/cc
[7.788s] -- Check for working C compiler: /usr/bin/cc -- works
[7.804s] -- Detecting C compiler ABI info
[8.709s] -- Detecting C compiler ABI info - done
[8.775s] -- Detecting C compile features
[8.776s] -- Detecting C compile features - done
[8.793s] -- Check for working CXX compiler: /usr/bin/c++
[9.798s] -- Check for working CXX compiler: /usr/bin/c++ -- works
[9.805s] -- Detecting CXX compiler ABI info
[10.828s] -- Detecting CXX compiler ABI info - done
[10.952s] -- Detecting CXX compile features
[10.956s] -- Detecting CXX compile features - done
[11.045s] -- Found ament_cmake_auto: 0.9.12 (/opt/ros/foxy/share/ament_cmake_auto/cmake)
[11.531s] -- Found PythonInterp: /usr/bin/python3 (found suitable version "3.8.10", minimum required is "3") 
[11.532s] -- Using PYTHON_EXECUTABLE: /usr/bin/python3
[12.883s] -- Override CMake install command with custom implementation using symlinks instead of copying resources
[15.109s] -- Using all available rosidl_typesupport_c: rosidl_typesupport_microxrcedds_c;rosidl_typesupport_fastrtps_c;rosidl_typesupport_introspection_c
[15.313s] -- Found rosidl_adapter: 1.3.1 (/opt/ros/foxy/share/rosidl_adapter/cmake)
[17.058s] -- Found OpenSSL: /usr/lib/aarch64-linux-gnu/libcrypto.so (found version "1.1.1f")  
[17.375s] -- Found FastRTPS: /opt/ros/foxy/include  
[18.211s] -- Using all available rosidl_typesupport_cpp: rosidl_typesupport_microxrcedds_cpp;rosidl_typesupport_fastrtps_cpp;rosidl_typesupport_introspection_cpp
[18.995s] -- Found rmw_implementation_cmake: 1.0.4 (/opt/ros/foxy/share/rmw_implementation_cmake/cmake)
[19.035s] -- Using RMW implementation 'rmw_fastrtps_cpp' as default
[19.041s] -- Looking for pthread.h
[19.949s] -- Looking for pthread.h - found
[19.953s] -- Performing Test CMAKE_HAVE_LIBC_PTHREAD
[21.204s] -- Performing Test CMAKE_HAVE_LIBC_PTHREAD - Failed
[21.206s] -- Looking for pthread_create in pthreads
[22.188s] -- Looking for pthread_create in pthreads - not found
[22.191s] -- Looking for pthread_create in pthread
[23.105s] -- Looking for pthread_create in pthread - found
[23.118s] -- Found Threads: TRUE  
[25.090s] -- Found ament_lint_auto: 0.9.8 (/opt/ros/foxy/share/ament_lint_auto/cmake)
[25.939s] -- Added test 'copyright' to check source files copyright and LICENSE
[25.958s] -- Added test 'cppcheck' to perform static code analysis on C / C++ code
[25.960s] -- Configured cppcheck include dirs: 
[25.960s] -- Configured cppcheck exclude dirs and/or files: 
[25.978s] -- Added test 'cpplint' to check C / C++ code against the Google style
[25.980s] -- Configured cpplint exclude dirs and/or files: 
[26.002s] -- Added test 'lint_cmake' to check CMake code style
[26.024s] -- Added test 'uncrustify' to check C / C++ code style
[26.025s] -- Configured uncrustify additional arguments: 
[26.042s] -- Added test 'xmllint' to check XML markup files
[26.105s] -- Configuring done
[26.183s] -- Generating done
[26.200s] -- Build files have been written to: /home/nvidia/ros2_ws/build/zed_tutorial_depth
[26.342s] Invoked command in '/home/nvidia/ros2_ws/build/zed_tutorial_depth' returned '0': CMAKE_PREFIX_PATH=${CMAKE_PREFIX_PATH}:/home/nvidia/rosbag_ws/install/ros2bag:/home/nvidia/microros_ws/install/sensor_msgs_py:/home/nvidia/ros2_ws/install/obj_det_visualizer:/home/nvidia/ros2_ws/install/ros2bag:/home/nvidia/ros2_ws/install/sim2real:/home/nvidia/ros2_ws/install/opencv_tests:/opt/ros/foxy /usr/bin/cmake /home/nvidia/ros2_ws/src/zed-ros2-examples/tutorials/zed_depth_tutorial -DCMAKE_BUILD_TYPE=Release -DAMENT_CMAKE_SYMLINK_INSTALL=1 -DCMAKE_INSTALL_PREFIX=/home/nvidia/ros2_ws/install/zed_tutorial_depth
[26.356s] Invoking command in '/home/nvidia/ros2_ws/build/zed_tutorial_depth': CMAKE_PREFIX_PATH=${CMAKE_PREFIX_PATH}:/home/nvidia/rosbag_ws/install/ros2bag:/home/nvidia/microros_ws/install/sensor_msgs_py:/home/nvidia/ros2_ws/install/obj_det_visualizer:/home/nvidia/ros2_ws/install/ros2bag:/home/nvidia/ros2_ws/install/sim2real:/home/nvidia/ros2_ws/install/opencv_tests:/opt/ros/foxy /usr/bin/cmake --build /home/nvidia/ros2_ws/build/zed_tutorial_depth -- -j6 -l6
[30.729s] [35m[1mScanning dependencies of target zed_tutorial_depth[0m
[30.730s] [ 50%] [32mBuilding CXX object CMakeFiles/zed_tutorial_depth.dir/src/zed_depth_sub_tutorial.cpp.o[0m
[66.441s] [100%] [32m[1mLinking CXX executable zed_tutorial_depth[0m
[67.350s] [100%] Built target zed_tutorial_depth
[67.533s] Invoked command in '/home/nvidia/ros2_ws/build/zed_tutorial_depth' returned '0': CMAKE_PREFIX_PATH=${CMAKE_PREFIX_PATH}:/home/nvidia/rosbag_ws/install/ros2bag:/home/nvidia/microros_ws/install/sensor_msgs_py:/home/nvidia/ros2_ws/install/obj_det_visualizer:/home/nvidia/ros2_ws/install/ros2bag:/home/nvidia/ros2_ws/install/sim2real:/home/nvidia/ros2_ws/install/opencv_tests:/opt/ros/foxy /usr/bin/cmake --build /home/nvidia/ros2_ws/build/zed_tutorial_depth -- -j6 -l6
[68.112s] Invoking command in '/home/nvidia/ros2_ws/build/zed_tutorial_depth': CMAKE_PREFIX_PATH=${CMAKE_PREFIX_PATH}:/home/nvidia/rosbag_ws/install/ros2bag:/home/nvidia/microros_ws/install/sensor_msgs_py:/home/nvidia/ros2_ws/install/obj_det_visualizer:/home/nvidia/ros2_ws/install/ros2bag:/home/nvidia/ros2_ws/install/sim2real:/home/nvidia/ros2_ws/install/opencv_tests:/opt/ros/foxy /usr/bin/cmake --install /home/nvidia/ros2_ws/build/zed_tutorial_depth
[87.601s] -- Install configuration: "Release"
[87.602s] -- Execute custom install script
[87.603s] -- Symlinking: /home/nvidia/ros2_ws/install/zed_tutorial_depth/lib/zed_tutorial_depth/zed_tutorial_depth
[87.608s] -- Symlinking: /home/nvidia/ros2_ws/install/zed_tutorial_depth/share/ament_index/resource_index/package_run_dependencies/zed_tutorial_depth
[87.620s] -- Symlinking: /home/nvidia/ros2_ws/install/zed_tutorial_depth/share/ament_index/resource_index/parent_prefix_path/zed_tutorial_depth
[87.627s] -- Symlinking: /home/nvidia/ros2_ws/install/zed_tutorial_depth/share/zed_tutorial_depth/environment/ament_prefix_path.sh
[87.627s] -- Symlinking: /home/nvidia/ros2_ws/install/zed_tutorial_depth/share/zed_tutorial_depth/environment/ament_prefix_path.dsv
[87.628s] -- Symlinking: /home/nvidia/ros2_ws/install/zed_tutorial_depth/share/zed_tutorial_depth/environment/path.sh
[87.628s] -- Symlinking: /home/nvidia/ros2_ws/install/zed_tutorial_depth/share/zed_tutorial_depth/environment/path.dsv
[87.629s] -- Symlinking: /home/nvidia/ros2_ws/install/zed_tutorial_depth/share/zed_tutorial_depth/local_setup.bash
[87.630s] -- Symlinking: /home/nvidia/ros2_ws/install/zed_tutorial_depth/share/zed_tutorial_depth/local_setup.sh
[87.630s] -- Symlinking: /home/nvidia/ros2_ws/install/zed_tutorial_depth/share/zed_tutorial_depth/local_setup.zsh
[87.635s] -- Symlinking: /home/nvidia/ros2_ws/install/zed_tutorial_depth/share/zed_tutorial_depth/local_setup.dsv
[87.635s] -- Symlinking: /home/nvidia/ros2_ws/install/zed_tutorial_depth/share/zed_tutorial_depth/package.dsv
[87.636s] -- Symlinking: /home/nvidia/ros2_ws/install/zed_tutorial_depth/share/ament_index/resource_index/packages/zed_tutorial_depth
[87.662s] -- Symlinking: /home/nvidia/ros2_ws/install/zed_tutorial_depth/share/zed_tutorial_depth/cmake/zed_tutorial_depthConfig.cmake
[87.663s] -- Symlinking: /home/nvidia/ros2_ws/install/zed_tutorial_depth/share/zed_tutorial_depth/cmake/zed_tutorial_depthConfig-version.cmake
[87.664s] -- Symlinking: /home/nvidia/ros2_ws/install/zed_tutorial_depth/share/zed_tutorial_depth/package.xml
[87.668s] Invoked command in '/home/nvidia/ros2_ws/build/zed_tutorial_depth' returned '0': CMAKE_PREFIX_PATH=${CMAKE_PREFIX_PATH}:/home/nvidia/rosbag_ws/install/ros2bag:/home/nvidia/microros_ws/install/sensor_msgs_py:/home/nvidia/ros2_ws/install/obj_det_visualizer:/home/nvidia/ros2_ws/install/ros2bag:/home/nvidia/ros2_ws/install/sim2real:/home/nvidia/ros2_ws/install/opencv_tests:/opt/ros/foxy /usr/bin/cmake --install /home/nvidia/ros2_ws/build/zed_tutorial_depth
