[1.107s] Invoking command in '/home/nvidia/ros2_ws/build/car_control': CMAKE_PREFIX_PATH=${CMAKE_PREFIX_PATH}:/home/nvidia/rosbag_ws/install/ros2bag:/home/nvidia/microros_ws/install/sensor_msgs_py:/home/nvidia/ros2_ws/install/obj_det_visualizer:/home/nvidia/ros2_ws/install/opencv_tests:/opt/ros/foxy /usr/bin/cmake --build /home/nvidia/ros2_ws/build/car_control -- -j6 -l6
[2.817s] [35m[1mScanning dependencies of target car_control_test[0m
[3.114s] [ 50%] Built target car_control
[3.603s] [ 75%] [32mBuilding CXX object CMakeFiles/car_control_test.dir/src/car_control_test.cpp.o[0m
[21.562s] [01m[K/home/nvidia/ros2_ws/src/car_control/src/car_control_test.cpp:[m[K In constructor ‘[01m[KCarControlNode::CarControlNode()[m[K’:
[21.563s] [01m[K/home/nvidia/ros2_ws/src/car_control/src/car_control_test.cpp:247:13:[m[K [01;35m[Kwarning: [m[K‘[01m[KCarControlNode::autonavigation[m[K’ will be initialized after [[01;35m[K-Wreorder[m[K]
[21.563s]   247 |     int32_t [01;35m[Kautonavigation[m[K = 97100; //
[21.564s]       |             [01;35m[K^~~~~~~~~~~~~~[m[K
[21.565s] [01m[K/home/nvidia/ros2_ws/src/car_control/src/car_control_test.cpp:242:10:[m[K [01;35m[Kwarning: [m[K  ‘[01m[Kbool CarControlNode::flag[m[K’ [[01;35m[K-Wreorder[m[K]
[21.567s]   242 |     bool [01;35m[Kflag[m[K = false;
[21.568s]       |          [01;35m[K^~~~[m[K
[21.569s] [01m[K/home/nvidia/ros2_ws/src/car_control/src/car_control_test.cpp:20:5:[m[K [01;35m[Kwarning: [m[K  when initialized here [[01;35m[K-Wreorder[m[K]
[21.569s]    20 |     [01;35m[KCarControlNode[m[K()
[21.570s]       |     [01;35m[K^~~~~~~~~~~~~~[m[K
[96.488s] [100%] [32m[1mLinking CXX executable car_control_test[0m
[99.429s] [100%] Built target car_control_test
[99.735s] Invoked command in '/home/nvidia/ros2_ws/build/car_control' returned '0': CMAKE_PREFIX_PATH=${CMAKE_PREFIX_PATH}:/home/nvidia/rosbag_ws/install/ros2bag:/home/nvidia/microros_ws/install/sensor_msgs_py:/home/nvidia/ros2_ws/install/obj_det_visualizer:/home/nvidia/ros2_ws/install/opencv_tests:/opt/ros/foxy /usr/bin/cmake --build /home/nvidia/ros2_ws/build/car_control -- -j6 -l6
[99.770s] Invoking command in '/home/nvidia/ros2_ws/build/car_control': CMAKE_PREFIX_PATH=${CMAKE_PREFIX_PATH}:/home/nvidia/rosbag_ws/install/ros2bag:/home/nvidia/microros_ws/install/sensor_msgs_py:/home/nvidia/ros2_ws/install/obj_det_visualizer:/home/nvidia/ros2_ws/install/opencv_tests:/opt/ros/foxy /usr/bin/cmake --install /home/nvidia/ros2_ws/build/car_control
[100.007s] -- Install configuration: "Release"
[100.011s] -- Execute custom install script
[100.016s] -- Up-to-date symlink: /home/nvidia/ros2_ws/install/car_control/lib/car_control/car_control
[100.018s] -- Up-to-date symlink: /home/nvidia/ros2_ws/install/car_control/lib/car_control/car_control_test
[100.024s] -- Up-to-date symlink: /home/nvidia/ros2_ws/install/car_control/share/car_control//launch/car_control.launch.py
[100.027s] -- Up-to-date symlink: /home/nvidia/ros2_ws/install/car_control/share/car_control//launch/car_nav_demo.launch.py
[100.029s] -- Up-to-date symlink: /home/nvidia/ros2_ws/install/car_control/share/car_control//launch/rtabmapping.launch.py
[100.035s] -- Up-to-date symlink: /home/nvidia/ros2_ws/install/car_control/share/ament_index/resource_index/package_run_dependencies/car_control
[100.039s] -- Up-to-date symlink: /home/nvidia/ros2_ws/install/car_control/share/ament_index/resource_index/parent_prefix_path/car_control
[100.041s] -- Up-to-date symlink: /home/nvidia/ros2_ws/install/car_control/share/car_control/environment/ament_prefix_path.sh
[100.047s] -- Up-to-date symlink: /home/nvidia/ros2_ws/install/car_control/share/car_control/environment/ament_prefix_path.dsv
[100.047s] -- Up-to-date symlink: /home/nvidia/ros2_ws/install/car_control/share/car_control/environment/path.sh
[100.050s] -- Up-to-date symlink: /home/nvidia/ros2_ws/install/car_control/share/car_control/environment/path.dsv
[100.052s] -- Up-to-date symlink: /home/nvidia/ros2_ws/install/car_control/share/car_control/local_setup.bash
[100.055s] -- Up-to-date symlink: /home/nvidia/ros2_ws/install/car_control/share/car_control/local_setup.sh
[100.058s] -- Up-to-date symlink: /home/nvidia/ros2_ws/install/car_control/share/car_control/local_setup.zsh
[100.061s] -- Up-to-date symlink: /home/nvidia/ros2_ws/install/car_control/share/car_control/local_setup.dsv
[100.063s] -- Symlinking: /home/nvidia/ros2_ws/install/car_control/share/car_control/package.dsv
[100.322s] -- Up-to-date symlink: /home/nvidia/ros2_ws/install/car_control/share/ament_index/resource_index/packages/car_control
[100.325s] -- Up-to-date symlink: /home/nvidia/ros2_ws/install/car_control/share/car_control/cmake/car_controlConfig.cmake
[100.328s] -- Up-to-date symlink: /home/nvidia/ros2_ws/install/car_control/share/car_control/cmake/car_controlConfig-version.cmake
[100.331s] -- Up-to-date symlink: /home/nvidia/ros2_ws/install/car_control/share/car_control/package.xml
[100.348s] Invoked command in '/home/nvidia/ros2_ws/build/car_control' returned '0': CMAKE_PREFIX_PATH=${CMAKE_PREFIX_PATH}:/home/nvidia/rosbag_ws/install/ros2bag:/home/nvidia/microros_ws/install/sensor_msgs_py:/home/nvidia/ros2_ws/install/obj_det_visualizer:/home/nvidia/ros2_ws/install/opencv_tests:/opt/ros/foxy /usr/bin/cmake --install /home/nvidia/ros2_ws/build/car_control
