[1.560s] Invoking command in '/home/nvidia/ros2_ws/build/zed_tutorial_pos_tracking': CMAKE_PREFIX_PATH=${CMAKE_PREFIX_PATH}:/home/nvidia/rosbag_ws/install/ros2bag:/home/nvidia/microros_ws/install/sensor_msgs_py:/home/nvidia/ros2_ws/install/obj_det_visualizer:/home/nvidia/ros2_ws/install/ros2bag:/home/nvidia/ros2_ws/install/sim2real:/home/nvidia/ros2_ws/install/opencv_tests:/opt/ros/foxy /usr/bin/cmake /home/nvidia/ros2_ws/src/zed-ros2-examples/tutorials/zed_pose_tutorial -DCMAKE_BUILD_TYPE=Release -DAMENT_CMAKE_SYMLINK_INSTALL=1 -DCMAKE_INSTALL_PREFIX=/home/nvidia/ros2_ws/install/zed_tutorial_pos_tracking
[22.906s] -- The C compiler identification is GNU 9.4.0
[22.910s] -- The CXX compiler identification is GNU 9.4.0
[22.910s] -- Check for working C compiler: /usr/bin/cc
[22.911s] -- Check for working C compiler: /usr/bin/cc -- works
[22.911s] -- Detecting C compiler ABI info
[22.912s] -- Detecting C compiler ABI info - done
[22.912s] -- Detecting C compile features
[22.913s] -- Detecting C compile features - done
[22.913s] -- Check for working CXX compiler: /usr/bin/c++
[22.914s] -- Check for working CXX compiler: /usr/bin/c++ -- works
[22.915s] -- Detecting CXX compiler ABI info
[22.915s] -- Detecting CXX compiler ABI info - done
[22.916s] -- Detecting CXX compile features
[22.928s] -- Detecting CXX compile features - done
[22.933s] -- Found ament_cmake_auto: 0.9.12 (/opt/ros/foxy/share/ament_cmake_auto/cmake)
[22.934s] -- Found PythonInterp: /usr/bin/python3 (found suitable version "3.8.10", minimum required is "3") 
[22.934s] -- Using PYTHON_EXECUTABLE: /usr/bin/python3
[22.935s] -- Override CMake install command with custom implementation using symlinks instead of copying resources
[22.935s] -- Using all available rosidl_typesupport_c: rosidl_typesupport_microxrcedds_c;rosidl_typesupport_fastrtps_c;rosidl_typesupport_introspection_c
[22.936s] -- Found rosidl_adapter: 1.3.1 (/opt/ros/foxy/share/rosidl_adapter/cmake)
[22.936s] -- Found OpenSSL: /usr/lib/aarch64-linux-gnu/libcrypto.so (found version "1.1.1f")  
[22.937s] -- Found FastRTPS: /opt/ros/foxy/include  
[22.937s] -- Using all available rosidl_typesupport_cpp: rosidl_typesupport_microxrcedds_cpp;rosidl_typesupport_fastrtps_cpp;rosidl_typesupport_introspection_cpp
[22.938s] -- Found rmw_implementation_cmake: 1.0.4 (/opt/ros/foxy/share/rmw_implementation_cmake/cmake)
[22.938s] -- Using RMW implementation 'rmw_fastrtps_cpp' as default
[22.939s] -- Looking for pthread.h
[22.939s] -- Looking for pthread.h - found
[22.940s] -- Performing Test CMAKE_HAVE_LIBC_PTHREAD
[22.940s] -- Performing Test CMAKE_HAVE_LIBC_PTHREAD - Failed
[22.958s] -- Looking for pthread_create in pthreads
[22.961s] -- Looking for pthread_create in pthreads - not found
[22.962s] -- Looking for pthread_create in pthread
[22.963s] -- Looking for pthread_create in pthread - found
[22.963s] -- Found Threads: TRUE  
[26.039s] -- Found ament_lint_auto: 0.9.8 (/opt/ros/foxy/share/ament_lint_auto/cmake)
[26.974s] -- Added test 'copyright' to check source files copyright and LICENSE
[26.992s] -- Added test 'cppcheck' to perform static code analysis on C / C++ code
[26.993s] -- Configured cppcheck include dirs: 
[26.994s] -- Configured cppcheck exclude dirs and/or files: 
[27.012s] -- Added test 'cpplint' to check C / C++ code against the Google style
[27.012s] -- Configured cpplint exclude dirs and/or files: 
[27.029s] -- Added test 'lint_cmake' to check CMake code style
[27.052s] -- Added test 'uncrustify' to check C / C++ code style
[27.053s] -- Configured uncrustify additional arguments: 
[27.067s] -- Added test 'xmllint' to check XML markup files
[27.126s] -- Configuring done
[27.237s] -- Generating done
[27.249s] -- Build files have been written to: /home/nvidia/ros2_ws/build/zed_tutorial_pos_tracking
[27.395s] Invoked command in '/home/nvidia/ros2_ws/build/zed_tutorial_pos_tracking' returned '0': CMAKE_PREFIX_PATH=${CMAKE_PREFIX_PATH}:/home/nvidia/rosbag_ws/install/ros2bag:/home/nvidia/microros_ws/install/sensor_msgs_py:/home/nvidia/ros2_ws/install/obj_det_visualizer:/home/nvidia/ros2_ws/install/ros2bag:/home/nvidia/ros2_ws/install/sim2real:/home/nvidia/ros2_ws/install/opencv_tests:/opt/ros/foxy /usr/bin/cmake /home/nvidia/ros2_ws/src/zed-ros2-examples/tutorials/zed_pose_tutorial -DCMAKE_BUILD_TYPE=Release -DAMENT_CMAKE_SYMLINK_INSTALL=1 -DCMAKE_INSTALL_PREFIX=/home/nvidia/ros2_ws/install/zed_tutorial_pos_tracking
[27.416s] Invoking command in '/home/nvidia/ros2_ws/build/zed_tutorial_pos_tracking': CMAKE_PREFIX_PATH=${CMAKE_PREFIX_PATH}:/home/nvidia/rosbag_ws/install/ros2bag:/home/nvidia/microros_ws/install/sensor_msgs_py:/home/nvidia/ros2_ws/install/obj_det_visualizer:/home/nvidia/ros2_ws/install/ros2bag:/home/nvidia/ros2_ws/install/sim2real:/home/nvidia/ros2_ws/install/opencv_tests:/opt/ros/foxy /usr/bin/cmake --build /home/nvidia/ros2_ws/build/zed_tutorial_pos_tracking -- -j6 -l6
[64.138s] [35m[1mScanning dependencies of target zed_tutorial_pos_tracking[0m
[64.139s] [ 50%] [32mBuilding CXX object CMakeFiles/zed_tutorial_pos_tracking.dir/src/zed_tutorial_pos_tracking.cpp.o[0m
[82.662s] [100%] [32m[1mLinking CXX executable zed_tutorial_pos_tracking[0m
[84.114s] [100%] Built target zed_tutorial_pos_tracking
[84.288s] Invoked command in '/home/nvidia/ros2_ws/build/zed_tutorial_pos_tracking' returned '0': CMAKE_PREFIX_PATH=${CMAKE_PREFIX_PATH}:/home/nvidia/rosbag_ws/install/ros2bag:/home/nvidia/microros_ws/install/sensor_msgs_py:/home/nvidia/ros2_ws/install/obj_det_visualizer:/home/nvidia/ros2_ws/install/ros2bag:/home/nvidia/ros2_ws/install/sim2real:/home/nvidia/ros2_ws/install/opencv_tests:/opt/ros/foxy /usr/bin/cmake --build /home/nvidia/ros2_ws/build/zed_tutorial_pos_tracking -- -j6 -l6
[85.115s] Invoking command in '/home/nvidia/ros2_ws/build/zed_tutorial_pos_tracking': CMAKE_PREFIX_PATH=${CMAKE_PREFIX_PATH}:/home/nvidia/rosbag_ws/install/ros2bag:/home/nvidia/microros_ws/install/sensor_msgs_py:/home/nvidia/ros2_ws/install/obj_det_visualizer:/home/nvidia/ros2_ws/install/ros2bag:/home/nvidia/ros2_ws/install/sim2real:/home/nvidia/ros2_ws/install/opencv_tests:/opt/ros/foxy /usr/bin/cmake --install /home/nvidia/ros2_ws/build/zed_tutorial_pos_tracking
[85.252s] -- Install configuration: "Release"
[85.257s] -- Execute custom install script
[85.264s] -- Symlinking: /home/nvidia/ros2_ws/install/zed_tutorial_pos_tracking/lib/zed_tutorial_pos_tracking/zed_tutorial_pos_tracking
[85.386s] -- Symlinking: /home/nvidia/ros2_ws/install/zed_tutorial_pos_tracking/share/ament_index/resource_index/package_run_dependencies/zed_tutorial_pos_tracking
[85.506s] -- Symlinking: /home/nvidia/ros2_ws/install/zed_tutorial_pos_tracking/share/ament_index/resource_index/parent_prefix_path/zed_tutorial_pos_tracking
[85.621s] -- Symlinking: /home/nvidia/ros2_ws/install/zed_tutorial_pos_tracking/share/zed_tutorial_pos_tracking/environment/ament_prefix_path.sh
[85.740s] -- Symlinking: /home/nvidia/ros2_ws/install/zed_tutorial_pos_tracking/share/zed_tutorial_pos_tracking/environment/ament_prefix_path.dsv
[85.847s] -- Symlinking: /home/nvidia/ros2_ws/install/zed_tutorial_pos_tracking/share/zed_tutorial_pos_tracking/environment/path.sh
[85.962s] -- Symlinking: /home/nvidia/ros2_ws/install/zed_tutorial_pos_tracking/share/zed_tutorial_pos_tracking/environment/path.dsv
[86.096s] -- Symlinking: /home/nvidia/ros2_ws/install/zed_tutorial_pos_tracking/share/zed_tutorial_pos_tracking/local_setup.bash
[86.220s] -- Symlinking: /home/nvidia/ros2_ws/install/zed_tutorial_pos_tracking/share/zed_tutorial_pos_tracking/local_setup.sh
[86.331s] -- Symlinking: /home/nvidia/ros2_ws/install/zed_tutorial_pos_tracking/share/zed_tutorial_pos_tracking/local_setup.zsh
[86.527s] -- Symlinking: /home/nvidia/ros2_ws/install/zed_tutorial_pos_tracking/share/zed_tutorial_pos_tracking/local_setup.dsv
[86.649s] -- Symlinking: /home/nvidia/ros2_ws/install/zed_tutorial_pos_tracking/share/zed_tutorial_pos_tracking/package.dsv
[86.775s] -- Symlinking: /home/nvidia/ros2_ws/install/zed_tutorial_pos_tracking/share/ament_index/resource_index/packages/zed_tutorial_pos_tracking
[86.931s] -- Symlinking: /home/nvidia/ros2_ws/install/zed_tutorial_pos_tracking/share/zed_tutorial_pos_tracking/cmake/zed_tutorial_pos_trackingConfig.cmake
[87.018s] -- Symlinking: /home/nvidia/ros2_ws/install/zed_tutorial_pos_tracking/share/zed_tutorial_pos_tracking/cmake/zed_tutorial_pos_trackingConfig-version.cmake
[87.131s] -- Symlinking: /home/nvidia/ros2_ws/install/zed_tutorial_pos_tracking/share/zed_tutorial_pos_tracking/package.xml
[88.664s] Invoked command in '/home/nvidia/ros2_ws/build/zed_tutorial_pos_tracking' returned '0': CMAKE_PREFIX_PATH=${CMAKE_PREFIX_PATH}:/home/nvidia/rosbag_ws/install/ros2bag:/home/nvidia/microros_ws/install/sensor_msgs_py:/home/nvidia/ros2_ws/install/obj_det_visualizer:/home/nvidia/ros2_ws/install/ros2bag:/home/nvidia/ros2_ws/install/sim2real:/home/nvidia/ros2_ws/install/opencv_tests:/opt/ros/foxy /usr/bin/cmake --install /home/nvidia/ros2_ws/build/zed_tutorial_pos_tracking
