[0.210s] [34mcolcon[0m [1;30mDEBUG[0m [32mCommand line arguments: ['/usr/bin/colcon', 'build', '--packages-select', 'yolo_ros'][0m
[0.210s] [34mcolcon[0m [1;30mDEBUG[0m [32mParsed command line arguments: Namespace(log_base=None, log_level=None, verb_name='build', build_base='build', install_base='install', merge_install=False, symlink_install=False, test_result_base=None, continue_on_error=False, executor='parallel', parallel_workers=16, event_handlers=None, ignore_user_meta=False, metas=['./colcon.meta'], base_paths=['.'], packages_ignore=None, packages_ignore_regex=None, paths=None, packages_up_to=None, packages_up_to_regex=None, packages_above=None, packages_above_and_dependencies=None, packages_above_depth=None, packages_select_by_dep=None, packages_skip_by_dep=None, packages_skip_up_to=None, packages_select_build_failed=False, packages_skip_build_finished=False, packages_select_test_failures=False, packages_skip_test_passed=False, packages_select=['yolo_ros'], packages_skip=None, packages_select_regex=None, packages_skip_regex=None, packages_start=None, packages_end=None, allow_overriding=[], cmake_args=None, cmake_target=None, cmake_target_skip_unavailable=False, cmake_clean_cache=False, cmake_clean_first=False, cmake_force_configure=False, ament_cmake_args=None, catkin_cmake_args=None, catkin_skip_building_tests=False, mixin_files=None, mixin=None, verb_parser=<colcon_mixin.mixin.mixin_argument.MixinArgumentDecorator object at 0x7ab58938bbe0>, verb_extension=<colcon_core.verb.build.BuildVerb object at 0x7ab589348730>, main=<bound method BuildVerb.main of <colcon_core.verb.build.BuildVerb object at 0x7ab589348730>>, mixin_verb=('build',))[0m
[0.265s] [34mcolcon.colcon_core.package_discovery[0m [1;30mLevel 1[0m discover_packages(colcon_meta) check parameters
[0.265s] [34mcolcon.colcon_core.package_discovery[0m [1;30mLevel 1[0m discover_packages(recursive) check parameters
[0.265s] [34mcolcon.colcon_core.package_discovery[0m [1;30mLevel 1[0m discover_packages(ignore) check parameters
[0.265s] [34mcolcon.colcon_core.package_discovery[0m [1;30mLevel 1[0m discover_packages(path) check parameters
[0.265s] [34mcolcon.colcon_core.package_discovery[0m [1;30mLevel 1[0m discover_packages(colcon_meta) discover
[0.265s] [34mcolcon.colcon_core.package_discovery[0m [1;30mLevel 1[0m discover_packages(recursive) discover
[0.265s] [34mcolcon.colcon_core.package_discovery[0m [1;30mINFO[0m Crawling recursively for packages in '/home/gerald/mobilerobotics_racecar/ros2_ws'
[0.265s] [34mcolcon.colcon_core.package_identification[0m [1;30mLevel 1[0m _identify(.) by extensions ['ignore', 'ignore_ament_install']
[0.265s] [34mcolcon.colcon_core.package_identification[0m [1;30mLevel 1[0m _identify(.) by extension 'ignore'
[0.265s] [34mcolcon.colcon_core.package_identification[0m [1;30mLevel 1[0m _identify(.) by extension 'ignore_ament_install'
[0.265s] [34mcolcon.colcon_core.package_identification[0m [1;30mLevel 1[0m _identify(.) by extensions ['colcon_pkg']
[0.265s] [34mcolcon.colcon_core.package_identification[0m [1;30mLevel 1[0m _identify(.) by extension 'colcon_pkg'
[0.265s] [34mcolcon.colcon_core.package_identification[0m [1;30mLevel 1[0m _identify(.) by extensions ['colcon_meta']
[0.265s] [34mcolcon.colcon_core.package_identification[0m [1;30mLevel 1[0m _identify(.) by extension 'colcon_meta'
[0.265s] [34mcolcon.colcon_core.package_identification[0m [1;30mLevel 1[0m _identify(.) by extensions ['ros']
[0.265s] [34mcolcon.colcon_core.package_identification[0m [1;30mLevel 1[0m _identify(.) by extension 'ros'
[0.289s] [34mcolcon.colcon_core.package_identification[0m [1;30mLevel 1[0m _identify(.) by extensions ['cmake', 'python']
[0.289s] [34mcolcon.colcon_core.package_identification[0m [1;30mLevel 1[0m _identify(.) by extension 'cmake'
[0.289s] [34mcolcon.colcon_core.package_identification[0m [1;30mLevel 1[0m _identify(.) by extension 'python'
[0.289s] [34mcolcon.colcon_core.package_identification[0m [1;30mLevel 1[0m _identify(.) by extensions ['python_setup_py']
[0.289s] [34mcolcon.colcon_core.package_identification[0m [1;30mLevel 1[0m _identify(.) by extension 'python_setup_py'
[0.290s] [34mcolcon.colcon_core.package_identification[0m [1;30mLevel 1[0m _identify(build) by extensions ['ignore', 'ignore_ament_install']
[0.290s] [34mcolcon.colcon_core.package_identification[0m [1;30mLevel 1[0m _identify(build) by extension 'ignore'
[0.290s] [34mcolcon.colcon_core.package_identification[0m [1;30mLevel 1[0m _identify(build) ignored
[0.290s] [34mcolcon.colcon_core.package_identification[0m [1;30mLevel 1[0m _identify(install) by extensions ['ignore', 'ignore_ament_install']
[0.290s] [34mcolcon.colcon_core.package_identification[0m [1;30mLevel 1[0m _identify(install) by extension 'ignore'
[0.290s] [34mcolcon.colcon_core.package_identification[0m [1;30mLevel 1[0m _identify(install) ignored
[0.290s] [34mcolcon.colcon_core.package_identification[0m [1;30mLevel 1[0m _identify(log) by extensions ['ignore', 'ignore_ament_install']
[0.290s] [34mcolcon.colcon_core.package_identification[0m [1;30mLevel 1[0m _identify(log) by extension 'ignore'
[0.290s] [34mcolcon.colcon_core.package_identification[0m [1;30mLevel 1[0m _identify(log) ignored
[0.290s] [34mcolcon.colcon_core.package_identification[0m [1;30mLevel 1[0m _identify(src) by extensions ['ignore', 'ignore_ament_install']
[0.290s] [34mcolcon.colcon_core.package_identification[0m [1;30mLevel 1[0m _identify(src) by extension 'ignore'
[0.290s] [34mcolcon.colcon_core.package_identification[0m [1;30mLevel 1[0m _identify(src) by extension 'ignore_ament_install'
[0.290s] [34mcolcon.colcon_core.package_identification[0m [1;30mLevel 1[0m _identify(src) by extensions ['colcon_pkg']
[0.290s] [34mcolcon.colcon_core.package_identification[0m [1;30mLevel 1[0m _identify(src) by extension 'colcon_pkg'
[0.290s] [34mcolcon.colcon_core.package_identification[0m [1;30mLevel 1[0m _identify(src) by extensions ['colcon_meta']
[0.290s] [34mcolcon.colcon_core.package_identification[0m [1;30mLevel 1[0m _identify(src) by extension 'colcon_meta'
[0.291s] [34mcolcon.colcon_core.package_identification[0m [1;30mLevel 1[0m _identify(src) by extensions ['ros']
[0.291s] [34mcolcon.colcon_core.package_identification[0m [1;30mLevel 1[0m _identify(src) by extension 'ros'
[0.291s] [34mcolcon.colcon_core.package_identification[0m [1;30mLevel 1[0m _identify(src) by extensions ['cmake', 'python']
[0.291s] [34mcolcon.colcon_core.package_identification[0m [1;30mLevel 1[0m _identify(src) by extension 'cmake'
[0.291s] [34mcolcon.colcon_core.package_identification[0m [1;30mLevel 1[0m _identify(src) by extension 'python'
[0.291s] [34mcolcon.colcon_core.package_identification[0m [1;30mLevel 1[0m _identify(src) by extensions ['python_setup_py']
[0.291s] [34mcolcon.colcon_core.package_identification[0m [1;30mLevel 1[0m _identify(src) by extension 'python_setup_py'
[0.291s] [34mcolcon.colcon_core.package_identification[0m [1;30mLevel 1[0m _identify(src/HW4) by extensions ['ignore', 'ignore_ament_install']
[0.291s] [34mcolcon.colcon_core.package_identification[0m [1;30mLevel 1[0m _identify(src/HW4) by extension 'ignore'
[0.291s] [34mcolcon.colcon_core.package_identification[0m [1;30mLevel 1[0m _identify(src/HW4) by extension 'ignore_ament_install'
[0.291s] [34mcolcon.colcon_core.package_identification[0m [1;30mLevel 1[0m _identify(src/HW4) by extensions ['colcon_pkg']
[0.291s] [34mcolcon.colcon_core.package_identification[0m [1;30mLevel 1[0m _identify(src/HW4) by extension 'colcon_pkg'
[0.291s] [34mcolcon.colcon_core.package_identification[0m [1;30mLevel 1[0m _identify(src/HW4) by extensions ['colcon_meta']
[0.291s] [34mcolcon.colcon_core.package_identification[0m [1;30mLevel 1[0m _identify(src/HW4) by extension 'colcon_meta'
[0.291s] [34mcolcon.colcon_core.package_identification[0m [1;30mLevel 1[0m _identify(src/HW4) by extensions ['ros']
[0.291s] [34mcolcon.colcon_core.package_identification[0m [1;30mLevel 1[0m _identify(src/HW4) by extension 'ros'
[0.291s] [34mcolcon.colcon_core.package_identification[0m [1;30mLevel 1[0m _identify(src/HW4) by extensions ['cmake', 'python']
[0.291s] [34mcolcon.colcon_core.package_identification[0m [1;30mLevel 1[0m _identify(src/HW4) by extension 'cmake'
[0.291s] [34mcolcon.colcon_core.package_identification[0m [1;30mLevel 1[0m _identify(src/HW4) by extension 'python'
[0.291s] [34mcolcon.colcon_core.package_identification[0m [1;30mLevel 1[0m _identify(src/HW4) by extensions ['python_setup_py']
[0.291s] [34mcolcon.colcon_core.package_identification[0m [1;30mLevel 1[0m _identify(src/HW4) by extension 'python_setup_py'
[0.291s] [34mcolcon.colcon_core.package_identification[0m [1;30mLevel 1[0m _identify(src/HW4/estimation_and_vision_assignment) by extensions ['ignore', 'ignore_ament_install']
[0.291s] [34mcolcon.colcon_core.package_identification[0m [1;30mLevel 1[0m _identify(src/HW4/estimation_and_vision_assignment) by extension 'ignore'
[0.292s] [34mcolcon.colcon_core.package_identification[0m [1;30mLevel 1[0m _identify(src/HW4/estimation_and_vision_assignment) by extension 'ignore_ament_install'
[0.292s] [34mcolcon.colcon_core.package_identification[0m [1;30mLevel 1[0m _identify(src/HW4/estimation_and_vision_assignment) by extensions ['colcon_pkg']
[0.292s] [34mcolcon.colcon_core.package_identification[0m [1;30mLevel 1[0m _identify(src/HW4/estimation_and_vision_assignment) by extension 'colcon_pkg'
[0.292s] [34mcolcon.colcon_core.package_identification[0m [1;30mLevel 1[0m _identify(src/HW4/estimation_and_vision_assignment) by extensions ['colcon_meta']
[0.292s] [34mcolcon.colcon_core.package_identification[0m [1;30mLevel 1[0m _identify(src/HW4/estimation_and_vision_assignment) by extension 'colcon_meta'
[0.292s] [34mcolcon.colcon_core.package_identification[0m [1;30mLevel 1[0m _identify(src/HW4/estimation_and_vision_assignment) by extensions ['ros']
[0.292s] [34mcolcon.colcon_core.package_identification[0m [1;30mLevel 1[0m _identify(src/HW4/estimation_and_vision_assignment) by extension 'ros'
[0.294s] [34mcolcon.colcon_core.package_identification[0m [1;30mDEBUG[0m [32mPackage 'src/HW4/estimation_and_vision_assignment' with type 'ros.ament_cmake' and name 'estimation_and_vision_assignment'[0m
[0.294s] [34mcolcon.colcon_core.package_identification[0m [1;30mLevel 1[0m _identify(src/car_control) by extensions ['ignore', 'ignore_ament_install']
[0.294s] [34mcolcon.colcon_core.package_identification[0m [1;30mLevel 1[0m _identify(src/car_control) by extension 'ignore'
[0.294s] [34mcolcon.colcon_core.package_identification[0m [1;30mLevel 1[0m _identify(src/car_control) by extension 'ignore_ament_install'
[0.294s] [34mcolcon.colcon_core.package_identification[0m [1;30mLevel 1[0m _identify(src/car_control) by extensions ['colcon_pkg']
[0.294s] [34mcolcon.colcon_core.package_identification[0m [1;30mLevel 1[0m _identify(src/car_control) by extension 'colcon_pkg'
[0.294s] [34mcolcon.colcon_core.package_identification[0m [1;30mLevel 1[0m _identify(src/car_control) by extensions ['colcon_meta']
[0.294s] [34mcolcon.colcon_core.package_identification[0m [1;30mLevel 1[0m _identify(src/car_control) by extension 'colcon_meta'
[0.294s] [34mcolcon.colcon_core.package_identification[0m [1;30mLevel 1[0m _identify(src/car_control) by extensions ['ros']
[0.294s] [34mcolcon.colcon_core.package_identification[0m [1;30mLevel 1[0m _identify(src/car_control) by extension 'ros'
[0.295s] [34mcolcon.colcon_core.package_identification[0m [1;30mDEBUG[0m [32mPackage 'src/car_control' with type 'ros.ament_cmake' and name 'car_control'[0m
[0.295s] [34mcolcon.colcon_core.package_identification[0m [1;30mLevel 1[0m _identify(src/costmap_converter) by extensions ['ignore', 'ignore_ament_install']
[0.295s] [34mcolcon.colcon_core.package_identification[0m [1;30mLevel 1[0m _identify(src/costmap_converter) by extension 'ignore'
[0.295s] [34mcolcon.colcon_core.package_identification[0m [1;30mLevel 1[0m _identify(src/costmap_converter) by extension 'ignore_ament_install'
[0.295s] [34mcolcon.colcon_core.package_identification[0m [1;30mLevel 1[0m _identify(src/costmap_converter) by extensions ['colcon_pkg']
[0.295s] [34mcolcon.colcon_core.package_identification[0m [1;30mLevel 1[0m _identify(src/costmap_converter) by extension 'colcon_pkg'
[0.295s] [34mcolcon.colcon_core.package_identification[0m [1;30mLevel 1[0m _identify(src/costmap_converter) by extensions ['colcon_meta']
[0.295s] [34mcolcon.colcon_core.package_identification[0m [1;30mLevel 1[0m _identify(src/costmap_converter) by extension 'colcon_meta'
[0.295s] [34mcolcon.colcon_core.package_identification[0m [1;30mLevel 1[0m _identify(src/costmap_converter) by extensions ['ros']
[0.295s] [34mcolcon.colcon_core.package_identification[0m [1;30mLevel 1[0m _identify(src/costmap_converter) by extension 'ros'
[0.295s] [34mcolcon.colcon_core.package_identification[0m [1;30mLevel 1[0m _identify(src/costmap_converter) by extensions ['cmake', 'python']
[0.295s] [34mcolcon.colcon_core.package_identification[0m [1;30mLevel 1[0m _identify(src/costmap_converter) by extension 'cmake'
[0.295s] [34mcolcon.colcon_core.package_identification[0m [1;30mLevel 1[0m _identify(src/costmap_converter) by extension 'python'
[0.295s] [34mcolcon.colcon_core.package_identification[0m [1;30mLevel 1[0m _identify(src/costmap_converter) by extensions ['python_setup_py']
[0.295s] [34mcolcon.colcon_core.package_identification[0m [1;30mLevel 1[0m _identify(src/costmap_converter) by extension 'python_setup_py'
[0.295s] [34mcolcon.colcon_core.package_identification[0m [1;30mLevel 1[0m _identify(src/obj_det_visualizer) by extensions ['ignore', 'ignore_ament_install']
[0.295s] [34mcolcon.colcon_core.package_identification[0m [1;30mLevel 1[0m _identify(src/obj_det_visualizer) by extension 'ignore'
[0.295s] [34mcolcon.colcon_core.package_identification[0m [1;30mLevel 1[0m _identify(src/obj_det_visualizer) by extension 'ignore_ament_install'
[0.295s] [34mcolcon.colcon_core.package_identification[0m [1;30mLevel 1[0m _identify(src/obj_det_visualizer) by extensions ['colcon_pkg']
[0.295s] [34mcolcon.colcon_core.package_identification[0m [1;30mLevel 1[0m _identify(src/obj_det_visualizer) by extension 'colcon_pkg'
[0.296s] [34mcolcon.colcon_core.package_identification[0m [1;30mLevel 1[0m _identify(src/obj_det_visualizer) by extensions ['colcon_meta']
[0.296s] [34mcolcon.colcon_core.package_identification[0m [1;30mLevel 1[0m _identify(src/obj_det_visualizer) by extension 'colcon_meta'
[0.296s] [34mcolcon.colcon_core.package_identification[0m [1;30mLevel 1[0m _identify(src/obj_det_visualizer) by extensions ['ros']
[0.296s] [34mcolcon.colcon_core.package_identification[0m [1;30mLevel 1[0m _identify(src/obj_det_visualizer) by extension 'ros'
[0.296s] [34mcolcon.colcon_core.package_identification[0m [1;30mDEBUG[0m [32mPackage 'src/obj_det_visualizer' with type 'ros.ament_python' and name 'obj_det_visualizer'[0m
[0.296s] [34mcolcon.colcon_core.package_identification[0m [1;30mLevel 1[0m _identify(src/racetrack_challenge) by extensions ['ignore', 'ignore_ament_install']
[0.296s] [34mcolcon.colcon_core.package_identification[0m [1;30mLevel 1[0m _identify(src/racetrack_challenge) by extension 'ignore'
[0.296s] [34mcolcon.colcon_core.package_identification[0m [1;30mLevel 1[0m _identify(src/racetrack_challenge) by extension 'ignore_ament_install'
[0.296s] [34mcolcon.colcon_core.package_identification[0m [1;30mLevel 1[0m _identify(src/racetrack_challenge) by extensions ['colcon_pkg']
[0.296s] [34mcolcon.colcon_core.package_identification[0m [1;30mLevel 1[0m _identify(src/racetrack_challenge) by extension 'colcon_pkg'
[0.296s] [34mcolcon.colcon_core.package_identification[0m [1;30mLevel 1[0m _identify(src/racetrack_challenge) by extensions ['colcon_meta']
[0.296s] [34mcolcon.colcon_core.package_identification[0m [1;30mLevel 1[0m _identify(src/racetrack_challenge) by extension 'colcon_meta'
[0.296s] [34mcolcon.colcon_core.package_identification[0m [1;30mLevel 1[0m _identify(src/racetrack_challenge) by extensions ['ros']
[0.296s] [34mcolcon.colcon_core.package_identification[0m [1;30mLevel 1[0m _identify(src/racetrack_challenge) by extension 'ros'
[0.296s] [34mcolcon.colcon_core.package_identification[0m [1;30mLevel 1[0m _identify(src/racetrack_challenge) by extensions ['cmake', 'python']
[0.296s] [34mcolcon.colcon_core.package_identification[0m [1;30mLevel 1[0m _identify(src/racetrack_challenge) by extension 'cmake'
[0.297s] [34mcolcon.colcon_core.package_identification[0m [1;30mLevel 1[0m _identify(src/racetrack_challenge) by extension 'python'
[0.297s] [34mcolcon.colcon_core.package_identification[0m [1;30mLevel 1[0m _identify(src/racetrack_challenge) by extensions ['python_setup_py']
[0.297s] [34mcolcon.colcon_core.package_identification[0m [1;30mLevel 1[0m _identify(src/racetrack_challenge) by extension 'python_setup_py'
[0.297s] [34mcolcon.colcon_core.package_identification[0m [1;30mLevel 1[0m _identify(src/racetrack_challenge/lane_follower) by extensions ['ignore', 'ignore_ament_install']
[0.297s] [34mcolcon.colcon_core.package_identification[0m [1;30mLevel 1[0m _identify(src/racetrack_challenge/lane_follower) by extension 'ignore'
[0.297s] [34mcolcon.colcon_core.package_identification[0m [1;30mLevel 1[0m _identify(src/racetrack_challenge/lane_follower) by extension 'ignore_ament_install'
[0.297s] [34mcolcon.colcon_core.package_identification[0m [1;30mLevel 1[0m _identify(src/racetrack_challenge/lane_follower) by extensions ['colcon_pkg']
[0.297s] [34mcolcon.colcon_core.package_identification[0m [1;30mLevel 1[0m _identify(src/racetrack_challenge/lane_follower) by extension 'colcon_pkg'
[0.297s] [34mcolcon.colcon_core.package_identification[0m [1;30mLevel 1[0m _identify(src/racetrack_challenge/lane_follower) by extensions ['colcon_meta']
[0.297s] [34mcolcon.colcon_core.package_identification[0m [1;30mLevel 1[0m _identify(src/racetrack_challenge/lane_follower) by extension 'colcon_meta'
[0.297s] [34mcolcon.colcon_core.package_identification[0m [1;30mLevel 1[0m _identify(src/racetrack_challenge/lane_follower) by extensions ['ros']
[0.297s] [34mcolcon.colcon_core.package_identification[0m [1;30mLevel 1[0m _identify(src/racetrack_challenge/lane_follower) by extension 'ros'
[0.297s] [34mcolcon.colcon_core.package_identification[0m [1;30mDEBUG[0m [32mPackage 'src/racetrack_challenge/lane_follower' with type 'ros.ament_python' and name 'lane_follower'[0m
[0.297s] [34mcolcon.colcon_core.package_identification[0m [1;30mLevel 1[0m _identify(src/uros) by extensions ['ignore', 'ignore_ament_install']
[0.297s] [34mcolcon.colcon_core.package_identification[0m [1;30mLevel 1[0m _identify(src/uros) by extension 'ignore'
[0.298s] [34mcolcon.colcon_core.package_identification[0m [1;30mLevel 1[0m _identify(src/uros) by extension 'ignore_ament_install'
[0.298s] [34mcolcon.colcon_core.package_identification[0m [1;30mLevel 1[0m _identify(src/uros) by extensions ['colcon_pkg']
[0.298s] [34mcolcon.colcon_core.package_identification[0m [1;30mLevel 1[0m _identify(src/uros) by extension 'colcon_pkg'
[0.298s] [34mcolcon.colcon_core.package_identification[0m [1;30mLevel 1[0m _identify(src/uros) by extensions ['colcon_meta']
[0.298s] [34mcolcon.colcon_core.package_identification[0m [1;30mLevel 1[0m _identify(src/uros) by extension 'colcon_meta'
[0.298s] [34mcolcon.colcon_core.package_identification[0m [1;30mLevel 1[0m _identify(src/uros) by extensions ['ros']
[0.298s] [34mcolcon.colcon_core.package_identification[0m [1;30mLevel 1[0m _identify(src/uros) by extension 'ros'
[0.298s] [34mcolcon.colcon_core.package_identification[0m [1;30mLevel 1[0m _identify(src/uros) by extensions ['cmake', 'python']
[0.298s] [34mcolcon.colcon_core.package_identification[0m [1;30mLevel 1[0m _identify(src/uros) by extension 'cmake'
[0.298s] [34mcolcon.colcon_core.package_identification[0m [1;30mLevel 1[0m _identify(src/uros) by extension 'python'
[0.298s] [34mcolcon.colcon_core.package_identification[0m [1;30mLevel 1[0m _identify(src/uros) by extensions ['python_setup_py']
[0.298s] [34mcolcon.colcon_core.package_identification[0m [1;30mLevel 1[0m _identify(src/uros) by extension 'python_setup_py'
[0.298s] [34mcolcon.colcon_core.package_identification[0m [1;30mLevel 1[0m _identify(src/uros/drive_base) by extensions ['ignore', 'ignore_ament_install']
[0.298s] [34mcolcon.colcon_core.package_identification[0m [1;30mLevel 1[0m _identify(src/uros/drive_base) by extension 'ignore'
[0.298s] [34mcolcon.colcon_core.package_identification[0m [1;30mLevel 1[0m _identify(src/uros/drive_base) by extension 'ignore_ament_install'
[0.298s] [34mcolcon.colcon_core.package_identification[0m [1;30mLevel 1[0m _identify(src/uros/drive_base) by extensions ['colcon_pkg']
[0.298s] [34mcolcon.colcon_core.package_identification[0m [1;30mLevel 1[0m _identify(src/uros/drive_base) by extension 'colcon_pkg'
[0.298s] [34mcolcon.colcon_core.package_identification[0m [1;30mLevel 1[0m _identify(src/uros/drive_base) by extensions ['colcon_meta']
[0.298s] [34mcolcon.colcon_core.package_identification[0m [1;30mLevel 1[0m _identify(src/uros/drive_base) by extension 'colcon_meta'
[0.298s] [34mcolcon.colcon_core.package_identification[0m [1;30mLevel 1[0m _identify(src/uros/drive_base) by extensions ['ros']
[0.298s] [34mcolcon.colcon_core.package_identification[0m [1;30mLevel 1[0m _identify(src/uros/drive_base) by extension 'ros'
[0.298s] [34mcolcon.colcon_core.package_identification[0m [1;30mLevel 1[0m _identify(src/uros/drive_base) by extensions ['cmake', 'python']
[0.298s] [34mcolcon.colcon_core.package_identification[0m [1;30mLevel 1[0m _identify(src/uros/drive_base) by extension 'cmake'
[0.298s] [34mcolcon.colcon_core.package_identification[0m [1;30mLevel 1[0m _identify(src/uros/drive_base) by extension 'python'
[0.298s] [34mcolcon.colcon_core.package_identification[0m [1;30mLevel 1[0m _identify(src/uros/drive_base) by extensions ['python_setup_py']
[0.298s] [34mcolcon.colcon_core.package_identification[0m [1;30mLevel 1[0m _identify(src/uros/drive_base) by extension 'python_setup_py'
[0.298s] [34mcolcon.colcon_core.package_identification[0m [1;30mLevel 1[0m _identify(src/uros/micro-ROS-Agent) by extensions ['ignore', 'ignore_ament_install']
[0.299s] [34mcolcon.colcon_core.package_identification[0m [1;30mLevel 1[0m _identify(src/uros/micro-ROS-Agent) by extension 'ignore'
[0.299s] [34mcolcon.colcon_core.package_identification[0m [1;30mLevel 1[0m _identify(src/uros/micro-ROS-Agent) by extension 'ignore_ament_install'
[0.299s] [34mcolcon.colcon_core.package_identification[0m [1;30mLevel 1[0m _identify(src/uros/micro-ROS-Agent) by extensions ['colcon_pkg']
[0.299s] [34mcolcon.colcon_core.package_identification[0m [1;30mLevel 1[0m _identify(src/uros/micro-ROS-Agent) by extension 'colcon_pkg'
[0.299s] [34mcolcon.colcon_core.package_identification[0m [1;30mLevel 1[0m _identify(src/uros/micro-ROS-Agent) by extensions ['colcon_meta']
[0.299s] [34mcolcon.colcon_core.package_identification[0m [1;30mLevel 1[0m _identify(src/uros/micro-ROS-Agent) by extension 'colcon_meta'
[0.299s] [34mcolcon.colcon_core.package_identification[0m [1;30mLevel 1[0m _identify(src/uros/micro-ROS-Agent) by extensions ['ros']
[0.299s] [34mcolcon.colcon_core.package_identification[0m [1;30mLevel 1[0m _identify(src/uros/micro-ROS-Agent) by extension 'ros'
[0.299s] [34mcolcon.colcon_core.package_identification[0m [1;30mLevel 1[0m _identify(src/uros/micro-ROS-Agent) by extensions ['cmake', 'python']
[0.299s] [34mcolcon.colcon_core.package_identification[0m [1;30mLevel 1[0m _identify(src/uros/micro-ROS-Agent) by extension 'cmake'
[0.299s] [34mcolcon.colcon_core.package_identification[0m [1;30mLevel 1[0m _identify(src/uros/micro-ROS-Agent) by extension 'python'
[0.299s] [34mcolcon.colcon_core.package_identification[0m [1;30mLevel 1[0m _identify(src/uros/micro-ROS-Agent) by extensions ['python_setup_py']
[0.299s] [34mcolcon.colcon_core.package_identification[0m [1;30mLevel 1[0m _identify(src/uros/micro-ROS-Agent) by extension 'python_setup_py'
[0.299s] [34mcolcon.colcon_core.package_identification[0m [1;30mLevel 1[0m _identify(src/uros/micro_ros_msgs) by extensions ['ignore', 'ignore_ament_install']
[0.299s] [34mcolcon.colcon_core.package_identification[0m [1;30mLevel 1[0m _identify(src/uros/micro_ros_msgs) by extension 'ignore'
[0.299s] [34mcolcon.colcon_core.package_identification[0m [1;30mLevel 1[0m _identify(src/uros/micro_ros_msgs) by extension 'ignore_ament_install'
[0.299s] [34mcolcon.colcon_core.package_identification[0m [1;30mLevel 1[0m _identify(src/uros/micro_ros_msgs) by extensions ['colcon_pkg']
[0.299s] [34mcolcon.colcon_core.package_identification[0m [1;30mLevel 1[0m _identify(src/uros/micro_ros_msgs) by extension 'colcon_pkg'
[0.299s] [34mcolcon.colcon_core.package_identification[0m [1;30mLevel 1[0m _identify(src/uros/micro_ros_msgs) by extensions ['colcon_meta']
[0.299s] [34mcolcon.colcon_core.package_identification[0m [1;30mLevel 1[0m _identify(src/uros/micro_ros_msgs) by extension 'colcon_meta'
[0.299s] [34mcolcon.colcon_core.package_identification[0m [1;30mLevel 1[0m _identify(src/uros/micro_ros_msgs) by extensions ['ros']
[0.299s] [34mcolcon.colcon_core.package_identification[0m [1;30mLevel 1[0m _identify(src/uros/micro_ros_msgs) by extension 'ros'
[0.299s] [34mcolcon.colcon_core.package_identification[0m [1;30mLevel 1[0m _identify(src/uros/micro_ros_msgs) by extensions ['cmake', 'python']
[0.299s] [34mcolcon.colcon_core.package_identification[0m [1;30mLevel 1[0m _identify(src/uros/micro_ros_msgs) by extension 'cmake'
[0.299s] [34mcolcon.colcon_core.package_identification[0m [1;30mLevel 1[0m _identify(src/uros/micro_ros_msgs) by extension 'python'
[0.299s] [34mcolcon.colcon_core.package_identification[0m [1;30mLevel 1[0m _identify(src/uros/micro_ros_msgs) by extensions ['python_setup_py']
[0.299s] [34mcolcon.colcon_core.package_identification[0m [1;30mLevel 1[0m _identify(src/uros/micro_ros_msgs) by extension 'python_setup_py'
[0.300s] [34mcolcon.colcon_core.package_identification[0m [1;30mLevel 1[0m _identify(src/vision_opencv) by extensions ['ignore', 'ignore_ament_install']
[0.300s] [34mcolcon.colcon_core.package_identification[0m [1;30mLevel 1[0m _identify(src/vision_opencv) by extension 'ignore'
[0.300s] [34mcolcon.colcon_core.package_identification[0m [1;30mLevel 1[0m _identify(src/vision_opencv) by extension 'ignore_ament_install'
[0.300s] [34mcolcon.colcon_core.package_identification[0m [1;30mLevel 1[0m _identify(src/vision_opencv) by extensions ['colcon_pkg']
[0.300s] [34mcolcon.colcon_core.package_identification[0m [1;30mLevel 1[0m _identify(src/vision_opencv) by extension 'colcon_pkg'
[0.300s] [34mcolcon.colcon_core.package_identification[0m [1;30mLevel 1[0m _identify(src/vision_opencv) by extensions ['colcon_meta']
[0.300s] [34mcolcon.colcon_core.package_identification[0m [1;30mLevel 1[0m _identify(src/vision_opencv) by extension 'colcon_meta'
[0.300s] [34mcolcon.colcon_core.package_identification[0m [1;30mLevel 1[0m _identify(src/vision_opencv) by extensions ['ros']
[0.300s] [34mcolcon.colcon_core.package_identification[0m [1;30mLevel 1[0m _identify(src/vision_opencv) by extension 'ros'
[0.300s] [34mcolcon.colcon_core.package_identification[0m [1;30mLevel 1[0m _identify(src/vision_opencv) by extensions ['cmake', 'python']
[0.300s] [34mcolcon.colcon_core.package_identification[0m [1;30mLevel 1[0m _identify(src/vision_opencv) by extension 'cmake'
[0.300s] [34mcolcon.colcon_core.package_identification[0m [1;30mLevel 1[0m _identify(src/vision_opencv) by extension 'python'
[0.300s] [34mcolcon.colcon_core.package_identification[0m [1;30mLevel 1[0m _identify(src/vision_opencv) by extensions ['python_setup_py']
[0.300s] [34mcolcon.colcon_core.package_identification[0m [1;30mLevel 1[0m _identify(src/vision_opencv) by extension 'python_setup_py'
[0.300s] [34mcolcon.colcon_core.package_identification[0m [1;30mLevel 1[0m _identify(src/yolo_ros) by extensions ['ignore', 'ignore_ament_install']
[0.300s] [34mcolcon.colcon_core.package_identification[0m [1;30mLevel 1[0m _identify(src/yolo_ros) by extension 'ignore'
[0.300s] [34mcolcon.colcon_core.package_identification[0m [1;30mLevel 1[0m _identify(src/yolo_ros) by extension 'ignore_ament_install'
[0.300s] [34mcolcon.colcon_core.package_identification[0m [1;30mLevel 1[0m _identify(src/yolo_ros) by extensions ['colcon_pkg']
[0.300s] [34mcolcon.colcon_core.package_identification[0m [1;30mLevel 1[0m _identify(src/yolo_ros) by extension 'colcon_pkg'
[0.300s] [34mcolcon.colcon_core.package_identification[0m [1;30mLevel 1[0m _identify(src/yolo_ros) by extensions ['colcon_meta']
[0.300s] [34mcolcon.colcon_core.package_identification[0m [1;30mLevel 1[0m _identify(src/yolo_ros) by extension 'colcon_meta'
[0.300s] [34mcolcon.colcon_core.package_identification[0m [1;30mLevel 1[0m _identify(src/yolo_ros) by extensions ['ros']
[0.300s] [34mcolcon.colcon_core.package_identification[0m [1;30mLevel 1[0m _identify(src/yolo_ros) by extension 'ros'
[0.300s] [34mcolcon.colcon_core.package_identification[0m [1;30mLevel 1[0m _identify(src/yolo_ros) by extensions ['cmake', 'python']
[0.300s] [34mcolcon.colcon_core.package_identification[0m [1;30mLevel 1[0m _identify(src/yolo_ros) by extension 'cmake'
[0.300s] [34mcolcon.colcon_core.package_identification[0m [1;30mLevel 1[0m _identify(src/yolo_ros) by extension 'python'
[0.301s] [34mcolcon.colcon_core.package_identification[0m [1;30mLevel 1[0m _identify(src/yolo_ros) by extensions ['python_setup_py']
[0.301s] [34mcolcon.colcon_core.package_identification[0m [1;30mLevel 1[0m _identify(src/yolo_ros) by extension 'python_setup_py'
[0.301s] [34mcolcon.colcon_core.package_identification[0m [1;30mLevel 1[0m _identify(src/yolo_ros/docs) by extensions ['ignore', 'ignore_ament_install']
[0.301s] [34mcolcon.colcon_core.package_identification[0m [1;30mLevel 1[0m _identify(src/yolo_ros/docs) by extension 'ignore'
[0.301s] [34mcolcon.colcon_core.package_identification[0m [1;30mLevel 1[0m _identify(src/yolo_ros/docs) by extension 'ignore_ament_install'
[0.301s] [34mcolcon.colcon_core.package_identification[0m [1;30mLevel 1[0m _identify(src/yolo_ros/docs) by extensions ['colcon_pkg']
[0.301s] [34mcolcon.colcon_core.package_identification[0m [1;30mLevel 1[0m _identify(src/yolo_ros/docs) by extension 'colcon_pkg'
[0.301s] [34mcolcon.colcon_core.package_identification[0m [1;30mLevel 1[0m _identify(src/yolo_ros/docs) by extensions ['colcon_meta']
[0.301s] [34mcolcon.colcon_core.package_identification[0m [1;30mLevel 1[0m _identify(src/yolo_ros/docs) by extension 'colcon_meta'
[0.301s] [34mcolcon.colcon_core.package_identification[0m [1;30mLevel 1[0m _identify(src/yolo_ros/docs) by extensions ['ros']
[0.301s] [34mcolcon.colcon_core.package_identification[0m [1;30mLevel 1[0m _identify(src/yolo_ros/docs) by extension 'ros'
[0.301s] [34mcolcon.colcon_core.package_identification[0m [1;30mLevel 1[0m _identify(src/yolo_ros/docs) by extensions ['cmake', 'python']
[0.301s] [34mcolcon.colcon_core.package_identification[0m [1;30mLevel 1[0m _identify(src/yolo_ros/docs) by extension 'cmake'
[0.301s] [34mcolcon.colcon_core.package_identification[0m [1;30mLevel 1[0m _identify(src/yolo_ros/docs) by extension 'python'
[0.301s] [34mcolcon.colcon_core.package_identification[0m [1;30mLevel 1[0m _identify(src/yolo_ros/docs) by extensions ['python_setup_py']
[0.301s] [34mcolcon.colcon_core.package_identification[0m [1;30mLevel 1[0m _identify(src/yolo_ros/docs) by extension 'python_setup_py'
[0.301s] [34mcolcon.colcon_core.package_identification[0m [1;30mLevel 1[0m _identify(src/yolo_ros/yolo_bringup) by extensions ['ignore', 'ignore_ament_install']
[0.301s] [34mcolcon.colcon_core.package_identification[0m [1;30mLevel 1[0m _identify(src/yolo_ros/yolo_bringup) by extension 'ignore'
[0.301s] [34mcolcon.colcon_core.package_identification[0m [1;30mLevel 1[0m _identify(src/yolo_ros/yolo_bringup) by extension 'ignore_ament_install'
[0.301s] [34mcolcon.colcon_core.package_identification[0m [1;30mLevel 1[0m _identify(src/yolo_ros/yolo_bringup) by extensions ['colcon_pkg']
[0.301s] [34mcolcon.colcon_core.package_identification[0m [1;30mLevel 1[0m _identify(src/yolo_ros/yolo_bringup) by extension 'colcon_pkg'
[0.301s] [34mcolcon.colcon_core.package_identification[0m [1;30mLevel 1[0m _identify(src/yolo_ros/yolo_bringup) by extensions ['colcon_meta']
[0.301s] [34mcolcon.colcon_core.package_identification[0m [1;30mLevel 1[0m _identify(src/yolo_ros/yolo_bringup) by extension 'colcon_meta'
[0.301s] [34mcolcon.colcon_core.package_identification[0m [1;30mLevel 1[0m _identify(src/yolo_ros/yolo_bringup) by extensions ['ros']
[0.302s] [34mcolcon.colcon_core.package_identification[0m [1;30mLevel 1[0m _identify(src/yolo_ros/yolo_bringup) by extension 'ros'
[0.302s] [34mcolcon.colcon_core.package_identification[0m [1;30mDEBUG[0m [32mPackage 'src/yolo_ros/yolo_bringup' with type 'ros.ament_cmake' and name 'yolo_bringup'[0m
[0.302s] [34mcolcon.colcon_core.package_identification[0m [1;30mLevel 1[0m _identify(src/yolo_ros/yolo_msgs) by extensions ['ignore', 'ignore_ament_install']
[0.302s] [34mcolcon.colcon_core.package_identification[0m [1;30mLevel 1[0m _identify(src/yolo_ros/yolo_msgs) by extension 'ignore'
[0.302s] [34mcolcon.colcon_core.package_identification[0m [1;30mLevel 1[0m _identify(src/yolo_ros/yolo_msgs) by extension 'ignore_ament_install'
[0.302s] [34mcolcon.colcon_core.package_identification[0m [1;30mLevel 1[0m _identify(src/yolo_ros/yolo_msgs) by extensions ['colcon_pkg']
[0.302s] [34mcolcon.colcon_core.package_identification[0m [1;30mLevel 1[0m _identify(src/yolo_ros/yolo_msgs) by extension 'colcon_pkg'
[0.302s] [34mcolcon.colcon_core.package_identification[0m [1;30mLevel 1[0m _identify(src/yolo_ros/yolo_msgs) by extensions ['colcon_meta']
[0.302s] [34mcolcon.colcon_core.package_identification[0m [1;30mLevel 1[0m _identify(src/yolo_ros/yolo_msgs) by extension 'colcon_meta'
[0.302s] [34mcolcon.colcon_core.package_identification[0m [1;30mLevel 1[0m _identify(src/yolo_ros/yolo_msgs) by extensions ['ros']
[0.302s] [34mcolcon.colcon_core.package_identification[0m [1;30mLevel 1[0m _identify(src/yolo_ros/yolo_msgs) by extension 'ros'
[0.303s] [34mcolcon.colcon_core.package_identification[0m [1;30mDEBUG[0m [32mPackage 'src/yolo_ros/yolo_msgs' with type 'ros.ament_cmake' and name 'yolo_msgs'[0m
[0.303s] [34mcolcon.colcon_core.package_identification[0m [1;30mLevel 1[0m _identify(src/yolo_ros/yolo_ros) by extensions ['ignore', 'ignore_ament_install']
[0.303s] [34mcolcon.colcon_core.package_identification[0m [1;30mLevel 1[0m _identify(src/yolo_ros/yolo_ros) by extension 'ignore'
[0.303s] [34mcolcon.colcon_core.package_identification[0m [1;30mLevel 1[0m _identify(src/yolo_ros/yolo_ros) by extension 'ignore_ament_install'
[0.303s] [34mcolcon.colcon_core.package_identification[0m [1;30mLevel 1[0m _identify(src/yolo_ros/yolo_ros) by extensions ['colcon_pkg']
[0.303s] [34mcolcon.colcon_core.package_identification[0m [1;30mLevel 1[0m _identify(src/yolo_ros/yolo_ros) by extension 'colcon_pkg'
[0.303s] [34mcolcon.colcon_core.package_identification[0m [1;30mLevel 1[0m _identify(src/yolo_ros/yolo_ros) by extensions ['colcon_meta']
[0.303s] [34mcolcon.colcon_core.package_identification[0m [1;30mLevel 1[0m _identify(src/yolo_ros/yolo_ros) by extension 'colcon_meta'
[0.303s] [34mcolcon.colcon_core.package_identification[0m [1;30mLevel 1[0m _identify(src/yolo_ros/yolo_ros) by extensions ['ros']
[0.303s] [34mcolcon.colcon_core.package_identification[0m [1;30mLevel 1[0m _identify(src/yolo_ros/yolo_ros) by extension 'ros'
[0.304s] [34mcolcon.colcon_core.package_identification[0m [1;30mDEBUG[0m [32mPackage 'src/yolo_ros/yolo_ros' with type 'ros.ament_python' and name 'yolo_ros'[0m
[0.304s] [34mcolcon.colcon_core.package_identification[0m [1;30mLevel 1[0m _identify(src/zed-ros2-examples) by extensions ['ignore', 'ignore_ament_install']
[0.304s] [34mcolcon.colcon_core.package_identification[0m [1;30mLevel 1[0m _identify(src/zed-ros2-examples) by extension 'ignore'
[0.304s] [34mcolcon.colcon_core.package_identification[0m [1;30mLevel 1[0m _identify(src/zed-ros2-examples) by extension 'ignore_ament_install'
[0.304s] [34mcolcon.colcon_core.package_identification[0m [1;30mLevel 1[0m _identify(src/zed-ros2-examples) by extensions ['colcon_pkg']
[0.304s] [34mcolcon.colcon_core.package_identification[0m [1;30mLevel 1[0m _identify(src/zed-ros2-examples) by extension 'colcon_pkg'
[0.304s] [34mcolcon.colcon_core.package_identification[0m [1;30mLevel 1[0m _identify(src/zed-ros2-examples) by extensions ['colcon_meta']
[0.304s] [34mcolcon.colcon_core.package_identification[0m [1;30mLevel 1[0m _identify(src/zed-ros2-examples) by extension 'colcon_meta'
[0.304s] [34mcolcon.colcon_core.package_identification[0m [1;30mLevel 1[0m _identify(src/zed-ros2-examples) by extensions ['ros']
[0.304s] [34mcolcon.colcon_core.package_identification[0m [1;30mLevel 1[0m _identify(src/zed-ros2-examples) by extension 'ros'
[0.304s] [34mcolcon.colcon_core.package_identification[0m [1;30mLevel 1[0m _identify(src/zed-ros2-examples) by extensions ['cmake', 'python']
[0.304s] [34mcolcon.colcon_core.package_identification[0m [1;30mLevel 1[0m _identify(src/zed-ros2-examples) by extension 'cmake'
[0.304s] [34mcolcon.colcon_core.package_identification[0m [1;30mLevel 1[0m _identify(src/zed-ros2-examples) by extension 'python'
[0.304s] [34mcolcon.colcon_core.package_identification[0m [1;30mLevel 1[0m _identify(src/zed-ros2-examples) by extensions ['python_setup_py']
[0.304s] [34mcolcon.colcon_core.package_identification[0m [1;30mLevel 1[0m _identify(src/zed-ros2-examples) by extension 'python_setup_py'
[0.304s] [34mcolcon.colcon_core.package_identification[0m [1;30mLevel 1[0m _identify(src/zed-ros2-wrapper) by extensions ['ignore', 'ignore_ament_install']
[0.304s] [34mcolcon.colcon_core.package_identification[0m [1;30mLevel 1[0m _identify(src/zed-ros2-wrapper) by extension 'ignore'
[0.304s] [34mcolcon.colcon_core.package_identification[0m [1;30mLevel 1[0m _identify(src/zed-ros2-wrapper) by extension 'ignore_ament_install'
[0.304s] [34mcolcon.colcon_core.package_identification[0m [1;30mLevel 1[0m _identify(src/zed-ros2-wrapper) by extensions ['colcon_pkg']
[0.304s] [34mcolcon.colcon_core.package_identification[0m [1;30mLevel 1[0m _identify(src/zed-ros2-wrapper) by extension 'colcon_pkg'
[0.304s] [34mcolcon.colcon_core.package_identification[0m [1;30mLevel 1[0m _identify(src/zed-ros2-wrapper) by extensions ['colcon_meta']
[0.305s] [34mcolcon.colcon_core.package_identification[0m [1;30mLevel 1[0m _identify(src/zed-ros2-wrapper) by extension 'colcon_meta'
[0.305s] [34mcolcon.colcon_core.package_identification[0m [1;30mLevel 1[0m _identify(src/zed-ros2-wrapper) by extensions ['ros']
[0.305s] [34mcolcon.colcon_core.package_identification[0m [1;30mLevel 1[0m _identify(src/zed-ros2-wrapper) by extension 'ros'
[0.305s] [34mcolcon.colcon_core.package_identification[0m [1;30mLevel 1[0m _identify(src/zed-ros2-wrapper) by extensions ['cmake', 'python']
[0.305s] [34mcolcon.colcon_core.package_identification[0m [1;30mLevel 1[0m _identify(src/zed-ros2-wrapper) by extension 'cmake'
[0.305s] [34mcolcon.colcon_core.package_identification[0m [1;30mLevel 1[0m _identify(src/zed-ros2-wrapper) by extension 'python'
[0.305s] [34mcolcon.colcon_core.package_identification[0m [1;30mLevel 1[0m _identify(src/zed-ros2-wrapper) by extensions ['python_setup_py']
[0.305s] [34mcolcon.colcon_core.package_identification[0m [1;30mLevel 1[0m _identify(src/zed-ros2-wrapper) by extension 'python_setup_py'
[0.305s] [34mcolcon.colcon_core.package_discovery[0m [1;30mLevel 1[0m discover_packages(recursive) using defaults
[0.305s] [34mcolcon.colcon_core.package_discovery[0m [1;30mLevel 1[0m discover_packages(ignore) discover
[0.305s] [34mcolcon.colcon_core.package_discovery[0m [1;30mLevel 1[0m discover_packages(ignore) using defaults
[0.305s] [34mcolcon.colcon_core.package_discovery[0m [1;30mLevel 1[0m discover_packages(path) discover
[0.305s] [34mcolcon.colcon_core.package_discovery[0m [1;30mLevel 1[0m discover_packages(path) using defaults
[0.332s] [34mcolcon.colcon_core.package_selection[0m [1;30mINFO[0m Skipping not selected package 'car_control' in 'src/car_control'
[0.332s] [34mcolcon.colcon_core.package_selection[0m [1;30mINFO[0m Skipping not selected package 'estimation_and_vision_assignment' in 'src/HW4/estimation_and_vision_assignment'
[0.332s] [34mcolcon.colcon_core.package_selection[0m [1;30mINFO[0m Skipping not selected package 'lane_follower' in 'src/racetrack_challenge/lane_follower'
[0.332s] [34mcolcon.colcon_core.package_selection[0m [1;30mINFO[0m Skipping not selected package 'obj_det_visualizer' in 'src/obj_det_visualizer'
[0.332s] [34mcolcon.colcon_core.package_selection[0m [1;30mINFO[0m Skipping not selected package 'yolo_msgs' in 'src/yolo_ros/yolo_msgs'
[0.332s] [34mcolcon.colcon_core.package_selection[0m [1;30mINFO[0m Skipping not selected package 'yolo_bringup' in 'src/yolo_ros/yolo_bringup'
[0.332s] [34mcolcon.colcon_core.package_discovery[0m [1;30mLevel 1[0m discover_packages(prefix_path) check parameters
[0.332s] [34mcolcon.colcon_core.package_discovery[0m [1;30mLevel 1[0m discover_packages(prefix_path) discover
[0.345s] [34mcolcon.colcon_installed_package_information.package_discovery[0m [1;30mDEBUG[0m [32mFound 32 installed packages in /home/gerald/mobilerobotics_racecar/ros2_ws/install[0m
[0.346s] [34mcolcon.colcon_installed_package_information.package_discovery[0m [1;30mDEBUG[0m [32mFound 14 installed packages in /home/gerald/mobile_robot_ws/install[0m
[0.346s] [34mcolcon.colcon_installed_package_information.package_discovery[0m [1;30mDEBUG[0m [32mFound 1 installed packages in /home/gerald/turtlebot3_frontier_based_ws/install[0m
[0.347s] [34mcolcon.colcon_installed_package_information.package_discovery[0m [1;30mDEBUG[0m [32mFound 4 installed packages in /home/gerald/turtlebot3_ws/install[0m
[0.348s] [34mcolcon.colcon_installed_package_information.package_discovery[0m [1;30mDEBUG[0m [32mFound 25 installed packages in /home/gerald/ros2_ws/install[0m
[0.354s] [34mcolcon.colcon_installed_package_information.package_discovery[0m [1;30mDEBUG[0m [32mFound 346 installed packages in /home/gerald/ros2_humble/install[0m
[0.358s] [34mcolcon.colcon_installed_package_information.package_discovery[0m [1;30mDEBUG[0m [32mFound 323 installed packages in /opt/ros/humble[0m
[0.364s] [34mcolcon.colcon_core.package_discovery[0m [1;30mLevel 1[0m discover_packages(prefix_path) using defaults
[0.413s] [34mcolcon.colcon_core.verb[0m [1;30mLevel 5[0m set package 'yolo_ros' build argument 'cmake_args' from command line to 'None'
[0.414s] [34mcolcon.colcon_core.verb[0m [1;30mLevel 5[0m set package 'yolo_ros' build argument 'cmake_target' from command line to 'None'
[0.414s] [34mcolcon.colcon_core.verb[0m [1;30mLevel 5[0m set package 'yolo_ros' build argument 'cmake_target_skip_unavailable' from command line to 'False'
[0.414s] [34mcolcon.colcon_core.verb[0m [1;30mLevel 5[0m set package 'yolo_ros' build argument 'cmake_clean_cache' from command line to 'False'
[0.414s] [34mcolcon.colcon_core.verb[0m [1;30mLevel 5[0m set package 'yolo_ros' build argument 'cmake_clean_first' from command line to 'False'
[0.414s] [34mcolcon.colcon_core.verb[0m [1;30mLevel 5[0m set package 'yolo_ros' build argument 'cmake_force_configure' from command line to 'False'
[0.414s] [34mcolcon.colcon_core.verb[0m [1;30mLevel 5[0m set package 'yolo_ros' build argument 'ament_cmake_args' from command line to 'None'
[0.414s] [34mcolcon.colcon_core.verb[0m [1;30mLevel 5[0m set package 'yolo_ros' build argument 'catkin_cmake_args' from command line to 'None'
[0.414s] [34mcolcon.colcon_core.verb[0m [1;30mLevel 5[0m set package 'yolo_ros' build argument 'catkin_skip_building_tests' from command line to 'False'
[0.414s] [34mcolcon.colcon_core.verb[0m [1;30mDEBUG[0m [32mBuilding package 'yolo_ros' with the following arguments: {'ament_cmake_args': None, 'build_base': '/home/gerald/mobilerobotics_racecar/ros2_ws/build/yolo_ros', 'catkin_cmake_args': None, 'catkin_skip_building_tests': False, 'cmake_args': None, 'cmake_clean_cache': False, 'cmake_clean_first': False, 'cmake_force_configure': False, 'cmake_target': None, 'cmake_target_skip_unavailable': False, 'install_base': '/home/gerald/mobilerobotics_racecar/ros2_ws/install/yolo_ros', 'merge_install': False, 'path': '/home/gerald/mobilerobotics_racecar/ros2_ws/src/yolo_ros/yolo_ros', 'symlink_install': False, 'test_result_base': None}[0m
[0.414s] [34mcolcon.colcon_core.executor[0m [1;30mINFO[0m Executing jobs using 'parallel' executor
[0.415s] [34mcolcon.colcon_parallel_executor.executor.parallel[0m [1;30mDEBUG[0m [32mrun_until_complete[0m
[0.415s] [34mcolcon.colcon_ros.task.ament_python.build[0m [1;30mINFO[0m Building ROS package in '/home/gerald/mobilerobotics_racecar/ros2_ws/src/yolo_ros/yolo_ros' with build type 'ament_python'
[0.416s] [34mcolcon.colcon_core.shell[0m [1;30mLevel 1[0m create_environment_hook('yolo_ros', 'ament_prefix_path')
[0.421s] [34mcolcon.colcon_core.plugin_system[0m [1;30mINFO[0m Skipping extension 'colcon_core.shell.bat': Not used on non-Windows systems
[0.421s] [34mcolcon.colcon_core.shell[0m [1;30mINFO[0m Creating environment hook '/home/gerald/mobilerobotics_racecar/ros2_ws/install/yolo_ros/share/yolo_ros/hook/ament_prefix_path.ps1'
[0.421s] [34mcolcon.colcon_core.shell[0m [1;30mINFO[0m Creating environment descriptor '/home/gerald/mobilerobotics_racecar/ros2_ws/install/yolo_ros/share/yolo_ros/hook/ament_prefix_path.dsv'
[0.422s] [34mcolcon.colcon_core.shell[0m [1;30mINFO[0m Creating environment hook '/home/gerald/mobilerobotics_racecar/ros2_ws/install/yolo_ros/share/yolo_ros/hook/ament_prefix_path.sh'
[0.422s] [34mcolcon.colcon_core.shell[0m [1;30mINFO[0m Skip shell extension 'powershell' for command environment: Not usable outside of PowerShell
[0.422s] [34mcolcon.colcon_core.shell[0m [1;30mDEBUG[0m [32mSkip shell extension 'dsv' for command environment[0m
[1.293s] [34mcolcon.colcon_core.task.python.build[0m [1;30mINFO[0m Building Python package in '/home/gerald/mobilerobotics_racecar/ros2_ws/src/yolo_ros/yolo_ros'
[1.293s] [34mcolcon.colcon_core.shell[0m [1;30mINFO[0m Skip shell extension 'powershell' for command environment: Not usable outside of PowerShell
[1.293s] [34mcolcon.colcon_core.shell[0m [1;30mDEBUG[0m [32mSkip shell extension 'dsv' for command environment[0m
[2.717s] [34mcolcon.colcon_core.event_handler.log_command[0m [1;30mDEBUG[0m [32mInvoking command in '/home/gerald/mobilerobotics_racecar/ros2_ws/src/yolo_ros/yolo_ros': AMENT_PREFIX_PATH=/home/gerald/mobilerobotics_racecar/ros2_ws/install/yolo_msgs:${AMENT_PREFIX_PATH} CMAKE_PREFIX_PATH=/home/gerald/mobilerobotics_racecar/ros2_ws/install/yolo_msgs:${CMAKE_PREFIX_PATH} LD_LIBRARY_PATH=/home/gerald/mobilerobotics_racecar/ros2_ws/install/yolo_msgs/lib:/home/gerald/mobilerobotics_racecar/ros2_ws/install/zed_rgb_convert/lib:/home/gerald/mobilerobotics_racecar/ros2_ws/install/zed_components/lib:/home/gerald/mobilerobotics_racecar/ros2_ws/install/rviz_plugin_zed_od/lib:/home/gerald/mobilerobotics_racecar/ros2_ws/install/zed_interfaces/lib:/home/gerald/mobilerobotics_racecar/ros2_ws/install/micro_ros_agent/lib:/home/gerald/mobilerobotics_racecar/ros2_ws/install/micro_ros_msgs/lib:/home/gerald/mobilerobotics_racecar/ros2_ws/install/image_geometry/lib:/home/gerald/mobilerobotics_racecar/ros2_ws/install/drive_base_msgs/lib:/home/gerald/mobilerobotics_racecar/ros2_ws/install/costmap_converter/lib:/home/gerald/mobilerobotics_racecar/ros2_ws/install/cv_bridge/lib:/home/gerald/mobilerobotics_racecar/ros2_ws/install/costmap_converter_msgs/lib:/home/gerald/mobile_robot_ws/install/husky_base/lib:/home/gerald/mobile_robot_ws/install/husky_msgs/lib:/opt/ros/humble/opt/rviz_ogre_vendor/lib:/opt/ros/humble/lib/x86_64-linux-gnu:/opt/ros/humble/lib:/home/gerald/ros2_humble/install/rosbag2_storage_mcap/lib:/home/gerald/ros2_humble/install/rosbag2_compression_zstd/lib:/home/gerald/ros2_humble/install/mcap_vendor/lib:/home/gerald/ros2_humble/install/rviz_default_plugins/lib:/home/gerald/ros2_humble/install/rviz_common/lib:/home/gerald/ros2_humble/install/rosbag2_transport/lib:/home/gerald/ros2_humble/install/rosbag2_storage_default_plugins/lib:/home/gerald/ros2_humble/install/rosbag2_compression/lib:/home/gerald/ros2_humble/install/rosbag2_cpp/lib:/home/gerald/ros2_humble/install/rosbag2_storage/lib:/home/gerald/ros2_humble/install/camera_info_manager/lib:/home/gerald/ros2_humble/install/camera_calibration_parsers/lib:/home/gerald/ros2_humble/install/interactive_markers/lib:/home/gerald/ros2_humble/install/visualization_msgs/lib:/home/gerald/ros2_humble/install/robot_state_publisher/lib:/home/gerald/ros2_humble/install/kdl_parser/lib:/home/gerald/ros2_humble/install/urdf/lib:/home/gerald/ros2_humble/install/urdfdom/lib:/home/gerald/ros2_humble/install/turtlesim/lib:/home/gerald/ros2_humble/install/tf2_ros/lib:/home/gerald/ros2_humble/install/tf2_msgs/lib:/home/gerald/ros2_humble/install/test_msgs/lib:/home/gerald/ros2_humble/install/rosbag2_storage_mcap_testdata/lib:/home/gerald/ros2_humble/install/ros2cli_test_interfaces/lib:/home/gerald/ros2_humble/install/quality_of_service_demo_cpp/lib:/home/gerald/ros2_humble/install/image_transport/lib:/home/gerald/ros2_humble/install/message_filters/lib:/home/gerald/ros2_humble/install/demo_nodes_cpp/lib:/home/gerald/ros2_humble/install/composition/lib:/home/gerald/ros2_humble/install/laser_geometry/lib:/home/gerald/ros2_humble/install/rclpy/lib:/home/gerald/ros2_humble/install/action_tutorials_cpp/lib:/home/gerald/ros2_humble/install/rclcpp_action/lib:/home/gerald/ros2_humble/install/rcl_action/lib:/home/gerald/ros2_humble/install/examples_rclcpp_wait_set/lib:/home/gerald/ros2_humble/install/example_interfaces/lib:/home/gerald/ros2_humble/install/action_tutorials_interfaces/lib:/home/gerald/ros2_humble/install/action_msgs/lib:/home/gerald/ros2_humble/install/unique_identifier_msgs/lib:/home/gerald/ros2_humble/install/trajectory_msgs/lib:/home/gerald/ros2_humble/install/rqt_gui_cpp/lib:/home/gerald/ros2_humble/install/rclcpp_lifecycle/lib:/home/gerald/ros2_humble/install/logging_demo/lib:/home/gerald/ros2_humble/install/image_tools/lib:/home/gerald/ros2_humble/install/examples_rclcpp_minimal_subscriber/lib:/home/gerald/ros2_humble/install/examples_rclcpp_minimal_composition/lib:/home/gerald/ros2_humble/install/demo_nodes_cpp_native/lib:/home/gerald/ros2_humble/install/rclcpp_components/lib:/home/gerald/ros2_humble/install/rclcpp/lib:/home/gerald/ros2_humble/install/rcl_lifecycle/lib:/home/gerald/ros2_humble/install/libstatistics_collector/lib:/home/gerald/ros2_humble/install/rcl/lib:/home/gerald/ros2_humble/install/rmw_implementation/lib:/home/gerald/ros2_humble/install/rmw_fastrtps_dynamic_cpp/lib:/home/gerald/ros2_humble/install/rmw_fastrtps_cpp/lib:/home/gerald/ros2_humble/install/rmw_fastrtps_shared_cpp/lib:/home/gerald/ros2_humble/install/rmw_cyclonedds_cpp/lib:/home/gerald/ros2_humble/install/tracetools/lib:/home/gerald/ros2_humble/install/qt_gui_cpp/lib:/home/gerald/ros2_humble/install/tf2_eigen_kdl/lib:/home/gerald/ros2_humble/install/tf2/lib:/home/gerald/ros2_humble/install/stereo_msgs/lib:/home/gerald/ros2_humble/install/std_srvs/lib:/home/gerald/ros2_humble/install/shape_msgs/lib:/home/gerald/ros2_humble/install/map_msgs/lib:/home/gerald/ros2_humble/install/sensor_msgs/lib:/home/gerald/ros2_humble/install/nav_msgs/lib:/home/gerald/ros2_humble/install/my_interfaces/lib:/home/gerald/ros2_humble/install/diagnostic_msgs/lib:/home/gerald/ros2_humble/install/geometry_msgs/lib:/home/gerald/ros2_humble/install/actionlib_msgs/lib:/home/gerald/ros2_humble/install/std_msgs/lib:/home/gerald/ros2_humble/install/statistics_msgs/lib:/home/gerald/ros2_humble/install/rcl_logging_spdlog/lib:/home/gerald/ros2_humble/install/rviz_rendering/lib:/home/gerald/ros2_humble/install/rviz_ogre_vendor/opt/rviz_ogre_vendor/lib:/home/gerald/ros2_humble/install/rttest/lib:/home/gerald/ros2_humble/install/rosgraph_msgs/lib:/home/gerald/ros2_humble/install/rosbag2_interfaces/lib:/home/gerald/ros2_humble/install/rmw_dds_common/lib:/home/gerald/ros2_humble/install/composition_interfaces/lib:/home/gerald/ros2_humble/install/rcl_interfaces/lib:/home/gerald/ros2_humble/install/pendulum_msgs/lib:/home/gerald/ros2_humble/install/lifecycle_msgs/lib:/home/gerald/ros2_humble/install/builtin_interfaces/lib:/home/gerald/ros2_humble/install/rosidl_typesupport_cpp/lib:/home/gerald/ros2_humble/install/rosidl_typesupport_introspection_cpp/lib:/home/gerald/ros2_humble/install/rosidl_typesupport_c/lib:/home/gerald/ros2_humble/install/rosidl_typesupport_introspection_c/lib:/home/gerald/ros2_humble/install/rosidl_typesupport_fastrtps_c/lib:/home/gerald/ros2_humble/install/rosidl_typesupport_fastrtps_cpp/lib:/home/gerald/ros2_humble/install/rcl_yaml_param_parser/lib:/home/gerald/ros2_humble/install/rmw/lib:/home/gerald/ros2_humble/install/rosidl_runtime_c/lib:/home/gerald/ros2_humble/install/resource_retriever/lib:/home/gerald/ros2_humble/install/class_loader/lib:/home/gerald/ros2_humble/install/rcpputils/lib:/home/gerald/ros2_humble/install/rcl_logging_noop/lib:/home/gerald/ros2_humble/install/rcl_logging_interface/lib:/home/gerald/ros2_humble/install/rcutils/lib:/home/gerald/ros2_humble/install/performance_test_fixture/lib:/home/gerald/ros2_humble/install/osrf_testing_tools_cpp/lib:/home/gerald/ros2_humble/install/mimick_vendor/lib:/home/gerald/ros2_humble/install/libyaml_vendor/lib:/home/gerald/ros2_humble/install/keyboard_handler/lib:/home/gerald/ros2_humble/install/iceoryx_introspection/lib:/home/gerald/ros2_humble/install/cyclonedds/lib:/home/gerald/ros2_humble/install/iceoryx_posh/lib:/home/gerald/ros2_humble/install/iceoryx_hoofs/lib:/home/gerald/ros2_humble/install/iceoryx_binding_c/lib:/home/gerald/ros2_humble/install/google_benchmark_vendor/lib:/home/gerald/ros2_humble/install/fastrtps/lib:/home/gerald/ros2_humble/install/fastcdr/lib:/home/gerald/ros2_humble/install/ament_index_cpp/lib:/home/gerald/ros2_ws/install/examples_rclcpp_wait_set/lib:/home/gerald/ros2_ws/install/examples_rclcpp_minimal_subscriber/lib:/home/gerald/ros2_ws/install/examples_rclcpp_minimal_composition/lib:/usr/lib/x86_64-linux-gnu/gazebo-11/plugins PYTHONPATH=/home/gerald/mobilerobotics_racecar/ros2_ws/build/yolo_ros/prefix_override:/usr/lib/python3/dist-packages/colcon_core/task/python/colcon_distutils_commands:/home/gerald/mobilerobotics_racecar/ros2_ws/install/yolo_ros/lib/python3.10/site-packages:/home/gerald/mobilerobotics_racecar/ros2_ws/install/yolo_msgs/local/lib/python3.10/dist-packages:${PYTHONPATH} /usr/bin/python3 -W ignore:setup.py install is deprecated -W ignore:easy_install command is deprecated setup.py egg_info --egg-base ../../../build/yolo_ros build --build-base /home/gerald/mobilerobotics_racecar/ros2_ws/build/yolo_ros/build install --record /home/gerald/mobilerobotics_racecar/ros2_ws/build/yolo_ros/install.log --single-version-externally-managed install_data[0m
[4.093s] [34mcolcon.colcon_core.event_handler.log_command[0m [1;30mDEBUG[0m [32mInvoked command in '/home/gerald/mobilerobotics_racecar/ros2_ws/src/yolo_ros/yolo_ros' returned '0': AMENT_PREFIX_PATH=/home/gerald/mobilerobotics_racecar/ros2_ws/install/yolo_msgs:${AMENT_PREFIX_PATH} CMAKE_PREFIX_PATH=/home/gerald/mobilerobotics_racecar/ros2_ws/install/yolo_msgs:${CMAKE_PREFIX_PATH} LD_LIBRARY_PATH=/home/gerald/mobilerobotics_racecar/ros2_ws/install/yolo_msgs/lib:/home/gerald/mobilerobotics_racecar/ros2_ws/install/zed_rgb_convert/lib:/home/gerald/mobilerobotics_racecar/ros2_ws/install/zed_components/lib:/home/gerald/mobilerobotics_racecar/ros2_ws/install/rviz_plugin_zed_od/lib:/home/gerald/mobilerobotics_racecar/ros2_ws/install/zed_interfaces/lib:/home/gerald/mobilerobotics_racecar/ros2_ws/install/micro_ros_agent/lib:/home/gerald/mobilerobotics_racecar/ros2_ws/install/micro_ros_msgs/lib:/home/gerald/mobilerobotics_racecar/ros2_ws/install/image_geometry/lib:/home/gerald/mobilerobotics_racecar/ros2_ws/install/drive_base_msgs/lib:/home/gerald/mobilerobotics_racecar/ros2_ws/install/costmap_converter/lib:/home/gerald/mobilerobotics_racecar/ros2_ws/install/cv_bridge/lib:/home/gerald/mobilerobotics_racecar/ros2_ws/install/costmap_converter_msgs/lib:/home/gerald/mobile_robot_ws/install/husky_base/lib:/home/gerald/mobile_robot_ws/install/husky_msgs/lib:/opt/ros/humble/opt/rviz_ogre_vendor/lib:/opt/ros/humble/lib/x86_64-linux-gnu:/opt/ros/humble/lib:/home/gerald/ros2_humble/install/rosbag2_storage_mcap/lib:/home/gerald/ros2_humble/install/rosbag2_compression_zstd/lib:/home/gerald/ros2_humble/install/mcap_vendor/lib:/home/gerald/ros2_humble/install/rviz_default_plugins/lib:/home/gerald/ros2_humble/install/rviz_common/lib:/home/gerald/ros2_humble/install/rosbag2_transport/lib:/home/gerald/ros2_humble/install/rosbag2_storage_default_plugins/lib:/home/gerald/ros2_humble/install/rosbag2_compression/lib:/home/gerald/ros2_humble/install/rosbag2_cpp/lib:/home/gerald/ros2_humble/install/rosbag2_storage/lib:/home/gerald/ros2_humble/install/camera_info_manager/lib:/home/gerald/ros2_humble/install/camera_calibration_parsers/lib:/home/gerald/ros2_humble/install/interactive_markers/lib:/home/gerald/ros2_humble/install/visualization_msgs/lib:/home/gerald/ros2_humble/install/robot_state_publisher/lib:/home/gerald/ros2_humble/install/kdl_parser/lib:/home/gerald/ros2_humble/install/urdf/lib:/home/gerald/ros2_humble/install/urdfdom/lib:/home/gerald/ros2_humble/install/turtlesim/lib:/home/gerald/ros2_humble/install/tf2_ros/lib:/home/gerald/ros2_humble/install/tf2_msgs/lib:/home/gerald/ros2_humble/install/test_msgs/lib:/home/gerald/ros2_humble/install/rosbag2_storage_mcap_testdata/lib:/home/gerald/ros2_humble/install/ros2cli_test_interfaces/lib:/home/gerald/ros2_humble/install/quality_of_service_demo_cpp/lib:/home/gerald/ros2_humble/install/image_transport/lib:/home/gerald/ros2_humble/install/message_filters/lib:/home/gerald/ros2_humble/install/demo_nodes_cpp/lib:/home/gerald/ros2_humble/install/composition/lib:/home/gerald/ros2_humble/install/laser_geometry/lib:/home/gerald/ros2_humble/install/rclpy/lib:/home/gerald/ros2_humble/install/action_tutorials_cpp/lib:/home/gerald/ros2_humble/install/rclcpp_action/lib:/home/gerald/ros2_humble/install/rcl_action/lib:/home/gerald/ros2_humble/install/examples_rclcpp_wait_set/lib:/home/gerald/ros2_humble/install/example_interfaces/lib:/home/gerald/ros2_humble/install/action_tutorials_interfaces/lib:/home/gerald/ros2_humble/install/action_msgs/lib:/home/gerald/ros2_humble/install/unique_identifier_msgs/lib:/home/gerald/ros2_humble/install/trajectory_msgs/lib:/home/gerald/ros2_humble/install/rqt_gui_cpp/lib:/home/gerald/ros2_humble/install/rclcpp_lifecycle/lib:/home/gerald/ros2_humble/install/logging_demo/lib:/home/gerald/ros2_humble/install/image_tools/lib:/home/gerald/ros2_humble/install/examples_rclcpp_minimal_subscriber/lib:/home/gerald/ros2_humble/install/examples_rclcpp_minimal_composition/lib:/home/gerald/ros2_humble/install/demo_nodes_cpp_native/lib:/home/gerald/ros2_humble/install/rclcpp_components/lib:/home/gerald/ros2_humble/install/rclcpp/lib:/home/gerald/ros2_humble/install/rcl_lifecycle/lib:/home/gerald/ros2_humble/install/libstatistics_collector/lib:/home/gerald/ros2_humble/install/rcl/lib:/home/gerald/ros2_humble/install/rmw_implementation/lib:/home/gerald/ros2_humble/install/rmw_fastrtps_dynamic_cpp/lib:/home/gerald/ros2_humble/install/rmw_fastrtps_cpp/lib:/home/gerald/ros2_humble/install/rmw_fastrtps_shared_cpp/lib:/home/gerald/ros2_humble/install/rmw_cyclonedds_cpp/lib:/home/gerald/ros2_humble/install/tracetools/lib:/home/gerald/ros2_humble/install/qt_gui_cpp/lib:/home/gerald/ros2_humble/install/tf2_eigen_kdl/lib:/home/gerald/ros2_humble/install/tf2/lib:/home/gerald/ros2_humble/install/stereo_msgs/lib:/home/gerald/ros2_humble/install/std_srvs/lib:/home/gerald/ros2_humble/install/shape_msgs/lib:/home/gerald/ros2_humble/install/map_msgs/lib:/home/gerald/ros2_humble/install/sensor_msgs/lib:/home/gerald/ros2_humble/install/nav_msgs/lib:/home/gerald/ros2_humble/install/my_interfaces/lib:/home/gerald/ros2_humble/install/diagnostic_msgs/lib:/home/gerald/ros2_humble/install/geometry_msgs/lib:/home/gerald/ros2_humble/install/actionlib_msgs/lib:/home/gerald/ros2_humble/install/std_msgs/lib:/home/gerald/ros2_humble/install/statistics_msgs/lib:/home/gerald/ros2_humble/install/rcl_logging_spdlog/lib:/home/gerald/ros2_humble/install/rviz_rendering/lib:/home/gerald/ros2_humble/install/rviz_ogre_vendor/opt/rviz_ogre_vendor/lib:/home/gerald/ros2_humble/install/rttest/lib:/home/gerald/ros2_humble/install/rosgraph_msgs/lib:/home/gerald/ros2_humble/install/rosbag2_interfaces/lib:/home/gerald/ros2_humble/install/rmw_dds_common/lib:/home/gerald/ros2_humble/install/composition_interfaces/lib:/home/gerald/ros2_humble/install/rcl_interfaces/lib:/home/gerald/ros2_humble/install/pendulum_msgs/lib:/home/gerald/ros2_humble/install/lifecycle_msgs/lib:/home/gerald/ros2_humble/install/builtin_interfaces/lib:/home/gerald/ros2_humble/install/rosidl_typesupport_cpp/lib:/home/gerald/ros2_humble/install/rosidl_typesupport_introspection_cpp/lib:/home/gerald/ros2_humble/install/rosidl_typesupport_c/lib:/home/gerald/ros2_humble/install/rosidl_typesupport_introspection_c/lib:/home/gerald/ros2_humble/install/rosidl_typesupport_fastrtps_c/lib:/home/gerald/ros2_humble/install/rosidl_typesupport_fastrtps_cpp/lib:/home/gerald/ros2_humble/install/rcl_yaml_param_parser/lib:/home/gerald/ros2_humble/install/rmw/lib:/home/gerald/ros2_humble/install/rosidl_runtime_c/lib:/home/gerald/ros2_humble/install/resource_retriever/lib:/home/gerald/ros2_humble/install/class_loader/lib:/home/gerald/ros2_humble/install/rcpputils/lib:/home/gerald/ros2_humble/install/rcl_logging_noop/lib:/home/gerald/ros2_humble/install/rcl_logging_interface/lib:/home/gerald/ros2_humble/install/rcutils/lib:/home/gerald/ros2_humble/install/performance_test_fixture/lib:/home/gerald/ros2_humble/install/osrf_testing_tools_cpp/lib:/home/gerald/ros2_humble/install/mimick_vendor/lib:/home/gerald/ros2_humble/install/libyaml_vendor/lib:/home/gerald/ros2_humble/install/keyboard_handler/lib:/home/gerald/ros2_humble/install/iceoryx_introspection/lib:/home/gerald/ros2_humble/install/cyclonedds/lib:/home/gerald/ros2_humble/install/iceoryx_posh/lib:/home/gerald/ros2_humble/install/iceoryx_hoofs/lib:/home/gerald/ros2_humble/install/iceoryx_binding_c/lib:/home/gerald/ros2_humble/install/google_benchmark_vendor/lib:/home/gerald/ros2_humble/install/fastrtps/lib:/home/gerald/ros2_humble/install/fastcdr/lib:/home/gerald/ros2_humble/install/ament_index_cpp/lib:/home/gerald/ros2_ws/install/examples_rclcpp_wait_set/lib:/home/gerald/ros2_ws/install/examples_rclcpp_minimal_subscriber/lib:/home/gerald/ros2_ws/install/examples_rclcpp_minimal_composition/lib:/usr/lib/x86_64-linux-gnu/gazebo-11/plugins PYTHONPATH=/home/gerald/mobilerobotics_racecar/ros2_ws/build/yolo_ros/prefix_override:/usr/lib/python3/dist-packages/colcon_core/task/python/colcon_distutils_commands:/home/gerald/mobilerobotics_racecar/ros2_ws/install/yolo_ros/lib/python3.10/site-packages:/home/gerald/mobilerobotics_racecar/ros2_ws/install/yolo_msgs/local/lib/python3.10/dist-packages:${PYTHONPATH} /usr/bin/python3 -W ignore:setup.py install is deprecated -W ignore:easy_install command is deprecated setup.py egg_info --egg-base ../../../build/yolo_ros build --build-base /home/gerald/mobilerobotics_racecar/ros2_ws/build/yolo_ros/build install --record /home/gerald/mobilerobotics_racecar/ros2_ws/build/yolo_ros/install.log --single-version-externally-managed install_data[0m
[4.098s] [34mcolcon.colcon_core.environment[0m [1;30mLevel 1[0m checking '/home/gerald/mobilerobotics_racecar/ros2_ws/install/yolo_ros' for CMake module files
[4.098s] [34mcolcon.colcon_core.environment[0m [1;30mLevel 1[0m checking '/home/gerald/mobilerobotics_racecar/ros2_ws/install/yolo_ros' for CMake config files
[4.099s] [34mcolcon.colcon_core.environment[0m [1;30mLevel 1[0m checking '/home/gerald/mobilerobotics_racecar/ros2_ws/install/yolo_ros/lib'
[4.099s] [34mcolcon.colcon_core.environment[0m [1;30mLevel 1[0m checking '/home/gerald/mobilerobotics_racecar/ros2_ws/install/yolo_ros/bin'
[4.099s] [34mcolcon.colcon_core.environment[0m [1;30mLevel 1[0m checking '/home/gerald/mobilerobotics_racecar/ros2_ws/install/yolo_ros/lib/pkgconfig/yolo_ros.pc'
[4.099s] [34mcolcon.colcon_core.environment[0m [1;30mLevel 1[0m checking '/home/gerald/mobilerobotics_racecar/ros2_ws/install/yolo_ros/lib/python3.10/site-packages'
[4.099s] [34mcolcon.colcon_core.shell[0m [1;30mLevel 1[0m create_environment_hook('yolo_ros', 'pythonpath')
[4.099s] [34mcolcon.colcon_core.shell[0m [1;30mINFO[0m Creating environment hook '/home/gerald/mobilerobotics_racecar/ros2_ws/install/yolo_ros/share/yolo_ros/hook/pythonpath.ps1'
[4.100s] [34mcolcon.colcon_core.shell[0m [1;30mINFO[0m Creating environment descriptor '/home/gerald/mobilerobotics_racecar/ros2_ws/install/yolo_ros/share/yolo_ros/hook/pythonpath.dsv'
[4.100s] [34mcolcon.colcon_core.shell[0m [1;30mINFO[0m Creating environment hook '/home/gerald/mobilerobotics_racecar/ros2_ws/install/yolo_ros/share/yolo_ros/hook/pythonpath.sh'
[4.101s] [34mcolcon.colcon_core.environment[0m [1;30mLevel 1[0m checking '/home/gerald/mobilerobotics_racecar/ros2_ws/install/yolo_ros/bin'
[4.101s] [34mcolcon.colcon_core.environment[0m [1;30mLevel 1[0m create_environment_scripts_only(yolo_ros)
[4.101s] [34mcolcon.colcon_core.shell[0m [1;30mINFO[0m Creating package script '/home/gerald/mobilerobotics_racecar/ros2_ws/install/yolo_ros/share/yolo_ros/package.ps1'
[4.101s] [34mcolcon.colcon_core.shell[0m [1;30mINFO[0m Creating package descriptor '/home/gerald/mobilerobotics_racecar/ros2_ws/install/yolo_ros/share/yolo_ros/package.dsv'
[4.102s] [34mcolcon.colcon_core.shell[0m [1;30mINFO[0m Creating package script '/home/gerald/mobilerobotics_racecar/ros2_ws/install/yolo_ros/share/yolo_ros/package.sh'
[4.102s] [34mcolcon.colcon_core.shell[0m [1;30mINFO[0m Creating package script '/home/gerald/mobilerobotics_racecar/ros2_ws/install/yolo_ros/share/yolo_ros/package.bash'
[4.103s] [34mcolcon.colcon_core.shell[0m [1;30mINFO[0m Creating package script '/home/gerald/mobilerobotics_racecar/ros2_ws/install/yolo_ros/share/yolo_ros/package.zsh'
[4.103s] [34mcolcon.colcon_core.environment[0m [1;30mLevel 1[0m create_file_with_runtime_dependencies(/home/gerald/mobilerobotics_racecar/ros2_ws/install/yolo_ros/share/colcon-core/packages/yolo_ros)
[4.103s] [34mcolcon.colcon_parallel_executor.executor.parallel[0m [1;30mDEBUG[0m [32mclosing loop[0m
[4.104s] [34mcolcon.colcon_parallel_executor.executor.parallel[0m [1;30mDEBUG[0m [32mloop closed[0m
[4.104s] [34mcolcon.colcon_parallel_executor.executor.parallel[0m [1;30mDEBUG[0m [32mrun_until_complete finished with '0'[0m
[4.104s] [34mcolcon.colcon_core.event_reactor[0m [1;30mDEBUG[0m [32mjoining thread[0m
[4.115s] [34mcolcon.colcon_core.plugin_system[0m [1;30mINFO[0m Skipping extension 'colcon_notification.desktop_notification.terminal_notifier': Not used on non-Darwin systems
[4.115s] [34mcolcon.colcon_core.plugin_system[0m [1;30mINFO[0m Skipping extension 'colcon_notification.desktop_notification.win32': Not used on non-Windows systems
[4.115s] [34mcolcon.colcon_notification.desktop_notification[0m [1;30mINFO[0m Sending desktop notification using 'notify2'
[4.123s] [34mcolcon.colcon_core.event_reactor[0m [1;30mDEBUG[0m [32mjoined thread[0m
[4.124s] [34mcolcon.colcon_core.shell[0m [1;30mINFO[0m Creating prefix script '/home/gerald/mobilerobotics_racecar/ros2_ws/install/local_setup.ps1'
[4.125s] [34mcolcon.colcon_core.shell[0m [1;30mINFO[0m Creating prefix util module '/home/gerald/mobilerobotics_racecar/ros2_ws/install/_local_setup_util_ps1.py'
[4.126s] [34mcolcon.colcon_core.shell[0m [1;30mINFO[0m Creating prefix chain script '/home/gerald/mobilerobotics_racecar/ros2_ws/install/setup.ps1'
[4.138s] [34mcolcon.colcon_core.shell[0m [1;30mINFO[0m Creating prefix script '/home/gerald/mobilerobotics_racecar/ros2_ws/install/local_setup.sh'
[4.138s] [34mcolcon.colcon_core.shell[0m [1;30mINFO[0m Creating prefix util module '/home/gerald/mobilerobotics_racecar/ros2_ws/install/_local_setup_util_sh.py'
[4.139s] [34mcolcon.colcon_core.shell[0m [1;30mINFO[0m Creating prefix chain script '/home/gerald/mobilerobotics_racecar/ros2_ws/install/setup.sh'
[4.151s] [34mcolcon.colcon_core.shell[0m [1;30mINFO[0m Creating prefix script '/home/gerald/mobilerobotics_racecar/ros2_ws/install/local_setup.bash'
[4.151s] [34mcolcon.colcon_core.shell[0m [1;30mINFO[0m Creating prefix chain script '/home/gerald/mobilerobotics_racecar/ros2_ws/install/setup.bash'
[4.162s] [34mcolcon.colcon_core.shell[0m [1;30mINFO[0m Creating prefix script '/home/gerald/mobilerobotics_racecar/ros2_ws/install/local_setup.zsh'
[4.163s] [34mcolcon.colcon_core.shell[0m [1;30mINFO[0m Creating prefix chain script '/home/gerald/mobilerobotics_racecar/ros2_ws/install/setup.zsh'
