[1.138s] Invoking command in '/home/nvidia/ros2_ws/build/micro_ros_msgs': CMAKE_PREFIX_PATH=${CMAKE_PREFIX_PATH}:/home/nvidia/rosbag_ws/install/ros2bag:/home/nvidia/microros_ws/install/sensor_msgs_py:/home/nvidia/ros2_ws/install/obj_det_visualizer:/home/nvidia/ros2_ws/install/opencv_tests:/opt/ros/foxy /usr/bin/cmake --build /home/nvidia/ros2_ws/build/micro_ros_msgs -- -j6 -l6
[2.780s] [  8%] Built target micro_ros_msgs__rosidl_generator_c
[2.829s] [ 10%] Built target micro_ros_msgs__cpp
[3.694s] [ 18%] Built target micro_ros_msgs__rosidl_typesupport_c
[3.761s] [ 27%] Built target micro_ros_msgs__rosidl_typesupport_microxrcedds_c
[3.861s] [ 35%] Built target micro_ros_msgs__rosidl_typesupport_microxrcedds_cpp
[3.962s] [ 44%] Built target micro_ros_msgs__rosidl_typesupport_introspection_c
[3.992s] [ 52%] Built target micro_ros_msgs__rosidl_typesupport_fastrtps_cpp
[4.075s] [ 61%] Built target micro_ros_msgs__rosidl_typesupport_cpp
[4.537s] [ 69%] Built target micro_ros_msgs__rosidl_typesupport_introspection_cpp
[4.578s] [ 77%] Built target micro_ros_msgs__rosidl_typesupport_fastrtps_c
[4.956s] [ 77%] Built target micro_ros_msgs
[5.547s] [ 79%] Built target micro_ros_msgs__py
[5.966s] [ 86%] Built target micro_ros_msgs__python
[6.708s] [ 89%] Built target micro_ros_msgs__rosidl_typesupport_introspection_c__pyext
[6.930s] [ 93%] Built target micro_ros_msgs__rosidl_typesupport_c__pyext
[6.958s] [ 96%] Built target micro_ros_msgs__rosidl_typesupport_microxrcedds_c__pyext
[7.022s] [100%] Built target micro_ros_msgs__rosidl_typesupport_fastrtps_c__pyext
[7.209s] Invoked command in '/home/nvidia/ros2_ws/build/micro_ros_msgs' returned '0': CMAKE_PREFIX_PATH=${CMAKE_PREFIX_PATH}:/home/nvidia/rosbag_ws/install/ros2bag:/home/nvidia/microros_ws/install/sensor_msgs_py:/home/nvidia/ros2_ws/install/obj_det_visualizer:/home/nvidia/ros2_ws/install/opencv_tests:/opt/ros/foxy /usr/bin/cmake --build /home/nvidia/ros2_ws/build/micro_ros_msgs -- -j6 -l6
[9.819s] Invoking command in '/home/nvidia/ros2_ws/build/micro_ros_msgs': CMAKE_PREFIX_PATH=${CMAKE_PREFIX_PATH}:/home/nvidia/rosbag_ws/install/ros2bag:/home/nvidia/microros_ws/install/sensor_msgs_py:/home/nvidia/ros2_ws/install/obj_det_visualizer:/home/nvidia/ros2_ws/install/opencv_tests:/opt/ros/foxy /usr/bin/cmake --install /home/nvidia/ros2_ws/build/micro_ros_msgs
[10.056s] -- Install configuration: "Release"
[10.061s] -- Execute custom install script
[10.068s] -- Up-to-date symlink: /home/nvidia/ros2_ws/install/micro_ros_msgs/share/ament_index/resource_index/rosidl_interfaces/micro_ros_msgs
[10.246s] -- Up-to-date symlink: /home/nvidia/ros2_ws/install/micro_ros_msgs/include/micro_ros_msgs/msg/detail/entity__functions.h
[10.248s] -- Up-to-date symlink: /home/nvidia/ros2_ws/install/micro_ros_msgs/include/micro_ros_msgs/msg/detail/entity__struct.h
[10.249s] -- Up-to-date symlink: /home/nvidia/ros2_ws/install/micro_ros_msgs/include/micro_ros_msgs/msg/detail/entity__type_support.h
[10.255s] -- Up-to-date symlink: /home/nvidia/ros2_ws/install/micro_ros_msgs/include/micro_ros_msgs/msg/detail/graph__functions.h
[10.256s] -- Up-to-date symlink: /home/nvidia/ros2_ws/install/micro_ros_msgs/include/micro_ros_msgs/msg/detail/graph__struct.h
[10.258s] -- Up-to-date symlink: /home/nvidia/ros2_ws/install/micro_ros_msgs/include/micro_ros_msgs/msg/detail/graph__type_support.h
[10.263s] -- Up-to-date symlink: /home/nvidia/ros2_ws/install/micro_ros_msgs/include/micro_ros_msgs/msg/detail/node__functions.h
[10.265s] -- Up-to-date symlink: /home/nvidia/ros2_ws/install/micro_ros_msgs/include/micro_ros_msgs/msg/detail/node__struct.h
[10.270s] -- Up-to-date symlink: /home/nvidia/ros2_ws/install/micro_ros_msgs/include/micro_ros_msgs/msg/detail/node__type_support.h
[10.272s] -- Up-to-date symlink: /home/nvidia/ros2_ws/install/micro_ros_msgs/include/micro_ros_msgs/msg/entity.h
[10.284s] -- Up-to-date symlink: /home/nvidia/ros2_ws/install/micro_ros_msgs/include/micro_ros_msgs/msg/graph.h
[10.286s] -- Up-to-date symlink: /home/nvidia/ros2_ws/install/micro_ros_msgs/include/micro_ros_msgs/msg/node.h
[10.287s] -- Up-to-date symlink: /home/nvidia/ros2_ws/install/micro_ros_msgs/include/micro_ros_msgs/msg/rosidl_generator_c__visibility_control.h
[10.287s] -- Up-to-date symlink: /home/nvidia/ros2_ws/install/micro_ros_msgs/share/micro_ros_msgs/environment/library_path.sh
[10.289s] -- Up-to-date symlink: /home/nvidia/ros2_ws/install/micro_ros_msgs/share/micro_ros_msgs/environment/library_path.dsv
[10.303s] -- Up-to-date symlink: /home/nvidia/ros2_ws/install/micro_ros_msgs/include/micro_ros_msgs/msg/detail/entity__rosidl_typesupport_microxrcedds_c.h
[10.305s] -- Up-to-date symlink: /home/nvidia/ros2_ws/install/micro_ros_msgs/include/micro_ros_msgs/msg/detail/graph__rosidl_typesupport_microxrcedds_c.h
[10.305s] -- Up-to-date symlink: /home/nvidia/ros2_ws/install/micro_ros_msgs/include/micro_ros_msgs/msg/detail/node__rosidl_typesupport_microxrcedds_c.h
[10.309s] -- Up-to-date symlink: /home/nvidia/ros2_ws/install/micro_ros_msgs/include/micro_ros_msgs/msg/rosidl_typesupport_microxrcedds_c__visibility_control.h
[10.320s] -- Up-to-date symlink: /home/nvidia/ros2_ws/install/micro_ros_msgs/lib/libmicro_ros_msgs__rosidl_typesupport_microxrcedds_c.so
[10.327s] -- Up-to-date symlink: /home/nvidia/ros2_ws/install/micro_ros_msgs/include/micro_ros_msgs/msg/detail/entity__rosidl_typesupport_fastrtps_c.h
[10.332s] -- Up-to-date symlink: /home/nvidia/ros2_ws/install/micro_ros_msgs/include/micro_ros_msgs/msg/detail/graph__rosidl_typesupport_fastrtps_c.h
[10.338s] -- Up-to-date symlink: /home/nvidia/ros2_ws/install/micro_ros_msgs/include/micro_ros_msgs/msg/detail/node__rosidl_typesupport_fastrtps_c.h
[10.341s] -- Up-to-date symlink: /home/nvidia/ros2_ws/install/micro_ros_msgs/include/micro_ros_msgs/msg/rosidl_typesupport_fastrtps_c__visibility_control.h
[10.352s] -- Up-to-date symlink: /home/nvidia/ros2_ws/install/micro_ros_msgs/lib/libmicro_ros_msgs__rosidl_typesupport_fastrtps_c.so
[10.360s] -- Up-to-date symlink: /home/nvidia/ros2_ws/install/micro_ros_msgs/include/micro_ros_msgs/msg/detail/entity__rosidl_typesupport_fastrtps_cpp.hpp
[10.369s] -- Up-to-date symlink: /home/nvidia/ros2_ws/install/micro_ros_msgs/include/micro_ros_msgs/msg/detail/graph__rosidl_typesupport_fastrtps_cpp.hpp
[10.371s] -- Up-to-date symlink: /home/nvidia/ros2_ws/install/micro_ros_msgs/include/micro_ros_msgs/msg/detail/node__rosidl_typesupport_fastrtps_cpp.hpp
[10.375s] -- Up-to-date symlink: /home/nvidia/ros2_ws/install/micro_ros_msgs/include/micro_ros_msgs/msg/rosidl_typesupport_fastrtps_cpp__visibility_control.h
[10.383s] -- Up-to-date symlink: /home/nvidia/ros2_ws/install/micro_ros_msgs/lib/libmicro_ros_msgs__rosidl_typesupport_fastrtps_cpp.so
[10.390s] -- Up-to-date symlink: /home/nvidia/ros2_ws/install/micro_ros_msgs/include/micro_ros_msgs/msg/detail/entity__rosidl_typesupport_introspection_c.h
[10.393s] -- Up-to-date symlink: /home/nvidia/ros2_ws/install/micro_ros_msgs/include/micro_ros_msgs/msg/detail/graph__rosidl_typesupport_introspection_c.h
[10.396s] -- Up-to-date symlink: /home/nvidia/ros2_ws/install/micro_ros_msgs/include/micro_ros_msgs/msg/detail/node__rosidl_typesupport_introspection_c.h
[10.399s] -- Up-to-date symlink: /home/nvidia/ros2_ws/install/micro_ros_msgs/include/micro_ros_msgs/msg/rosidl_typesupport_introspection_c__visibility_control.h
[10.405s] -- Up-to-date symlink: /home/nvidia/ros2_ws/install/micro_ros_msgs/include/micro_ros_msgs/msg/detail/entity__builder.hpp
[10.408s] -- Up-to-date symlink: /home/nvidia/ros2_ws/install/micro_ros_msgs/include/micro_ros_msgs/msg/detail/entity__struct.hpp
[10.410s] -- Up-to-date symlink: /home/nvidia/ros2_ws/install/micro_ros_msgs/include/micro_ros_msgs/msg/detail/entity__traits.hpp
[10.414s] -- Up-to-date symlink: /home/nvidia/ros2_ws/install/micro_ros_msgs/include/micro_ros_msgs/msg/detail/entity__type_support.hpp
[10.417s] -- Up-to-date symlink: /home/nvidia/ros2_ws/install/micro_ros_msgs/include/micro_ros_msgs/msg/detail/graph__builder.hpp
[10.419s] -- Up-to-date symlink: /home/nvidia/ros2_ws/install/micro_ros_msgs/include/micro_ros_msgs/msg/detail/graph__struct.hpp
[10.422s] -- Up-to-date symlink: /home/nvidia/ros2_ws/install/micro_ros_msgs/include/micro_ros_msgs/msg/detail/graph__traits.hpp
[10.427s] -- Up-to-date symlink: /home/nvidia/ros2_ws/install/micro_ros_msgs/include/micro_ros_msgs/msg/detail/graph__type_support.hpp
[10.430s] -- Up-to-date symlink: /home/nvidia/ros2_ws/install/micro_ros_msgs/include/micro_ros_msgs/msg/detail/node__builder.hpp
[10.438s] -- Up-to-date symlink: /home/nvidia/ros2_ws/install/micro_ros_msgs/include/micro_ros_msgs/msg/detail/node__struct.hpp
[10.440s] -- Up-to-date symlink: /home/nvidia/ros2_ws/install/micro_ros_msgs/include/micro_ros_msgs/msg/detail/node__traits.hpp
[10.443s] -- Up-to-date symlink: /home/nvidia/ros2_ws/install/micro_ros_msgs/include/micro_ros_msgs/msg/detail/node__type_support.hpp
[10.446s] -- Up-to-date symlink: /home/nvidia/ros2_ws/install/micro_ros_msgs/include/micro_ros_msgs/msg/entity.hpp
[10.448s] -- Up-to-date symlink: /home/nvidia/ros2_ws/install/micro_ros_msgs/include/micro_ros_msgs/msg/graph.hpp
[10.457s] -- Up-to-date symlink: /home/nvidia/ros2_ws/install/micro_ros_msgs/include/micro_ros_msgs/msg/node.hpp
[10.459s] -- Up-to-date symlink: /home/nvidia/ros2_ws/install/micro_ros_msgs/include/micro_ros_msgs/msg/rosidl_generator_cpp__visibility_control.hpp
[10.468s] -- Up-to-date symlink: /home/nvidia/ros2_ws/install/micro_ros_msgs/include/micro_ros_msgs/msg/detail/entity__rosidl_typesupport_microxrcedds_cpp.hpp
[10.472s] -- Up-to-date symlink: /home/nvidia/ros2_ws/install/micro_ros_msgs/include/micro_ros_msgs/msg/detail/graph__rosidl_typesupport_microxrcedds_cpp.hpp
[10.635s] -- Up-to-date symlink: /home/nvidia/ros2_ws/install/micro_ros_msgs/include/micro_ros_msgs/msg/detail/microxrcedds/entity__type_support_cpp.cpp
[10.636s] -- Up-to-date symlink: /home/nvidia/ros2_ws/install/micro_ros_msgs/include/micro_ros_msgs/msg/detail/microxrcedds/graph__type_support_cpp.cpp
[10.640s] -- Up-to-date symlink: /home/nvidia/ros2_ws/install/micro_ros_msgs/include/micro_ros_msgs/msg/detail/microxrcedds/node__type_support_cpp.cpp
[10.642s] -- Up-to-date symlink: /home/nvidia/ros2_ws/install/micro_ros_msgs/include/micro_ros_msgs/msg/detail/node__rosidl_typesupport_microxrcedds_cpp.hpp
[10.643s] -- Up-to-date symlink: /home/nvidia/ros2_ws/install/micro_ros_msgs/include/micro_ros_msgs/msg/rosidl_typesupport_microxrcedds_cpp__visibility_control.h
[10.682s] -- Up-to-date symlink: /home/nvidia/ros2_ws/install/micro_ros_msgs/lib/libmicro_ros_msgs__rosidl_typesupport_microxrcedds_cpp.so
[10.686s] -- Up-to-date symlink: /home/nvidia/ros2_ws/install/micro_ros_msgs/include/micro_ros_msgs/msg/detail/entity__rosidl_typesupport_introspection_cpp.hpp
[10.687s] -- Up-to-date symlink: /home/nvidia/ros2_ws/install/micro_ros_msgs/include/micro_ros_msgs/msg/detail/graph__rosidl_typesupport_introspection_cpp.hpp
[10.687s] -- Up-to-date symlink: /home/nvidia/ros2_ws/install/micro_ros_msgs/include/micro_ros_msgs/msg/detail/node__rosidl_typesupport_introspection_cpp.hpp
[10.698s] -- Up-to-date symlink: /home/nvidia/ros2_ws/install/micro_ros_msgs/share/micro_ros_msgs/environment/pythonpath.sh
[10.699s] -- Up-to-date symlink: /home/nvidia/ros2_ws/install/micro_ros_msgs/share/micro_ros_msgs/environment/pythonpath.dsv
[10.702s] -- Up-to-date symlink: /home/nvidia/ros2_ws/install/micro_ros_msgs/lib/python3.8/site-packages/micro_ros_msgs/__init__.py
[10.703s] -- Up-to-date symlink: /home/nvidia/ros2_ws/install/micro_ros_msgs/lib/python3.8/site-packages/micro_ros_msgs/msg/__init__.py
[10.713s] -- Up-to-date symlink: /home/nvidia/ros2_ws/install/micro_ros_msgs/lib/python3.8/site-packages/micro_ros_msgs/msg/_entity.py
[10.714s] -- Up-to-date symlink: /home/nvidia/ros2_ws/install/micro_ros_msgs/lib/python3.8/site-packages/micro_ros_msgs/msg/_graph.py
[10.714s] -- Up-to-date symlink: /home/nvidia/ros2_ws/install/micro_ros_msgs/lib/python3.8/site-packages/micro_ros_msgs/msg/_node.py
[10.715s] -- Up-to-date symlink: /home/nvidia/ros2_ws/install/micro_ros_msgs/lib/python3.8/site-packages/micro_ros_msgs/micro_ros_msgs_s__rosidl_typesupport_microxrcedds_c.cpython-38-aarch64-linux-gnu.so
[10.716s] -- Up-to-date symlink: /home/nvidia/ros2_ws/install/micro_ros_msgs/lib/python3.8/site-packages/micro_ros_msgs/micro_ros_msgs_s__rosidl_typesupport_fastrtps_c.cpython-38-aarch64-linux-gnu.so
[10.716s] -- Up-to-date symlink: /home/nvidia/ros2_ws/install/micro_ros_msgs/lib/python3.8/site-packages/micro_ros_msgs/micro_ros_msgs_s__rosidl_typesupport_introspection_c.cpython-38-aarch64-linux-gnu.so
[10.717s] -- Up-to-date symlink: /home/nvidia/ros2_ws/install/micro_ros_msgs/lib/python3.8/site-packages/micro_ros_msgs/micro_ros_msgs_s__rosidl_typesupport_c.cpython-38-aarch64-linux-gnu.so
[10.717s] -- Up-to-date symlink: /home/nvidia/ros2_ws/install/micro_ros_msgs/lib/libmicro_ros_msgs__python.so
[10.718s] -- Up-to-date symlink: /home/nvidia/ros2_ws/install/micro_ros_msgs/share/micro_ros_msgs/msg/Graph.idl
[10.718s] -- Up-to-date symlink: /home/nvidia/ros2_ws/install/micro_ros_msgs/share/micro_ros_msgs/msg/Node.idl
[10.719s] -- Up-to-date symlink: /home/nvidia/ros2_ws/install/micro_ros_msgs/share/micro_ros_msgs/msg/Entity.idl
[10.720s] -- Up-to-date symlink: /home/nvidia/ros2_ws/install/micro_ros_msgs/share/micro_ros_msgs/msg/Graph.msg
[10.722s] -- Up-to-date symlink: /home/nvidia/ros2_ws/install/micro_ros_msgs/share/micro_ros_msgs/msg/Node.msg
[10.735s] -- Up-to-date symlink: /home/nvidia/ros2_ws/install/micro_ros_msgs/share/micro_ros_msgs/msg/Entity.msg
[10.736s] -- Up-to-date symlink: /home/nvidia/ros2_ws/install/micro_ros_msgs/share/ament_index/resource_index/package_run_dependencies/micro_ros_msgs
[10.736s] -- Up-to-date symlink: /home/nvidia/ros2_ws/install/micro_ros_msgs/share/ament_index/resource_index/parent_prefix_path/micro_ros_msgs
[10.737s] -- Up-to-date symlink: /home/nvidia/ros2_ws/install/micro_ros_msgs/share/micro_ros_msgs/environment/ament_prefix_path.sh
[10.739s] -- Up-to-date symlink: /home/nvidia/ros2_ws/install/micro_ros_msgs/share/micro_ros_msgs/environment/ament_prefix_path.dsv
[10.743s] -- Up-to-date symlink: /home/nvidia/ros2_ws/install/micro_ros_msgs/share/micro_ros_msgs/environment/path.sh
[10.758s] -- Up-to-date symlink: /home/nvidia/ros2_ws/install/micro_ros_msgs/share/micro_ros_msgs/environment/path.dsv
[10.760s] -- Up-to-date symlink: /home/nvidia/ros2_ws/install/micro_ros_msgs/share/micro_ros_msgs/local_setup.bash
[10.761s] -- Up-to-date symlink: /home/nvidia/ros2_ws/install/micro_ros_msgs/share/micro_ros_msgs/local_setup.sh
[10.761s] -- Up-to-date symlink: /home/nvidia/ros2_ws/install/micro_ros_msgs/share/micro_ros_msgs/local_setup.zsh
[10.762s] -- Up-to-date symlink: /home/nvidia/ros2_ws/install/micro_ros_msgs/share/micro_ros_msgs/local_setup.dsv
[10.763s] -- Symlinking: /home/nvidia/ros2_ws/install/micro_ros_msgs/share/micro_ros_msgs/package.dsv
[10.894s] -- Up-to-date symlink: /home/nvidia/ros2_ws/install/micro_ros_msgs/share/ament_index/resource_index/packages/micro_ros_msgs
[10.952s] -- Up-to-date symlink: /home/nvidia/ros2_ws/install/micro_ros_msgs/share/micro_ros_msgs/cmake/rosidl_cmake-extras.cmake
[10.953s] -- Up-to-date symlink: /home/nvidia/ros2_ws/install/micro_ros_msgs/share/micro_ros_msgs/cmake/ament_cmake_export_dependencies-extras.cmake
[10.953s] -- Up-to-date symlink: /home/nvidia/ros2_ws/install/micro_ros_msgs/share/micro_ros_msgs/cmake/ament_cmake_export_libraries-extras.cmake
[10.954s] -- Up-to-date symlink: /home/nvidia/ros2_ws/install/micro_ros_msgs/share/micro_ros_msgs/cmake/ament_cmake_export_targets-extras.cmake
[10.954s] -- Up-to-date symlink: /home/nvidia/ros2_ws/install/micro_ros_msgs/share/micro_ros_msgs/cmake/ament_cmake_export_include_directories-extras.cmake
[10.954s] -- Up-to-date symlink: /home/nvidia/ros2_ws/install/micro_ros_msgs/share/micro_ros_msgs/cmake/rosidl_cmake_export_typesupport_libraries-extras.cmake
[10.962s] -- Up-to-date symlink: /home/nvidia/ros2_ws/install/micro_ros_msgs/share/micro_ros_msgs/cmake/rosidl_cmake_export_typesupport_targets-extras.cmake
[10.963s] -- Up-to-date symlink: /home/nvidia/ros2_ws/install/micro_ros_msgs/share/micro_ros_msgs/cmake/micro_ros_msgsConfig.cmake
[10.963s] -- Up-to-date symlink: /home/nvidia/ros2_ws/install/micro_ros_msgs/share/micro_ros_msgs/cmake/micro_ros_msgsConfig-version.cmake
[10.965s] -- Up-to-date symlink: /home/nvidia/ros2_ws/install/micro_ros_msgs/share/micro_ros_msgs/package.xml
[10.971s] -- Up-to-date: /home/nvidia/ros2_ws/install/micro_ros_msgs/lib/libmicro_ros_msgs__rosidl_generator_c.so
[10.978s] -- Up-to-date: /home/nvidia/ros2_ws/install/micro_ros_msgs/lib/libmicro_ros_msgs__rosidl_typesupport_introspection_c.so
[10.986s] -- Up-to-date: /home/nvidia/ros2_ws/install/micro_ros_msgs/lib/libmicro_ros_msgs__rosidl_typesupport_c.so
[10.990s] -- Up-to-date: /home/nvidia/ros2_ws/install/micro_ros_msgs/lib/libmicro_ros_msgs__rosidl_typesupport_introspection_cpp.so
[10.996s] -- Up-to-date: /home/nvidia/ros2_ws/install/micro_ros_msgs/lib/libmicro_ros_msgs__rosidl_typesupport_cpp.so
[11.489s] -- Up-to-date: /home/nvidia/ros2_ws/install/micro_ros_msgs/share/micro_ros_msgs/cmake/micro_ros_msgs__rosidl_generator_cExport.cmake
[11.489s] -- Up-to-date: /home/nvidia/ros2_ws/install/micro_ros_msgs/share/micro_ros_msgs/cmake/micro_ros_msgs__rosidl_generator_cExport-release.cmake
[11.491s] -- Up-to-date: /home/nvidia/ros2_ws/install/micro_ros_msgs/share/micro_ros_msgs/cmake/micro_ros_msgs__rosidl_typesupport_introspection_cExport.cmake
[11.503s] -- Up-to-date: /home/nvidia/ros2_ws/install/micro_ros_msgs/share/micro_ros_msgs/cmake/micro_ros_msgs__rosidl_typesupport_introspection_cExport-release.cmake
[11.510s] -- Up-to-date: /home/nvidia/ros2_ws/install/micro_ros_msgs/share/micro_ros_msgs/cmake/micro_ros_msgs__rosidl_typesupport_cExport.cmake
[11.516s] -- Up-to-date: /home/nvidia/ros2_ws/install/micro_ros_msgs/share/micro_ros_msgs/cmake/micro_ros_msgs__rosidl_typesupport_cExport-release.cmake
[11.517s] -- Up-to-date: /home/nvidia/ros2_ws/install/micro_ros_msgs/share/micro_ros_msgs/cmake/micro_ros_msgs__rosidl_generator_cppExport.cmake
[11.518s] -- Up-to-date: /home/nvidia/ros2_ws/install/micro_ros_msgs/share/micro_ros_msgs/cmake/micro_ros_msgs__rosidl_typesupport_introspection_cppExport.cmake
[11.519s] -- Up-to-date: /home/nvidia/ros2_ws/install/micro_ros_msgs/share/micro_ros_msgs/cmake/micro_ros_msgs__rosidl_typesupport_introspection_cppExport-release.cmake
[11.519s] -- Up-to-date: /home/nvidia/ros2_ws/install/micro_ros_msgs/share/micro_ros_msgs/cmake/micro_ros_msgs__rosidl_typesupport_cppExport.cmake
[11.520s] -- Up-to-date: /home/nvidia/ros2_ws/install/micro_ros_msgs/share/micro_ros_msgs/cmake/micro_ros_msgs__rosidl_typesupport_cppExport-release.cmake
[11.521s] Invoked command in '/home/nvidia/ros2_ws/build/micro_ros_msgs' returned '0': CMAKE_PREFIX_PATH=${CMAKE_PREFIX_PATH}:/home/nvidia/rosbag_ws/install/ros2bag:/home/nvidia/microros_ws/install/sensor_msgs_py:/home/nvidia/ros2_ws/install/obj_det_visualizer:/home/nvidia/ros2_ws/install/opencv_tests:/opt/ros/foxy /usr/bin/cmake --install /home/nvidia/ros2_ws/build/micro_ros_msgs
