[1.084s] Invoking command in '/home/nvidia/ros2_ws/build/zed_interfaces': CMAKE_PREFIX_PATH=${CMAKE_PREFIX_PATH}:/home/nvidia/rosbag_ws/install/ros2bag:/home/nvidia/microros_ws/install/sensor_msgs_py:/home/nvidia/ros2_ws/install/obj_det_visualizer:/home/nvidia/ros2_ws/install/opencv_tests:/opt/ros/foxy /usr/bin/cmake --build /home/nvidia/ros2_ws/build/zed_interfaces -- -j6 -l6
[3.059s] [  0%] Built target zed_interfaces__cpp
[3.219s] [  9%] Built target zed_interfaces__rosidl_generator_c
[4.678s] [ 18%] Built target zed_interfaces__rosidl_typesupport_introspection_cpp
[4.746s] [ 28%] Built target zed_interfaces__rosidl_typesupport_microxrcedds_cpp
[4.994s] [ 41%] Built target zed_interfaces__rosidl_typesupport_fastrtps_cpp
[5.006s] [ 50%] Built target zed_interfaces__rosidl_typesupport_cpp
[5.007s] [ 56%] Built target zed_interfaces__rosidl_typesupport_c
[5.030s] [ 66%] Built target zed_interfaces__rosidl_typesupport_microxrcedds_c
[5.222s] [ 76%] Built target zed_interfaces__rosidl_typesupport_introspection_c
[5.628s] [ 86%] Built target zed_interfaces__rosidl_typesupport_fastrtps_c
[6.078s] [ 86%] Built target zed_interfaces
[6.588s] [ 87%] Built target zed_interfaces__py
[7.251s] [ 96%] Built target zed_interfaces__python
[7.952s] [ 97%] Built target zed_interfaces__rosidl_typesupport_microxrcedds_c__pyext
[8.065s] [ 98%] Built target zed_interfaces__rosidl_typesupport_introspection_c__pyext
[8.086s] [ 99%] Built target zed_interfaces__rosidl_typesupport_c__pyext
[8.145s] [100%] Built target zed_interfaces__rosidl_typesupport_fastrtps_c__pyext
[8.500s] Invoked command in '/home/nvidia/ros2_ws/build/zed_interfaces' returned '0': CMAKE_PREFIX_PATH=${CMAKE_PREFIX_PATH}:/home/nvidia/rosbag_ws/install/ros2bag:/home/nvidia/microros_ws/install/sensor_msgs_py:/home/nvidia/ros2_ws/install/obj_det_visualizer:/home/nvidia/ros2_ws/install/opencv_tests:/opt/ros/foxy /usr/bin/cmake --build /home/nvidia/ros2_ws/build/zed_interfaces -- -j6 -l6
[18.827s] Invoking command in '/home/nvidia/ros2_ws/build/zed_interfaces': CMAKE_PREFIX_PATH=${CMAKE_PREFIX_PATH}:/home/nvidia/rosbag_ws/install/ros2bag:/home/nvidia/microros_ws/install/sensor_msgs_py:/home/nvidia/ros2_ws/install/obj_det_visualizer:/home/nvidia/ros2_ws/install/opencv_tests:/opt/ros/foxy /usr/bin/cmake --install /home/nvidia/ros2_ws/build/zed_interfaces
[19.029s] -- Install configuration: "Release"
[19.037s] -- Execute custom install script
[19.038s] -- Up-to-date symlink: /home/nvidia/ros2_ws/install/zed_interfaces/share/ament_index/resource_index/rosidl_interfaces/zed_interfaces
[19.050s] -- Up-to-date symlink: /home/nvidia/ros2_ws/install/zed_interfaces/include/zed_interfaces/msg/bounding_box2_df.h
[19.053s] -- Up-to-date symlink: /home/nvidia/ros2_ws/install/zed_interfaces/include/zed_interfaces/msg/bounding_box2_di.h
[19.055s] -- Up-to-date symlink: /home/nvidia/ros2_ws/install/zed_interfaces/include/zed_interfaces/msg/bounding_box3_d.h
[19.058s] -- Up-to-date symlink: /home/nvidia/ros2_ws/install/zed_interfaces/include/zed_interfaces/msg/depth_info_stamped.h
[19.065s] -- Up-to-date symlink: /home/nvidia/ros2_ws/install/zed_interfaces/include/zed_interfaces/msg/detail/bounding_box2_df__functions.h
[19.068s] -- Up-to-date symlink: /home/nvidia/ros2_ws/install/zed_interfaces/include/zed_interfaces/msg/detail/bounding_box2_df__struct.h
[19.072s] -- Up-to-date symlink: /home/nvidia/ros2_ws/install/zed_interfaces/include/zed_interfaces/msg/detail/bounding_box2_df__type_support.h
[19.077s] -- Up-to-date symlink: /home/nvidia/ros2_ws/install/zed_interfaces/include/zed_interfaces/msg/detail/bounding_box2_di__functions.h
[19.078s] -- Up-to-date symlink: /home/nvidia/ros2_ws/install/zed_interfaces/include/zed_interfaces/msg/detail/bounding_box2_di__struct.h
[19.080s] -- Up-to-date symlink: /home/nvidia/ros2_ws/install/zed_interfaces/include/zed_interfaces/msg/detail/bounding_box2_di__type_support.h
[19.081s] -- Up-to-date symlink: /home/nvidia/ros2_ws/install/zed_interfaces/include/zed_interfaces/msg/detail/bounding_box3_d__functions.h
[19.085s] -- Up-to-date symlink: /home/nvidia/ros2_ws/install/zed_interfaces/include/zed_interfaces/msg/detail/bounding_box3_d__struct.h
[19.086s] -- Up-to-date symlink: /home/nvidia/ros2_ws/install/zed_interfaces/include/zed_interfaces/msg/detail/bounding_box3_d__type_support.h
[19.094s] -- Up-to-date symlink: /home/nvidia/ros2_ws/install/zed_interfaces/include/zed_interfaces/msg/detail/depth_info_stamped__functions.h
[19.097s] -- Up-to-date symlink: /home/nvidia/ros2_ws/install/zed_interfaces/include/zed_interfaces/msg/detail/depth_info_stamped__struct.h
[19.100s] -- Up-to-date symlink: /home/nvidia/ros2_ws/install/zed_interfaces/include/zed_interfaces/msg/detail/depth_info_stamped__type_support.h
[19.102s] -- Up-to-date symlink: /home/nvidia/ros2_ws/install/zed_interfaces/include/zed_interfaces/msg/detail/heartbeat__functions.h
[19.103s] -- Up-to-date symlink: /home/nvidia/ros2_ws/install/zed_interfaces/include/zed_interfaces/msg/detail/heartbeat__struct.h
[19.103s] -- Up-to-date symlink: /home/nvidia/ros2_ws/install/zed_interfaces/include/zed_interfaces/msg/detail/heartbeat__type_support.h
[19.104s] -- Up-to-date symlink: /home/nvidia/ros2_ws/install/zed_interfaces/include/zed_interfaces/msg/detail/keypoint2_df__functions.h
[19.105s] -- Up-to-date symlink: /home/nvidia/ros2_ws/install/zed_interfaces/include/zed_interfaces/msg/detail/keypoint2_df__struct.h
[19.106s] -- Up-to-date symlink: /home/nvidia/ros2_ws/install/zed_interfaces/include/zed_interfaces/msg/detail/keypoint2_df__type_support.h
[19.106s] -- Up-to-date symlink: /home/nvidia/ros2_ws/install/zed_interfaces/include/zed_interfaces/msg/detail/keypoint2_di__functions.h
[19.108s] -- Up-to-date symlink: /home/nvidia/ros2_ws/install/zed_interfaces/include/zed_interfaces/msg/detail/keypoint2_di__struct.h
[19.110s] -- Up-to-date symlink: /home/nvidia/ros2_ws/install/zed_interfaces/include/zed_interfaces/msg/detail/keypoint2_di__type_support.h
[19.112s] -- Up-to-date symlink: /home/nvidia/ros2_ws/install/zed_interfaces/include/zed_interfaces/msg/detail/keypoint3_d__functions.h
[19.117s] -- Up-to-date symlink: /home/nvidia/ros2_ws/install/zed_interfaces/include/zed_interfaces/msg/detail/keypoint3_d__struct.h
[19.122s] -- Up-to-date symlink: /home/nvidia/ros2_ws/install/zed_interfaces/include/zed_interfaces/msg/detail/keypoint3_d__type_support.h
[19.127s] -- Up-to-date symlink: /home/nvidia/ros2_ws/install/zed_interfaces/include/zed_interfaces/msg/detail/object__functions.h
[19.131s] -- Up-to-date symlink: /home/nvidia/ros2_ws/install/zed_interfaces/include/zed_interfaces/msg/detail/object__struct.h
[19.139s] -- Up-to-date symlink: /home/nvidia/ros2_ws/install/zed_interfaces/include/zed_interfaces/msg/detail/object__type_support.h
[19.140s] -- Up-to-date symlink: /home/nvidia/ros2_ws/install/zed_interfaces/include/zed_interfaces/msg/detail/objects_stamped__functions.h
[19.143s] -- Up-to-date symlink: /home/nvidia/ros2_ws/install/zed_interfaces/include/zed_interfaces/msg/detail/objects_stamped__struct.h
[19.147s] -- Up-to-date symlink: /home/nvidia/ros2_ws/install/zed_interfaces/include/zed_interfaces/msg/detail/objects_stamped__type_support.h
[19.149s] -- Up-to-date symlink: /home/nvidia/ros2_ws/install/zed_interfaces/include/zed_interfaces/msg/detail/plane_stamped__functions.h
[19.154s] -- Up-to-date symlink: /home/nvidia/ros2_ws/install/zed_interfaces/include/zed_interfaces/msg/detail/plane_stamped__struct.h
[19.156s] -- Up-to-date symlink: /home/nvidia/ros2_ws/install/zed_interfaces/include/zed_interfaces/msg/detail/plane_stamped__type_support.h
[19.163s] -- Up-to-date symlink: /home/nvidia/ros2_ws/install/zed_interfaces/include/zed_interfaces/msg/detail/pos_track_status__functions.h
[19.169s] -- Up-to-date symlink: /home/nvidia/ros2_ws/install/zed_interfaces/include/zed_interfaces/msg/detail/pos_track_status__struct.h
[19.179s] -- Up-to-date symlink: /home/nvidia/ros2_ws/install/zed_interfaces/include/zed_interfaces/msg/detail/pos_track_status__type_support.h
[19.183s] -- Up-to-date symlink: /home/nvidia/ros2_ws/install/zed_interfaces/include/zed_interfaces/msg/detail/skeleton2_d__functions.h
[19.184s] -- Up-to-date symlink: /home/nvidia/ros2_ws/install/zed_interfaces/include/zed_interfaces/msg/detail/skeleton2_d__struct.h
[19.188s] -- Up-to-date symlink: /home/nvidia/ros2_ws/install/zed_interfaces/include/zed_interfaces/msg/detail/skeleton2_d__type_support.h
[19.191s] -- Up-to-date symlink: /home/nvidia/ros2_ws/install/zed_interfaces/include/zed_interfaces/msg/detail/skeleton3_d__functions.h
[19.192s] -- Up-to-date symlink: /home/nvidia/ros2_ws/install/zed_interfaces/include/zed_interfaces/msg/detail/skeleton3_d__struct.h
[19.192s] -- Up-to-date symlink: /home/nvidia/ros2_ws/install/zed_interfaces/include/zed_interfaces/msg/detail/skeleton3_d__type_support.h
[19.194s] -- Up-to-date symlink: /home/nvidia/ros2_ws/install/zed_interfaces/include/zed_interfaces/msg/heartbeat.h
[19.199s] -- Up-to-date symlink: /home/nvidia/ros2_ws/install/zed_interfaces/include/zed_interfaces/msg/keypoint2_df.h
[19.200s] -- Up-to-date symlink: /home/nvidia/ros2_ws/install/zed_interfaces/include/zed_interfaces/msg/keypoint2_di.h
[19.201s] -- Up-to-date symlink: /home/nvidia/ros2_ws/install/zed_interfaces/include/zed_interfaces/msg/keypoint3_d.h
[19.201s] -- Up-to-date symlink: /home/nvidia/ros2_ws/install/zed_interfaces/include/zed_interfaces/msg/object.h
[19.204s] -- Up-to-date symlink: /home/nvidia/ros2_ws/install/zed_interfaces/include/zed_interfaces/msg/objects_stamped.h
[19.207s] -- Up-to-date symlink: /home/nvidia/ros2_ws/install/zed_interfaces/include/zed_interfaces/msg/plane_stamped.h
[19.214s] -- Up-to-date symlink: /home/nvidia/ros2_ws/install/zed_interfaces/include/zed_interfaces/msg/pos_track_status.h
[19.219s] -- Up-to-date symlink: /home/nvidia/ros2_ws/install/zed_interfaces/include/zed_interfaces/msg/rosidl_generator_c__visibility_control.h
[19.220s] -- Up-to-date symlink: /home/nvidia/ros2_ws/install/zed_interfaces/include/zed_interfaces/msg/skeleton2_d.h
[19.221s] -- Up-to-date symlink: /home/nvidia/ros2_ws/install/zed_interfaces/include/zed_interfaces/msg/skeleton3_d.h
[19.228s] -- Up-to-date symlink: /home/nvidia/ros2_ws/install/zed_interfaces/include/zed_interfaces/srv/detail/set_pose__functions.h
[19.228s] -- Up-to-date symlink: /home/nvidia/ros2_ws/install/zed_interfaces/include/zed_interfaces/srv/detail/set_pose__struct.h
[19.234s] -- Up-to-date symlink: /home/nvidia/ros2_ws/install/zed_interfaces/include/zed_interfaces/srv/detail/set_pose__type_support.h
[19.247s] -- Up-to-date symlink: /home/nvidia/ros2_ws/install/zed_interfaces/include/zed_interfaces/srv/detail/set_roi__functions.h
[19.248s] -- Up-to-date symlink: /home/nvidia/ros2_ws/install/zed_interfaces/include/zed_interfaces/srv/detail/set_roi__struct.h
[19.252s] -- Up-to-date symlink: /home/nvidia/ros2_ws/install/zed_interfaces/include/zed_interfaces/srv/detail/set_roi__type_support.h
[19.253s] -- Up-to-date symlink: /home/nvidia/ros2_ws/install/zed_interfaces/include/zed_interfaces/srv/detail/start_svo_rec__functions.h
[19.254s] -- Up-to-date symlink: /home/nvidia/ros2_ws/install/zed_interfaces/include/zed_interfaces/srv/detail/start_svo_rec__struct.h
[19.255s] -- Up-to-date symlink: /home/nvidia/ros2_ws/install/zed_interfaces/include/zed_interfaces/srv/detail/start_svo_rec__type_support.h
[19.260s] -- Up-to-date symlink: /home/nvidia/ros2_ws/install/zed_interfaces/include/zed_interfaces/srv/set_pose.h
[19.262s] -- Up-to-date symlink: /home/nvidia/ros2_ws/install/zed_interfaces/include/zed_interfaces/srv/set_roi.h
[19.266s] -- Up-to-date symlink: /home/nvidia/ros2_ws/install/zed_interfaces/include/zed_interfaces/srv/start_svo_rec.h
[19.267s] -- Up-to-date symlink: /home/nvidia/ros2_ws/install/zed_interfaces/share/zed_interfaces/environment/library_path.sh
[19.268s] -- Up-to-date symlink: /home/nvidia/ros2_ws/install/zed_interfaces/share/zed_interfaces/environment/library_path.dsv
[19.271s] -- Up-to-date symlink: /home/nvidia/ros2_ws/install/zed_interfaces/include/zed_interfaces/msg/detail/bounding_box2_df__rosidl_typesupport_microxrcedds_c.h
[19.272s] -- Up-to-date symlink: /home/nvidia/ros2_ws/install/zed_interfaces/include/zed_interfaces/msg/detail/bounding_box2_di__rosidl_typesupport_microxrcedds_c.h
[19.272s] -- Up-to-date symlink: /home/nvidia/ros2_ws/install/zed_interfaces/include/zed_interfaces/msg/detail/bounding_box3_d__rosidl_typesupport_microxrcedds_c.h
[19.282s] -- Up-to-date symlink: /home/nvidia/ros2_ws/install/zed_interfaces/include/zed_interfaces/msg/detail/depth_info_stamped__rosidl_typesupport_microxrcedds_c.h
[19.284s] -- Up-to-date symlink: /home/nvidia/ros2_ws/install/zed_interfaces/include/zed_interfaces/msg/detail/heartbeat__rosidl_typesupport_microxrcedds_c.h
[19.287s] -- Up-to-date symlink: /home/nvidia/ros2_ws/install/zed_interfaces/include/zed_interfaces/msg/detail/keypoint2_df__rosidl_typesupport_microxrcedds_c.h
[19.288s] -- Up-to-date symlink: /home/nvidia/ros2_ws/install/zed_interfaces/include/zed_interfaces/msg/detail/keypoint2_di__rosidl_typesupport_microxrcedds_c.h
[19.292s] -- Up-to-date symlink: /home/nvidia/ros2_ws/install/zed_interfaces/include/zed_interfaces/msg/detail/keypoint3_d__rosidl_typesupport_microxrcedds_c.h
[19.294s] -- Up-to-date symlink: /home/nvidia/ros2_ws/install/zed_interfaces/include/zed_interfaces/msg/detail/object__rosidl_typesupport_microxrcedds_c.h
[19.299s] -- Up-to-date symlink: /home/nvidia/ros2_ws/install/zed_interfaces/include/zed_interfaces/msg/detail/objects_stamped__rosidl_typesupport_microxrcedds_c.h
[19.302s] -- Up-to-date symlink: /home/nvidia/ros2_ws/install/zed_interfaces/include/zed_interfaces/msg/detail/plane_stamped__rosidl_typesupport_microxrcedds_c.h
[19.308s] -- Up-to-date symlink: /home/nvidia/ros2_ws/install/zed_interfaces/include/zed_interfaces/msg/detail/pos_track_status__rosidl_typesupport_microxrcedds_c.h
[19.309s] -- Up-to-date symlink: /home/nvidia/ros2_ws/install/zed_interfaces/include/zed_interfaces/msg/detail/skeleton2_d__rosidl_typesupport_microxrcedds_c.h
[19.314s] -- Up-to-date symlink: /home/nvidia/ros2_ws/install/zed_interfaces/include/zed_interfaces/msg/detail/skeleton3_d__rosidl_typesupport_microxrcedds_c.h
[19.315s] -- Up-to-date symlink: /home/nvidia/ros2_ws/install/zed_interfaces/include/zed_interfaces/msg/rosidl_typesupport_microxrcedds_c__visibility_control.h
[19.316s] -- Up-to-date symlink: /home/nvidia/ros2_ws/install/zed_interfaces/include/zed_interfaces/srv/detail/set_pose__rosidl_typesupport_microxrcedds_c.h
[19.317s] -- Up-to-date symlink: /home/nvidia/ros2_ws/install/zed_interfaces/include/zed_interfaces/srv/detail/set_roi__rosidl_typesupport_microxrcedds_c.h
[19.317s] -- Up-to-date symlink: /home/nvidia/ros2_ws/install/zed_interfaces/include/zed_interfaces/srv/detail/start_svo_rec__rosidl_typesupport_microxrcedds_c.h
[19.318s] -- Up-to-date symlink: /home/nvidia/ros2_ws/install/zed_interfaces/lib/libzed_interfaces__rosidl_typesupport_microxrcedds_c.so
[19.338s] -- Up-to-date symlink: /home/nvidia/ros2_ws/install/zed_interfaces/include/zed_interfaces/msg/detail/bounding_box2_df__rosidl_typesupport_fastrtps_c.h
[19.341s] -- Up-to-date symlink: /home/nvidia/ros2_ws/install/zed_interfaces/include/zed_interfaces/msg/detail/bounding_box2_di__rosidl_typesupport_fastrtps_c.h
[19.343s] -- Up-to-date symlink: /home/nvidia/ros2_ws/install/zed_interfaces/include/zed_interfaces/msg/detail/bounding_box3_d__rosidl_typesupport_fastrtps_c.h
[19.347s] -- Up-to-date symlink: /home/nvidia/ros2_ws/install/zed_interfaces/include/zed_interfaces/msg/detail/depth_info_stamped__rosidl_typesupport_fastrtps_c.h
[19.352s] -- Up-to-date symlink: /home/nvidia/ros2_ws/install/zed_interfaces/include/zed_interfaces/msg/detail/heartbeat__rosidl_typesupport_fastrtps_c.h
[19.359s] -- Up-to-date symlink: /home/nvidia/ros2_ws/install/zed_interfaces/include/zed_interfaces/msg/detail/keypoint2_df__rosidl_typesupport_fastrtps_c.h
[19.362s] -- Up-to-date symlink: /home/nvidia/ros2_ws/install/zed_interfaces/include/zed_interfaces/msg/detail/keypoint2_di__rosidl_typesupport_fastrtps_c.h
[19.364s] -- Up-to-date symlink: /home/nvidia/ros2_ws/install/zed_interfaces/include/zed_interfaces/msg/detail/keypoint3_d__rosidl_typesupport_fastrtps_c.h
[19.366s] -- Up-to-date symlink: /home/nvidia/ros2_ws/install/zed_interfaces/include/zed_interfaces/msg/detail/object__rosidl_typesupport_fastrtps_c.h
[19.370s] -- Up-to-date symlink: /home/nvidia/ros2_ws/install/zed_interfaces/include/zed_interfaces/msg/detail/objects_stamped__rosidl_typesupport_fastrtps_c.h
[19.371s] -- Up-to-date symlink: /home/nvidia/ros2_ws/install/zed_interfaces/include/zed_interfaces/msg/detail/plane_stamped__rosidl_typesupport_fastrtps_c.h
[19.373s] -- Up-to-date symlink: /home/nvidia/ros2_ws/install/zed_interfaces/include/zed_interfaces/msg/detail/pos_track_status__rosidl_typesupport_fastrtps_c.h
[19.375s] -- Up-to-date symlink: /home/nvidia/ros2_ws/install/zed_interfaces/include/zed_interfaces/msg/detail/skeleton2_d__rosidl_typesupport_fastrtps_c.h
[19.377s] -- Up-to-date symlink: /home/nvidia/ros2_ws/install/zed_interfaces/include/zed_interfaces/msg/detail/skeleton3_d__rosidl_typesupport_fastrtps_c.h
[19.381s] -- Up-to-date symlink: /home/nvidia/ros2_ws/install/zed_interfaces/include/zed_interfaces/msg/rosidl_typesupport_fastrtps_c__visibility_control.h
[19.381s] -- Up-to-date symlink: /home/nvidia/ros2_ws/install/zed_interfaces/include/zed_interfaces/srv/detail/set_pose__rosidl_typesupport_fastrtps_c.h
[19.384s] -- Up-to-date symlink: /home/nvidia/ros2_ws/install/zed_interfaces/include/zed_interfaces/srv/detail/set_roi__rosidl_typesupport_fastrtps_c.h
[19.385s] -- Up-to-date symlink: /home/nvidia/ros2_ws/install/zed_interfaces/include/zed_interfaces/srv/detail/start_svo_rec__rosidl_typesupport_fastrtps_c.h
[19.391s] -- Up-to-date symlink: /home/nvidia/ros2_ws/install/zed_interfaces/lib/libzed_interfaces__rosidl_typesupport_fastrtps_c.so
[19.408s] -- Up-to-date symlink: /home/nvidia/ros2_ws/install/zed_interfaces/include/zed_interfaces/msg/detail/bounding_box2_df__rosidl_typesupport_fastrtps_cpp.hpp
[19.411s] -- Up-to-date symlink: /home/nvidia/ros2_ws/install/zed_interfaces/include/zed_interfaces/msg/detail/bounding_box2_di__rosidl_typesupport_fastrtps_cpp.hpp
[19.412s] -- Up-to-date symlink: /home/nvidia/ros2_ws/install/zed_interfaces/include/zed_interfaces/msg/detail/bounding_box3_d__rosidl_typesupport_fastrtps_cpp.hpp
[19.415s] -- Up-to-date symlink: /home/nvidia/ros2_ws/install/zed_interfaces/include/zed_interfaces/msg/detail/depth_info_stamped__rosidl_typesupport_fastrtps_cpp.hpp
[19.419s] -- Up-to-date symlink: /home/nvidia/ros2_ws/install/zed_interfaces/include/zed_interfaces/msg/detail/heartbeat__rosidl_typesupport_fastrtps_cpp.hpp
[19.421s] -- Up-to-date symlink: /home/nvidia/ros2_ws/install/zed_interfaces/include/zed_interfaces/msg/detail/keypoint2_df__rosidl_typesupport_fastrtps_cpp.hpp
[19.428s] -- Up-to-date symlink: /home/nvidia/ros2_ws/install/zed_interfaces/include/zed_interfaces/msg/detail/keypoint2_di__rosidl_typesupport_fastrtps_cpp.hpp
[19.433s] -- Up-to-date symlink: /home/nvidia/ros2_ws/install/zed_interfaces/include/zed_interfaces/msg/detail/keypoint3_d__rosidl_typesupport_fastrtps_cpp.hpp
[19.435s] -- Up-to-date symlink: /home/nvidia/ros2_ws/install/zed_interfaces/include/zed_interfaces/msg/detail/object__rosidl_typesupport_fastrtps_cpp.hpp
[19.440s] -- Up-to-date symlink: /home/nvidia/ros2_ws/install/zed_interfaces/include/zed_interfaces/msg/detail/objects_stamped__rosidl_typesupport_fastrtps_cpp.hpp
[19.441s] -- Up-to-date symlink: /home/nvidia/ros2_ws/install/zed_interfaces/include/zed_interfaces/msg/detail/plane_stamped__rosidl_typesupport_fastrtps_cpp.hpp
[19.445s] -- Up-to-date symlink: /home/nvidia/ros2_ws/install/zed_interfaces/include/zed_interfaces/msg/detail/pos_track_status__rosidl_typesupport_fastrtps_cpp.hpp
[19.447s] -- Up-to-date symlink: /home/nvidia/ros2_ws/install/zed_interfaces/include/zed_interfaces/msg/detail/skeleton2_d__rosidl_typesupport_fastrtps_cpp.hpp
[19.449s] -- Up-to-date symlink: /home/nvidia/ros2_ws/install/zed_interfaces/include/zed_interfaces/msg/detail/skeleton3_d__rosidl_typesupport_fastrtps_cpp.hpp
[19.452s] -- Up-to-date symlink: /home/nvidia/ros2_ws/install/zed_interfaces/include/zed_interfaces/msg/rosidl_typesupport_fastrtps_cpp__visibility_control.h
[19.464s] -- Up-to-date symlink: /home/nvidia/ros2_ws/install/zed_interfaces/include/zed_interfaces/srv/detail/set_pose__rosidl_typesupport_fastrtps_cpp.hpp
[19.465s] -- Up-to-date symlink: /home/nvidia/ros2_ws/install/zed_interfaces/include/zed_interfaces/srv/detail/set_roi__rosidl_typesupport_fastrtps_cpp.hpp
[19.466s] -- Up-to-date symlink: /home/nvidia/ros2_ws/install/zed_interfaces/include/zed_interfaces/srv/detail/start_svo_rec__rosidl_typesupport_fastrtps_cpp.hpp
[19.466s] -- Up-to-date symlink: /home/nvidia/ros2_ws/install/zed_interfaces/lib/libzed_interfaces__rosidl_typesupport_fastrtps_cpp.so
[19.485s] -- Up-to-date symlink: /home/nvidia/ros2_ws/install/zed_interfaces/include/zed_interfaces/msg/detail/bounding_box2_df__rosidl_typesupport_introspection_c.h
[19.505s] -- Up-to-date symlink: /home/nvidia/ros2_ws/install/zed_interfaces/include/zed_interfaces/msg/detail/bounding_box2_di__rosidl_typesupport_introspection_c.h
[19.506s] -- Up-to-date symlink: /home/nvidia/ros2_ws/install/zed_interfaces/include/zed_interfaces/msg/detail/bounding_box3_d__rosidl_typesupport_introspection_c.h
[19.506s] -- Up-to-date symlink: /home/nvidia/ros2_ws/install/zed_interfaces/include/zed_interfaces/msg/detail/depth_info_stamped__rosidl_typesupport_introspection_c.h
[19.507s] -- Up-to-date symlink: /home/nvidia/ros2_ws/install/zed_interfaces/include/zed_interfaces/msg/detail/heartbeat__rosidl_typesupport_introspection_c.h
[19.507s] -- Up-to-date symlink: /home/nvidia/ros2_ws/install/zed_interfaces/include/zed_interfaces/msg/detail/keypoint2_df__rosidl_typesupport_introspection_c.h
[19.507s] -- Up-to-date symlink: /home/nvidia/ros2_ws/install/zed_interfaces/include/zed_interfaces/msg/detail/keypoint2_di__rosidl_typesupport_introspection_c.h
[19.511s] -- Up-to-date symlink: /home/nvidia/ros2_ws/install/zed_interfaces/include/zed_interfaces/msg/detail/keypoint3_d__rosidl_typesupport_introspection_c.h
[19.515s] -- Up-to-date symlink: /home/nvidia/ros2_ws/install/zed_interfaces/include/zed_interfaces/msg/detail/object__rosidl_typesupport_introspection_c.h
[19.524s] -- Up-to-date symlink: /home/nvidia/ros2_ws/install/zed_interfaces/include/zed_interfaces/msg/detail/objects_stamped__rosidl_typesupport_introspection_c.h
[19.528s] -- Up-to-date symlink: /home/nvidia/ros2_ws/install/zed_interfaces/include/zed_interfaces/msg/detail/plane_stamped__rosidl_typesupport_introspection_c.h
[19.531s] -- Up-to-date symlink: /home/nvidia/ros2_ws/install/zed_interfaces/include/zed_interfaces/msg/detail/pos_track_status__rosidl_typesupport_introspection_c.h
[19.535s] -- Up-to-date symlink: /home/nvidia/ros2_ws/install/zed_interfaces/include/zed_interfaces/msg/detail/skeleton2_d__rosidl_typesupport_introspection_c.h
[19.542s] -- Up-to-date symlink: /home/nvidia/ros2_ws/install/zed_interfaces/include/zed_interfaces/msg/detail/skeleton3_d__rosidl_typesupport_introspection_c.h
[19.544s] -- Up-to-date symlink: /home/nvidia/ros2_ws/install/zed_interfaces/include/zed_interfaces/msg/rosidl_typesupport_introspection_c__visibility_control.h
[19.544s] -- Up-to-date symlink: /home/nvidia/ros2_ws/install/zed_interfaces/include/zed_interfaces/srv/detail/set_pose__rosidl_typesupport_introspection_c.h
[19.546s] -- Up-to-date symlink: /home/nvidia/ros2_ws/install/zed_interfaces/include/zed_interfaces/srv/detail/set_roi__rosidl_typesupport_introspection_c.h
[19.553s] -- Up-to-date symlink: /home/nvidia/ros2_ws/install/zed_interfaces/include/zed_interfaces/srv/detail/start_svo_rec__rosidl_typesupport_introspection_c.h
[19.562s] -- Up-to-date symlink: /home/nvidia/ros2_ws/install/zed_interfaces/include/zed_interfaces/msg/bounding_box2_df.hpp
[19.563s] -- Up-to-date symlink: /home/nvidia/ros2_ws/install/zed_interfaces/include/zed_interfaces/msg/bounding_box2_di.hpp
[19.566s] -- Up-to-date symlink: /home/nvidia/ros2_ws/install/zed_interfaces/include/zed_interfaces/msg/bounding_box3_d.hpp
[19.568s] -- Up-to-date symlink: /home/nvidia/ros2_ws/install/zed_interfaces/include/zed_interfaces/msg/depth_info_stamped.hpp
[19.570s] -- Up-to-date symlink: /home/nvidia/ros2_ws/install/zed_interfaces/include/zed_interfaces/msg/detail/bounding_box2_df__builder.hpp
[19.572s] -- Up-to-date symlink: /home/nvidia/ros2_ws/install/zed_interfaces/include/zed_interfaces/msg/detail/bounding_box2_df__struct.hpp
[19.574s] -- Up-to-date symlink: /home/nvidia/ros2_ws/install/zed_interfaces/include/zed_interfaces/msg/detail/bounding_box2_df__traits.hpp
[19.576s] -- Up-to-date symlink: /home/nvidia/ros2_ws/install/zed_interfaces/include/zed_interfaces/msg/detail/bounding_box2_df__type_support.hpp
[19.580s] -- Up-to-date symlink: /home/nvidia/ros2_ws/install/zed_interfaces/include/zed_interfaces/msg/detail/bounding_box2_di__builder.hpp
[19.584s] -- Up-to-date symlink: /home/nvidia/ros2_ws/install/zed_interfaces/include/zed_interfaces/msg/detail/bounding_box2_di__struct.hpp
[19.584s] -- Up-to-date symlink: /home/nvidia/ros2_ws/install/zed_interfaces/include/zed_interfaces/msg/detail/bounding_box2_di__traits.hpp
[19.591s] -- Up-to-date symlink: /home/nvidia/ros2_ws/install/zed_interfaces/include/zed_interfaces/msg/detail/bounding_box2_di__type_support.hpp
[19.592s] -- Up-to-date symlink: /home/nvidia/ros2_ws/install/zed_interfaces/include/zed_interfaces/msg/detail/bounding_box3_d__builder.hpp
[19.592s] -- Up-to-date symlink: /home/nvidia/ros2_ws/install/zed_interfaces/include/zed_interfaces/msg/detail/bounding_box3_d__struct.hpp
[19.594s] -- Up-to-date symlink: /home/nvidia/ros2_ws/install/zed_interfaces/include/zed_interfaces/msg/detail/bounding_box3_d__traits.hpp
[19.597s] -- Up-to-date symlink: /home/nvidia/ros2_ws/install/zed_interfaces/include/zed_interfaces/msg/detail/bounding_box3_d__type_support.hpp
[19.598s] -- Up-to-date symlink: /home/nvidia/ros2_ws/install/zed_interfaces/include/zed_interfaces/msg/detail/depth_info_stamped__builder.hpp
[19.602s] -- Up-to-date symlink: /home/nvidia/ros2_ws/install/zed_interfaces/include/zed_interfaces/msg/detail/depth_info_stamped__struct.hpp
[19.603s] -- Up-to-date symlink: /home/nvidia/ros2_ws/install/zed_interfaces/include/zed_interfaces/msg/detail/depth_info_stamped__traits.hpp
[19.606s] -- Up-to-date symlink: /home/nvidia/ros2_ws/install/zed_interfaces/include/zed_interfaces/msg/detail/depth_info_stamped__type_support.hpp
[19.609s] -- Up-to-date symlink: /home/nvidia/ros2_ws/install/zed_interfaces/include/zed_interfaces/msg/detail/heartbeat__builder.hpp
[19.611s] -- Up-to-date symlink: /home/nvidia/ros2_ws/install/zed_interfaces/include/zed_interfaces/msg/detail/heartbeat__struct.hpp
[19.613s] -- Up-to-date symlink: /home/nvidia/ros2_ws/install/zed_interfaces/include/zed_interfaces/msg/detail/heartbeat__traits.hpp
[19.617s] -- Up-to-date symlink: /home/nvidia/ros2_ws/install/zed_interfaces/include/zed_interfaces/msg/detail/heartbeat__type_support.hpp
[19.618s] -- Up-to-date symlink: /home/nvidia/ros2_ws/install/zed_interfaces/include/zed_interfaces/msg/detail/keypoint2_df__builder.hpp
[19.620s] -- Up-to-date symlink: /home/nvidia/ros2_ws/install/zed_interfaces/include/zed_interfaces/msg/detail/keypoint2_df__struct.hpp
[19.623s] -- Up-to-date symlink: /home/nvidia/ros2_ws/install/zed_interfaces/include/zed_interfaces/msg/detail/keypoint2_df__traits.hpp
[19.629s] -- Up-to-date symlink: /home/nvidia/ros2_ws/install/zed_interfaces/include/zed_interfaces/msg/detail/keypoint2_df__type_support.hpp
[19.656s] -- Up-to-date symlink: /home/nvidia/ros2_ws/install/zed_interfaces/include/zed_interfaces/msg/detail/keypoint2_di__builder.hpp
[19.658s] -- Up-to-date symlink: /home/nvidia/ros2_ws/install/zed_interfaces/include/zed_interfaces/msg/detail/keypoint2_di__struct.hpp
[19.659s] -- Up-to-date symlink: /home/nvidia/ros2_ws/install/zed_interfaces/include/zed_interfaces/msg/detail/keypoint2_di__traits.hpp
[19.661s] -- Up-to-date symlink: /home/nvidia/ros2_ws/install/zed_interfaces/include/zed_interfaces/msg/detail/keypoint2_di__type_support.hpp
[19.662s] -- Up-to-date symlink: /home/nvidia/ros2_ws/install/zed_interfaces/include/zed_interfaces/msg/detail/keypoint3_d__builder.hpp
[19.663s] -- Up-to-date symlink: /home/nvidia/ros2_ws/install/zed_interfaces/include/zed_interfaces/msg/detail/keypoint3_d__struct.hpp
[19.673s] -- Up-to-date symlink: /home/nvidia/ros2_ws/install/zed_interfaces/include/zed_interfaces/msg/detail/keypoint3_d__traits.hpp
[19.674s] -- Up-to-date symlink: /home/nvidia/ros2_ws/install/zed_interfaces/include/zed_interfaces/msg/detail/keypoint3_d__type_support.hpp
[19.675s] -- Up-to-date symlink: /home/nvidia/ros2_ws/install/zed_interfaces/include/zed_interfaces/msg/detail/object__builder.hpp
[19.675s] -- Up-to-date symlink: /home/nvidia/ros2_ws/install/zed_interfaces/include/zed_interfaces/msg/detail/object__struct.hpp
[19.678s] -- Up-to-date symlink: /home/nvidia/ros2_ws/install/zed_interfaces/include/zed_interfaces/msg/detail/object__traits.hpp
[19.679s] -- Up-to-date symlink: /home/nvidia/ros2_ws/install/zed_interfaces/include/zed_interfaces/msg/detail/object__type_support.hpp
[19.680s] -- Up-to-date symlink: /home/nvidia/ros2_ws/install/zed_interfaces/include/zed_interfaces/msg/detail/objects_stamped__builder.hpp
[19.685s] -- Up-to-date symlink: /home/nvidia/ros2_ws/install/zed_interfaces/include/zed_interfaces/msg/detail/objects_stamped__struct.hpp
[19.687s] -- Up-to-date symlink: /home/nvidia/ros2_ws/install/zed_interfaces/include/zed_interfaces/msg/detail/objects_stamped__traits.hpp
[19.689s] -- Up-to-date symlink: /home/nvidia/ros2_ws/install/zed_interfaces/include/zed_interfaces/msg/detail/objects_stamped__type_support.hpp
[19.692s] -- Up-to-date symlink: /home/nvidia/ros2_ws/install/zed_interfaces/include/zed_interfaces/msg/detail/plane_stamped__builder.hpp
[19.694s] -- Up-to-date symlink: /home/nvidia/ros2_ws/install/zed_interfaces/include/zed_interfaces/msg/detail/plane_stamped__struct.hpp
[19.697s] -- Up-to-date symlink: /home/nvidia/ros2_ws/install/zed_interfaces/include/zed_interfaces/msg/detail/plane_stamped__traits.hpp
[19.699s] -- Up-to-date symlink: /home/nvidia/ros2_ws/install/zed_interfaces/include/zed_interfaces/msg/detail/plane_stamped__type_support.hpp
[19.703s] -- Up-to-date symlink: /home/nvidia/ros2_ws/install/zed_interfaces/include/zed_interfaces/msg/detail/pos_track_status__builder.hpp
[19.705s] -- Up-to-date symlink: /home/nvidia/ros2_ws/install/zed_interfaces/include/zed_interfaces/msg/detail/pos_track_status__struct.hpp
[19.711s] -- Up-to-date symlink: /home/nvidia/ros2_ws/install/zed_interfaces/include/zed_interfaces/msg/detail/pos_track_status__traits.hpp
[19.714s] -- Up-to-date symlink: /home/nvidia/ros2_ws/install/zed_interfaces/include/zed_interfaces/msg/detail/pos_track_status__type_support.hpp
[19.716s] -- Up-to-date symlink: /home/nvidia/ros2_ws/install/zed_interfaces/include/zed_interfaces/msg/detail/skeleton2_d__builder.hpp
[19.719s] -- Up-to-date symlink: /home/nvidia/ros2_ws/install/zed_interfaces/include/zed_interfaces/msg/detail/skeleton2_d__struct.hpp
[19.724s] -- Up-to-date symlink: /home/nvidia/ros2_ws/install/zed_interfaces/include/zed_interfaces/msg/detail/skeleton2_d__traits.hpp
[19.729s] -- Up-to-date symlink: /home/nvidia/ros2_ws/install/zed_interfaces/include/zed_interfaces/msg/detail/skeleton2_d__type_support.hpp
[19.734s] -- Up-to-date symlink: /home/nvidia/ros2_ws/install/zed_interfaces/include/zed_interfaces/msg/detail/skeleton3_d__builder.hpp
[19.741s] -- Up-to-date symlink: /home/nvidia/ros2_ws/install/zed_interfaces/include/zed_interfaces/msg/detail/skeleton3_d__struct.hpp
[19.744s] -- Up-to-date symlink: /home/nvidia/ros2_ws/install/zed_interfaces/include/zed_interfaces/msg/detail/skeleton3_d__traits.hpp
[19.749s] -- Up-to-date symlink: /home/nvidia/ros2_ws/install/zed_interfaces/include/zed_interfaces/msg/detail/skeleton3_d__type_support.hpp
[19.753s] -- Up-to-date symlink: /home/nvidia/ros2_ws/install/zed_interfaces/include/zed_interfaces/msg/heartbeat.hpp
[19.756s] -- Up-to-date symlink: /home/nvidia/ros2_ws/install/zed_interfaces/include/zed_interfaces/msg/keypoint2_df.hpp
[19.759s] -- Up-to-date symlink: /home/nvidia/ros2_ws/install/zed_interfaces/include/zed_interfaces/msg/keypoint2_di.hpp
[19.761s] -- Up-to-date symlink: /home/nvidia/ros2_ws/install/zed_interfaces/include/zed_interfaces/msg/keypoint3_d.hpp
[19.763s] -- Up-to-date symlink: /home/nvidia/ros2_ws/install/zed_interfaces/include/zed_interfaces/msg/object.hpp
[19.765s] -- Up-to-date symlink: /home/nvidia/ros2_ws/install/zed_interfaces/include/zed_interfaces/msg/objects_stamped.hpp
[19.767s] -- Up-to-date symlink: /home/nvidia/ros2_ws/install/zed_interfaces/include/zed_interfaces/msg/plane_stamped.hpp
[19.769s] -- Up-to-date symlink: /home/nvidia/ros2_ws/install/zed_interfaces/include/zed_interfaces/msg/pos_track_status.hpp
[19.771s] -- Up-to-date symlink: /home/nvidia/ros2_ws/install/zed_interfaces/include/zed_interfaces/msg/rosidl_generator_cpp__visibility_control.hpp
[19.773s] -- Up-to-date symlink: /home/nvidia/ros2_ws/install/zed_interfaces/include/zed_interfaces/msg/skeleton2_d.hpp
[19.775s] -- Up-to-date symlink: /home/nvidia/ros2_ws/install/zed_interfaces/include/zed_interfaces/msg/skeleton3_d.hpp
[19.777s] -- Up-to-date symlink: /home/nvidia/ros2_ws/install/zed_interfaces/include/zed_interfaces/srv/detail/set_pose__builder.hpp
[19.779s] -- Up-to-date symlink: /home/nvidia/ros2_ws/install/zed_interfaces/include/zed_interfaces/srv/detail/set_pose__struct.hpp
[19.781s] -- Up-to-date symlink: /home/nvidia/ros2_ws/install/zed_interfaces/include/zed_interfaces/srv/detail/set_pose__traits.hpp
[19.784s] -- Up-to-date symlink: /home/nvidia/ros2_ws/install/zed_interfaces/include/zed_interfaces/srv/detail/set_pose__type_support.hpp
[19.786s] -- Up-to-date symlink: /home/nvidia/ros2_ws/install/zed_interfaces/include/zed_interfaces/srv/detail/set_roi__builder.hpp
[19.788s] -- Up-to-date symlink: /home/nvidia/ros2_ws/install/zed_interfaces/include/zed_interfaces/srv/detail/set_roi__struct.hpp
[19.790s] -- Up-to-date symlink: /home/nvidia/ros2_ws/install/zed_interfaces/include/zed_interfaces/srv/detail/set_roi__traits.hpp
[19.792s] -- Up-to-date symlink: /home/nvidia/ros2_ws/install/zed_interfaces/include/zed_interfaces/srv/detail/set_roi__type_support.hpp
[19.795s] -- Up-to-date symlink: /home/nvidia/ros2_ws/install/zed_interfaces/include/zed_interfaces/srv/detail/start_svo_rec__builder.hpp
[19.797s] -- Up-to-date symlink: /home/nvidia/ros2_ws/install/zed_interfaces/include/zed_interfaces/srv/detail/start_svo_rec__struct.hpp
[19.799s] -- Up-to-date symlink: /home/nvidia/ros2_ws/install/zed_interfaces/include/zed_interfaces/srv/detail/start_svo_rec__traits.hpp
[19.801s] -- Up-to-date symlink: /home/nvidia/ros2_ws/install/zed_interfaces/include/zed_interfaces/srv/detail/start_svo_rec__type_support.hpp
[19.803s] -- Up-to-date symlink: /home/nvidia/ros2_ws/install/zed_interfaces/include/zed_interfaces/srv/set_pose.hpp
[19.806s] -- Up-to-date symlink: /home/nvidia/ros2_ws/install/zed_interfaces/include/zed_interfaces/srv/set_roi.hpp
[19.808s] -- Up-to-date symlink: /home/nvidia/ros2_ws/install/zed_interfaces/include/zed_interfaces/srv/start_svo_rec.hpp
[19.818s] -- Up-to-date symlink: /home/nvidia/ros2_ws/install/zed_interfaces/include/zed_interfaces/msg/detail/bounding_box2_df__rosidl_typesupport_microxrcedds_cpp.hpp
[19.821s] -- Up-to-date symlink: /home/nvidia/ros2_ws/install/zed_interfaces/include/zed_interfaces/msg/detail/bounding_box2_di__rosidl_typesupport_microxrcedds_cpp.hpp
[19.826s] -- Up-to-date symlink: /home/nvidia/ros2_ws/install/zed_interfaces/include/zed_interfaces/msg/detail/bounding_box3_d__rosidl_typesupport_microxrcedds_cpp.hpp
[19.828s] -- Up-to-date symlink: /home/nvidia/ros2_ws/install/zed_interfaces/include/zed_interfaces/msg/detail/depth_info_stamped__rosidl_typesupport_microxrcedds_cpp.hpp
[19.828s] -- Up-to-date symlink: /home/nvidia/ros2_ws/install/zed_interfaces/include/zed_interfaces/msg/detail/heartbeat__rosidl_typesupport_microxrcedds_cpp.hpp
[19.829s] -- Up-to-date symlink: /home/nvidia/ros2_ws/install/zed_interfaces/include/zed_interfaces/msg/detail/keypoint2_df__rosidl_typesupport_microxrcedds_cpp.hpp
[19.831s] -- Up-to-date symlink: /home/nvidia/ros2_ws/install/zed_interfaces/include/zed_interfaces/msg/detail/keypoint2_di__rosidl_typesupport_microxrcedds_cpp.hpp
[19.845s] -- Up-to-date symlink: /home/nvidia/ros2_ws/install/zed_interfaces/include/zed_interfaces/msg/detail/keypoint3_d__rosidl_typesupport_microxrcedds_cpp.hpp
[19.845s] -- Up-to-date symlink: /home/nvidia/ros2_ws/install/zed_interfaces/include/zed_interfaces/msg/detail/microxrcedds/bounding_box2_df__type_support_cpp.cpp
[19.846s] -- Up-to-date symlink: /home/nvidia/ros2_ws/install/zed_interfaces/include/zed_interfaces/msg/detail/microxrcedds/bounding_box2_di__type_support_cpp.cpp
[19.846s] -- Up-to-date symlink: /home/nvidia/ros2_ws/install/zed_interfaces/include/zed_interfaces/msg/detail/microxrcedds/bounding_box3_d__type_support_cpp.cpp
[19.847s] -- Up-to-date symlink: /home/nvidia/ros2_ws/install/zed_interfaces/include/zed_interfaces/msg/detail/microxrcedds/depth_info_stamped__type_support_cpp.cpp
[19.848s] -- Up-to-date symlink: /home/nvidia/ros2_ws/install/zed_interfaces/include/zed_interfaces/msg/detail/microxrcedds/heartbeat__type_support_cpp.cpp
[19.849s] -- Up-to-date symlink: /home/nvidia/ros2_ws/install/zed_interfaces/include/zed_interfaces/msg/detail/microxrcedds/keypoint2_df__type_support_cpp.cpp
[19.852s] -- Up-to-date symlink: /home/nvidia/ros2_ws/install/zed_interfaces/include/zed_interfaces/msg/detail/microxrcedds/keypoint2_di__type_support_cpp.cpp
[19.853s] -- Up-to-date symlink: /home/nvidia/ros2_ws/install/zed_interfaces/include/zed_interfaces/msg/detail/microxrcedds/keypoint3_d__type_support_cpp.cpp
[19.855s] -- Up-to-date symlink: /home/nvidia/ros2_ws/install/zed_interfaces/include/zed_interfaces/msg/detail/microxrcedds/object__type_support_cpp.cpp
[19.858s] -- Up-to-date symlink: /home/nvidia/ros2_ws/install/zed_interfaces/include/zed_interfaces/msg/detail/microxrcedds/objects_stamped__type_support_cpp.cpp
[19.861s] -- Up-to-date symlink: /home/nvidia/ros2_ws/install/zed_interfaces/include/zed_interfaces/msg/detail/microxrcedds/plane_stamped__type_support_cpp.cpp
[19.862s] -- Up-to-date symlink: /home/nvidia/ros2_ws/install/zed_interfaces/include/zed_interfaces/msg/detail/microxrcedds/pos_track_status__type_support_cpp.cpp
[19.864s] -- Up-to-date symlink: /home/nvidia/ros2_ws/install/zed_interfaces/include/zed_interfaces/msg/detail/microxrcedds/skeleton2_d__type_support_cpp.cpp
[19.866s] -- Up-to-date symlink: /home/nvidia/ros2_ws/install/zed_interfaces/include/zed_interfaces/msg/detail/microxrcedds/skeleton3_d__type_support_cpp.cpp
[19.868s] -- Up-to-date symlink: /home/nvidia/ros2_ws/install/zed_interfaces/include/zed_interfaces/msg/detail/object__rosidl_typesupport_microxrcedds_cpp.hpp
[19.870s] -- Up-to-date symlink: /home/nvidia/ros2_ws/install/zed_interfaces/include/zed_interfaces/msg/detail/objects_stamped__rosidl_typesupport_microxrcedds_cpp.hpp
[19.873s] -- Up-to-date symlink: /home/nvidia/ros2_ws/install/zed_interfaces/include/zed_interfaces/msg/detail/plane_stamped__rosidl_typesupport_microxrcedds_cpp.hpp
[19.876s] -- Up-to-date symlink: /home/nvidia/ros2_ws/install/zed_interfaces/include/zed_interfaces/msg/detail/pos_track_status__rosidl_typesupport_microxrcedds_cpp.hpp
[19.878s] -- Up-to-date symlink: /home/nvidia/ros2_ws/install/zed_interfaces/include/zed_interfaces/msg/detail/skeleton2_d__rosidl_typesupport_microxrcedds_cpp.hpp
[19.880s] -- Up-to-date symlink: /home/nvidia/ros2_ws/install/zed_interfaces/include/zed_interfaces/msg/detail/skeleton3_d__rosidl_typesupport_microxrcedds_cpp.hpp
[19.893s] -- Up-to-date symlink: /home/nvidia/ros2_ws/install/zed_interfaces/include/zed_interfaces/msg/rosidl_typesupport_microxrcedds_cpp__visibility_control.h
[19.898s] -- Up-to-date symlink: /home/nvidia/ros2_ws/install/zed_interfaces/include/zed_interfaces/srv/detail/microxrcedds/set_pose__type_support_cpp.cpp
[19.899s] -- Up-to-date symlink: /home/nvidia/ros2_ws/install/zed_interfaces/include/zed_interfaces/srv/detail/microxrcedds/set_roi__type_support_cpp.cpp
[19.899s] -- Up-to-date symlink: /home/nvidia/ros2_ws/install/zed_interfaces/include/zed_interfaces/srv/detail/microxrcedds/start_svo_rec__type_support_cpp.cpp
[19.900s] -- Up-to-date symlink: /home/nvidia/ros2_ws/install/zed_interfaces/include/zed_interfaces/srv/detail/set_pose__rosidl_typesupport_microxrcedds_cpp.hpp
[19.901s] -- Up-to-date symlink: /home/nvidia/ros2_ws/install/zed_interfaces/include/zed_interfaces/srv/detail/set_roi__rosidl_typesupport_microxrcedds_cpp.hpp
[19.902s] -- Up-to-date symlink: /home/nvidia/ros2_ws/install/zed_interfaces/include/zed_interfaces/srv/detail/start_svo_rec__rosidl_typesupport_microxrcedds_cpp.hpp
[19.902s] -- Up-to-date symlink: /home/nvidia/ros2_ws/install/zed_interfaces/lib/libzed_interfaces__rosidl_typesupport_microxrcedds_cpp.so
[19.912s] -- Up-to-date symlink: /home/nvidia/ros2_ws/install/zed_interfaces/include/zed_interfaces/msg/detail/bounding_box2_df__rosidl_typesupport_introspection_cpp.hpp
[19.912s] -- Up-to-date symlink: /home/nvidia/ros2_ws/install/zed_interfaces/include/zed_interfaces/msg/detail/bounding_box2_di__rosidl_typesupport_introspection_cpp.hpp
[19.915s] -- Up-to-date symlink: /home/nvidia/ros2_ws/install/zed_interfaces/include/zed_interfaces/msg/detail/bounding_box3_d__rosidl_typesupport_introspection_cpp.hpp
[19.917s] -- Up-to-date symlink: /home/nvidia/ros2_ws/install/zed_interfaces/include/zed_interfaces/msg/detail/depth_info_stamped__rosidl_typesupport_introspection_cpp.hpp
[19.919s] -- Up-to-date symlink: /home/nvidia/ros2_ws/install/zed_interfaces/include/zed_interfaces/msg/detail/heartbeat__rosidl_typesupport_introspection_cpp.hpp
[19.921s] -- Up-to-date symlink: /home/nvidia/ros2_ws/install/zed_interfaces/include/zed_interfaces/msg/detail/keypoint2_df__rosidl_typesupport_introspection_cpp.hpp
[19.923s] -- Up-to-date symlink: /home/nvidia/ros2_ws/install/zed_interfaces/include/zed_interfaces/msg/detail/keypoint2_di__rosidl_typesupport_introspection_cpp.hpp
[19.927s] -- Up-to-date symlink: /home/nvidia/ros2_ws/install/zed_interfaces/include/zed_interfaces/msg/detail/keypoint3_d__rosidl_typesupport_introspection_cpp.hpp
[19.928s] -- Up-to-date symlink: /home/nvidia/ros2_ws/install/zed_interfaces/include/zed_interfaces/msg/detail/object__rosidl_typesupport_introspection_cpp.hpp
[19.931s] -- Up-to-date symlink: /home/nvidia/ros2_ws/install/zed_interfaces/include/zed_interfaces/msg/detail/objects_stamped__rosidl_typesupport_introspection_cpp.hpp
[19.934s] -- Up-to-date symlink: /home/nvidia/ros2_ws/install/zed_interfaces/include/zed_interfaces/msg/detail/plane_stamped__rosidl_typesupport_introspection_cpp.hpp
[19.937s] -- Up-to-date symlink: /home/nvidia/ros2_ws/install/zed_interfaces/include/zed_interfaces/msg/detail/pos_track_status__rosidl_typesupport_introspection_cpp.hpp
[19.940s] -- Up-to-date symlink: /home/nvidia/ros2_ws/install/zed_interfaces/include/zed_interfaces/msg/detail/skeleton2_d__rosidl_typesupport_introspection_cpp.hpp
[19.943s] -- Up-to-date symlink: /home/nvidia/ros2_ws/install/zed_interfaces/include/zed_interfaces/msg/detail/skeleton3_d__rosidl_typesupport_introspection_cpp.hpp
[19.944s] -- Up-to-date symlink: /home/nvidia/ros2_ws/install/zed_interfaces/include/zed_interfaces/srv/detail/set_pose__rosidl_typesupport_introspection_cpp.hpp
[19.947s] -- Up-to-date symlink: /home/nvidia/ros2_ws/install/zed_interfaces/include/zed_interfaces/srv/detail/set_roi__rosidl_typesupport_introspection_cpp.hpp
[19.948s] -- Up-to-date symlink: /home/nvidia/ros2_ws/install/zed_interfaces/include/zed_interfaces/srv/detail/start_svo_rec__rosidl_typesupport_introspection_cpp.hpp
[19.954s] -- Up-to-date symlink: /home/nvidia/ros2_ws/install/zed_interfaces/share/zed_interfaces/environment/pythonpath.sh
[19.955s] -- Up-to-date symlink: /home/nvidia/ros2_ws/install/zed_interfaces/share/zed_interfaces/environment/pythonpath.dsv
[19.961s] -- Up-to-date symlink: /home/nvidia/ros2_ws/install/zed_interfaces/lib/python3.8/site-packages/zed_interfaces/__init__.py
[19.968s] -- Up-to-date symlink: /home/nvidia/ros2_ws/install/zed_interfaces/lib/python3.8/site-packages/zed_interfaces/msg/__init__.py
[19.970s] -- Up-to-date symlink: /home/nvidia/ros2_ws/install/zed_interfaces/lib/python3.8/site-packages/zed_interfaces/msg/_bounding_box2_df.py
[19.972s] -- Up-to-date symlink: /home/nvidia/ros2_ws/install/zed_interfaces/lib/python3.8/site-packages/zed_interfaces/msg/_bounding_box2_di.py
[19.975s] -- Up-to-date symlink: /home/nvidia/ros2_ws/install/zed_interfaces/lib/python3.8/site-packages/zed_interfaces/msg/_bounding_box3_d.py
[19.978s] -- Up-to-date symlink: /home/nvidia/ros2_ws/install/zed_interfaces/lib/python3.8/site-packages/zed_interfaces/msg/_depth_info_stamped.py
[19.980s] -- Up-to-date symlink: /home/nvidia/ros2_ws/install/zed_interfaces/lib/python3.8/site-packages/zed_interfaces/msg/_heartbeat.py
[19.984s] -- Up-to-date symlink: /home/nvidia/ros2_ws/install/zed_interfaces/lib/python3.8/site-packages/zed_interfaces/msg/_keypoint2_df.py
[19.986s] -- Up-to-date symlink: /home/nvidia/ros2_ws/install/zed_interfaces/lib/python3.8/site-packages/zed_interfaces/msg/_keypoint2_di.py
[19.998s] -- Up-to-date symlink: /home/nvidia/ros2_ws/install/zed_interfaces/lib/python3.8/site-packages/zed_interfaces/msg/_keypoint3_d.py
[20.004s] -- Up-to-date symlink: /home/nvidia/ros2_ws/install/zed_interfaces/lib/python3.8/site-packages/zed_interfaces/msg/_object.py
[20.006s] -- Up-to-date symlink: /home/nvidia/ros2_ws/install/zed_interfaces/lib/python3.8/site-packages/zed_interfaces/msg/_objects_stamped.py
[20.006s] -- Up-to-date symlink: /home/nvidia/ros2_ws/install/zed_interfaces/lib/python3.8/site-packages/zed_interfaces/msg/_plane_stamped.py
[20.007s] -- Up-to-date symlink: /home/nvidia/ros2_ws/install/zed_interfaces/lib/python3.8/site-packages/zed_interfaces/msg/_pos_track_status.py
[20.007s] -- Up-to-date symlink: /home/nvidia/ros2_ws/install/zed_interfaces/lib/python3.8/site-packages/zed_interfaces/msg/_skeleton2_d.py
[20.007s] -- Up-to-date symlink: /home/nvidia/ros2_ws/install/zed_interfaces/lib/python3.8/site-packages/zed_interfaces/msg/_skeleton3_d.py
[20.010s] -- Up-to-date symlink: /home/nvidia/ros2_ws/install/zed_interfaces/lib/python3.8/site-packages/zed_interfaces/srv/__init__.py
[20.019s] -- Up-to-date symlink: /home/nvidia/ros2_ws/install/zed_interfaces/lib/python3.8/site-packages/zed_interfaces/srv/_set_pose.py
[20.020s] -- Up-to-date symlink: /home/nvidia/ros2_ws/install/zed_interfaces/lib/python3.8/site-packages/zed_interfaces/srv/_set_roi.py
[20.021s] -- Up-to-date symlink: /home/nvidia/ros2_ws/install/zed_interfaces/lib/python3.8/site-packages/zed_interfaces/srv/_start_svo_rec.py
[20.021s] -- Up-to-date symlink: /home/nvidia/ros2_ws/install/zed_interfaces/lib/python3.8/site-packages/zed_interfaces/zed_interfaces_s__rosidl_typesupport_microxrcedds_c.cpython-38-aarch64-linux-gnu.so
[20.052s] -- Up-to-date symlink: /home/nvidia/ros2_ws/install/zed_interfaces/lib/python3.8/site-packages/zed_interfaces/zed_interfaces_s__rosidl_typesupport_fastrtps_c.cpython-38-aarch64-linux-gnu.so
[20.053s] -- Up-to-date symlink: /home/nvidia/ros2_ws/install/zed_interfaces/lib/python3.8/site-packages/zed_interfaces/zed_interfaces_s__rosidl_typesupport_introspection_c.cpython-38-aarch64-linux-gnu.so
[20.054s] -- Up-to-date symlink: /home/nvidia/ros2_ws/install/zed_interfaces/lib/python3.8/site-packages/zed_interfaces/zed_interfaces_s__rosidl_typesupport_c.cpython-38-aarch64-linux-gnu.so
[20.055s] -- Up-to-date symlink: /home/nvidia/ros2_ws/install/zed_interfaces/lib/libzed_interfaces__python.so
[20.055s] -- Up-to-date symlink: /home/nvidia/ros2_ws/install/zed_interfaces/share/zed_interfaces/msg/Object.idl
[20.055s] -- Up-to-date symlink: /home/nvidia/ros2_ws/install/zed_interfaces/share/zed_interfaces/msg/ObjectsStamped.idl
[20.056s] -- Up-to-date symlink: /home/nvidia/ros2_ws/install/zed_interfaces/share/zed_interfaces/msg/Keypoint2Di.idl
[20.063s] -- Up-to-date symlink: /home/nvidia/ros2_ws/install/zed_interfaces/share/zed_interfaces/msg/Keypoint2Df.idl
[20.066s] -- Up-to-date symlink: /home/nvidia/ros2_ws/install/zed_interfaces/share/zed_interfaces/msg/Keypoint3D.idl
[20.066s] -- Up-to-date symlink: /home/nvidia/ros2_ws/install/zed_interfaces/share/zed_interfaces/msg/BoundingBox2Di.idl
[20.076s] -- Up-to-date symlink: /home/nvidia/ros2_ws/install/zed_interfaces/share/zed_interfaces/msg/BoundingBox2Df.idl
[20.088s] -- Up-to-date symlink: /home/nvidia/ros2_ws/install/zed_interfaces/share/zed_interfaces/msg/BoundingBox3D.idl
[20.089s] -- Up-to-date symlink: /home/nvidia/ros2_ws/install/zed_interfaces/share/zed_interfaces/msg/Skeleton2D.idl
[20.091s] -- Up-to-date symlink: /home/nvidia/ros2_ws/install/zed_interfaces/share/zed_interfaces/msg/Skeleton3D.idl
[20.094s] -- Up-to-date symlink: /home/nvidia/ros2_ws/install/zed_interfaces/share/zed_interfaces/msg/DepthInfoStamped.idl
[20.095s] -- Up-to-date symlink: /home/nvidia/ros2_ws/install/zed_interfaces/share/zed_interfaces/msg/PlaneStamped.idl
[20.098s] -- Up-to-date symlink: /home/nvidia/ros2_ws/install/zed_interfaces/share/zed_interfaces/msg/PosTrackStatus.idl
[20.116s] -- Up-to-date symlink: /home/nvidia/ros2_ws/install/zed_interfaces/share/zed_interfaces/msg/Heartbeat.idl
[20.118s] -- Up-to-date symlink: /home/nvidia/ros2_ws/install/zed_interfaces/share/zed_interfaces/srv/SetPose.idl
[20.130s] -- Up-to-date symlink: /home/nvidia/ros2_ws/install/zed_interfaces/share/zed_interfaces/srv/StartSvoRec.idl
[20.130s] -- Up-to-date symlink: /home/nvidia/ros2_ws/install/zed_interfaces/share/zed_interfaces/srv/SetROI.idl
[20.131s] -- Up-to-date symlink: /home/nvidia/ros2_ws/install/zed_interfaces/share/zed_interfaces/msg/Object.msg
[20.131s] -- Up-to-date symlink: /home/nvidia/ros2_ws/install/zed_interfaces/share/zed_interfaces/msg/ObjectsStamped.msg
[20.148s] -- Up-to-date symlink: /home/nvidia/ros2_ws/install/zed_interfaces/share/zed_interfaces/msg/Keypoint2Di.msg
[20.148s] -- Up-to-date symlink: /home/nvidia/ros2_ws/install/zed_interfaces/share/zed_interfaces/msg/Keypoint2Df.msg
[20.149s] -- Up-to-date symlink: /home/nvidia/ros2_ws/install/zed_interfaces/share/zed_interfaces/msg/Keypoint3D.msg
[20.149s] -- Up-to-date symlink: /home/nvidia/ros2_ws/install/zed_interfaces/share/zed_interfaces/msg/BoundingBox2Di.msg
[20.150s] -- Up-to-date symlink: /home/nvidia/ros2_ws/install/zed_interfaces/share/zed_interfaces/msg/BoundingBox2Df.msg
[20.151s] -- Up-to-date symlink: /home/nvidia/ros2_ws/install/zed_interfaces/share/zed_interfaces/msg/BoundingBox3D.msg
[20.151s] -- Up-to-date symlink: /home/nvidia/ros2_ws/install/zed_interfaces/share/zed_interfaces/msg/Skeleton2D.msg
[20.152s] -- Up-to-date symlink: /home/nvidia/ros2_ws/install/zed_interfaces/share/zed_interfaces/msg/Skeleton3D.msg
[20.153s] -- Up-to-date symlink: /home/nvidia/ros2_ws/install/zed_interfaces/share/zed_interfaces/msg/DepthInfoStamped.msg
[20.156s] -- Up-to-date symlink: /home/nvidia/ros2_ws/install/zed_interfaces/share/zed_interfaces/msg/PlaneStamped.msg
[20.157s] -- Up-to-date symlink: /home/nvidia/ros2_ws/install/zed_interfaces/share/zed_interfaces/msg/PosTrackStatus.msg
[20.160s] -- Up-to-date symlink: /home/nvidia/ros2_ws/install/zed_interfaces/share/zed_interfaces/msg/Heartbeat.msg
[20.162s] -- Up-to-date symlink: /home/nvidia/ros2_ws/install/zed_interfaces/share/zed_interfaces/srv/SetPose.srv
[20.167s] -- Up-to-date symlink: /home/nvidia/ros2_ws/install/zed_interfaces/share/zed_interfaces/srv/SetPose_Request.msg
[20.169s] -- Up-to-date symlink: /home/nvidia/ros2_ws/install/zed_interfaces/share/zed_interfaces/srv/SetPose_Response.msg
[20.172s] -- Up-to-date symlink: /home/nvidia/ros2_ws/install/zed_interfaces/share/zed_interfaces/srv/StartSvoRec.srv
[20.177s] -- Up-to-date symlink: /home/nvidia/ros2_ws/install/zed_interfaces/share/zed_interfaces/srv/StartSvoRec_Request.msg
[20.178s] -- Up-to-date symlink: /home/nvidia/ros2_ws/install/zed_interfaces/share/zed_interfaces/srv/StartSvoRec_Response.msg
[20.179s] -- Up-to-date symlink: /home/nvidia/ros2_ws/install/zed_interfaces/share/zed_interfaces/srv/SetROI.srv
[20.182s] -- Up-to-date symlink: /home/nvidia/ros2_ws/install/zed_interfaces/share/zed_interfaces/srv/SetROI_Request.msg
[20.186s] -- Up-to-date symlink: /home/nvidia/ros2_ws/install/zed_interfaces/share/zed_interfaces/srv/SetROI_Response.msg
[20.192s] -- Up-to-date symlink: /home/nvidia/ros2_ws/install/zed_interfaces/share/zed_interfaces/meshes/zed.stl
[20.198s] -- Up-to-date symlink: /home/nvidia/ros2_ws/install/zed_interfaces/share/zed_interfaces/meshes/zed2.stl
[20.199s] -- Up-to-date symlink: /home/nvidia/ros2_ws/install/zed_interfaces/share/zed_interfaces/meshes/zed2i.stl
[20.203s] -- Up-to-date symlink: /home/nvidia/ros2_ws/install/zed_interfaces/share/zed_interfaces/meshes/zedm.stl
[20.203s] -- Up-to-date symlink: /home/nvidia/ros2_ws/install/zed_interfaces/share/zed_interfaces/meshes/zedx.stl
[20.204s] -- Up-to-date symlink: /home/nvidia/ros2_ws/install/zed_interfaces/share/zed_interfaces/meshes/zedxm.stl
[20.206s] -- Up-to-date symlink: /home/nvidia/ros2_ws/install/zed_interfaces/share/ament_index/resource_index/package_run_dependencies/zed_interfaces
[20.218s] -- Up-to-date symlink: /home/nvidia/ros2_ws/install/zed_interfaces/share/ament_index/resource_index/parent_prefix_path/zed_interfaces
[20.224s] -- Up-to-date symlink: /home/nvidia/ros2_ws/install/zed_interfaces/share/zed_interfaces/environment/ament_prefix_path.sh
[20.226s] -- Up-to-date symlink: /home/nvidia/ros2_ws/install/zed_interfaces/share/zed_interfaces/environment/ament_prefix_path.dsv
[20.229s] -- Up-to-date symlink: /home/nvidia/ros2_ws/install/zed_interfaces/share/zed_interfaces/environment/path.sh
[20.230s] -- Up-to-date symlink: /home/nvidia/ros2_ws/install/zed_interfaces/share/zed_interfaces/environment/path.dsv
[20.232s] -- Up-to-date symlink: /home/nvidia/ros2_ws/install/zed_interfaces/share/zed_interfaces/local_setup.bash
[20.237s] -- Up-to-date symlink: /home/nvidia/ros2_ws/install/zed_interfaces/share/zed_interfaces/local_setup.sh
[20.238s] -- Up-to-date symlink: /home/nvidia/ros2_ws/install/zed_interfaces/share/zed_interfaces/local_setup.zsh
[20.240s] -- Up-to-date symlink: /home/nvidia/ros2_ws/install/zed_interfaces/share/zed_interfaces/local_setup.dsv
[20.240s] -- Symlinking: /home/nvidia/ros2_ws/install/zed_interfaces/share/zed_interfaces/package.dsv
[20.514s] -- Up-to-date symlink: /home/nvidia/ros2_ws/install/zed_interfaces/share/ament_index/resource_index/packages/zed_interfaces
[20.522s] -- Up-to-date symlink: /home/nvidia/ros2_ws/install/zed_interfaces/share/zed_interfaces/cmake/rosidl_cmake-extras.cmake
[20.525s] -- Up-to-date symlink: /home/nvidia/ros2_ws/install/zed_interfaces/share/zed_interfaces/cmake/ament_cmake_export_dependencies-extras.cmake
[20.533s] -- Up-to-date symlink: /home/nvidia/ros2_ws/install/zed_interfaces/share/zed_interfaces/cmake/ament_cmake_export_libraries-extras.cmake
[20.537s] -- Up-to-date symlink: /home/nvidia/ros2_ws/install/zed_interfaces/share/zed_interfaces/cmake/ament_cmake_export_targets-extras.cmake
[20.541s] -- Up-to-date symlink: /home/nvidia/ros2_ws/install/zed_interfaces/share/zed_interfaces/cmake/ament_cmake_export_include_directories-extras.cmake
[20.544s] -- Up-to-date symlink: /home/nvidia/ros2_ws/install/zed_interfaces/share/zed_interfaces/cmake/rosidl_cmake_export_typesupport_libraries-extras.cmake
[20.547s] -- Up-to-date symlink: /home/nvidia/ros2_ws/install/zed_interfaces/share/zed_interfaces/cmake/rosidl_cmake_export_typesupport_targets-extras.cmake
[20.549s] -- Up-to-date symlink: /home/nvidia/ros2_ws/install/zed_interfaces/share/zed_interfaces/cmake/zed_interfacesConfig.cmake
[20.552s] -- Up-to-date symlink: /home/nvidia/ros2_ws/install/zed_interfaces/share/zed_interfaces/cmake/zed_interfacesConfig-version.cmake
[20.556s] -- Up-to-date symlink: /home/nvidia/ros2_ws/install/zed_interfaces/share/zed_interfaces/package.xml
[20.572s] -- Up-to-date: /home/nvidia/ros2_ws/install/zed_interfaces/lib/libzed_interfaces__rosidl_generator_c.so
[20.573s] -- Up-to-date: /home/nvidia/ros2_ws/install/zed_interfaces/lib/libzed_interfaces__rosidl_typesupport_introspection_c.so
[20.577s] -- Up-to-date: /home/nvidia/ros2_ws/install/zed_interfaces/lib/libzed_interfaces__rosidl_typesupport_c.so
[20.584s] -- Up-to-date: /home/nvidia/ros2_ws/install/zed_interfaces/lib/libzed_interfaces__rosidl_typesupport_introspection_cpp.so
[20.594s] -- Up-to-date: /home/nvidia/ros2_ws/install/zed_interfaces/lib/libzed_interfaces__rosidl_typesupport_cpp.so
[21.220s] -- Up-to-date: /home/nvidia/ros2_ws/install/zed_interfaces/share/zed_interfaces/cmake/zed_interfaces__rosidl_generator_cExport.cmake
[21.221s] -- Up-to-date: /home/nvidia/ros2_ws/install/zed_interfaces/share/zed_interfaces/cmake/zed_interfaces__rosidl_generator_cExport-release.cmake
[21.222s] -- Up-to-date: /home/nvidia/ros2_ws/install/zed_interfaces/share/zed_interfaces/cmake/zed_interfaces__rosidl_typesupport_introspection_cExport.cmake
[21.223s] -- Up-to-date: /home/nvidia/ros2_ws/install/zed_interfaces/share/zed_interfaces/cmake/zed_interfaces__rosidl_typesupport_introspection_cExport-release.cmake
[21.225s] -- Up-to-date: /home/nvidia/ros2_ws/install/zed_interfaces/share/zed_interfaces/cmake/zed_interfaces__rosidl_typesupport_cExport.cmake
[21.228s] -- Up-to-date: /home/nvidia/ros2_ws/install/zed_interfaces/share/zed_interfaces/cmake/zed_interfaces__rosidl_typesupport_cExport-release.cmake
[21.230s] -- Up-to-date: /home/nvidia/ros2_ws/install/zed_interfaces/share/zed_interfaces/cmake/zed_interfaces__rosidl_generator_cppExport.cmake
[21.234s] -- Up-to-date: /home/nvidia/ros2_ws/install/zed_interfaces/share/zed_interfaces/cmake/zed_interfaces__rosidl_typesupport_introspection_cppExport.cmake
[21.236s] -- Up-to-date: /home/nvidia/ros2_ws/install/zed_interfaces/share/zed_interfaces/cmake/zed_interfaces__rosidl_typesupport_introspection_cppExport-release.cmake
[21.252s] -- Up-to-date: /home/nvidia/ros2_ws/install/zed_interfaces/share/zed_interfaces/cmake/zed_interfaces__rosidl_typesupport_cppExport.cmake
[21.253s] -- Up-to-date: /home/nvidia/ros2_ws/install/zed_interfaces/share/zed_interfaces/cmake/zed_interfaces__rosidl_typesupport_cppExport-release.cmake
[21.332s] Invoked command in '/home/nvidia/ros2_ws/build/zed_interfaces' returned '0': CMAKE_PREFIX_PATH=${CMAKE_PREFIX_PATH}:/home/nvidia/rosbag_ws/install/ros2bag:/home/nvidia/microros_ws/install/sensor_msgs_py:/home/nvidia/ros2_ws/install/obj_det_visualizer:/home/nvidia/ros2_ws/install/opencv_tests:/opt/ros/foxy /usr/bin/cmake --install /home/nvidia/ros2_ws/build/zed_interfaces
