[1.199s] Invoking command in '/home/nvidia/ros2_ws/build/costmap_converter_msgs': CMAKE_PREFIX_PATH=${CMAKE_PREFIX_PATH}:/home/nvidia/rosbag_ws/install/ros2bag:/home/nvidia/microros_ws/install/sensor_msgs_py:/home/nvidia/ros2_ws/install/obj_det_visualizer:/home/nvidia/ros2_ws/install/opencv_tests:/opt/ros/foxy /usr/bin/cmake --build /home/nvidia/ros2_ws/build/costmap_converter_msgs -- -j6 -l6
[3.030s] [  2%] Built target costmap_converter_msgs__cpp
[3.177s] [ 10%] Built target costmap_converter_msgs__rosidl_generator_c
[4.024s] [ 18%] Built target costmap_converter_msgs__rosidl_typesupport_cpp
[4.303s] [ 26%] Built target costmap_converter_msgs__rosidl_typesupport_c
[4.464s] [ 34%] Built target costmap_converter_msgs__rosidl_typesupport_fastrtps_cpp
[4.537s] [ 42%] Built target costmap_converter_msgs__rosidl_typesupport_introspection_cpp
[4.789s] [ 51%] Built target costmap_converter_msgs__rosidl_typesupport_microxrcedds_c
[5.038s] [ 59%] Built target costmap_converter_msgs__rosidl_typesupport_microxrcedds_cpp
[5.396s] [ 67%] Built target costmap_converter_msgs__rosidl_typesupport_introspection_c
[5.843s] [ 75%] Built target costmap_converter_msgs__rosidl_typesupport_fastrtps_c
[6.475s] [ 75%] Built target costmap_converter_msgs
[6.904s] [ 77%] Built target costmap_converter_msgs__py
[7.586s] [ 83%] Built target costmap_converter_msgs__python
[8.215s] [ 87%] Built target costmap_converter_msgs__rosidl_typesupport_c__pyext
[8.473s] [ 91%] Built target costmap_converter_msgs__rosidl_typesupport_microxrcedds_c__pyext
[8.529s] [ 95%] Built target costmap_converter_msgs__rosidl_typesupport_fastrtps_c__pyext
[8.537s] [100%] Built target costmap_converter_msgs__rosidl_typesupport_introspection_c__pyext
[9.129s] Invoked command in '/home/nvidia/ros2_ws/build/costmap_converter_msgs' returned '0': CMAKE_PREFIX_PATH=${CMAKE_PREFIX_PATH}:/home/nvidia/rosbag_ws/install/ros2bag:/home/nvidia/microros_ws/install/sensor_msgs_py:/home/nvidia/ros2_ws/install/obj_det_visualizer:/home/nvidia/ros2_ws/install/opencv_tests:/opt/ros/foxy /usr/bin/cmake --build /home/nvidia/ros2_ws/build/costmap_converter_msgs -- -j6 -l6
[9.279s] Invoking command in '/home/nvidia/ros2_ws/build/costmap_converter_msgs': CMAKE_PREFIX_PATH=${CMAKE_PREFIX_PATH}:/home/nvidia/rosbag_ws/install/ros2bag:/home/nvidia/microros_ws/install/sensor_msgs_py:/home/nvidia/ros2_ws/install/obj_det_visualizer:/home/nvidia/ros2_ws/install/opencv_tests:/opt/ros/foxy /usr/bin/cmake --install /home/nvidia/ros2_ws/build/costmap_converter_msgs
[9.525s] -- Install configuration: "Release"
[9.536s] -- Execute custom install script
[9.544s] -- Up-to-date symlink: /home/nvidia/ros2_ws/install/costmap_converter_msgs/share/ament_index/resource_index/rosidl_interfaces/costmap_converter_msgs
[9.561s] -- Up-to-date symlink: /home/nvidia/ros2_ws/install/costmap_converter_msgs/include/costmap_converter_msgs/msg/detail/obstacle_array_msg__functions.h
[9.563s] -- Up-to-date symlink: /home/nvidia/ros2_ws/install/costmap_converter_msgs/include/costmap_converter_msgs/msg/detail/obstacle_array_msg__struct.h
[9.570s] -- Up-to-date symlink: /home/nvidia/ros2_ws/install/costmap_converter_msgs/include/costmap_converter_msgs/msg/detail/obstacle_array_msg__type_support.h
[9.571s] -- Up-to-date symlink: /home/nvidia/ros2_ws/install/costmap_converter_msgs/include/costmap_converter_msgs/msg/detail/obstacle_msg__functions.h
[9.572s] -- Up-to-date symlink: /home/nvidia/ros2_ws/install/costmap_converter_msgs/include/costmap_converter_msgs/msg/detail/obstacle_msg__struct.h
[9.576s] -- Up-to-date symlink: /home/nvidia/ros2_ws/install/costmap_converter_msgs/include/costmap_converter_msgs/msg/detail/obstacle_msg__type_support.h
[9.604s] -- Up-to-date symlink: /home/nvidia/ros2_ws/install/costmap_converter_msgs/include/costmap_converter_msgs/msg/obstacle_array_msg.h
[9.740s] -- Up-to-date symlink: /home/nvidia/ros2_ws/install/costmap_converter_msgs/include/costmap_converter_msgs/msg/obstacle_msg.h
[9.743s] -- Up-to-date symlink: /home/nvidia/ros2_ws/install/costmap_converter_msgs/include/costmap_converter_msgs/msg/rosidl_generator_c__visibility_control.h
[9.749s] -- Up-to-date symlink: /home/nvidia/ros2_ws/install/costmap_converter_msgs/share/costmap_converter_msgs/environment/library_path.sh
[9.758s] -- Up-to-date symlink: /home/nvidia/ros2_ws/install/costmap_converter_msgs/share/costmap_converter_msgs/environment/library_path.dsv
[9.763s] -- Up-to-date symlink: /home/nvidia/ros2_ws/install/costmap_converter_msgs/include/costmap_converter_msgs/msg/detail/obstacle_array_msg__rosidl_typesupport_microxrcedds_c.h
[9.764s] -- Up-to-date symlink: /home/nvidia/ros2_ws/install/costmap_converter_msgs/include/costmap_converter_msgs/msg/detail/obstacle_msg__rosidl_typesupport_microxrcedds_c.h
[9.766s] -- Up-to-date symlink: /home/nvidia/ros2_ws/install/costmap_converter_msgs/include/costmap_converter_msgs/msg/rosidl_typesupport_microxrcedds_c__visibility_control.h
[9.771s] -- Up-to-date symlink: /home/nvidia/ros2_ws/install/costmap_converter_msgs/lib/libcostmap_converter_msgs__rosidl_typesupport_microxrcedds_c.so
[9.780s] -- Up-to-date symlink: /home/nvidia/ros2_ws/install/costmap_converter_msgs/include/costmap_converter_msgs/msg/detail/obstacle_array_msg__rosidl_typesupport_fastrtps_c.h
[9.781s] -- Up-to-date symlink: /home/nvidia/ros2_ws/install/costmap_converter_msgs/include/costmap_converter_msgs/msg/detail/obstacle_msg__rosidl_typesupport_fastrtps_c.h
[9.783s] -- Up-to-date symlink: /home/nvidia/ros2_ws/install/costmap_converter_msgs/include/costmap_converter_msgs/msg/rosidl_typesupport_fastrtps_c__visibility_control.h
[9.790s] -- Up-to-date symlink: /home/nvidia/ros2_ws/install/costmap_converter_msgs/lib/libcostmap_converter_msgs__rosidl_typesupport_fastrtps_c.so
[9.800s] -- Up-to-date symlink: /home/nvidia/ros2_ws/install/costmap_converter_msgs/include/costmap_converter_msgs/msg/detail/obstacle_array_msg__rosidl_typesupport_fastrtps_cpp.hpp
[9.801s] -- Up-to-date symlink: /home/nvidia/ros2_ws/install/costmap_converter_msgs/include/costmap_converter_msgs/msg/detail/obstacle_msg__rosidl_typesupport_fastrtps_cpp.hpp
[9.802s] -- Up-to-date symlink: /home/nvidia/ros2_ws/install/costmap_converter_msgs/include/costmap_converter_msgs/msg/rosidl_typesupport_fastrtps_cpp__visibility_control.h
[9.812s] -- Up-to-date symlink: /home/nvidia/ros2_ws/install/costmap_converter_msgs/lib/libcostmap_converter_msgs__rosidl_typesupport_fastrtps_cpp.so
[9.821s] -- Up-to-date symlink: /home/nvidia/ros2_ws/install/costmap_converter_msgs/include/costmap_converter_msgs/msg/detail/obstacle_array_msg__rosidl_typesupport_introspection_c.h
[9.825s] -- Up-to-date symlink: /home/nvidia/ros2_ws/install/costmap_converter_msgs/include/costmap_converter_msgs/msg/detail/obstacle_msg__rosidl_typesupport_introspection_c.h
[9.826s] -- Up-to-date symlink: /home/nvidia/ros2_ws/install/costmap_converter_msgs/include/costmap_converter_msgs/msg/rosidl_typesupport_introspection_c__visibility_control.h
[9.833s] -- Up-to-date symlink: /home/nvidia/ros2_ws/install/costmap_converter_msgs/include/costmap_converter_msgs/msg/detail/obstacle_array_msg__builder.hpp
[9.834s] -- Up-to-date symlink: /home/nvidia/ros2_ws/install/costmap_converter_msgs/include/costmap_converter_msgs/msg/detail/obstacle_array_msg__struct.hpp
[9.837s] -- Up-to-date symlink: /home/nvidia/ros2_ws/install/costmap_converter_msgs/include/costmap_converter_msgs/msg/detail/obstacle_array_msg__traits.hpp
[9.860s] -- Up-to-date symlink: /home/nvidia/ros2_ws/install/costmap_converter_msgs/include/costmap_converter_msgs/msg/detail/obstacle_array_msg__type_support.hpp
[10.014s] -- Up-to-date symlink: /home/nvidia/ros2_ws/install/costmap_converter_msgs/include/costmap_converter_msgs/msg/detail/obstacle_msg__builder.hpp
[10.018s] -- Up-to-date symlink: /home/nvidia/ros2_ws/install/costmap_converter_msgs/include/costmap_converter_msgs/msg/detail/obstacle_msg__struct.hpp
[10.059s] -- Up-to-date symlink: /home/nvidia/ros2_ws/install/costmap_converter_msgs/include/costmap_converter_msgs/msg/detail/obstacle_msg__traits.hpp
[10.060s] -- Up-to-date symlink: /home/nvidia/ros2_ws/install/costmap_converter_msgs/include/costmap_converter_msgs/msg/detail/obstacle_msg__type_support.hpp
[10.064s] -- Up-to-date symlink: /home/nvidia/ros2_ws/install/costmap_converter_msgs/include/costmap_converter_msgs/msg/obstacle_array_msg.hpp
[10.064s] -- Up-to-date symlink: /home/nvidia/ros2_ws/install/costmap_converter_msgs/include/costmap_converter_msgs/msg/obstacle_msg.hpp
[10.072s] -- Up-to-date symlink: /home/nvidia/ros2_ws/install/costmap_converter_msgs/include/costmap_converter_msgs/msg/rosidl_generator_cpp__visibility_control.hpp
[10.076s] -- Up-to-date symlink: /home/nvidia/ros2_ws/install/costmap_converter_msgs/include/costmap_converter_msgs/msg/detail/microxrcedds/obstacle_array_msg__type_support_cpp.cpp
[10.076s] -- Up-to-date symlink: /home/nvidia/ros2_ws/install/costmap_converter_msgs/include/costmap_converter_msgs/msg/detail/microxrcedds/obstacle_msg__type_support_cpp.cpp
[10.077s] -- Up-to-date symlink: /home/nvidia/ros2_ws/install/costmap_converter_msgs/include/costmap_converter_msgs/msg/detail/obstacle_array_msg__rosidl_typesupport_microxrcedds_cpp.hpp
[10.096s] -- Up-to-date symlink: /home/nvidia/ros2_ws/install/costmap_converter_msgs/include/costmap_converter_msgs/msg/detail/obstacle_msg__rosidl_typesupport_microxrcedds_cpp.hpp
[10.248s] -- Up-to-date symlink: /home/nvidia/ros2_ws/install/costmap_converter_msgs/include/costmap_converter_msgs/msg/rosidl_typesupport_microxrcedds_cpp__visibility_control.h
[10.256s] -- Up-to-date symlink: /home/nvidia/ros2_ws/install/costmap_converter_msgs/lib/libcostmap_converter_msgs__rosidl_typesupport_microxrcedds_cpp.so
[10.268s] -- Up-to-date symlink: /home/nvidia/ros2_ws/install/costmap_converter_msgs/include/costmap_converter_msgs/msg/detail/obstacle_array_msg__rosidl_typesupport_introspection_cpp.hpp
[10.272s] -- Up-to-date symlink: /home/nvidia/ros2_ws/install/costmap_converter_msgs/include/costmap_converter_msgs/msg/detail/obstacle_msg__rosidl_typesupport_introspection_cpp.hpp
[10.286s] -- Up-to-date symlink: /home/nvidia/ros2_ws/install/costmap_converter_msgs/share/costmap_converter_msgs/environment/pythonpath.sh
[10.317s] -- Up-to-date symlink: /home/nvidia/ros2_ws/install/costmap_converter_msgs/share/costmap_converter_msgs/environment/pythonpath.dsv
[10.456s] -- Up-to-date symlink: /home/nvidia/ros2_ws/install/costmap_converter_msgs/lib/python3.8/site-packages/costmap_converter_msgs/__init__.py
[10.472s] -- Up-to-date symlink: /home/nvidia/ros2_ws/install/costmap_converter_msgs/lib/python3.8/site-packages/costmap_converter_msgs/msg/__init__.py
[10.626s] -- Up-to-date symlink: /home/nvidia/ros2_ws/install/costmap_converter_msgs/lib/python3.8/site-packages/costmap_converter_msgs/msg/_obstacle_array_msg.py
[10.633s] -- Up-to-date symlink: /home/nvidia/ros2_ws/install/costmap_converter_msgs/lib/python3.8/site-packages/costmap_converter_msgs/msg/_obstacle_msg.py
[10.646s] -- Up-to-date symlink: /home/nvidia/ros2_ws/install/costmap_converter_msgs/lib/python3.8/site-packages/costmap_converter_msgs/costmap_converter_msgs_s__rosidl_typesupport_microxrcedds_c.cpython-38-aarch64-linux-gnu.so
[10.647s] -- Up-to-date symlink: /home/nvidia/ros2_ws/install/costmap_converter_msgs/lib/python3.8/site-packages/costmap_converter_msgs/costmap_converter_msgs_s__rosidl_typesupport_fastrtps_c.cpython-38-aarch64-linux-gnu.so
[10.666s] -- Up-to-date symlink: /home/nvidia/ros2_ws/install/costmap_converter_msgs/lib/python3.8/site-packages/costmap_converter_msgs/costmap_converter_msgs_s__rosidl_typesupport_introspection_c.cpython-38-aarch64-linux-gnu.so
[10.669s] -- Up-to-date symlink: /home/nvidia/ros2_ws/install/costmap_converter_msgs/lib/python3.8/site-packages/costmap_converter_msgs/costmap_converter_msgs_s__rosidl_typesupport_c.cpython-38-aarch64-linux-gnu.so
[10.670s] -- Up-to-date symlink: /home/nvidia/ros2_ws/install/costmap_converter_msgs/lib/libcostmap_converter_msgs__python.so
[10.671s] -- Up-to-date symlink: /home/nvidia/ros2_ws/install/costmap_converter_msgs/share/costmap_converter_msgs/msg/ObstacleMsg.idl
[10.672s] -- Up-to-date symlink: /home/nvidia/ros2_ws/install/costmap_converter_msgs/share/costmap_converter_msgs/msg/ObstacleArrayMsg.idl
[10.673s] -- Up-to-date symlink: /home/nvidia/ros2_ws/install/costmap_converter_msgs/share/costmap_converter_msgs/msg/ObstacleMsg.msg
[10.675s] -- Up-to-date symlink: /home/nvidia/ros2_ws/install/costmap_converter_msgs/share/costmap_converter_msgs/msg/ObstacleArrayMsg.msg
[10.675s] -- Up-to-date symlink: /home/nvidia/ros2_ws/install/costmap_converter_msgs/share/ament_index/resource_index/package_run_dependencies/costmap_converter_msgs
[10.677s] -- Up-to-date symlink: /home/nvidia/ros2_ws/install/costmap_converter_msgs/share/ament_index/resource_index/parent_prefix_path/costmap_converter_msgs
[10.680s] -- Up-to-date symlink: /home/nvidia/ros2_ws/install/costmap_converter_msgs/share/costmap_converter_msgs/environment/ament_prefix_path.sh
[10.682s] -- Up-to-date symlink: /home/nvidia/ros2_ws/install/costmap_converter_msgs/share/costmap_converter_msgs/environment/ament_prefix_path.dsv
[10.684s] -- Up-to-date symlink: /home/nvidia/ros2_ws/install/costmap_converter_msgs/share/costmap_converter_msgs/environment/path.sh
[10.687s] -- Up-to-date symlink: /home/nvidia/ros2_ws/install/costmap_converter_msgs/share/costmap_converter_msgs/environment/path.dsv
[10.689s] -- Up-to-date symlink: /home/nvidia/ros2_ws/install/costmap_converter_msgs/share/costmap_converter_msgs/local_setup.bash
[10.691s] -- Up-to-date symlink: /home/nvidia/ros2_ws/install/costmap_converter_msgs/share/costmap_converter_msgs/local_setup.sh
[10.696s] -- Up-to-date symlink: /home/nvidia/ros2_ws/install/costmap_converter_msgs/share/costmap_converter_msgs/local_setup.zsh
[10.718s] -- Up-to-date symlink: /home/nvidia/ros2_ws/install/costmap_converter_msgs/share/costmap_converter_msgs/local_setup.dsv
[10.719s] -- Symlinking: /home/nvidia/ros2_ws/install/costmap_converter_msgs/share/costmap_converter_msgs/package.dsv
[10.843s] -- Up-to-date symlink: /home/nvidia/ros2_ws/install/costmap_converter_msgs/share/ament_index/resource_index/packages/costmap_converter_msgs
[10.864s] -- Up-to-date symlink: /home/nvidia/ros2_ws/install/costmap_converter_msgs/share/costmap_converter_msgs/cmake/rosidl_cmake-extras.cmake
[10.871s] -- Up-to-date symlink: /home/nvidia/ros2_ws/install/costmap_converter_msgs/share/costmap_converter_msgs/cmake/ament_cmake_export_dependencies-extras.cmake
[10.873s] -- Up-to-date symlink: /home/nvidia/ros2_ws/install/costmap_converter_msgs/share/costmap_converter_msgs/cmake/ament_cmake_export_libraries-extras.cmake
[10.885s] -- Up-to-date symlink: /home/nvidia/ros2_ws/install/costmap_converter_msgs/share/costmap_converter_msgs/cmake/ament_cmake_export_targets-extras.cmake
[10.902s] -- Up-to-date symlink: /home/nvidia/ros2_ws/install/costmap_converter_msgs/share/costmap_converter_msgs/cmake/ament_cmake_export_include_directories-extras.cmake
[10.915s] -- Up-to-date symlink: /home/nvidia/ros2_ws/install/costmap_converter_msgs/share/costmap_converter_msgs/cmake/rosidl_cmake_export_typesupport_libraries-extras.cmake
[10.917s] -- Up-to-date symlink: /home/nvidia/ros2_ws/install/costmap_converter_msgs/share/costmap_converter_msgs/cmake/rosidl_cmake_export_typesupport_targets-extras.cmake
[10.917s] -- Up-to-date symlink: /home/nvidia/ros2_ws/install/costmap_converter_msgs/share/costmap_converter_msgs/cmake/costmap_converter_msgsConfig.cmake
[10.918s] -- Up-to-date symlink: /home/nvidia/ros2_ws/install/costmap_converter_msgs/share/costmap_converter_msgs/cmake/costmap_converter_msgsConfig-version.cmake
[10.924s] -- Up-to-date symlink: /home/nvidia/ros2_ws/install/costmap_converter_msgs/share/costmap_converter_msgs/package.xml
[10.927s] -- Up-to-date: /home/nvidia/ros2_ws/install/costmap_converter_msgs/lib/libcostmap_converter_msgs__rosidl_generator_c.so
[10.933s] -- Up-to-date: /home/nvidia/ros2_ws/install/costmap_converter_msgs/lib/libcostmap_converter_msgs__rosidl_typesupport_introspection_c.so
[10.944s] -- Up-to-date: /home/nvidia/ros2_ws/install/costmap_converter_msgs/lib/libcostmap_converter_msgs__rosidl_typesupport_c.so
[10.948s] -- Up-to-date: /home/nvidia/ros2_ws/install/costmap_converter_msgs/lib/libcostmap_converter_msgs__rosidl_typesupport_introspection_cpp.so
[10.954s] -- Up-to-date: /home/nvidia/ros2_ws/install/costmap_converter_msgs/lib/libcostmap_converter_msgs__rosidl_typesupport_cpp.so
[12.070s] -- Up-to-date: /home/nvidia/ros2_ws/install/costmap_converter_msgs/share/costmap_converter_msgs/cmake/costmap_converter_msgs__rosidl_generator_cExport.cmake
[12.072s] -- Up-to-date: /home/nvidia/ros2_ws/install/costmap_converter_msgs/share/costmap_converter_msgs/cmake/costmap_converter_msgs__rosidl_generator_cExport-release.cmake
[12.076s] -- Up-to-date: /home/nvidia/ros2_ws/install/costmap_converter_msgs/share/costmap_converter_msgs/cmake/costmap_converter_msgs__rosidl_typesupport_introspection_cExport.cmake
[12.076s] -- Up-to-date: /home/nvidia/ros2_ws/install/costmap_converter_msgs/share/costmap_converter_msgs/cmake/costmap_converter_msgs__rosidl_typesupport_introspection_cExport-release.cmake
[12.079s] -- Up-to-date: /home/nvidia/ros2_ws/install/costmap_converter_msgs/share/costmap_converter_msgs/cmake/costmap_converter_msgs__rosidl_typesupport_cExport.cmake
[12.080s] -- Up-to-date: /home/nvidia/ros2_ws/install/costmap_converter_msgs/share/costmap_converter_msgs/cmake/costmap_converter_msgs__rosidl_typesupport_cExport-release.cmake
[12.088s] -- Up-to-date: /home/nvidia/ros2_ws/install/costmap_converter_msgs/share/costmap_converter_msgs/cmake/costmap_converter_msgs__rosidl_generator_cppExport.cmake
[12.089s] -- Up-to-date: /home/nvidia/ros2_ws/install/costmap_converter_msgs/share/costmap_converter_msgs/cmake/costmap_converter_msgs__rosidl_typesupport_introspection_cppExport.cmake
[12.089s] -- Up-to-date: /home/nvidia/ros2_ws/install/costmap_converter_msgs/share/costmap_converter_msgs/cmake/costmap_converter_msgs__rosidl_typesupport_introspection_cppExport-release.cmake
[12.091s] -- Up-to-date: /home/nvidia/ros2_ws/install/costmap_converter_msgs/share/costmap_converter_msgs/cmake/costmap_converter_msgs__rosidl_typesupport_cppExport.cmake
[12.091s] -- Up-to-date: /home/nvidia/ros2_ws/install/costmap_converter_msgs/share/costmap_converter_msgs/cmake/costmap_converter_msgs__rosidl_typesupport_cppExport-release.cmake
[12.117s] Invoked command in '/home/nvidia/ros2_ws/build/costmap_converter_msgs' returned '0': CMAKE_PREFIX_PATH=${CMAKE_PREFIX_PATH}:/home/nvidia/rosbag_ws/install/ros2bag:/home/nvidia/microros_ws/install/sensor_msgs_py:/home/nvidia/ros2_ws/install/obj_det_visualizer:/home/nvidia/ros2_ws/install/opencv_tests:/opt/ros/foxy /usr/bin/cmake --install /home/nvidia/ros2_ws/build/costmap_converter_msgs
