[0.606s] Invoking command in '/home/nvidia/ros2_ws/build/image_geometry': CMAKE_PREFIX_PATH=${CMAKE_PREFIX_PATH}:/home/nvidia/rosbag_ws/install/ros2bag:/home/nvidia/microros_ws/install/sensor_msgs_py:/home/nvidia/ros2_ws/install/obj_det_visualizer:/home/nvidia/ros2_ws/install/opencv_tests:/opt/ros/foxy /usr/bin/cmake /home/nvidia/ros2_ws/src/vision_opencv/image_geometry -DCMAKE_INSTALL_PREFIX=/home/nvidia/ros2_ws/install/image_geometry
[0.814s] -- Found ament_cmake_python: 0.9.12 (/opt/ros/foxy/share/ament_cmake_python/cmake)
[0.820s] -- Found ament_cmake_ros: 0.9.2 (/opt/ros/foxy/share/ament_cmake_ros/cmake)
[1.374s] -- Using PYTHON_EXECUTABLE: /usr/bin/python3
[3.383s] -- Override CMake install command with custom implementation using symlinks instead of copying resources
[3.519s] -- Found sensor_msgs: 2.0.5 (/home/nvidia/microros_ws/install/sensor_msgs/share/sensor_msgs/cmake)
[4.019s] -- Using all available rosidl_typesupport_c: rosidl_typesupport_microxrcedds_c;rosidl_typesupport_fastrtps_c;rosidl_typesupport_introspection_c
[4.050s] -- Found rosidl_adapter: 1.3.1 (/opt/ros/foxy/share/rosidl_adapter/cmake)
[7.134s] -- Using all available rosidl_typesupport_cpp: rosidl_typesupport_microxrcedds_cpp;rosidl_typesupport_fastrtps_cpp;rosidl_typesupport_introspection_cpp
[9.890s] -- Found gtest sources under '/opt/ros/foxy/src/gtest_vendor': C++ tests using 'Google Test' will be built
[10.844s] -- Configuring done
[11.165s] -- Generating done
[11.208s] -- Build files have been written to: /home/nvidia/ros2_ws/build/image_geometry
[11.258s] Invoked command in '/home/nvidia/ros2_ws/build/image_geometry' returned '0': CMAKE_PREFIX_PATH=${CMAKE_PREFIX_PATH}:/home/nvidia/rosbag_ws/install/ros2bag:/home/nvidia/microros_ws/install/sensor_msgs_py:/home/nvidia/ros2_ws/install/obj_det_visualizer:/home/nvidia/ros2_ws/install/opencv_tests:/opt/ros/foxy /usr/bin/cmake /home/nvidia/ros2_ws/src/vision_opencv/image_geometry -DCMAKE_INSTALL_PREFIX=/home/nvidia/ros2_ws/install/image_geometry
[11.278s] Invoking command in '/home/nvidia/ros2_ws/build/image_geometry': CMAKE_PREFIX_PATH=${CMAKE_PREFIX_PATH}:/home/nvidia/rosbag_ws/install/ros2bag:/home/nvidia/microros_ws/install/sensor_msgs_py:/home/nvidia/ros2_ws/install/obj_det_visualizer:/home/nvidia/ros2_ws/install/opencv_tests:/opt/ros/foxy /usr/bin/cmake --build /home/nvidia/ros2_ws/build/image_geometry -- -j6 -l6
[12.141s] [ 18%] Built target gtest
[12.199s] [ 36%] Built target gtest_main
[12.345s] [ 63%] Built target image_geometry
[12.699s] [ 81%] Built target image_geometry-utest-equi
[12.717s] [100%] Built target image_geometry-utest
[12.891s] Invoked command in '/home/nvidia/ros2_ws/build/image_geometry' returned '0': CMAKE_PREFIX_PATH=${CMAKE_PREFIX_PATH}:/home/nvidia/rosbag_ws/install/ros2bag:/home/nvidia/microros_ws/install/sensor_msgs_py:/home/nvidia/ros2_ws/install/obj_det_visualizer:/home/nvidia/ros2_ws/install/opencv_tests:/opt/ros/foxy /usr/bin/cmake --build /home/nvidia/ros2_ws/build/image_geometry -- -j6 -l6
[12.895s] Invoking command in '/home/nvidia/ros2_ws/build/image_geometry': CMAKE_PREFIX_PATH=${CMAKE_PREFIX_PATH}:/home/nvidia/rosbag_ws/install/ros2bag:/home/nvidia/microros_ws/install/sensor_msgs_py:/home/nvidia/ros2_ws/install/obj_det_visualizer:/home/nvidia/ros2_ws/install/opencv_tests:/opt/ros/foxy /usr/bin/cmake --install /home/nvidia/ros2_ws/build/image_geometry
[12.983s] -- Install configuration: "Release"
[12.990s] -- Execute custom install script
[12.991s] -- Up-to-date symlink: /home/nvidia/ros2_ws/install/image_geometry/share/image_geometry/environment/pythonpath.sh
[12.994s] -- Up-to-date symlink: /home/nvidia/ros2_ws/install/image_geometry/share/image_geometry/environment/pythonpath.dsv
[13.002s] -- Up-to-date symlink: /home/nvidia/ros2_ws/install/image_geometry/lib/python3.8/site-packages/image_geometry/__init__.py
[13.003s] -- Up-to-date symlink: /home/nvidia/ros2_ws/install/image_geometry/lib/python3.8/site-packages/image_geometry/cameramodels.py
[13.007s] -- Up-to-date symlink: /home/nvidia/ros2_ws/install/image_geometry/include/image_geometry/pinhole_camera_model.h
[13.011s] -- Up-to-date symlink: /home/nvidia/ros2_ws/install/image_geometry/include/image_geometry/stereo_camera_model.h
[13.017s] -- Up-to-date symlink: /home/nvidia/ros2_ws/install/image_geometry/include/image_geometry/visibility_control.hpp
[13.020s] -- Up-to-date symlink: /home/nvidia/ros2_ws/install/image_geometry/lib/libimage_geometry.so
[13.023s] -- Up-to-date symlink: /home/nvidia/ros2_ws/install/image_geometry/share/image_geometry/environment/library_path.sh
[13.028s] -- Up-to-date symlink: /home/nvidia/ros2_ws/install/image_geometry/share/image_geometry/environment/library_path.dsv
[13.029s] -- Up-to-date symlink: /home/nvidia/ros2_ws/install/image_geometry/share/ament_index/resource_index/package_run_dependencies/image_geometry
[13.031s] -- Up-to-date symlink: /home/nvidia/ros2_ws/install/image_geometry/share/ament_index/resource_index/parent_prefix_path/image_geometry
[13.033s] -- Up-to-date symlink: /home/nvidia/ros2_ws/install/image_geometry/share/image_geometry/environment/ament_prefix_path.sh
[13.035s] -- Up-to-date symlink: /home/nvidia/ros2_ws/install/image_geometry/share/image_geometry/environment/ament_prefix_path.dsv
[13.038s] -- Up-to-date symlink: /home/nvidia/ros2_ws/install/image_geometry/share/image_geometry/environment/path.sh
[13.040s] -- Up-to-date symlink: /home/nvidia/ros2_ws/install/image_geometry/share/image_geometry/environment/path.dsv
[13.042s] -- Up-to-date symlink: /home/nvidia/ros2_ws/install/image_geometry/share/image_geometry/local_setup.bash
[13.044s] -- Up-to-date symlink: /home/nvidia/ros2_ws/install/image_geometry/share/image_geometry/local_setup.sh
[13.046s] -- Up-to-date symlink: /home/nvidia/ros2_ws/install/image_geometry/share/image_geometry/local_setup.zsh
[13.050s] -- Up-to-date symlink: /home/nvidia/ros2_ws/install/image_geometry/share/image_geometry/local_setup.dsv
[13.052s] -- Symlinking: /home/nvidia/ros2_ws/install/image_geometry/share/image_geometry/package.dsv
[13.331s] -- Up-to-date symlink: /home/nvidia/ros2_ws/install/image_geometry/share/ament_index/resource_index/packages/image_geometry
[13.333s] -- Up-to-date symlink: /home/nvidia/ros2_ws/install/image_geometry/share/image_geometry/cmake/ament_cmake_export_libraries-extras.cmake
[13.334s] -- Up-to-date symlink: /home/nvidia/ros2_ws/install/image_geometry/share/image_geometry/cmake/ament_cmake_export_dependencies-extras.cmake
[13.336s] -- Up-to-date symlink: /home/nvidia/ros2_ws/install/image_geometry/share/image_geometry/cmake/ament_cmake_export_include_directories-extras.cmake
[13.338s] -- Up-to-date symlink: /home/nvidia/ros2_ws/install/image_geometry/share/image_geometry/cmake/image_geometryConfig.cmake
[13.340s] -- Up-to-date symlink: /home/nvidia/ros2_ws/install/image_geometry/share/image_geometry/cmake/image_geometryConfig-version.cmake
[13.342s] -- Up-to-date symlink: /home/nvidia/ros2_ws/install/image_geometry/share/image_geometry/package.xml
[13.879s] Listing '/home/nvidia/ros2_ws/install/image_geometry/lib/python3.8/site-packages/image_geometry'...
[13.923s] Invoked command in '/home/nvidia/ros2_ws/build/image_geometry' returned '0': CMAKE_PREFIX_PATH=${CMAKE_PREFIX_PATH}:/home/nvidia/rosbag_ws/install/ros2bag:/home/nvidia/microros_ws/install/sensor_msgs_py:/home/nvidia/ros2_ws/install/obj_det_visualizer:/home/nvidia/ros2_ws/install/opencv_tests:/opt/ros/foxy /usr/bin/cmake --install /home/nvidia/ros2_ws/build/image_geometry
