[0.514s] Invoking command in '/home/nvidia/ros2_ws/build/zed_tutorial_video': CMAKE_PREFIX_PATH=${CMAKE_PREFIX_PATH}:/home/nvidia/rosbag_ws/install/ros2bag:/home/nvidia/microros_ws/install/sensor_msgs_py:/home/nvidia/ros2_ws/install/obj_det_visualizer:/home/nvidia/ros2_ws/install/opencv_tests:/opt/ros/foxy /usr/bin/cmake --build /home/nvidia/ros2_ws/build/zed_tutorial_video -- -j6 -l6
[1.508s] [100%] Built target zed_tutorial_video
[1.628s] Invoked command in '/home/nvidia/ros2_ws/build/zed_tutorial_video' returned '0': CMAKE_PREFIX_PATH=${CMAKE_PREFIX_PATH}:/home/nvidia/rosbag_ws/install/ros2bag:/home/nvidia/microros_ws/install/sensor_msgs_py:/home/nvidia/ros2_ws/install/obj_det_visualizer:/home/nvidia/ros2_ws/install/opencv_tests:/opt/ros/foxy /usr/bin/cmake --build /home/nvidia/ros2_ws/build/zed_tutorial_video -- -j6 -l6
[2.083s] Invoking command in '/home/nvidia/ros2_ws/build/zed_tutorial_video': CMAKE_PREFIX_PATH=${CMAKE_PREFIX_PATH}:/home/nvidia/rosbag_ws/install/ros2bag:/home/nvidia/microros_ws/install/sensor_msgs_py:/home/nvidia/ros2_ws/install/obj_det_visualizer:/home/nvidia/ros2_ws/install/opencv_tests:/opt/ros/foxy /usr/bin/cmake --install /home/nvidia/ros2_ws/build/zed_tutorial_video
[2.231s] -- Install configuration: "Release"
[2.236s] -- Execute custom install script
[2.246s] -- Up-to-date symlink: /home/nvidia/ros2_ws/install/zed_tutorial_video/lib/zed_tutorial_video/zed_tutorial_video
[2.250s] -- Up-to-date symlink: /home/nvidia/ros2_ws/install/zed_tutorial_video/share/ament_index/resource_index/package_run_dependencies/zed_tutorial_video
[2.255s] -- Up-to-date symlink: /home/nvidia/ros2_ws/install/zed_tutorial_video/share/ament_index/resource_index/parent_prefix_path/zed_tutorial_video
[2.257s] -- Up-to-date symlink: /home/nvidia/ros2_ws/install/zed_tutorial_video/share/zed_tutorial_video/environment/ament_prefix_path.sh
[2.261s] -- Up-to-date symlink: /home/nvidia/ros2_ws/install/zed_tutorial_video/share/zed_tutorial_video/environment/ament_prefix_path.dsv
[2.266s] -- Up-to-date symlink: /home/nvidia/ros2_ws/install/zed_tutorial_video/share/zed_tutorial_video/environment/path.sh
[2.268s] -- Up-to-date symlink: /home/nvidia/ros2_ws/install/zed_tutorial_video/share/zed_tutorial_video/environment/path.dsv
[2.272s] -- Up-to-date symlink: /home/nvidia/ros2_ws/install/zed_tutorial_video/share/zed_tutorial_video/local_setup.bash
[2.274s] -- Up-to-date symlink: /home/nvidia/ros2_ws/install/zed_tutorial_video/share/zed_tutorial_video/local_setup.sh
[2.277s] -- Up-to-date symlink: /home/nvidia/ros2_ws/install/zed_tutorial_video/share/zed_tutorial_video/local_setup.zsh
[2.279s] -- Up-to-date symlink: /home/nvidia/ros2_ws/install/zed_tutorial_video/share/zed_tutorial_video/local_setup.dsv
[2.281s] -- Symlinking: /home/nvidia/ros2_ws/install/zed_tutorial_video/share/zed_tutorial_video/package.dsv
[2.424s] -- Up-to-date symlink: /home/nvidia/ros2_ws/install/zed_tutorial_video/share/ament_index/resource_index/packages/zed_tutorial_video
[2.532s] -- Up-to-date symlink: /home/nvidia/ros2_ws/install/zed_tutorial_video/share/zed_tutorial_video/cmake/zed_tutorial_videoConfig.cmake
[2.534s] -- Up-to-date symlink: /home/nvidia/ros2_ws/install/zed_tutorial_video/share/zed_tutorial_video/cmake/zed_tutorial_videoConfig-version.cmake
[2.537s] -- Up-to-date symlink: /home/nvidia/ros2_ws/install/zed_tutorial_video/share/zed_tutorial_video/package.xml
[2.564s] Invoked command in '/home/nvidia/ros2_ws/build/zed_tutorial_video' returned '0': CMAKE_PREFIX_PATH=${CMAKE_PREFIX_PATH}:/home/nvidia/rosbag_ws/install/ros2bag:/home/nvidia/microros_ws/install/sensor_msgs_py:/home/nvidia/ros2_ws/install/obj_det_visualizer:/home/nvidia/ros2_ws/install/opencv_tests:/opt/ros/foxy /usr/bin/cmake --install /home/nvidia/ros2_ws/build/zed_tutorial_video
