[0.534s] Invoking command in '/home/nvidia/ros2_ws/build/car_control': CMAKE_PREFIX_PATH=${CMAKE_PREFIX_PATH}:/home/nvidia/rosbag_ws/install/ros2bag:/home/nvidia/microros_ws/install/sensor_msgs_py:/home/nvidia/ros2_ws/install/obj_det_visualizer:/home/nvidia/ros2_ws/install/opencv_tests:/opt/ros/foxy /usr/bin/cmake --build /home/nvidia/ros2_ws/build/car_control -- -j6 -l6
[1.888s] [ 50%] Built target car_control
[1.898s] [100%] Built target car_control_test
[2.100s] Invoked command in '/home/nvidia/ros2_ws/build/car_control' returned '0': CMAKE_PREFIX_PATH=${CMAKE_PREFIX_PATH}:/home/nvidia/rosbag_ws/install/ros2bag:/home/nvidia/microros_ws/install/sensor_msgs_py:/home/nvidia/ros2_ws/install/obj_det_visualizer:/home/nvidia/ros2_ws/install/opencv_tests:/opt/ros/foxy /usr/bin/cmake --build /home/nvidia/ros2_ws/build/car_control -- -j6 -l6
[2.873s] Invoking command in '/home/nvidia/ros2_ws/build/car_control': CMAKE_PREFIX_PATH=${CMAKE_PREFIX_PATH}:/home/nvidia/rosbag_ws/install/ros2bag:/home/nvidia/microros_ws/install/sensor_msgs_py:/home/nvidia/ros2_ws/install/obj_det_visualizer:/home/nvidia/ros2_ws/install/opencv_tests:/opt/ros/foxy /usr/bin/cmake --install /home/nvidia/ros2_ws/build/car_control
[2.982s] -- Install configuration: "Release"
[2.985s] -- Execute custom install script
[2.992s] -- Up-to-date symlink: /home/nvidia/ros2_ws/install/car_control/lib/car_control/car_control
[2.996s] -- Up-to-date symlink: /home/nvidia/ros2_ws/install/car_control/lib/car_control/car_control_test
[3.014s] -- Up-to-date symlink: /home/nvidia/ros2_ws/install/car_control/share/car_control//launch/car_control.launch.py
[3.016s] -- Up-to-date symlink: /home/nvidia/ros2_ws/install/car_control/share/car_control//launch/car_nav_demo.launch.py
[3.019s] -- Up-to-date symlink: /home/nvidia/ros2_ws/install/car_control/share/car_control//launch/rtabmapping.launch.py
[3.022s] -- Up-to-date symlink: /home/nvidia/ros2_ws/install/car_control/share/ament_index/resource_index/package_run_dependencies/car_control
[3.030s] -- Up-to-date symlink: /home/nvidia/ros2_ws/install/car_control/share/ament_index/resource_index/parent_prefix_path/car_control
[3.037s] -- Up-to-date symlink: /home/nvidia/ros2_ws/install/car_control/share/car_control/environment/ament_prefix_path.sh
[3.044s] -- Up-to-date symlink: /home/nvidia/ros2_ws/install/car_control/share/car_control/environment/ament_prefix_path.dsv
[3.049s] -- Up-to-date symlink: /home/nvidia/ros2_ws/install/car_control/share/car_control/environment/path.sh
[3.051s] -- Up-to-date symlink: /home/nvidia/ros2_ws/install/car_control/share/car_control/environment/path.dsv
[3.054s] -- Up-to-date symlink: /home/nvidia/ros2_ws/install/car_control/share/car_control/local_setup.bash
[3.058s] -- Up-to-date symlink: /home/nvidia/ros2_ws/install/car_control/share/car_control/local_setup.sh
[3.067s] -- Up-to-date symlink: /home/nvidia/ros2_ws/install/car_control/share/car_control/local_setup.zsh
[3.069s] -- Up-to-date symlink: /home/nvidia/ros2_ws/install/car_control/share/car_control/local_setup.dsv
[3.072s] -- Symlinking: /home/nvidia/ros2_ws/install/car_control/share/car_control/package.dsv
[3.198s] -- Up-to-date symlink: /home/nvidia/ros2_ws/install/car_control/share/ament_index/resource_index/packages/car_control
[3.293s] -- Up-to-date symlink: /home/nvidia/ros2_ws/install/car_control/share/car_control/cmake/car_controlConfig.cmake
[3.294s] -- Up-to-date symlink: /home/nvidia/ros2_ws/install/car_control/share/car_control/cmake/car_controlConfig-version.cmake
[3.297s] -- Up-to-date symlink: /home/nvidia/ros2_ws/install/car_control/share/car_control/package.xml
[3.324s] Invoked command in '/home/nvidia/ros2_ws/build/car_control' returned '0': CMAKE_PREFIX_PATH=${CMAKE_PREFIX_PATH}:/home/nvidia/rosbag_ws/install/ros2bag:/home/nvidia/microros_ws/install/sensor_msgs_py:/home/nvidia/ros2_ws/install/obj_det_visualizer:/home/nvidia/ros2_ws/install/opencv_tests:/opt/ros/foxy /usr/bin/cmake --install /home/nvidia/ros2_ws/build/car_control
