-- The C compiler identification is GNU 9.4.0
-- The CXX compiler identification is GNU 9.4.0
-- Check for working C compiler: /usr/bin/cc
-- Check for working C compiler: /usr/bin/cc -- works
-- Detecting C compiler ABI info
-- Detecting C compiler ABI info - done
-- Detecting C compile features
-- Detecting C compile features - done
-- Check for working CXX compiler: /usr/bin/c++
-- Check for working CXX compiler: /usr/bin/c++ -- works
-- Detecting CXX compiler ABI info
-- Detecting CXX compiler ABI info - done
-- Detecting CXX compile features
-- Detecting CXX compile features - done
-- Found ament_cmake: 0.9.12 (/opt/ros/foxy/share/ament_cmake/cmake)
-- Found PythonInterp: /usr/bin/python3 (found suitable version "3.8.10", minimum required is "3") 
-- Using PYTHON_EXECUTABLE: /usr/bin/python3
-- Found geometry_msgs: 2.0.5 (/home/nvidia/microros_ws/install/geometry_msgs/share/geometry_msgs/cmake)
-- Using all available rosidl_typesupport_c: rosidl_typesupport_microxrcedds_c;rosidl_typesupport_fastrtps_c;rosidl_typesupport_introspection_c
-- Found rosidl_adapter: 1.3.1 (/opt/ros/foxy/share/rosidl_adapter/cmake)
-- Found OpenSSL: /usr/lib/aarch64-linux-gnu/libcrypto.so (found version "1.1.1f")  
-- Found FastRTPS: /opt/ros/foxy/include  
-- Using all available rosidl_typesupport_cpp: rosidl_typesupport_microxrcedds_cpp;rosidl_typesupport_fastrtps_cpp;rosidl_typesupport_introspection_cpp
-- Found rclpy: 1.0.13 (/opt/ros/foxy/share/rclpy/cmake)
-- Found sensor_msgs: 2.0.5 (/home/nvidia/microros_ws/install/sensor_msgs/share/sensor_msgs/cmake)
-- Found nav_msgs: 2.0.5 (/home/nvidia/microros_ws/install/nav_msgs/share/nav_msgs/cmake)
-- Found ament_lint_auto: 0.9.8 (/opt/ros/foxy/share/ament_lint_auto/cmake)
-- Added test 'copyright' to check source files copyright and LICENSE
-- Added test 'flake8' to check Python code syntax and style conventions
-- Added test 'lint_cmake' to check CMake code style
-- Added test 'pep257' to check Python code against some of the style conventions in PEP 257
-- Added test 'xmllint' to check XML markup files
-- Configuring done
-- Generating done
-- Build files have been written to: /home/nvidia/ros2_ws/build/estimation_and_vision_assignment
-- Install configuration: ""
-- Installing: /home/nvidia/ros2_ws/install/estimation_and_vision_assignment/lib/estimation_and_vision_assignment/monte_carlo_localization.py
-- Installing: /home/nvidia/ros2_ws/install/estimation_and_vision_assignment/lib/estimation_and_vision_assignment/republish_map.py
-- Installing: /home/nvidia/ros2_ws/install/estimation_and_vision_assignment/share/estimation_and_vision_assignment/resources
-- Installing: /home/nvidia/ros2_ws/install/estimation_and_vision_assignment/share/estimation_and_vision_assignment/resources/viz.rviz
-- Installing: /home/nvidia/ros2_ws/install/estimation_and_vision_assignment/share/estimation_and_vision_assignment/resources/map.pkl
-- Installing: /home/nvidia/ros2_ws/install/estimation_and_vision_assignment/share/estimation_and_vision_assignment/launch
-- Installing: /home/nvidia/ros2_ws/install/estimation_and_vision_assignment/share/estimation_and_vision_assignment/launch/ground_truth_pub.launch.py
-- Installing: /home/nvidia/ros2_ws/install/estimation_and_vision_assignment/share/estimation_and_vision_assignment/launch/monte_carlo_localization.launch.py
-- Installing: /home/nvidia/ros2_ws/install/estimation_and_vision_assignment/share/ament_index/resource_index/package_run_dependencies/estimation_and_vision_assignment
-- Installing: /home/nvidia/ros2_ws/install/estimation_and_vision_assignment/share/ament_index/resource_index/parent_prefix_path/estimation_and_vision_assignment
-- Installing: /home/nvidia/ros2_ws/install/estimation_and_vision_assignment/share/estimation_and_vision_assignment/environment/ament_prefix_path.sh
-- Installing: /home/nvidia/ros2_ws/install/estimation_and_vision_assignment/share/estimation_and_vision_assignment/environment/ament_prefix_path.dsv
-- Installing: /home/nvidia/ros2_ws/install/estimation_and_vision_assignment/share/estimation_and_vision_assignment/environment/path.sh
-- Installing: /home/nvidia/ros2_ws/install/estimation_and_vision_assignment/share/estimation_and_vision_assignment/environment/path.dsv
-- Installing: /home/nvidia/ros2_ws/install/estimation_and_vision_assignment/share/estimation_and_vision_assignment/local_setup.bash
-- Installing: /home/nvidia/ros2_ws/install/estimation_and_vision_assignment/share/estimation_and_vision_assignment/local_setup.sh
-- Installing: /home/nvidia/ros2_ws/install/estimation_and_vision_assignment/share/estimation_and_vision_assignment/local_setup.zsh
-- Installing: /home/nvidia/ros2_ws/install/estimation_and_vision_assignment/share/estimation_and_vision_assignment/local_setup.dsv
-- Installing: /home/nvidia/ros2_ws/install/estimation_and_vision_assignment/share/estimation_and_vision_assignment/package.dsv
-- Installing: /home/nvidia/ros2_ws/install/estimation_and_vision_assignment/share/ament_index/resource_index/packages/estimation_and_vision_assignment
-- Installing: /home/nvidia/ros2_ws/install/estimation_and_vision_assignment/share/estimation_and_vision_assignment/cmake/estimation_and_vision_assignmentConfig.cmake
-- Installing: /home/nvidia/ros2_ws/install/estimation_and_vision_assignment/share/estimation_and_vision_assignment/cmake/estimation_and_vision_assignmentConfig-version.cmake
-- Installing: /home/nvidia/ros2_ws/install/estimation_and_vision_assignment/share/estimation_and_vision_assignment/package.xml
