[0.199s] Invoking command in '/home/nvidia/ros2_ws/build/estimation_and_vision_assignment': CMAKE_PREFIX_PATH=${CMAKE_PREFIX_PATH}:/home/nvidia/rosbag_ws/install/ros2bag:/home/nvidia/microros_ws/install/sensor_msgs_py:/home/nvidia/ros2_ws/install/obj_det_visualizer:/home/nvidia/ros2_ws/install/opencv_tests:/opt/ros/foxy /usr/bin/cmake /home/nvidia/ros2_ws/src/HW4/estimation_and_vision_assignment -DCMAKE_INSTALL_PREFIX=/home/nvidia/ros2_ws/install/estimation_and_vision_assignment
[3.279s] -- The C compiler identification is GNU 9.4.0
[5.346s] -- The CXX compiler identification is GNU 9.4.0
[5.735s] -- Check for working C compiler: /usr/bin/cc
[6.895s] -- Check for working C compiler: /usr/bin/cc -- works
[7.028s] -- Detecting C compiler ABI info
[8.365s] -- Detecting C compiler ABI info - done
[8.544s] -- Detecting C compile features
[8.549s] -- Detecting C compile features - done
[8.718s] -- Check for working CXX compiler: /usr/bin/c++
[9.604s] -- Check for working CXX compiler: /usr/bin/c++ -- works
[9.605s] -- Detecting CXX compiler ABI info
[10.586s] -- Detecting CXX compiler ABI info - done
[10.670s] -- Detecting CXX compile features
[10.674s] -- Detecting CXX compile features - done
[10.775s] -- Found ament_cmake: 0.9.12 (/opt/ros/foxy/share/ament_cmake/cmake)
[11.502s] -- Found PythonInterp: /usr/bin/python3 (found suitable version "3.8.10", minimum required is "3") 
[11.503s] -- Using PYTHON_EXECUTABLE: /usr/bin/python3
[14.934s] -- Found geometry_msgs: 2.0.5 (/home/nvidia/microros_ws/install/geometry_msgs/share/geometry_msgs/cmake)
[15.685s] -- Using all available rosidl_typesupport_c: rosidl_typesupport_microxrcedds_c;rosidl_typesupport_fastrtps_c;rosidl_typesupport_introspection_c
[16.107s] -- Found rosidl_adapter: 1.3.1 (/opt/ros/foxy/share/rosidl_adapter/cmake)
[18.612s] -- Found OpenSSL: /usr/lib/aarch64-linux-gnu/libcrypto.so (found version "1.1.1f")  
[18.913s] -- Found FastRTPS: /opt/ros/foxy/include  
[19.929s] -- Using all available rosidl_typesupport_cpp: rosidl_typesupport_microxrcedds_cpp;rosidl_typesupport_fastrtps_cpp;rosidl_typesupport_introspection_cpp
[20.723s] -- Found rclpy: 1.0.13 (/opt/ros/foxy/share/rclpy/cmake)
[20.750s] -- Found sensor_msgs: 2.0.5 (/home/nvidia/microros_ws/install/sensor_msgs/share/sensor_msgs/cmake)
[21.134s] -- Found nav_msgs: 2.0.5 (/home/nvidia/microros_ws/install/nav_msgs/share/nav_msgs/cmake)
[21.597s] -- Found ament_lint_auto: 0.9.8 (/opt/ros/foxy/share/ament_lint_auto/cmake)
[22.995s] -- Added test 'copyright' to check source files copyright and LICENSE
[23.033s] -- Added test 'flake8' to check Python code syntax and style conventions
[23.051s] -- Added test 'lint_cmake' to check CMake code style
[23.066s] -- Added test 'pep257' to check Python code against some of the style conventions in PEP 257
[23.094s] -- Added test 'xmllint' to check XML markup files
[23.143s] -- Configuring done
[23.157s] -- Generating done
[23.169s] -- Build files have been written to: /home/nvidia/ros2_ws/build/estimation_and_vision_assignment
[23.218s] Invoked command in '/home/nvidia/ros2_ws/build/estimation_and_vision_assignment' returned '0': CMAKE_PREFIX_PATH=${CMAKE_PREFIX_PATH}:/home/nvidia/rosbag_ws/install/ros2bag:/home/nvidia/microros_ws/install/sensor_msgs_py:/home/nvidia/ros2_ws/install/obj_det_visualizer:/home/nvidia/ros2_ws/install/opencv_tests:/opt/ros/foxy /usr/bin/cmake /home/nvidia/ros2_ws/src/HW4/estimation_and_vision_assignment -DCMAKE_INSTALL_PREFIX=/home/nvidia/ros2_ws/install/estimation_and_vision_assignment
[23.240s] Invoking command in '/home/nvidia/ros2_ws/build/estimation_and_vision_assignment': CMAKE_PREFIX_PATH=${CMAKE_PREFIX_PATH}:/home/nvidia/rosbag_ws/install/ros2bag:/home/nvidia/microros_ws/install/sensor_msgs_py:/home/nvidia/ros2_ws/install/obj_det_visualizer:/home/nvidia/ros2_ws/install/opencv_tests:/opt/ros/foxy /usr/bin/cmake --build /home/nvidia/ros2_ws/build/estimation_and_vision_assignment -- -j6 -l6
[24.055s] Invoked command in '/home/nvidia/ros2_ws/build/estimation_and_vision_assignment' returned '0': CMAKE_PREFIX_PATH=${CMAKE_PREFIX_PATH}:/home/nvidia/rosbag_ws/install/ros2bag:/home/nvidia/microros_ws/install/sensor_msgs_py:/home/nvidia/ros2_ws/install/obj_det_visualizer:/home/nvidia/ros2_ws/install/opencv_tests:/opt/ros/foxy /usr/bin/cmake --build /home/nvidia/ros2_ws/build/estimation_and_vision_assignment -- -j6 -l6
[24.067s] Invoking command in '/home/nvidia/ros2_ws/build/estimation_and_vision_assignment': CMAKE_PREFIX_PATH=${CMAKE_PREFIX_PATH}:/home/nvidia/rosbag_ws/install/ros2bag:/home/nvidia/microros_ws/install/sensor_msgs_py:/home/nvidia/ros2_ws/install/obj_det_visualizer:/home/nvidia/ros2_ws/install/opencv_tests:/opt/ros/foxy /usr/bin/cmake --install /home/nvidia/ros2_ws/build/estimation_and_vision_assignment
[24.236s] -- Install configuration: ""
[24.238s] -- Installing: /home/nvidia/ros2_ws/install/estimation_and_vision_assignment/lib/estimation_and_vision_assignment/monte_carlo_localization.py
[24.240s] -- Installing: /home/nvidia/ros2_ws/install/estimation_and_vision_assignment/lib/estimation_and_vision_assignment/republish_map.py
[24.242s] -- Installing: /home/nvidia/ros2_ws/install/estimation_and_vision_assignment/share/estimation_and_vision_assignment/resources
[24.245s] -- Installing: /home/nvidia/ros2_ws/install/estimation_and_vision_assignment/share/estimation_and_vision_assignment/resources/viz.rviz
[24.246s] -- Installing: /home/nvidia/ros2_ws/install/estimation_and_vision_assignment/share/estimation_and_vision_assignment/resources/map.pkl
[24.248s] -- Installing: /home/nvidia/ros2_ws/install/estimation_and_vision_assignment/share/estimation_and_vision_assignment/launch
[24.249s] -- Installing: /home/nvidia/ros2_ws/install/estimation_and_vision_assignment/share/estimation_and_vision_assignment/launch/ground_truth_pub.launch.py
[24.251s] -- Installing: /home/nvidia/ros2_ws/install/estimation_and_vision_assignment/share/estimation_and_vision_assignment/launch/monte_carlo_localization.launch.py
[24.253s] -- Installing: /home/nvidia/ros2_ws/install/estimation_and_vision_assignment/share/ament_index/resource_index/package_run_dependencies/estimation_and_vision_assignment
[24.253s] -- Installing: /home/nvidia/ros2_ws/install/estimation_and_vision_assignment/share/ament_index/resource_index/parent_prefix_path/estimation_and_vision_assignment
[24.254s] -- Installing: /home/nvidia/ros2_ws/install/estimation_and_vision_assignment/share/estimation_and_vision_assignment/environment/ament_prefix_path.sh
[24.254s] -- Installing: /home/nvidia/ros2_ws/install/estimation_and_vision_assignment/share/estimation_and_vision_assignment/environment/ament_prefix_path.dsv
[24.263s] -- Installing: /home/nvidia/ros2_ws/install/estimation_and_vision_assignment/share/estimation_and_vision_assignment/environment/path.sh
[24.267s] -- Installing: /home/nvidia/ros2_ws/install/estimation_and_vision_assignment/share/estimation_and_vision_assignment/environment/path.dsv
[24.267s] -- Installing: /home/nvidia/ros2_ws/install/estimation_and_vision_assignment/share/estimation_and_vision_assignment/local_setup.bash
[24.272s] -- Installing: /home/nvidia/ros2_ws/install/estimation_and_vision_assignment/share/estimation_and_vision_assignment/local_setup.sh
[24.273s] -- Installing: /home/nvidia/ros2_ws/install/estimation_and_vision_assignment/share/estimation_and_vision_assignment/local_setup.zsh
[24.273s] -- Installing: /home/nvidia/ros2_ws/install/estimation_and_vision_assignment/share/estimation_and_vision_assignment/local_setup.dsv
[24.273s] -- Installing: /home/nvidia/ros2_ws/install/estimation_and_vision_assignment/share/estimation_and_vision_assignment/package.dsv
[24.274s] -- Installing: /home/nvidia/ros2_ws/install/estimation_and_vision_assignment/share/ament_index/resource_index/packages/estimation_and_vision_assignment
[24.274s] -- Installing: /home/nvidia/ros2_ws/install/estimation_and_vision_assignment/share/estimation_and_vision_assignment/cmake/estimation_and_vision_assignmentConfig.cmake
[24.274s] -- Installing: /home/nvidia/ros2_ws/install/estimation_and_vision_assignment/share/estimation_and_vision_assignment/cmake/estimation_and_vision_assignmentConfig-version.cmake
[24.275s] -- Installing: /home/nvidia/ros2_ws/install/estimation_and_vision_assignment/share/estimation_and_vision_assignment/package.xml
[24.296s] Invoked command in '/home/nvidia/ros2_ws/build/estimation_and_vision_assignment' returned '0': CMAKE_PREFIX_PATH=${CMAKE_PREFIX_PATH}:/home/nvidia/rosbag_ws/install/ros2bag:/home/nvidia/microros_ws/install/sensor_msgs_py:/home/nvidia/ros2_ws/install/obj_det_visualizer:/home/nvidia/ros2_ws/install/opencv_tests:/opt/ros/foxy /usr/bin/cmake --install /home/nvidia/ros2_ws/build/estimation_and_vision_assignment
