[0.191s] Invoking command in '/home/nvidia/ros2_ws/build/estimation_and_vision_assignment': CMAKE_PREFIX_PATH=${CMAKE_PREFIX_PATH}:/home/nvidia/rosbag_ws/install/ros2bag:/home/nvidia/microros_ws/install/sensor_msgs_py:/home/nvidia/ros2_ws/install/obj_det_visualizer:/home/nvidia/ros2_ws/install/opencv_tests:/opt/ros/foxy /usr/bin/cmake --build /home/nvidia/ros2_ws/build/estimation_and_vision_assignment -- -j6 -l6
[0.529s] -- Found ament_cmake: 0.9.12 (/opt/ros/foxy/share/ament_cmake/cmake)
[1.137s] -- Using PYTHON_EXECUTABLE: /usr/bin/python3
[3.092s] -- Override CMake install command with custom implementation using symlinks instead of copying resources
[3.153s] -- Found geometry_msgs: 2.0.5 (/home/nvidia/microros_ws/install/geometry_msgs/share/geometry_msgs/cmake)
[3.361s] -- Using all available rosidl_typesupport_c: rosidl_typesupport_microxrcedds_c;rosidl_typesupport_fastrtps_c;rosidl_typesupport_introspection_c
[3.383s] -- Found rosidl_adapter: 1.3.1 (/opt/ros/foxy/share/rosidl_adapter/cmake)
[4.579s] -- Using all available rosidl_typesupport_cpp: rosidl_typesupport_microxrcedds_cpp;rosidl_typesupport_fastrtps_cpp;rosidl_typesupport_introspection_cpp
[5.070s] -- Found rclpy: 1.0.13 (/opt/ros/foxy/share/rclpy/cmake)
[5.071s] -- Found sensor_msgs: 2.0.5 (/home/nvidia/microros_ws/install/sensor_msgs/share/sensor_msgs/cmake)
[5.413s] -- Found nav_msgs: 2.0.5 (/home/nvidia/microros_ws/install/nav_msgs/share/nav_msgs/cmake)
[5.972s] -- Found zed_interfaces: 4.0.0 (/home/nvidia/ros2_ws/install/zed_interfaces/share/zed_interfaces/cmake)
[7.580s] -- Found ament_lint_auto: 0.9.8 (/opt/ros/foxy/share/ament_lint_auto/cmake)
[8.536s] -- Added test 'copyright' to check source files copyright and LICENSE
[8.566s] -- Added test 'flake8' to check Python code syntax and style conventions
[8.569s] -- Added test 'lint_cmake' to check CMake code style
[8.574s] -- Added test 'pep257' to check Python code against some of the style conventions in PEP 257
[8.586s] -- Added test 'xmllint' to check XML markup files
[8.612s] -- Configuring done
[8.666s] -- Generating done
[8.772s] -- Build files have been written to: /home/nvidia/ros2_ws/build/estimation_and_vision_assignment
[9.212s] Invoked command in '/home/nvidia/ros2_ws/build/estimation_and_vision_assignment' returned '0': CMAKE_PREFIX_PATH=${CMAKE_PREFIX_PATH}:/home/nvidia/rosbag_ws/install/ros2bag:/home/nvidia/microros_ws/install/sensor_msgs_py:/home/nvidia/ros2_ws/install/obj_det_visualizer:/home/nvidia/ros2_ws/install/opencv_tests:/opt/ros/foxy /usr/bin/cmake --build /home/nvidia/ros2_ws/build/estimation_and_vision_assignment -- -j6 -l6
[9.448s] Invoking command in '/home/nvidia/ros2_ws/build/estimation_and_vision_assignment': CMAKE_PREFIX_PATH=${CMAKE_PREFIX_PATH}:/home/nvidia/rosbag_ws/install/ros2bag:/home/nvidia/microros_ws/install/sensor_msgs_py:/home/nvidia/ros2_ws/install/obj_det_visualizer:/home/nvidia/ros2_ws/install/opencv_tests:/opt/ros/foxy /usr/bin/cmake --install /home/nvidia/ros2_ws/build/estimation_and_vision_assignment
[9.595s] -- Install configuration: ""
[9.599s] -- Execute custom install script
[9.603s] -- Up-to-date symlink: /home/nvidia/ros2_ws/install/estimation_and_vision_assignment/lib/estimation_and_vision_assignment/monte_carlo_localization.py
[9.604s] -- Up-to-date symlink: /home/nvidia/ros2_ws/install/estimation_and_vision_assignment/lib/estimation_and_vision_assignment/republish_map.py
[9.606s] -- Up-to-date symlink: /home/nvidia/ros2_ws/install/estimation_and_vision_assignment/lib/estimation_and_vision_assignment/bag_chaser.py
[9.609s] -- Up-to-date symlink: /home/nvidia/ros2_ws/install/estimation_and_vision_assignment/share/estimation_and_vision_assignment/resources/map.pkl
[9.610s] -- Up-to-date symlink: /home/nvidia/ros2_ws/install/estimation_and_vision_assignment/share/estimation_and_vision_assignment/resources/viz.rviz
[9.614s] -- Up-to-date symlink: /home/nvidia/ros2_ws/install/estimation_and_vision_assignment/share/estimation_and_vision_assignment/launch/ground_truth_pub.launch.py
[9.615s] -- Up-to-date symlink: /home/nvidia/ros2_ws/install/estimation_and_vision_assignment/share/estimation_and_vision_assignment/launch/monte_carlo_localization.launch.py
[9.619s] -- Up-to-date symlink: /home/nvidia/ros2_ws/install/estimation_and_vision_assignment/share/ament_index/resource_index/package_run_dependencies/estimation_and_vision_assignment
[9.621s] -- Up-to-date symlink: /home/nvidia/ros2_ws/install/estimation_and_vision_assignment/share/ament_index/resource_index/parent_prefix_path/estimation_and_vision_assignment
[9.622s] -- Up-to-date symlink: /home/nvidia/ros2_ws/install/estimation_and_vision_assignment/share/estimation_and_vision_assignment/environment/ament_prefix_path.sh
[9.625s] -- Up-to-date symlink: /home/nvidia/ros2_ws/install/estimation_and_vision_assignment/share/estimation_and_vision_assignment/environment/ament_prefix_path.dsv
[9.626s] -- Up-to-date symlink: /home/nvidia/ros2_ws/install/estimation_and_vision_assignment/share/estimation_and_vision_assignment/environment/path.sh
[9.628s] -- Up-to-date symlink: /home/nvidia/ros2_ws/install/estimation_and_vision_assignment/share/estimation_and_vision_assignment/environment/path.dsv
[9.630s] -- Up-to-date symlink: /home/nvidia/ros2_ws/install/estimation_and_vision_assignment/share/estimation_and_vision_assignment/local_setup.bash
[9.634s] -- Up-to-date symlink: /home/nvidia/ros2_ws/install/estimation_and_vision_assignment/share/estimation_and_vision_assignment/local_setup.sh
[9.635s] -- Up-to-date symlink: /home/nvidia/ros2_ws/install/estimation_and_vision_assignment/share/estimation_and_vision_assignment/local_setup.zsh
[9.636s] -- Up-to-date symlink: /home/nvidia/ros2_ws/install/estimation_and_vision_assignment/share/estimation_and_vision_assignment/local_setup.dsv
[9.638s] -- Symlinking: /home/nvidia/ros2_ws/install/estimation_and_vision_assignment/share/estimation_and_vision_assignment/package.dsv
[9.768s] -- Up-to-date symlink: /home/nvidia/ros2_ws/install/estimation_and_vision_assignment/share/ament_index/resource_index/packages/estimation_and_vision_assignment
[9.772s] -- Up-to-date symlink: /home/nvidia/ros2_ws/install/estimation_and_vision_assignment/share/estimation_and_vision_assignment/cmake/estimation_and_vision_assignmentConfig.cmake
[9.775s] -- Up-to-date symlink: /home/nvidia/ros2_ws/install/estimation_and_vision_assignment/share/estimation_and_vision_assignment/cmake/estimation_and_vision_assignmentConfig-version.cmake
[9.778s] -- Up-to-date symlink: /home/nvidia/ros2_ws/install/estimation_and_vision_assignment/share/estimation_and_vision_assignment/package.xml
[9.798s] Invoked command in '/home/nvidia/ros2_ws/build/estimation_and_vision_assignment' returned '0': CMAKE_PREFIX_PATH=${CMAKE_PREFIX_PATH}:/home/nvidia/rosbag_ws/install/ros2bag:/home/nvidia/microros_ws/install/sensor_msgs_py:/home/nvidia/ros2_ws/install/obj_det_visualizer:/home/nvidia/ros2_ws/install/opencv_tests:/opt/ros/foxy /usr/bin/cmake --install /home/nvidia/ros2_ws/build/estimation_and_vision_assignment
