[1.264s] Invoking command in '/home/nvidia/ros2_ws/build/costmap_converter_msgs': CMAKE_PREFIX_PATH=${CMAKE_PREFIX_PATH}:/home/nvidia/rosbag_ws/install/ros2bag:/home/nvidia/microros_ws/install/sensor_msgs_py:/home/nvidia/ros2_ws/install/obj_det_visualizer:/home/nvidia/ros2_ws/install/opencv_tests:/opt/ros/foxy /usr/bin/cmake --build /home/nvidia/ros2_ws/build/costmap_converter_msgs -- -j6 -l6
[2.695s] [  8%] Built target costmap_converter_msgs__rosidl_generator_c
[2.724s] [ 10%] Built target costmap_converter_msgs__cpp
[3.698s] [ 18%] Built target costmap_converter_msgs__rosidl_typesupport_c
[3.726s] [ 26%] Built target costmap_converter_msgs__rosidl_typesupport_cpp
[4.070s] [ 34%] Built target costmap_converter_msgs__rosidl_typesupport_introspection_cpp
[4.083s] [ 42%] Built target costmap_converter_msgs__rosidl_typesupport_microxrcedds_c
[4.084s] [ 51%] Built target costmap_converter_msgs__rosidl_typesupport_introspection_c
[4.371s] [ 59%] Built target costmap_converter_msgs__rosidl_typesupport_fastrtps_cpp
[4.572s] [ 67%] Built target costmap_converter_msgs__rosidl_typesupport_microxrcedds_cpp
[4.955s] [ 75%] Built target costmap_converter_msgs__rosidl_typesupport_fastrtps_c
[5.342s] [ 75%] Built target costmap_converter_msgs
[5.919s] [ 77%] Built target costmap_converter_msgs__py
[6.353s] [ 83%] Built target costmap_converter_msgs__python
[7.167s] [ 87%] Built target costmap_converter_msgs__rosidl_typesupport_microxrcedds_c__pyext
[7.398s] [ 91%] Built target costmap_converter_msgs__rosidl_typesupport_c__pyext
[7.443s] [ 95%] Built target costmap_converter_msgs__rosidl_typesupport_fastrtps_c__pyext
[7.480s] [100%] Built target costmap_converter_msgs__rosidl_typesupport_introspection_c__pyext
[7.836s] Invoked command in '/home/nvidia/ros2_ws/build/costmap_converter_msgs' returned '0': CMAKE_PREFIX_PATH=${CMAKE_PREFIX_PATH}:/home/nvidia/rosbag_ws/install/ros2bag:/home/nvidia/microros_ws/install/sensor_msgs_py:/home/nvidia/ros2_ws/install/obj_det_visualizer:/home/nvidia/ros2_ws/install/opencv_tests:/opt/ros/foxy /usr/bin/cmake --build /home/nvidia/ros2_ws/build/costmap_converter_msgs -- -j6 -l6
[9.780s] Invoking command in '/home/nvidia/ros2_ws/build/costmap_converter_msgs': CMAKE_PREFIX_PATH=${CMAKE_PREFIX_PATH}:/home/nvidia/rosbag_ws/install/ros2bag:/home/nvidia/microros_ws/install/sensor_msgs_py:/home/nvidia/ros2_ws/install/obj_det_visualizer:/home/nvidia/ros2_ws/install/opencv_tests:/opt/ros/foxy /usr/bin/cmake --install /home/nvidia/ros2_ws/build/costmap_converter_msgs
[9.953s] -- Install configuration: "Release"
[9.961s] -- Execute custom install script
[9.978s] -- Up-to-date symlink: /home/nvidia/ros2_ws/install/costmap_converter_msgs/share/ament_index/resource_index/rosidl_interfaces/costmap_converter_msgs
[9.985s] -- Up-to-date symlink: /home/nvidia/ros2_ws/install/costmap_converter_msgs/include/costmap_converter_msgs/msg/detail/obstacle_array_msg__functions.h
[9.989s] -- Up-to-date symlink: /home/nvidia/ros2_ws/install/costmap_converter_msgs/include/costmap_converter_msgs/msg/detail/obstacle_array_msg__struct.h
[9.994s] -- Up-to-date symlink: /home/nvidia/ros2_ws/install/costmap_converter_msgs/include/costmap_converter_msgs/msg/detail/obstacle_array_msg__type_support.h
[10.001s] -- Up-to-date symlink: /home/nvidia/ros2_ws/install/costmap_converter_msgs/include/costmap_converter_msgs/msg/detail/obstacle_msg__functions.h
[10.006s] -- Up-to-date symlink: /home/nvidia/ros2_ws/install/costmap_converter_msgs/include/costmap_converter_msgs/msg/detail/obstacle_msg__struct.h
[10.189s] -- Up-to-date symlink: /home/nvidia/ros2_ws/install/costmap_converter_msgs/include/costmap_converter_msgs/msg/detail/obstacle_msg__type_support.h
[10.210s] -- Up-to-date symlink: /home/nvidia/ros2_ws/install/costmap_converter_msgs/include/costmap_converter_msgs/msg/obstacle_array_msg.h
[10.220s] -- Up-to-date symlink: /home/nvidia/ros2_ws/install/costmap_converter_msgs/include/costmap_converter_msgs/msg/obstacle_msg.h
[10.226s] -- Up-to-date symlink: /home/nvidia/ros2_ws/install/costmap_converter_msgs/include/costmap_converter_msgs/msg/rosidl_generator_c__visibility_control.h
[10.230s] -- Up-to-date symlink: /home/nvidia/ros2_ws/install/costmap_converter_msgs/share/costmap_converter_msgs/environment/library_path.sh
[10.231s] -- Up-to-date symlink: /home/nvidia/ros2_ws/install/costmap_converter_msgs/share/costmap_converter_msgs/environment/library_path.dsv
[10.240s] -- Up-to-date symlink: /home/nvidia/ros2_ws/install/costmap_converter_msgs/include/costmap_converter_msgs/msg/detail/obstacle_array_msg__rosidl_typesupport_microxrcedds_c.h
[10.243s] -- Up-to-date symlink: /home/nvidia/ros2_ws/install/costmap_converter_msgs/include/costmap_converter_msgs/msg/detail/obstacle_msg__rosidl_typesupport_microxrcedds_c.h
[10.246s] -- Up-to-date symlink: /home/nvidia/ros2_ws/install/costmap_converter_msgs/include/costmap_converter_msgs/msg/rosidl_typesupport_microxrcedds_c__visibility_control.h
[10.255s] -- Up-to-date symlink: /home/nvidia/ros2_ws/install/costmap_converter_msgs/lib/libcostmap_converter_msgs__rosidl_typesupport_microxrcedds_c.so
[10.260s] -- Up-to-date symlink: /home/nvidia/ros2_ws/install/costmap_converter_msgs/include/costmap_converter_msgs/msg/detail/obstacle_array_msg__rosidl_typesupport_fastrtps_c.h
[10.263s] -- Up-to-date symlink: /home/nvidia/ros2_ws/install/costmap_converter_msgs/include/costmap_converter_msgs/msg/detail/obstacle_msg__rosidl_typesupport_fastrtps_c.h
[10.266s] -- Up-to-date symlink: /home/nvidia/ros2_ws/install/costmap_converter_msgs/include/costmap_converter_msgs/msg/rosidl_typesupport_fastrtps_c__visibility_control.h
[10.430s] -- Up-to-date symlink: /home/nvidia/ros2_ws/install/costmap_converter_msgs/lib/libcostmap_converter_msgs__rosidl_typesupport_fastrtps_c.so
[10.439s] -- Up-to-date symlink: /home/nvidia/ros2_ws/install/costmap_converter_msgs/include/costmap_converter_msgs/msg/detail/obstacle_array_msg__rosidl_typesupport_fastrtps_cpp.hpp
[10.443s] -- Up-to-date symlink: /home/nvidia/ros2_ws/install/costmap_converter_msgs/include/costmap_converter_msgs/msg/detail/obstacle_msg__rosidl_typesupport_fastrtps_cpp.hpp
[10.456s] -- Up-to-date symlink: /home/nvidia/ros2_ws/install/costmap_converter_msgs/include/costmap_converter_msgs/msg/rosidl_typesupport_fastrtps_cpp__visibility_control.h
[10.615s] -- Up-to-date symlink: /home/nvidia/ros2_ws/install/costmap_converter_msgs/lib/libcostmap_converter_msgs__rosidl_typesupport_fastrtps_cpp.so
[10.622s] -- Up-to-date symlink: /home/nvidia/ros2_ws/install/costmap_converter_msgs/include/costmap_converter_msgs/msg/detail/obstacle_array_msg__rosidl_typesupport_introspection_c.h
[10.625s] -- Up-to-date symlink: /home/nvidia/ros2_ws/install/costmap_converter_msgs/include/costmap_converter_msgs/msg/detail/obstacle_msg__rosidl_typesupport_introspection_c.h
[10.625s] -- Up-to-date symlink: /home/nvidia/ros2_ws/install/costmap_converter_msgs/include/costmap_converter_msgs/msg/rosidl_typesupport_introspection_c__visibility_control.h
[10.627s] -- Up-to-date symlink: /home/nvidia/ros2_ws/install/costmap_converter_msgs/include/costmap_converter_msgs/msg/detail/obstacle_array_msg__builder.hpp
[10.628s] -- Up-to-date symlink: /home/nvidia/ros2_ws/install/costmap_converter_msgs/include/costmap_converter_msgs/msg/detail/obstacle_array_msg__struct.hpp
[10.628s] -- Up-to-date symlink: /home/nvidia/ros2_ws/install/costmap_converter_msgs/include/costmap_converter_msgs/msg/detail/obstacle_array_msg__traits.hpp
[10.634s] -- Up-to-date symlink: /home/nvidia/ros2_ws/install/costmap_converter_msgs/include/costmap_converter_msgs/msg/detail/obstacle_array_msg__type_support.hpp
[10.637s] -- Up-to-date symlink: /home/nvidia/ros2_ws/install/costmap_converter_msgs/include/costmap_converter_msgs/msg/detail/obstacle_msg__builder.hpp
[10.639s] -- Up-to-date symlink: /home/nvidia/ros2_ws/install/costmap_converter_msgs/include/costmap_converter_msgs/msg/detail/obstacle_msg__struct.hpp
[10.642s] -- Up-to-date symlink: /home/nvidia/ros2_ws/install/costmap_converter_msgs/include/costmap_converter_msgs/msg/detail/obstacle_msg__traits.hpp
[10.644s] -- Up-to-date symlink: /home/nvidia/ros2_ws/install/costmap_converter_msgs/include/costmap_converter_msgs/msg/detail/obstacle_msg__type_support.hpp
[10.648s] -- Up-to-date symlink: /home/nvidia/ros2_ws/install/costmap_converter_msgs/include/costmap_converter_msgs/msg/obstacle_array_msg.hpp
[10.651s] -- Up-to-date symlink: /home/nvidia/ros2_ws/install/costmap_converter_msgs/include/costmap_converter_msgs/msg/obstacle_msg.hpp
[10.663s] -- Up-to-date symlink: /home/nvidia/ros2_ws/install/costmap_converter_msgs/include/costmap_converter_msgs/msg/rosidl_generator_cpp__visibility_control.hpp
[10.665s] -- Up-to-date symlink: /home/nvidia/ros2_ws/install/costmap_converter_msgs/include/costmap_converter_msgs/msg/detail/microxrcedds/obstacle_array_msg__type_support_cpp.cpp
[10.673s] -- Up-to-date symlink: /home/nvidia/ros2_ws/install/costmap_converter_msgs/include/costmap_converter_msgs/msg/detail/microxrcedds/obstacle_msg__type_support_cpp.cpp
[10.675s] -- Up-to-date symlink: /home/nvidia/ros2_ws/install/costmap_converter_msgs/include/costmap_converter_msgs/msg/detail/obstacle_array_msg__rosidl_typesupport_microxrcedds_cpp.hpp
[10.678s] -- Up-to-date symlink: /home/nvidia/ros2_ws/install/costmap_converter_msgs/include/costmap_converter_msgs/msg/detail/obstacle_msg__rosidl_typesupport_microxrcedds_cpp.hpp
[10.685s] -- Up-to-date symlink: /home/nvidia/ros2_ws/install/costmap_converter_msgs/include/costmap_converter_msgs/msg/rosidl_typesupport_microxrcedds_cpp__visibility_control.h
[10.691s] -- Up-to-date symlink: /home/nvidia/ros2_ws/install/costmap_converter_msgs/lib/libcostmap_converter_msgs__rosidl_typesupport_microxrcedds_cpp.so
[10.699s] -- Up-to-date symlink: /home/nvidia/ros2_ws/install/costmap_converter_msgs/include/costmap_converter_msgs/msg/detail/obstacle_array_msg__rosidl_typesupport_introspection_cpp.hpp
[10.702s] -- Up-to-date symlink: /home/nvidia/ros2_ws/install/costmap_converter_msgs/include/costmap_converter_msgs/msg/detail/obstacle_msg__rosidl_typesupport_introspection_cpp.hpp
[10.709s] -- Up-to-date symlink: /home/nvidia/ros2_ws/install/costmap_converter_msgs/share/costmap_converter_msgs/environment/pythonpath.sh
[10.713s] -- Up-to-date symlink: /home/nvidia/ros2_ws/install/costmap_converter_msgs/share/costmap_converter_msgs/environment/pythonpath.dsv
[10.722s] -- Up-to-date symlink: /home/nvidia/ros2_ws/install/costmap_converter_msgs/lib/python3.8/site-packages/costmap_converter_msgs/__init__.py
[10.728s] -- Up-to-date symlink: /home/nvidia/ros2_ws/install/costmap_converter_msgs/lib/python3.8/site-packages/costmap_converter_msgs/msg/__init__.py
[10.733s] -- Up-to-date symlink: /home/nvidia/ros2_ws/install/costmap_converter_msgs/lib/python3.8/site-packages/costmap_converter_msgs/msg/_obstacle_array_msg.py
[10.739s] -- Up-to-date symlink: /home/nvidia/ros2_ws/install/costmap_converter_msgs/lib/python3.8/site-packages/costmap_converter_msgs/msg/_obstacle_msg.py
[10.750s] -- Up-to-date symlink: /home/nvidia/ros2_ws/install/costmap_converter_msgs/lib/python3.8/site-packages/costmap_converter_msgs/costmap_converter_msgs_s__rosidl_typesupport_microxrcedds_c.cpython-38-aarch64-linux-gnu.so
[10.759s] -- Up-to-date symlink: /home/nvidia/ros2_ws/install/costmap_converter_msgs/lib/python3.8/site-packages/costmap_converter_msgs/costmap_converter_msgs_s__rosidl_typesupport_fastrtps_c.cpython-38-aarch64-linux-gnu.so
[10.767s] -- Up-to-date symlink: /home/nvidia/ros2_ws/install/costmap_converter_msgs/lib/python3.8/site-packages/costmap_converter_msgs/costmap_converter_msgs_s__rosidl_typesupport_introspection_c.cpython-38-aarch64-linux-gnu.so
[10.775s] -- Up-to-date symlink: /home/nvidia/ros2_ws/install/costmap_converter_msgs/lib/python3.8/site-packages/costmap_converter_msgs/costmap_converter_msgs_s__rosidl_typesupport_c.cpython-38-aarch64-linux-gnu.so
[10.784s] -- Up-to-date symlink: /home/nvidia/ros2_ws/install/costmap_converter_msgs/lib/libcostmap_converter_msgs__python.so
[10.792s] -- Up-to-date symlink: /home/nvidia/ros2_ws/install/costmap_converter_msgs/share/costmap_converter_msgs/msg/ObstacleMsg.idl
[10.800s] -- Up-to-date symlink: /home/nvidia/ros2_ws/install/costmap_converter_msgs/share/costmap_converter_msgs/msg/ObstacleArrayMsg.idl
[10.805s] -- Up-to-date symlink: /home/nvidia/ros2_ws/install/costmap_converter_msgs/share/costmap_converter_msgs/msg/ObstacleMsg.msg
[10.810s] -- Up-to-date symlink: /home/nvidia/ros2_ws/install/costmap_converter_msgs/share/costmap_converter_msgs/msg/ObstacleArrayMsg.msg
[10.814s] -- Up-to-date symlink: /home/nvidia/ros2_ws/install/costmap_converter_msgs/share/ament_index/resource_index/package_run_dependencies/costmap_converter_msgs
[10.823s] -- Up-to-date symlink: /home/nvidia/ros2_ws/install/costmap_converter_msgs/share/ament_index/resource_index/parent_prefix_path/costmap_converter_msgs
[10.830s] -- Up-to-date symlink: /home/nvidia/ros2_ws/install/costmap_converter_msgs/share/costmap_converter_msgs/environment/ament_prefix_path.sh
[10.832s] -- Up-to-date symlink: /home/nvidia/ros2_ws/install/costmap_converter_msgs/share/costmap_converter_msgs/environment/ament_prefix_path.dsv
[10.839s] -- Up-to-date symlink: /home/nvidia/ros2_ws/install/costmap_converter_msgs/share/costmap_converter_msgs/environment/path.sh
[10.840s] -- Up-to-date symlink: /home/nvidia/ros2_ws/install/costmap_converter_msgs/share/costmap_converter_msgs/environment/path.dsv
[10.843s] -- Up-to-date symlink: /home/nvidia/ros2_ws/install/costmap_converter_msgs/share/costmap_converter_msgs/local_setup.bash
[10.848s] -- Up-to-date symlink: /home/nvidia/ros2_ws/install/costmap_converter_msgs/share/costmap_converter_msgs/local_setup.sh
[10.850s] -- Up-to-date symlink: /home/nvidia/ros2_ws/install/costmap_converter_msgs/share/costmap_converter_msgs/local_setup.zsh
[10.852s] -- Up-to-date symlink: /home/nvidia/ros2_ws/install/costmap_converter_msgs/share/costmap_converter_msgs/local_setup.dsv
[10.854s] -- Symlinking: /home/nvidia/ros2_ws/install/costmap_converter_msgs/share/costmap_converter_msgs/package.dsv
[10.974s] -- Up-to-date symlink: /home/nvidia/ros2_ws/install/costmap_converter_msgs/share/ament_index/resource_index/packages/costmap_converter_msgs
[11.014s] -- Up-to-date symlink: /home/nvidia/ros2_ws/install/costmap_converter_msgs/share/costmap_converter_msgs/cmake/rosidl_cmake-extras.cmake
[11.017s] -- Up-to-date symlink: /home/nvidia/ros2_ws/install/costmap_converter_msgs/share/costmap_converter_msgs/cmake/ament_cmake_export_dependencies-extras.cmake
[11.018s] -- Up-to-date symlink: /home/nvidia/ros2_ws/install/costmap_converter_msgs/share/costmap_converter_msgs/cmake/ament_cmake_export_libraries-extras.cmake
[11.021s] -- Up-to-date symlink: /home/nvidia/ros2_ws/install/costmap_converter_msgs/share/costmap_converter_msgs/cmake/ament_cmake_export_targets-extras.cmake
[11.036s] -- Up-to-date symlink: /home/nvidia/ros2_ws/install/costmap_converter_msgs/share/costmap_converter_msgs/cmake/ament_cmake_export_include_directories-extras.cmake
[11.057s] -- Up-to-date symlink: /home/nvidia/ros2_ws/install/costmap_converter_msgs/share/costmap_converter_msgs/cmake/rosidl_cmake_export_typesupport_libraries-extras.cmake
[11.059s] -- Up-to-date symlink: /home/nvidia/ros2_ws/install/costmap_converter_msgs/share/costmap_converter_msgs/cmake/rosidl_cmake_export_typesupport_targets-extras.cmake
[11.063s] -- Up-to-date symlink: /home/nvidia/ros2_ws/install/costmap_converter_msgs/share/costmap_converter_msgs/cmake/costmap_converter_msgsConfig.cmake
[11.064s] -- Up-to-date symlink: /home/nvidia/ros2_ws/install/costmap_converter_msgs/share/costmap_converter_msgs/cmake/costmap_converter_msgsConfig-version.cmake
[11.065s] -- Up-to-date symlink: /home/nvidia/ros2_ws/install/costmap_converter_msgs/share/costmap_converter_msgs/package.xml
[11.078s] -- Up-to-date: /home/nvidia/ros2_ws/install/costmap_converter_msgs/lib/libcostmap_converter_msgs__rosidl_generator_c.so
[11.078s] -- Up-to-date: /home/nvidia/ros2_ws/install/costmap_converter_msgs/lib/libcostmap_converter_msgs__rosidl_typesupport_introspection_c.so
[11.080s] -- Up-to-date: /home/nvidia/ros2_ws/install/costmap_converter_msgs/lib/libcostmap_converter_msgs__rosidl_typesupport_c.so
[11.091s] -- Up-to-date: /home/nvidia/ros2_ws/install/costmap_converter_msgs/lib/libcostmap_converter_msgs__rosidl_typesupport_introspection_cpp.so
[11.092s] -- Up-to-date: /home/nvidia/ros2_ws/install/costmap_converter_msgs/lib/libcostmap_converter_msgs__rosidl_typesupport_cpp.so
[11.812s] -- Up-to-date: /home/nvidia/ros2_ws/install/costmap_converter_msgs/share/costmap_converter_msgs/cmake/costmap_converter_msgs__rosidl_generator_cExport.cmake
[11.814s] -- Up-to-date: /home/nvidia/ros2_ws/install/costmap_converter_msgs/share/costmap_converter_msgs/cmake/costmap_converter_msgs__rosidl_generator_cExport-release.cmake
[11.814s] -- Up-to-date: /home/nvidia/ros2_ws/install/costmap_converter_msgs/share/costmap_converter_msgs/cmake/costmap_converter_msgs__rosidl_typesupport_introspection_cExport.cmake
[11.815s] -- Up-to-date: /home/nvidia/ros2_ws/install/costmap_converter_msgs/share/costmap_converter_msgs/cmake/costmap_converter_msgs__rosidl_typesupport_introspection_cExport-release.cmake
[11.816s] -- Up-to-date: /home/nvidia/ros2_ws/install/costmap_converter_msgs/share/costmap_converter_msgs/cmake/costmap_converter_msgs__rosidl_typesupport_cExport.cmake
[11.831s] -- Up-to-date: /home/nvidia/ros2_ws/install/costmap_converter_msgs/share/costmap_converter_msgs/cmake/costmap_converter_msgs__rosidl_typesupport_cExport-release.cmake
[11.856s] -- Up-to-date: /home/nvidia/ros2_ws/install/costmap_converter_msgs/share/costmap_converter_msgs/cmake/costmap_converter_msgs__rosidl_generator_cppExport.cmake
[11.858s] -- Up-to-date: /home/nvidia/ros2_ws/install/costmap_converter_msgs/share/costmap_converter_msgs/cmake/costmap_converter_msgs__rosidl_typesupport_introspection_cppExport.cmake
[11.859s] -- Up-to-date: /home/nvidia/ros2_ws/install/costmap_converter_msgs/share/costmap_converter_msgs/cmake/costmap_converter_msgs__rosidl_typesupport_introspection_cppExport-release.cmake
[11.860s] -- Up-to-date: /home/nvidia/ros2_ws/install/costmap_converter_msgs/share/costmap_converter_msgs/cmake/costmap_converter_msgs__rosidl_typesupport_cppExport.cmake
[11.860s] -- Up-to-date: /home/nvidia/ros2_ws/install/costmap_converter_msgs/share/costmap_converter_msgs/cmake/costmap_converter_msgs__rosidl_typesupport_cppExport-release.cmake
[12.116s] Invoked command in '/home/nvidia/ros2_ws/build/costmap_converter_msgs' returned '0': CMAKE_PREFIX_PATH=${CMAKE_PREFIX_PATH}:/home/nvidia/rosbag_ws/install/ros2bag:/home/nvidia/microros_ws/install/sensor_msgs_py:/home/nvidia/ros2_ws/install/obj_det_visualizer:/home/nvidia/ros2_ws/install/opencv_tests:/opt/ros/foxy /usr/bin/cmake --install /home/nvidia/ros2_ws/build/costmap_converter_msgs
