[35m[1mScanning dependencies of target car_control_test[0m
[ 50%] Built target car_control
[ 75%] [32mBuilding CXX object CMakeFiles/car_control_test.dir/src/car_control_test.cpp.o[0m
[01m[K/home/nvidia/ros2_ws/src/car_control/src/car_control_test.cpp:[m[K In constructor ‘[01m[KCarControlNode::CarControlNode()[m[K’:
[01m[K/home/nvidia/ros2_ws/src/car_control/src/car_control_test.cpp:245:13:[m[K [01;35m[Kwarning: [m[K‘[01m[KCarControlNode::autonavigation[m[K’ will be initialized after [[01;35m[K-Wreorder[m[K]
  245 |     int32_t [01;35m[Kautonavigation[m[K = 97100; //
      |             [01;35m[K^~~~~~~~~~~~~~[m[K
[01m[K/home/nvidia/ros2_ws/src/car_control/src/car_control_test.cpp:240:10:[m[K [01;35m[Kwarning: [m[K  ‘[01m[Kbool CarControlNode::flag[m[K’ [[01;35m[K-Wreorder[m[K]
  240 |     bool [01;35m[Kflag[m[K = false;
      |          [01;35m[K^~~~[m[K
[01m[K/home/nvidia/ros2_ws/src/car_control/src/car_control_test.cpp:20:5:[m[K [01;35m[Kwarning: [m[K  when initialized here [[01;35m[K-Wreorder[m[K]
   20 |     [01;35m[KCarControlNode[m[K()
      |     [01;35m[K^~~~~~~~~~~~~~[m[K
[100%] [32m[1mLinking CXX executable car_control_test[0m
[100%] Built target car_control_test
-- Install configuration: "Release"
-- Execute custom install script
-- Up-to-date symlink: /home/nvidia/ros2_ws/install/car_control/lib/car_control/car_control
-- Up-to-date symlink: /home/nvidia/ros2_ws/install/car_control/lib/car_control/car_control_test
-- Up-to-date symlink: /home/nvidia/ros2_ws/install/car_control/share/car_control//launch/car_control.launch.py
-- Up-to-date symlink: /home/nvidia/ros2_ws/install/car_control/share/car_control//launch/car_nav_demo.launch.py
-- Up-to-date symlink: /home/nvidia/ros2_ws/install/car_control/share/car_control//launch/rtabmapping.launch.py
-- Up-to-date symlink: /home/nvidia/ros2_ws/install/car_control/share/ament_index/resource_index/package_run_dependencies/car_control
-- Up-to-date symlink: /home/nvidia/ros2_ws/install/car_control/share/ament_index/resource_index/parent_prefix_path/car_control
-- Up-to-date symlink: /home/nvidia/ros2_ws/install/car_control/share/car_control/environment/ament_prefix_path.sh
-- Up-to-date symlink: /home/nvidia/ros2_ws/install/car_control/share/car_control/environment/ament_prefix_path.dsv
-- Up-to-date symlink: /home/nvidia/ros2_ws/install/car_control/share/car_control/environment/path.sh
-- Up-to-date symlink: /home/nvidia/ros2_ws/install/car_control/share/car_control/environment/path.dsv
-- Up-to-date symlink: /home/nvidia/ros2_ws/install/car_control/share/car_control/local_setup.bash
-- Up-to-date symlink: /home/nvidia/ros2_ws/install/car_control/share/car_control/local_setup.sh
-- Up-to-date symlink: /home/nvidia/ros2_ws/install/car_control/share/car_control/local_setup.zsh
-- Up-to-date symlink: /home/nvidia/ros2_ws/install/car_control/share/car_control/local_setup.dsv
-- Symlinking: /home/nvidia/ros2_ws/install/car_control/share/car_control/package.dsv
-- Up-to-date symlink: /home/nvidia/ros2_ws/install/car_control/share/ament_index/resource_index/packages/car_control
-- Up-to-date symlink: /home/nvidia/ros2_ws/install/car_control/share/car_control/cmake/car_controlConfig.cmake
-- Up-to-date symlink: /home/nvidia/ros2_ws/install/car_control/share/car_control/cmake/car_controlConfig-version.cmake
-- Up-to-date symlink: /home/nvidia/ros2_ws/install/car_control/share/car_control/package.xml
