[0.523s] Invoking command in '/home/nvidia/ros2_ws/build/car_control': CMAKE_PREFIX_PATH=${CMAKE_PREFIX_PATH}:/home/nvidia/rosbag_ws/install/ros2bag:/home/nvidia/microros_ws/install/sensor_msgs_py:/home/nvidia/ros2_ws/install/obj_det_visualizer:/home/nvidia/ros2_ws/install/opencv_tests:/opt/ros/foxy /usr/bin/cmake --build /home/nvidia/ros2_ws/build/car_control -- -j6 -l6
[2.382s] [35m[1mScanning dependencies of target car_control_test[0m
[2.742s] [ 50%] Built target car_control
[2.750s] [ 75%] [32mBuilding CXX object CMakeFiles/car_control_test.dir/src/car_control_test.cpp.o[0m
[13.394s] [01m[K/home/nvidia/ros2_ws/src/car_control/src/car_control_test.cpp:[m[K In constructor ‘[01m[KCarControlNode::CarControlNode()[m[K’:
[13.395s] [01m[K/home/nvidia/ros2_ws/src/car_control/src/car_control_test.cpp:245:13:[m[K [01;35m[Kwarning: [m[K‘[01m[KCarControlNode::autonavigation[m[K’ will be initialized after [[01;35m[K-Wreorder[m[K]
[13.395s]   245 |     int32_t [01;35m[Kautonavigation[m[K = 97100; //
[13.396s]       |             [01;35m[K^~~~~~~~~~~~~~[m[K
[13.396s] [01m[K/home/nvidia/ros2_ws/src/car_control/src/car_control_test.cpp:240:10:[m[K [01;35m[Kwarning: [m[K  ‘[01m[Kbool CarControlNode::flag[m[K’ [[01;35m[K-Wreorder[m[K]
[13.397s]   240 |     bool [01;35m[Kflag[m[K = false;
[13.397s]       |          [01;35m[K^~~~[m[K
[13.397s] [01m[K/home/nvidia/ros2_ws/src/car_control/src/car_control_test.cpp:20:5:[m[K [01;35m[Kwarning: [m[K  when initialized here [[01;35m[K-Wreorder[m[K]
[13.398s]    20 |     [01;35m[KCarControlNode[m[K()
[13.398s]       |     [01;35m[K^~~~~~~~~~~~~~[m[K
[66.167s] [100%] [32m[1mLinking CXX executable car_control_test[0m
[68.824s] [100%] Built target car_control_test
[68.987s] Invoked command in '/home/nvidia/ros2_ws/build/car_control' returned '0': CMAKE_PREFIX_PATH=${CMAKE_PREFIX_PATH}:/home/nvidia/rosbag_ws/install/ros2bag:/home/nvidia/microros_ws/install/sensor_msgs_py:/home/nvidia/ros2_ws/install/obj_det_visualizer:/home/nvidia/ros2_ws/install/opencv_tests:/opt/ros/foxy /usr/bin/cmake --build /home/nvidia/ros2_ws/build/car_control -- -j6 -l6
[69.258s] Invoking command in '/home/nvidia/ros2_ws/build/car_control': CMAKE_PREFIX_PATH=${CMAKE_PREFIX_PATH}:/home/nvidia/rosbag_ws/install/ros2bag:/home/nvidia/microros_ws/install/sensor_msgs_py:/home/nvidia/ros2_ws/install/obj_det_visualizer:/home/nvidia/ros2_ws/install/opencv_tests:/opt/ros/foxy /usr/bin/cmake --install /home/nvidia/ros2_ws/build/car_control
[69.497s] -- Install configuration: "Release"
[69.501s] -- Execute custom install script
[69.506s] -- Up-to-date symlink: /home/nvidia/ros2_ws/install/car_control/lib/car_control/car_control
[69.509s] -- Up-to-date symlink: /home/nvidia/ros2_ws/install/car_control/lib/car_control/car_control_test
[69.516s] -- Up-to-date symlink: /home/nvidia/ros2_ws/install/car_control/share/car_control//launch/car_control.launch.py
[69.518s] -- Up-to-date symlink: /home/nvidia/ros2_ws/install/car_control/share/car_control//launch/car_nav_demo.launch.py
[69.520s] -- Up-to-date symlink: /home/nvidia/ros2_ws/install/car_control/share/car_control//launch/rtabmapping.launch.py
[69.522s] -- Up-to-date symlink: /home/nvidia/ros2_ws/install/car_control/share/ament_index/resource_index/package_run_dependencies/car_control
[69.526s] -- Up-to-date symlink: /home/nvidia/ros2_ws/install/car_control/share/ament_index/resource_index/parent_prefix_path/car_control
[69.528s] -- Up-to-date symlink: /home/nvidia/ros2_ws/install/car_control/share/car_control/environment/ament_prefix_path.sh
[69.530s] -- Up-to-date symlink: /home/nvidia/ros2_ws/install/car_control/share/car_control/environment/ament_prefix_path.dsv
[69.533s] -- Up-to-date symlink: /home/nvidia/ros2_ws/install/car_control/share/car_control/environment/path.sh
[69.535s] -- Up-to-date symlink: /home/nvidia/ros2_ws/install/car_control/share/car_control/environment/path.dsv
[69.537s] -- Up-to-date symlink: /home/nvidia/ros2_ws/install/car_control/share/car_control/local_setup.bash
[69.540s] -- Up-to-date symlink: /home/nvidia/ros2_ws/install/car_control/share/car_control/local_setup.sh
[69.542s] -- Up-to-date symlink: /home/nvidia/ros2_ws/install/car_control/share/car_control/local_setup.zsh
[69.545s] -- Up-to-date symlink: /home/nvidia/ros2_ws/install/car_control/share/car_control/local_setup.dsv
[69.546s] -- Symlinking: /home/nvidia/ros2_ws/install/car_control/share/car_control/package.dsv
[69.795s] -- Up-to-date symlink: /home/nvidia/ros2_ws/install/car_control/share/ament_index/resource_index/packages/car_control
[69.798s] -- Up-to-date symlink: /home/nvidia/ros2_ws/install/car_control/share/car_control/cmake/car_controlConfig.cmake
[69.800s] -- Up-to-date symlink: /home/nvidia/ros2_ws/install/car_control/share/car_control/cmake/car_controlConfig-version.cmake
[69.802s] -- Up-to-date symlink: /home/nvidia/ros2_ws/install/car_control/share/car_control/package.xml
[69.815s] Invoked command in '/home/nvidia/ros2_ws/build/car_control' returned '0': CMAKE_PREFIX_PATH=${CMAKE_PREFIX_PATH}:/home/nvidia/rosbag_ws/install/ros2bag:/home/nvidia/microros_ws/install/sensor_msgs_py:/home/nvidia/ros2_ws/install/obj_det_visualizer:/home/nvidia/ros2_ws/install/opencv_tests:/opt/ros/foxy /usr/bin/cmake --install /home/nvidia/ros2_ws/build/car_control
