[0.379s] Invoking command in '/home/nvidia/ros2_ws/build/car_control': CMAKE_PREFIX_PATH=${CMAKE_PREFIX_PATH}:/home/nvidia/rosbag_ws/install/ros2bag:/home/nvidia/microros_ws/install/sensor_msgs_py:/home/nvidia/ros2_ws/install/obj_det_visualizer:/home/nvidia/ros2_ws/install/opencv_tests:/opt/ros/foxy /usr/bin/cmake --build /home/nvidia/ros2_ws/build/car_control -- -j6 -l6
[1.566s] [ 50%] Built target car_control
[1.717s] [100%] Built target car_control_test
[1.905s] Invoked command in '/home/nvidia/ros2_ws/build/car_control' returned '0': CMAKE_PREFIX_PATH=${CMAKE_PREFIX_PATH}:/home/nvidia/rosbag_ws/install/ros2bag:/home/nvidia/microros_ws/install/sensor_msgs_py:/home/nvidia/ros2_ws/install/obj_det_visualizer:/home/nvidia/ros2_ws/install/opencv_tests:/opt/ros/foxy /usr/bin/cmake --build /home/nvidia/ros2_ws/build/car_control -- -j6 -l6
[2.063s] Invoking command in '/home/nvidia/ros2_ws/build/car_control': CMAKE_PREFIX_PATH=${CMAKE_PREFIX_PATH}:/home/nvidia/rosbag_ws/install/ros2bag:/home/nvidia/microros_ws/install/sensor_msgs_py:/home/nvidia/ros2_ws/install/obj_det_visualizer:/home/nvidia/ros2_ws/install/opencv_tests:/opt/ros/foxy /usr/bin/cmake --install /home/nvidia/ros2_ws/build/car_control
[2.214s] -- Install configuration: "Release"
[2.218s] -- Execute custom install script
[2.224s] -- Up-to-date symlink: /home/nvidia/ros2_ws/install/car_control/lib/car_control/car_control
[2.228s] -- Up-to-date symlink: /home/nvidia/ros2_ws/install/car_control/lib/car_control/car_control_test
[2.233s] -- Up-to-date symlink: /home/nvidia/ros2_ws/install/car_control/share/car_control//launch/car_control.launch.py
[2.238s] -- Up-to-date symlink: /home/nvidia/ros2_ws/install/car_control/share/car_control//launch/car_nav_demo.launch.py
[2.241s] -- Up-to-date symlink: /home/nvidia/ros2_ws/install/car_control/share/car_control//launch/rtabmapping.launch.py
[2.244s] -- Up-to-date symlink: /home/nvidia/ros2_ws/install/car_control/share/ament_index/resource_index/package_run_dependencies/car_control
[2.247s] -- Up-to-date symlink: /home/nvidia/ros2_ws/install/car_control/share/ament_index/resource_index/parent_prefix_path/car_control
[2.250s] -- Up-to-date symlink: /home/nvidia/ros2_ws/install/car_control/share/car_control/environment/ament_prefix_path.sh
[2.253s] -- Up-to-date symlink: /home/nvidia/ros2_ws/install/car_control/share/car_control/environment/ament_prefix_path.dsv
[2.256s] -- Up-to-date symlink: /home/nvidia/ros2_ws/install/car_control/share/car_control/environment/path.sh
[2.261s] -- Up-to-date symlink: /home/nvidia/ros2_ws/install/car_control/share/car_control/environment/path.dsv
[2.266s] -- Up-to-date symlink: /home/nvidia/ros2_ws/install/car_control/share/car_control/local_setup.bash
[2.270s] -- Up-to-date symlink: /home/nvidia/ros2_ws/install/car_control/share/car_control/local_setup.sh
[2.274s] -- Up-to-date symlink: /home/nvidia/ros2_ws/install/car_control/share/car_control/local_setup.zsh
[2.277s] -- Up-to-date symlink: /home/nvidia/ros2_ws/install/car_control/share/car_control/local_setup.dsv
[2.431s] -- Symlinking: /home/nvidia/ros2_ws/install/car_control/share/car_control/package.dsv
[2.565s] -- Up-to-date symlink: /home/nvidia/ros2_ws/install/car_control/share/ament_index/resource_index/packages/car_control
[2.569s] -- Up-to-date symlink: /home/nvidia/ros2_ws/install/car_control/share/car_control/cmake/car_controlConfig.cmake
[2.570s] -- Up-to-date symlink: /home/nvidia/ros2_ws/install/car_control/share/car_control/cmake/car_controlConfig-version.cmake
[2.577s] -- Up-to-date symlink: /home/nvidia/ros2_ws/install/car_control/share/car_control/package.xml
[2.590s] Invoked command in '/home/nvidia/ros2_ws/build/car_control' returned '0': CMAKE_PREFIX_PATH=${CMAKE_PREFIX_PATH}:/home/nvidia/rosbag_ws/install/ros2bag:/home/nvidia/microros_ws/install/sensor_msgs_py:/home/nvidia/ros2_ws/install/obj_det_visualizer:/home/nvidia/ros2_ws/install/opencv_tests:/opt/ros/foxy /usr/bin/cmake --install /home/nvidia/ros2_ws/build/car_control
